[ 2016-04-29T13:44:45+08:00 ] 127.0.0.1 /
INFO: [ app_init ] --START--
INFO: Run Behavior\BuildLiteBehavior [ RunTime:0.000000s ]
INFO: [ app_init ] --END-- [ RunTime:0.021002s ]
INFO: [ app_begin ] --START--
INFO: Run Behavior\ReadHtmlCacheBehavior [ RunTime:0.011000s ]
INFO: [ app_begin ] --END-- [ RunTime:0.011000s ]
SQL: SHOW COLUMNS FROM `sys_menu` [ RunTime:0.0360s ]
SQL: SELECT * FROM `sys_menu`  [ RunTime:0.0000s ]
SQL: SHOW COLUMNS FROM `sys_article` [ RunTime:0.0310s ]
SQL: SELECT COUNT(*) AS tp_count FROM `sys_article` WHERE `isshow` = 1 LIMIT 1   [ RunTime:0.0300s ]
SQL: SELECT * FROM `sys_article` WHERE `isshow` = 1 ORDER BY createtime desc LIMIT 0,3   [ RunTime:0.0000s ]
SQL: SHOW COLUMNS FROM `sys_admin` [ RunTime:0.0130s ]
SQL: SELECT * FROM `sys_admin` WHERE `id` = 1 LIMIT 1   [ RunTime:0.0000s ]
SQL: SELECT * FROM `sys_admin` WHERE `id` = 1 LIMIT 1   [ RunTime:0.0000s ]
SQL: SELECT * FROM `sys_admin` WHERE `id` = 1 LIMIT 1   [ RunTime:0.0000s ]
SQL: SELECT * FROM `sys_article` WHERE `isslide` = 1 ORDER BY createtime desc LIMIT 5   [ RunTime:0.0000s ]
SQL: SELECT * FROM `sys_article` WHERE `isslide` = 1 ORDER BY createtime desc LIMIT 0,3   [ RunTime:0.0010s ]
SQL: SELECT * FROM `sys_article` WHERE `isslide` = 1 ORDER BY createtime desc LIMIT 4,9   [ RunTime:0.0000s ]
SQL: SELECT * FROM `sys_article` WHERE `isspecial` = 1 ORDER BY createtime desc LIMIT 3   [ RunTime:0.0010s ]
SQL: SELECT * FROM `sys_admin` WHERE `id` = 1 LIMIT 1   [ RunTime:0.0000s ]
SQL: SELECT * FROM `sys_admin` WHERE `id` = 1 LIMIT 1   [ RunTime:0.0000s ]
SQL: SELECT * FROM `sys_admin` WHERE `id` = 1 LIMIT 1   [ RunTime:0.0000s ]
INFO: [ view_parse ] --START--
INFO: [ template_filter ] --START--
INFO: Run Behavior\ContentReplaceBehavior [ RunTime:0.027001s ]
INFO: [ template_filter ] --END-- [ RunTime:0.027001s ]
INFO: Run Behavior\ParseTemplateBehavior [ RunTime:0.144007s ]
INFO: [ view_parse ] --END-- [ RunTime:0.144007s ]
INFO: [ view_filter ] --START--
INFO: Run Behavior\WriteHtmlCacheBehavior [ RunTime:0.010000s ]
INFO: [ view_filter ] --END-- [ RunTime:0.010000s ]
INFO: [ app_end ] --START--
INFO: Run Behavior\ShowPageTraceBehavior [ RunTime:0.002000s ]
INFO: [ app_end ] --END-- [ RunTime:0.002000s ]

[ 2016-04-29T14:32:06+08:00 ] 127.0.0.1 /page/2
INFO: [ app_init ] --START--
INFO: Run Behavior\BuildLiteBehavior [ RunTime:0.000000s ]
INFO: [ app_init ] --END-- [ RunTime:0.000000s ]
INFO: [ app_begin ] --START--
INFO: Run Behavior\ReadHtmlCacheBehavior [ RunTime:0.000000s ]
INFO: [ app_begin ] --END-- [ RunTime:0.000000s ]
SQL: SHOW COLUMNS FROM `sys_menu` [ RunTime:0.0040s ]
SQL: SELECT * FROM `sys_menu`  [ RunTime:0.0000s ]
SQL: SHOW COLUMNS FROM `sys_article` [ RunTime:0.0030s ]
SQL: SELECT COUNT(*) AS tp_count FROM `sys_article` WHERE `isshow` = 1 LIMIT 1   [ RunTime:0.0000s ]
SQL: SELECT * FROM `sys_article` WHERE `isshow` = 1 ORDER BY createtime desc LIMIT 3,3   [ RunTime:0.0020s ]
SQL: SHOW COLUMNS FROM `sys_admin` [ RunTime:0.0030s ]
SQL: SELECT * FROM `sys_admin` WHERE `id` = 1 LIMIT 1   [ RunTime:0.0000s ]
SQL: SELECT * FROM `sys_admin` WHERE `id` = 1 LIMIT 1   [ RunTime:0.0010s ]
SQL: SELECT * FROM `sys_admin` WHERE `id` = 1 LIMIT 1   [ RunTime:0.0000s ]
SQL: SELECT * FROM `sys_article` WHERE `isslide` = 1 ORDER BY createtime desc LIMIT 5   [ RunTime:0.0000s ]
SQL: SELECT * FROM `sys_article` WHERE `isslide` = 1 ORDER BY createtime desc LIMIT 0,3   [ RunTime:0.0000s ]
SQL: SELECT * FROM `sys_article` WHERE `isslide` = 1 ORDER BY createtime desc LIMIT 4,9   [ RunTime:0.0000s ]
SQL: SELECT * FROM `sys_article` WHERE `isspecial` = 1 ORDER BY createtime desc LIMIT 3   [ RunTime:0.0010s ]
SQL: SELECT * FROM `sys_admin` WHERE `id` = 1 LIMIT 1   [ RunTime:0.0000s ]
SQL: SELECT * FROM `sys_admin` WHERE `id` = 1 LIMIT 1   [ RunTime:0.0000s ]
SQL: SELECT * FROM `sys_admin` WHERE `id` = 1 LIMIT 1   [ RunTime:0.0000s ]
INFO: [ view_parse ] --START--
INFO: [ template_filter ] --START--
INFO: Run Behavior\ContentReplaceBehavior [ RunTime:0.000000s ]
INFO: [ template_filter ] --END-- [ RunTime:0.000000s ]
INFO: Run Behavior\ParseTemplateBehavior [ RunTime:0.013001s ]
INFO: [ view_parse ] --END-- [ RunTime:0.013001s ]
INFO: [ view_filter ] --START--
INFO: Run Behavior\WriteHtmlCacheBehavior [ RunTime:0.000000s ]
INFO: [ view_filter ] --END-- [ RunTime:0.001000s ]
INFO: [ app_end ] --START--
INFO: Run Behavior\ShowPageTraceBehavior [ RunTime:0.020001s ]
INFO: [ app_end ] --END-- [ RunTime:0.020001s ]

[ 2016-04-29T14:32:09+08:00 ] 127.0.0.1 /page/3
INFO: [ app_init ] --START--
INFO: Run Behavior\BuildLiteBehavior [ RunTime:0.000000s ]
INFO: [ app_init ] --END-- [ RunTime:0.000000s ]
INFO: [ app_begin ] --START--
INFO: Run Behavior\ReadHtmlCacheBehavior [ RunTime:0.000000s ]
INFO: [ app_begin ] --END-- [ RunTime:0.000000s ]
SQL: SHOW COLUMNS FROM `sys_menu` [ RunTime:0.0030s ]
SQL: SELECT * FROM `sys_menu`  [ RunTime:0.0000s ]
SQL: SHOW COLUMNS FROM `sys_article` [ RunTime:0.0000s ]
SQL: SELECT COUNT(*) AS tp_count FROM `sys_article` WHERE `isshow` = 1 LIMIT 1   [ RunTime:0.0000s ]
SQL: SELECT * FROM `sys_article` WHERE `isshow` = 1 ORDER BY createtime desc LIMIT 6,3   [ RunTime:0.0010s ]
SQL: SHOW COLUMNS FROM `sys_admin` [ RunTime:0.0030s ]
SQL: SELECT * FROM `sys_admin` WHERE `id` = 1 LIMIT 1   [ RunTime:0.0000s ]
SQL: SELECT * FROM `sys_admin` WHERE `id` = 1 LIMIT 1   [ RunTime:0.0010s ]
SQL: SELECT * FROM `sys_article` WHERE `isslide` = 1 ORDER BY createtime desc LIMIT 5   [ RunTime:0.0000s ]
SQL: SELECT * FROM `sys_article` WHERE `isslide` = 1 ORDER BY createtime desc LIMIT 0,3   [ RunTime:0.0010s ]
SQL: SELECT * FROM `sys_article` WHERE `isslide` = 1 ORDER BY createtime desc LIMIT 4,9   [ RunTime:0.0000s ]
SQL: SELECT * FROM `sys_article` WHERE `isspecial` = 1 ORDER BY createtime desc LIMIT 3   [ RunTime:0.0010s ]
SQL: SELECT * FROM `sys_admin` WHERE `id` = 1 LIMIT 1   [ RunTime:0.0000s ]
SQL: SELECT * FROM `sys_admin` WHERE `id` = 1 LIMIT 1   [ RunTime:0.0000s ]
SQL: SELECT * FROM `sys_admin` WHERE `id` = 1 LIMIT 1   [ RunTime:0.0000s ]
INFO: [ view_parse ] --START--
INFO: [ template_filter ] --START--
INFO: Run Behavior\ContentReplaceBehavior [ RunTime:0.000000s ]
INFO: [ template_filter ] --END-- [ RunTime:0.000000s ]
INFO: Run Behavior\ParseTemplateBehavior [ RunTime:0.012001s ]
INFO: [ view_parse ] --END-- [ RunTime:0.012001s ]
INFO: [ view_filter ] --START--
INFO: Run Behavior\WriteHtmlCacheBehavior [ RunTime:0.000000s ]
INFO: [ view_filter ] --END-- [ RunTime:0.000000s ]
INFO: [ app_end ] --START--
INFO: Run Behavior\ShowPageTraceBehavior [ RunTime:0.000000s ]
INFO: [ app_end ] --END-- [ RunTime:0.000000s ]

[ 2016-04-29T14:32:12+08:00 ] 127.0.0.1 /page/2
INFO: [ app_init ] --START--
INFO: Run Behavior\BuildLiteBehavior [ RunTime:0.000000s ]
INFO: [ app_init ] --END-- [ RunTime:0.000000s ]
INFO: [ app_begin ] --START--
INFO: Run Behavior\ReadHtmlCacheBehavior [ RunTime:0.000000s ]
INFO: [ app_begin ] --END-- [ RunTime:0.000000s ]
SQL: SHOW COLUMNS FROM `sys_menu` [ RunTime:0.0156s ]
SQL: SELECT * FROM `sys_menu`  [ RunTime:0.0000s ]
SQL: SHOW COLUMNS FROM `sys_article` [ RunTime:0.0000s ]
SQL: SELECT COUNT(*) AS tp_count FROM `sys_article` WHERE `isshow` = 1 LIMIT 1   [ RunTime:0.0000s ]
SQL: SELECT * FROM `sys_article` WHERE `isshow` = 1 ORDER BY createtime desc LIMIT 3,3   [ RunTime:0.0000s ]
SQL: SHOW COLUMNS FROM `sys_admin` [ RunTime:0.0000s ]
SQL: SELECT * FROM `sys_admin` WHERE `id` = 1 LIMIT 1   [ RunTime:0.0000s ]
SQL: SELECT * FROM `sys_admin` WHERE `id` = 1 LIMIT 1   [ RunTime:0.0000s ]
SQL: SELECT * FROM `sys_admin` WHERE `id` = 1 LIMIT 1   [ RunTime:0.0000s ]
SQL: SELECT * FROM `sys_article` WHERE `isslide` = 1 ORDER BY createtime desc LIMIT 5   [ RunTime:0.0000s ]
SQL: SELECT * FROM `sys_article` WHERE `isslide` = 1 ORDER BY createtime desc LIMIT 0,3   [ RunTime:0.0000s ]
SQL: SELECT * FROM `sys_article` WHERE `isslide` = 1 ORDER BY createtime desc LIMIT 4,9   [ RunTime:0.0000s ]
SQL: SELECT * FROM `sys_article` WHERE `isspecial` = 1 ORDER BY createtime desc LIMIT 3   [ RunTime:0.0000s ]
SQL: SELECT * FROM `sys_admin` WHERE `id` = 1 LIMIT 1   [ RunTime:0.0000s ]
SQL: SELECT * FROM `sys_admin` WHERE `id` = 1 LIMIT 1   [ RunTime:0.0000s ]
SQL: SELECT * FROM `sys_admin` WHERE `id` = 1 LIMIT 1   [ RunTime:0.0000s ]
INFO: [ view_parse ] --START--
INFO: [ template_filter ] --START--
INFO: Run Behavior\ContentReplaceBehavior [ RunTime:0.000000s ]
INFO: [ template_filter ] --END-- [ RunTime:0.000000s ]
INFO: Run Behavior\ParseTemplateBehavior [ RunTime:0.015600s ]
INFO: [ view_parse ] --END-- [ RunTime:0.015600s ]
INFO: [ view_filter ] --START--
INFO: Run Behavior\WriteHtmlCacheBehavior [ RunTime:0.000000s ]
INFO: [ view_filter ] --END-- [ RunTime:0.000000s ]
INFO: [ app_end ] --START--
INFO: Run Behavior\ShowPageTraceBehavior [ RunTime:0.000000s ]
INFO: [ app_end ] --END-- [ RunTime:0.000000s ]

[ 2016-04-29T14:32:14+08:00 ] 127.0.0.1 /page/1
INFO: [ app_init ] --START--
INFO: Run Behavior\BuildLiteBehavior [ RunTime:0.000000s ]
INFO: [ app_init ] --END-- [ RunTime:0.000000s ]
INFO: [ app_begin ] --START--
INFO: Run Behavior\ReadHtmlCacheBehavior [ RunTime:0.000000s ]
INFO: [ app_begin ] --END-- [ RunTime:0.000000s ]
SQL: SHOW COLUMNS FROM `sys_menu` [ RunTime:0.0186s ]
SQL: SELECT * FROM `sys_menu`  [ RunTime:0.0000s ]
SQL: SHOW COLUMNS FROM `sys_article` [ RunTime:0.0050s ]
SQL: SELECT COUNT(*) AS tp_count FROM `sys_article` WHERE `isshow` = 1 LIMIT 1   [ RunTime:0.0010s ]
SQL: SELECT * FROM `sys_article` WHERE `isshow` = 1 ORDER BY createtime desc LIMIT 0,3   [ RunTime:0.0010s ]
SQL: SHOW COLUMNS FROM `sys_admin` [ RunTime:0.0030s ]
SQL: SELECT * FROM `sys_admin` WHERE `id` = 1 LIMIT 1   [ RunTime:0.0000s ]
SQL: SELECT * FROM `sys_admin` WHERE `id` = 1 LIMIT 1   [ RunTime:0.0000s ]
SQL: SELECT * FROM `sys_admin` WHERE `id` = 1 LIMIT 1   [ RunTime:0.0010s ]
SQL: SELECT * FROM `sys_article` WHERE `isslide` = 1 ORDER BY createtime desc LIMIT 5   [ RunTime:0.0000s ]
SQL: SELECT * FROM `sys_article` WHERE `isslide` = 1 ORDER BY createtime desc LIMIT 0,3   [ RunTime:0.0010s ]
SQL: SELECT * FROM `sys_article` WHERE `isslide` = 1 ORDER BY createtime desc LIMIT 4,9   [ RunTime:0.0000s ]
SQL: SELECT * FROM `sys_article` WHERE `isspecial` = 1 ORDER BY createtime desc LIMIT 3   [ RunTime:0.0000s ]
SQL: SELECT * FROM `sys_admin` WHERE `id` = 1 LIMIT 1   [ RunTime:0.0000s ]
SQL: SELECT * FROM `sys_admin` WHERE `id` = 1 LIMIT 1   [ RunTime:0.0000s ]
SQL: SELECT * FROM `sys_admin` WHERE `id` = 1 LIMIT 1   [ RunTime:0.0000s ]
INFO: [ view_parse ] --START--
INFO: [ template_filter ] --START--
INFO: Run Behavior\ContentReplaceBehavior [ RunTime:0.000000s ]
INFO: [ template_filter ] --END-- [ RunTime:0.000000s ]
INFO: Run Behavior\ParseTemplateBehavior [ RunTime:0.015600s ]
INFO: [ view_parse ] --END-- [ RunTime:0.015600s ]
INFO: [ view_filter ] --START--
INFO: Run Behavior\WriteHtmlCacheBehavior [ RunTime:0.000000s ]
INFO: [ view_filter ] --END-- [ RunTime:0.000000s ]
INFO: [ app_end ] --START--
INFO: Run Behavior\ShowPageTraceBehavior [ RunTime:0.000000s ]
INFO: [ app_end ] --END-- [ RunTime:0.000000s ]

[ 2016-04-29T14:38:26+08:00 ] 127.0.0.1 /
INFO: [ app_init ] --START--
INFO: Run Behavior\BuildLiteBehavior [ RunTime:0.000000s ]
INFO: [ app_init ] --END-- [ RunTime:0.000000s ]
INFO: [ app_begin ] --START--
INFO: Run Behavior\ReadHtmlCacheBehavior [ RunTime:0.000000s ]
INFO: [ app_begin ] --END-- [ RunTime:0.000000s ]
SQL: SHOW COLUMNS FROM `sys_menu` [ RunTime:0.0000s ]
SQL: SELECT * FROM `sys_menu`  [ RunTime:0.0000s ]
SQL: SHOW COLUMNS FROM `sys_article` [ RunTime:0.0000s ]
SQL: SELECT COUNT(*) AS tp_count FROM `sys_article` WHERE `isshow` = 1 LIMIT 1   [ RunTime:0.0000s ]
SQL: SELECT * FROM `sys_article` WHERE `isshow` = 1 ORDER BY createtime desc LIMIT 0,3   [ RunTime:0.0000s ]
SQL: SHOW COLUMNS FROM `sys_admin` [ RunTime:0.0000s ]
SQL: SELECT * FROM `sys_admin` WHERE `id` = 1 LIMIT 1   [ RunTime:0.0000s ]
SQL: SELECT * FROM `sys_admin` WHERE `id` = 1 LIMIT 1   [ RunTime:0.0000s ]
SQL: SELECT * FROM `sys_admin` WHERE `id` = 1 LIMIT 1   [ RunTime:0.0000s ]
SQL: SELECT * FROM `sys_article` WHERE `isslide` = 1 ORDER BY createtime desc LIMIT 5   [ RunTime:0.0000s ]
SQL: SELECT * FROM `sys_article` WHERE `isslide` = 1 ORDER BY createtime desc LIMIT 0,3   [ RunTime:0.0000s ]
SQL: SELECT * FROM `sys_article` WHERE `isslide` = 1 ORDER BY createtime desc LIMIT 4,9   [ RunTime:0.0156s ]
SQL: SELECT * FROM `sys_article` WHERE `isspecial` = 1 ORDER BY createtime desc LIMIT 3   [ RunTime:0.0010s ]
SQL: SELECT * FROM `sys_admin` WHERE `id` = 1 LIMIT 1   [ RunTime:0.0000s ]
SQL: SELECT * FROM `sys_admin` WHERE `id` = 1 LIMIT 1   [ RunTime:0.0000s ]
SQL: SELECT * FROM `sys_admin` WHERE `id` = 1 LIMIT 1   [ RunTime:0.0000s ]
INFO: [ view_parse ] --START--
INFO: [ template_filter ] --START--
INFO: Run Behavior\ContentReplaceBehavior [ RunTime:0.000000s ]
INFO: [ template_filter ] --END-- [ RunTime:0.000000s ]
INFO: Run Behavior\ParseTemplateBehavior [ RunTime:0.005000s ]
INFO: [ view_parse ] --END-- [ RunTime:0.005000s ]
INFO: [ view_filter ] --START--
INFO: Run Behavior\WriteHtmlCacheBehavior [ RunTime:0.000000s ]
INFO: [ view_filter ] --END-- [ RunTime:0.000000s ]
INFO: [ app_end ] --START--
INFO: Run Behavior\ShowPageTraceBehavior [ RunTime:0.015600s ]
INFO: [ app_end ] --END-- [ RunTime:0.015600s ]

[ 2016-04-29T14:38:37+08:00 ] 127.0.0.1 /Home
INFO: [ app_init ] --START--
INFO: Run Behavior\BuildLiteBehavior [ RunTime:0.000000s ]
INFO: [ app_init ] --END-- [ RunTime:0.000000s ]
INFO: [ app_begin ] --START--
INFO: Run Behavior\ReadHtmlCacheBehavior [ RunTime:0.000000s ]
INFO: [ app_begin ] --END-- [ RunTime:0.000000s ]
SQL: SHOW COLUMNS FROM `sys_menu` [ RunTime:0.0156s ]
SQL: SELECT * FROM `sys_menu`  [ RunTime:0.0000s ]
SQL: SHOW COLUMNS FROM `sys_article` [ RunTime:0.0000s ]
SQL: SELECT COUNT(*) AS tp_count FROM `sys_article` WHERE `isshow` = 1 LIMIT 1   [ RunTime:0.0000s ]
SQL: SELECT * FROM `sys_article` WHERE `isshow` = 1 ORDER BY createtime desc LIMIT 0,3   [ RunTime:0.0000s ]
SQL: SHOW COLUMNS FROM `sys_admin` [ RunTime:0.0000s ]
SQL: SELECT * FROM `sys_admin` WHERE `id` = 1 LIMIT 1   [ RunTime:0.0000s ]
SQL: SELECT * FROM `sys_admin` WHERE `id` = 1 LIMIT 1   [ RunTime:0.0000s ]
SQL: SELECT * FROM `sys_admin` WHERE `id` = 1 LIMIT 1   [ RunTime:0.0000s ]
SQL: SELECT * FROM `sys_article` WHERE `isslide` = 1 ORDER BY createtime desc LIMIT 5   [ RunTime:0.0000s ]
SQL: SELECT * FROM `sys_article` WHERE `isslide` = 1 ORDER BY createtime desc LIMIT 0,3   [ RunTime:0.0000s ]
SQL: SELECT * FROM `sys_article` WHERE `isslide` = 1 ORDER BY createtime desc LIMIT 4,9   [ RunTime:0.0000s ]
SQL: SELECT * FROM `sys_article` WHERE `isspecial` = 1 ORDER BY createtime desc LIMIT 3   [ RunTime:0.0000s ]
SQL: SELECT * FROM `sys_admin` WHERE `id` = 1 LIMIT 1   [ RunTime:0.0156s ]
SQL: SELECT * FROM `sys_admin` WHERE `id` = 1 LIMIT 1   [ RunTime:0.0000s ]
SQL: SELECT * FROM `sys_admin` WHERE `id` = 1 LIMIT 1   [ RunTime:0.0000s ]
INFO: [ view_parse ] --START--
INFO: [ template_filter ] --START--
INFO: Run Behavior\ContentReplaceBehavior [ RunTime:0.000000s ]
INFO: [ template_filter ] --END-- [ RunTime:0.000000s ]
INFO: Run Behavior\ParseTemplateBehavior [ RunTime:0.000000s ]
INFO: [ view_parse ] --END-- [ RunTime:0.000000s ]
INFO: [ view_filter ] --START--
INFO: Run Behavior\WriteHtmlCacheBehavior [ RunTime:0.000000s ]
INFO: [ view_filter ] --END-- [ RunTime:0.000000s ]
INFO: [ app_end ] --START--
INFO: Run Behavior\ShowPageTraceBehavior [ RunTime:0.000000s ]
INFO: [ app_end ] --END-- [ RunTime:0.000000s ]

[ 2016-04-29T14:38:47+08:00 ] 127.0.0.1 /Home/articleDetail
INFO: [ app_init ] --START--
INFO: Run Behavior\BuildLiteBehavior [ RunTime:0.000000s ]
INFO: [ app_init ] --END-- [ RunTime:0.000000s ]
INFO: [ app_begin ] --START--
INFO: Run Behavior\ReadHtmlCacheBehavior [ RunTime:0.000000s ]
INFO: [ app_begin ] --END-- [ RunTime:0.000000s ]
ERR: 无法加载控制器:ArticleDetail

[ 2016-04-29T14:38:55+08:00 ] 127.0.0.1 /Home/Index/articleDetail
INFO: [ app_init ] --START--
INFO: Run Behavior\BuildLiteBehavior [ RunTime:0.000000s ]
INFO: [ app_init ] --END-- [ RunTime:0.000000s ]
INFO: [ app_begin ] --START--
INFO: Run Behavior\ReadHtmlCacheBehavior [ RunTime:0.000000s ]
INFO: [ app_begin ] --END-- [ RunTime:0.000000s ]
SQL: SHOW COLUMNS FROM `sys_menu` [ RunTime:0.0030s ]
SQL: SELECT * FROM `sys_menu`  [ RunTime:0.0010s ]
NOTIC: [2] Missing argument 1 for I(), called in D:\phpStudy\WWW\auth\1\Application\Home\Controller\IndexController.class.php on line 48 and defined D:\phpStudy\WWW\auth\1\ThinkPHP\Common\functions.php 第 271 行.
NOTIC: [8] Undefined variable: name D:\phpStudy\WWW\auth\1\ThinkPHP\Common\functions.php 第 273 行.
NOTIC: [8] Undefined variable: name D:\phpStudy\WWW\auth\1\ThinkPHP\Common\functions.php 第 278 行.
NOTIC: [8] Undefined variable: name D:\phpStudy\WWW\auth\1\ThinkPHP\Common\functions.php 第 339 行.
INFO: [ view_parse ] --START--
INFO: [ template_filter ] --START--
INFO: Run Behavior\ContentReplaceBehavior [ RunTime:0.000000s ]
INFO: [ template_filter ] --END-- [ RunTime:0.000000s ]
INFO: Run Behavior\ParseTemplateBehavior [ RunTime:0.007001s ]
INFO: [ view_parse ] --END-- [ RunTime:0.007001s ]
INFO: [ view_filter ] --START--
INFO: Run Behavior\WriteHtmlCacheBehavior [ RunTime:0.000000s ]
INFO: [ view_filter ] --END-- [ RunTime:0.000000s ]
INFO: [ app_end ] --START--
INFO: Run Behavior\ShowPageTraceBehavior [ RunTime:0.002000s ]
INFO: [ app_end ] --END-- [ RunTime:0.002000s ]

[ 2016-04-29T14:38:58+08:00 ] 127.0.0.1 /Home/Index/articleDetail
INFO: [ app_init ] --START--
INFO: Run Behavior\BuildLiteBehavior [ RunTime:0.000000s ]
INFO: [ app_init ] --END-- [ RunTime:0.000000s ]
INFO: [ app_begin ] --START--
INFO: Run Behavior\ReadHtmlCacheBehavior [ RunTime:0.000000s ]
INFO: [ app_begin ] --END-- [ RunTime:0.000000s ]
SQL: SHOW COLUMNS FROM `sys_menu` [ RunTime:0.0050s ]
SQL: SELECT * FROM `sys_menu`  [ RunTime:0.0000s ]
NOTIC: [2] Missing argument 1 for I(), called in D:\phpStudy\WWW\auth\1\Application\Home\Controller\IndexController.class.php on line 48 and defined D:\phpStudy\WWW\auth\1\ThinkPHP\Common\functions.php 第 271 行.
NOTIC: [8] Undefined variable: name D:\phpStudy\WWW\auth\1\ThinkPHP\Common\functions.php 第 273 行.
NOTIC: [8] Undefined variable: name D:\phpStudy\WWW\auth\1\ThinkPHP\Common\functions.php 第 278 行.
NOTIC: [8] Undefined variable: name D:\phpStudy\WWW\auth\1\ThinkPHP\Common\functions.php 第 339 行.
INFO: [ view_parse ] --START--
INFO: [ template_filter ] --START--
INFO: Run Behavior\ContentReplaceBehavior [ RunTime:0.000000s ]
INFO: [ template_filter ] --END-- [ RunTime:0.000000s ]
INFO: Run Behavior\ParseTemplateBehavior [ RunTime:0.006001s ]
INFO: [ view_parse ] --END-- [ RunTime:0.006001s ]
INFO: [ view_filter ] --START--
INFO: Run Behavior\WriteHtmlCacheBehavior [ RunTime:0.000000s ]
INFO: [ view_filter ] --END-- [ RunTime:0.000000s ]
INFO: [ app_end ] --START--
INFO: Run Behavior\ShowPageTraceBehavior [ RunTime:0.001000s ]
INFO: [ app_end ] --END-- [ RunTime:0.001000s ]

[ 2016-04-29T14:39:28+08:00 ] 127.0.0.1 /Home/Index/articleDetail
INFO: [ app_init ] --START--
INFO: Run Behavior\BuildLiteBehavior [ RunTime:0.000000s ]
INFO: [ app_init ] --END-- [ RunTime:0.000000s ]
INFO: [ app_begin ] --START--
INFO: Run Behavior\ReadHtmlCacheBehavior [ RunTime:0.000000s ]
INFO: [ app_begin ] --END-- [ RunTime:0.000000s ]
SQL: SHOW COLUMNS FROM `sys_menu` [ RunTime:0.0050s ]
SQL: SELECT * FROM `sys_menu`  [ RunTime:0.0000s ]
NOTIC: [2] Missing argument 1 for I(), called in D:\phpStudy\WWW\auth\1\Application\Home\Controller\IndexController.class.php on line 48 and defined D:\phpStudy\WWW\auth\1\ThinkPHP\Common\functions.php 第 271 行.
NOTIC: [8] Undefined variable: name D:\phpStudy\WWW\auth\1\ThinkPHP\Common\functions.php 第 273 行.
NOTIC: [8] Undefined variable: name D:\phpStudy\WWW\auth\1\ThinkPHP\Common\functions.php 第 278 行.
NOTIC: [8] Undefined variable: name D:\phpStudy\WWW\auth\1\ThinkPHP\Common\functions.php 第 339 行.
INFO: [ view_parse ] --START--
INFO: [ template_filter ] --START--
INFO: Run Behavior\ContentReplaceBehavior [ RunTime:0.000000s ]
INFO: [ template_filter ] --END-- [ RunTime:0.000000s ]
INFO: Run Behavior\ParseTemplateBehavior [ RunTime:0.003001s ]
INFO: [ view_parse ] --END-- [ RunTime:0.003001s ]
INFO: [ view_filter ] --START--
INFO: Run Behavior\WriteHtmlCacheBehavior [ RunTime:0.000000s ]
INFO: [ view_filter ] --END-- [ RunTime:0.000000s ]
INFO: [ app_end ] --START--
INFO: Run Behavior\ShowPageTraceBehavior [ RunTime:0.000000s ]
INFO: [ app_end ] --END-- [ RunTime:0.000000s ]

[ 2016-04-29T14:40:19+08:00 ] 127.0.0.1 /Home/Index/articleDetail
INFO: [ app_init ] --START--
INFO: Run Behavior\BuildLiteBehavior [ RunTime:0.000000s ]
INFO: [ app_init ] --END-- [ RunTime:0.000000s ]
INFO: [ app_begin ] --START--
INFO: Run Behavior\ReadHtmlCacheBehavior [ RunTime:0.000000s ]
INFO: [ app_begin ] --END-- [ RunTime:0.000000s ]
SQL: SHOW COLUMNS FROM `sys_menu` [ RunTime:0.0206s ]
SQL: SELECT * FROM `sys_menu`  [ RunTime:0.0000s ]
NOTIC: [2] Missing argument 1 for I(), called in D:\phpStudy\WWW\auth\1\Application\Home\Controller\IndexController.class.php on line 48 and defined D:\phpStudy\WWW\auth\1\ThinkPHP\Common\functions.php 第 271 行.
NOTIC: [8] Undefined variable: name D:\phpStudy\WWW\auth\1\ThinkPHP\Common\functions.php 第 273 行.
NOTIC: [8] Undefined variable: name D:\phpStudy\WWW\auth\1\ThinkPHP\Common\functions.php 第 278 行.
NOTIC: [8] Undefined variable: name D:\phpStudy\WWW\auth\1\ThinkPHP\Common\functions.php 第 339 行.
INFO: [ view_parse ] --START--
INFO: [ template_filter ] --START--
INFO: Run Behavior\ContentReplaceBehavior [ RunTime:0.000000s ]
INFO: [ template_filter ] --END-- [ RunTime:0.000000s ]
INFO: Run Behavior\ParseTemplateBehavior [ RunTime:0.015600s ]
INFO: [ view_parse ] --END-- [ RunTime:0.015600s ]
INFO: [ view_filter ] --START--
INFO: Run Behavior\WriteHtmlCacheBehavior [ RunTime:0.000000s ]
INFO: [ view_filter ] --END-- [ RunTime:0.000000s ]
INFO: [ app_end ] --START--
INFO: Run Behavior\ShowPageTraceBehavior [ RunTime:0.000000s ]
INFO: [ app_end ] --END-- [ RunTime:0.000000s ]

[ 2016-04-29T14:41:50+08:00 ] 127.0.0.1 /Home/Index/articleDetail
INFO: [ app_init ] --START--
INFO: Run Behavior\BuildLiteBehavior [ RunTime:0.000000s ]
INFO: [ app_init ] --END-- [ RunTime:0.001000s ]
INFO: [ app_begin ] --START--
INFO: Run Behavior\ReadHtmlCacheBehavior [ RunTime:0.001000s ]
INFO: [ app_begin ] --END-- [ RunTime:0.001000s ]
SQL: SHOW COLUMNS FROM `sys_menu` [ RunTime:0.0030s ]
SQL: SELECT * FROM `sys_menu`  [ RunTime:0.0000s ]
NOTIC: [2] Missing argument 1 for I(), called in D:\phpStudy\WWW\auth\1\Application\Home\Controller\IndexController.class.php on line 48 and defined D:\phpStudy\WWW\auth\1\ThinkPHP\Common\functions.php 第 271 行.
NOTIC: [8] Undefined variable: name D:\phpStudy\WWW\auth\1\ThinkPHP\Common\functions.php 第 273 行.
NOTIC: [8] Undefined variable: name D:\phpStudy\WWW\auth\1\ThinkPHP\Common\functions.php 第 278 行.
NOTIC: [8] Undefined variable: name D:\phpStudy\WWW\auth\1\ThinkPHP\Common\functions.php 第 339 行.
INFO: [ view_parse ] --START--
INFO: [ template_filter ] --START--
INFO: Run Behavior\ContentReplaceBehavior [ RunTime:0.000000s ]
INFO: [ template_filter ] --END-- [ RunTime:0.000000s ]
INFO: Run Behavior\ParseTemplateBehavior [ RunTime:0.007000s ]
INFO: [ view_parse ] --END-- [ RunTime:0.007000s ]
INFO: [ view_filter ] --START--
INFO: Run Behavior\WriteHtmlCacheBehavior [ RunTime:0.000000s ]
INFO: [ view_filter ] --END-- [ RunTime:0.001000s ]
INFO: [ app_end ] --START--
INFO: Run Behavior\ShowPageTraceBehavior [ RunTime:0.000000s ]
INFO: [ app_end ] --END-- [ RunTime:0.000000s ]

[ 2016-04-29T14:42:27+08:00 ] 127.0.0.1 /Home/Index/info
INFO: [ app_init ] --START--
INFO: Run Behavior\BuildLiteBehavior [ RunTime:0.000000s ]
INFO: [ app_init ] --END-- [ RunTime:0.001000s ]
INFO: [ app_begin ] --START--
INFO: Run Behavior\ReadHtmlCacheBehavior [ RunTime:0.000000s ]
INFO: [ app_begin ] --END-- [ RunTime:0.000000s ]
SQL: SHOW COLUMNS FROM `sys_menu` [ RunTime:0.0030s ]
SQL: SELECT * FROM `sys_menu`  [ RunTime:0.0000s ]
ERR: 非法操作:info

[ 2016-04-29T14:42:39+08:00 ] 127.0.0.1 /
INFO: [ app_init ] --START--
INFO: Run Behavior\BuildLiteBehavior [ RunTime:0.000000s ]
INFO: [ app_init ] --END-- [ RunTime:0.000000s ]
INFO: [ app_begin ] --START--
INFO: Run Behavior\ReadHtmlCacheBehavior [ RunTime:0.000000s ]
INFO: [ app_begin ] --END-- [ RunTime:0.000000s ]
SQL: SHOW COLUMNS FROM `sys_menu` [ RunTime:0.0050s ]
SQL: SELECT * FROM `sys_menu`  [ RunTime:0.0000s ]
SQL: SHOW COLUMNS FROM `sys_article` [ RunTime:0.0040s ]
SQL: SELECT COUNT(*) AS tp_count FROM `sys_article` WHERE `isshow` = 1 LIMIT 1   [ RunTime:0.0000s ]
SQL: SELECT * FROM `sys_article` WHERE `isshow` = 1 ORDER BY createtime desc LIMIT 0,3   [ RunTime:0.0000s ]
SQL: SHOW COLUMNS FROM `sys_admin` [ RunTime:0.0040s ]
SQL: SELECT * FROM `sys_admin` WHERE `id` = 1 LIMIT 1   [ RunTime:0.0000s ]
SQL: SELECT * FROM `sys_admin` WHERE `id` = 1 LIMIT 1   [ RunTime:0.0000s ]
SQL: SELECT * FROM `sys_admin` WHERE `id` = 1 LIMIT 1   [ RunTime:0.0000s ]
SQL: SELECT * FROM `sys_article` WHERE `isslide` = 1 ORDER BY createtime desc LIMIT 5   [ RunTime:0.0000s ]
SQL: SELECT * FROM `sys_article` WHERE `isslide` = 1 ORDER BY createtime desc LIMIT 0,3   [ RunTime:0.0000s ]
SQL: SELECT * FROM `sys_article` WHERE `isslide` = 1 ORDER BY createtime desc LIMIT 4,9   [ RunTime:0.0010s ]
SQL: SELECT * FROM `sys_article` WHERE `isspecial` = 1 ORDER BY createtime desc LIMIT 3   [ RunTime:0.0010s ]
SQL: SELECT * FROM `sys_admin` WHERE `id` = 1 LIMIT 1   [ RunTime:0.0000s ]
SQL: SELECT * FROM `sys_admin` WHERE `id` = 1 LIMIT 1   [ RunTime:0.0000s ]
SQL: SELECT * FROM `sys_admin` WHERE `id` = 1 LIMIT 1   [ RunTime:0.0000s ]
INFO: [ view_parse ] --START--
INFO: [ template_filter ] --START--
INFO: Run Behavior\ContentReplaceBehavior [ RunTime:0.002000s ]
INFO: [ template_filter ] --END-- [ RunTime:0.002000s ]
INFO: Run Behavior\ParseTemplateBehavior [ RunTime:0.013001s ]
INFO: [ view_parse ] --END-- [ RunTime:0.013001s ]
INFO: [ view_filter ] --START--
INFO: Run Behavior\WriteHtmlCacheBehavior [ RunTime:0.001000s ]
INFO: [ view_filter ] --END-- [ RunTime:0.001000s ]
INFO: [ app_end ] --START--
INFO: Run Behavior\ShowPageTraceBehavior [ RunTime:0.000000s ]
INFO: [ app_end ] --END-- [ RunTime:0.001000s ]

[ 2016-04-29T14:42:56+08:00 ] 127.0.0.1 /Home/Index/articleDetail
INFO: [ app_init ] --START--
INFO: Run Behavior\BuildLiteBehavior [ RunTime:0.000000s ]
INFO: [ app_init ] --END-- [ RunTime:0.000000s ]
INFO: [ app_begin ] --START--
INFO: Run Behavior\ReadHtmlCacheBehavior [ RunTime:0.000000s ]
INFO: [ app_begin ] --END-- [ RunTime:0.000000s ]
SQL: SHOW COLUMNS FROM `sys_menu` [ RunTime:0.0030s ]
SQL: SELECT * FROM `sys_menu`  [ RunTime:0.0000s ]
NOTIC: [2] Missing argument 1 for I(), called in D:\phpStudy\WWW\auth\1\Application\Home\Controller\IndexController.class.php on line 48 and defined D:\phpStudy\WWW\auth\1\ThinkPHP\Common\functions.php 第 271 行.
NOTIC: [8] Undefined variable: name D:\phpStudy\WWW\auth\1\ThinkPHP\Common\functions.php 第 273 行.
NOTIC: [8] Undefined variable: name D:\phpStudy\WWW\auth\1\ThinkPHP\Common\functions.php 第 278 行.
NOTIC: [8] Undefined variable: name D:\phpStudy\WWW\auth\1\ThinkPHP\Common\functions.php 第 339 行.
INFO: [ view_parse ] --START--
INFO: [ template_filter ] --START--
INFO: Run Behavior\ContentReplaceBehavior [ RunTime:0.000000s ]
INFO: [ template_filter ] --END-- [ RunTime:0.000000s ]
INFO: Run Behavior\ParseTemplateBehavior [ RunTime:0.010001s ]
INFO: [ view_parse ] --END-- [ RunTime:0.010001s ]
INFO: [ view_filter ] --START--
INFO: Run Behavior\WriteHtmlCacheBehavior [ RunTime:0.001000s ]
INFO: [ view_filter ] --END-- [ RunTime:0.001000s ]
INFO: [ app_end ] --START--
INFO: Run Behavior\ShowPageTraceBehavior [ RunTime:0.001000s ]
INFO: [ app_end ] --END-- [ RunTime:0.001000s ]

[ 2016-04-29T14:46:38+08:00 ] 127.0.0.1 /Home/Index/articleDetail
INFO: [ app_init ] --START--
INFO: Run Behavior\BuildLiteBehavior [ RunTime:0.000000s ]
INFO: [ app_init ] --END-- [ RunTime:0.000000s ]
INFO: [ app_begin ] --START--
INFO: Run Behavior\ReadHtmlCacheBehavior [ RunTime:0.000000s ]
INFO: [ app_begin ] --END-- [ RunTime:0.000000s ]
SQL: SHOW COLUMNS FROM `sys_menu` [ RunTime:0.0030s ]
SQL: SELECT * FROM `sys_menu`  [ RunTime:0.0000s ]
NOTIC: [2] Missing argument 1 for I(), called in D:\phpStudy\WWW\auth\1\Application\Home\Controller\IndexController.class.php on line 48 and defined D:\phpStudy\WWW\auth\1\ThinkPHP\Common\functions.php 第 271 行.
NOTIC: [8] Undefined variable: name D:\phpStudy\WWW\auth\1\ThinkPHP\Common\functions.php 第 273 行.
NOTIC: [8] Undefined variable: name D:\phpStudy\WWW\auth\1\ThinkPHP\Common\functions.php 第 278 行.
NOTIC: [8] Undefined variable: name D:\phpStudy\WWW\auth\1\ThinkPHP\Common\functions.php 第 339 行.
INFO: [ view_parse ] --START--
INFO: [ template_filter ] --START--
INFO: Run Behavior\ContentReplaceBehavior [ RunTime:0.000000s ]
INFO: [ template_filter ] --END-- [ RunTime:0.000000s ]
INFO: Run Behavior\ParseTemplateBehavior [ RunTime:0.008000s ]
INFO: [ view_parse ] --END-- [ RunTime:0.009000s ]
INFO: [ view_filter ] --START--
INFO: Run Behavior\WriteHtmlCacheBehavior [ RunTime:0.000000s ]
INFO: [ view_filter ] --END-- [ RunTime:0.000000s ]
INFO: [ app_end ] --START--
INFO: Run Behavior\ShowPageTraceBehavior [ RunTime:0.001000s ]
INFO: [ app_end ] --END-- [ RunTime:0.001000s ]

[ 2016-04-29T14:47:13+08:00 ] 127.0.0.1 /Home/Index/articleDetail/id/11
INFO: [ app_init ] --START--
INFO: Run Behavior\BuildLiteBehavior [ RunTime:0.000000s ]
INFO: [ app_init ] --END-- [ RunTime:0.000000s ]
INFO: [ app_begin ] --START--
INFO: Run Behavior\ReadHtmlCacheBehavior [ RunTime:0.000000s ]
INFO: [ app_begin ] --END-- [ RunTime:0.000000s ]
SQL: SHOW COLUMNS FROM `sys_menu` [ RunTime:0.0040s ]
SQL: SELECT * FROM `sys_menu`  [ RunTime:0.0000s ]
NOTIC: [2] Missing argument 1 for I(), called in D:\phpStudy\WWW\auth\1\Application\Home\Controller\IndexController.class.php on line 48 and defined D:\phpStudy\WWW\auth\1\ThinkPHP\Common\functions.php 第 271 行.
NOTIC: [8] Undefined variable: name D:\phpStudy\WWW\auth\1\ThinkPHP\Common\functions.php 第 273 行.
NOTIC: [8] Undefined variable: name D:\phpStudy\WWW\auth\1\ThinkPHP\Common\functions.php 第 278 行.
NOTIC: [8] Undefined variable: name D:\phpStudy\WWW\auth\1\ThinkPHP\Common\functions.php 第 339 行.
INFO: [ view_parse ] --START--
INFO: [ template_filter ] --START--
INFO: Run Behavior\ContentReplaceBehavior [ RunTime:0.000000s ]
INFO: [ template_filter ] --END-- [ RunTime:0.000000s ]
INFO: Run Behavior\ParseTemplateBehavior [ RunTime:0.008000s ]
INFO: [ view_parse ] --END-- [ RunTime:0.008000s ]
INFO: [ view_filter ] --START--
INFO: Run Behavior\WriteHtmlCacheBehavior [ RunTime:0.000000s ]
INFO: [ view_filter ] --END-- [ RunTime:0.000000s ]
INFO: [ app_end ] --START--
INFO: Run Behavior\ShowPageTraceBehavior [ RunTime:0.012001s ]
INFO: [ app_end ] --END-- [ RunTime:0.019002s ]

[ 2016-04-29T14:47:51+08:00 ] 127.0.0.1 /Home/Index/articleDetail/id/11
INFO: [ app_init ] --START--
INFO: Run Behavior\BuildLiteBehavior [ RunTime:0.000000s ]
INFO: [ app_init ] --END-- [ RunTime:0.000000s ]
INFO: [ app_begin ] --START--
INFO: Run Behavior\ReadHtmlCacheBehavior [ RunTime:0.000000s ]
INFO: [ app_begin ] --END-- [ RunTime:0.000000s ]
SQL: SHOW COLUMNS FROM `sys_menu` [ RunTime:0.0000s ]
SQL: SELECT * FROM `sys_menu`  [ RunTime:0.0000s ]
NOTIC: [2] Missing argument 1 for I(), called in D:\phpStudy\WWW\auth\1\Application\Home\Controller\IndexController.class.php on line 48 and defined D:\phpStudy\WWW\auth\1\ThinkPHP\Common\functions.php 第 271 行.
NOTIC: [8] Undefined variable: name D:\phpStudy\WWW\auth\1\ThinkPHP\Common\functions.php 第 273 行.
NOTIC: [8] Undefined variable: name D:\phpStudy\WWW\auth\1\ThinkPHP\Common\functions.php 第 278 行.
NOTIC: [8] Undefined variable: name D:\phpStudy\WWW\auth\1\ThinkPHP\Common\functions.php 第 339 行.

[ 2016-04-29T14:48:57+08:00 ] 127.0.0.1 /Home/Index/articleDetail/id/11
INFO: [ app_init ] --START--
INFO: Run Behavior\BuildLiteBehavior [ RunTime:0.000000s ]
INFO: [ app_init ] --END-- [ RunTime:0.000000s ]
INFO: [ app_begin ] --START--
INFO: Run Behavior\ReadHtmlCacheBehavior [ RunTime:0.000000s ]
INFO: [ app_begin ] --END-- [ RunTime:0.000000s ]
SQL: SHOW COLUMNS FROM `sys_menu` [ RunTime:0.0030s ]
SQL: SELECT * FROM `sys_menu`  [ RunTime:0.0000s ]
NOTIC: [2] Missing argument 1 for I(), called in D:\phpStudy\WWW\auth\1\Application\Home\Controller\IndexController.class.php on line 48 and defined D:\phpStudy\WWW\auth\1\ThinkPHP\Common\functions.php 第 271 行.
NOTIC: [8] Undefined variable: name D:\phpStudy\WWW\auth\1\ThinkPHP\Common\functions.php 第 273 行.
NOTIC: [8] Undefined variable: name D:\phpStudy\WWW\auth\1\ThinkPHP\Common\functions.php 第 278 行.
NOTIC: [8] Undefined variable: name D:\phpStudy\WWW\auth\1\ThinkPHP\Common\functions.php 第 339 行.
SQL: SHOW COLUMNS FROM `sys_article` [ RunTime:0.0030s ]
SQL: SELECT * FROM `sys_article` WHERE `id` = 11 LIMIT 1   [ RunTime:0.0000s ]

[ 2016-04-29T14:50:48+08:00 ] 127.0.0.1 /Home/Index/articleDetail/id/11
INFO: [ app_init ] --START--
INFO: Run Behavior\BuildLiteBehavior [ RunTime:0.000000s ]
INFO: [ app_init ] --END-- [ RunTime:0.000000s ]
INFO: [ app_begin ] --START--
INFO: Run Behavior\ReadHtmlCacheBehavior [ RunTime:0.000000s ]
INFO: [ app_begin ] --END-- [ RunTime:0.000000s ]
SQL: SHOW COLUMNS FROM `sys_menu` [ RunTime:0.0050s ]
SQL: SELECT * FROM `sys_menu`  [ RunTime:0.0000s ]
NOTIC: [2] Missing argument 1 for I(), called in D:\phpStudy\WWW\auth\1\Application\Home\Controller\IndexController.class.php on line 48 and defined D:\phpStudy\WWW\auth\1\ThinkPHP\Common\functions.php 第 271 行.
NOTIC: [8] Undefined variable: name D:\phpStudy\WWW\auth\1\ThinkPHP\Common\functions.php 第 273 行.
NOTIC: [8] Undefined variable: name D:\phpStudy\WWW\auth\1\ThinkPHP\Common\functions.php 第 278 行.
NOTIC: [8] Undefined variable: name D:\phpStudy\WWW\auth\1\ThinkPHP\Common\functions.php 第 339 行.
SQL: SHOW COLUMNS FROM `sys_article` [ RunTime:0.0040s ]
SQL: SELECT * FROM `sys_article` WHERE `id` = 11 LIMIT 1   [ RunTime:0.0000s ]
SQL: SHOW COLUMNS FROM `sys_admin` [ RunTime:0.0030s ]
SQL: SELECT * FROM `sys_admin` WHERE `id` = 1 LIMIT 1   [ RunTime:0.0000s ]
INFO: [ view_parse ] --START--
INFO: [ template_filter ] --START--
INFO: Run Behavior\ContentReplaceBehavior [ RunTime:0.000000s ]
INFO: [ template_filter ] --END-- [ RunTime:0.000000s ]
INFO: Run Behavior\ParseTemplateBehavior [ RunTime:0.017001s ]
INFO: [ view_parse ] --END-- [ RunTime:0.017001s ]
INFO: [ view_filter ] --START--
INFO: Run Behavior\WriteHtmlCacheBehavior [ RunTime:0.000000s ]
INFO: [ view_filter ] --END-- [ RunTime:0.000000s ]
INFO: [ app_end ] --START--
INFO: Run Behavior\ShowPageTraceBehavior [ RunTime:0.017001s ]
INFO: [ app_end ] --END-- [ RunTime:0.017001s ]

[ 2016-04-29T14:53:54+08:00 ] 127.0.0.1 /Home/Index/articleDetail/id/11
INFO: [ app_init ] --START--
INFO: Run Behavior\BuildLiteBehavior [ RunTime:0.000000s ]
INFO: [ app_init ] --END-- [ RunTime:0.001000s ]
INFO: [ app_begin ] --START--
INFO: Run Behavior\ReadHtmlCacheBehavior [ RunTime:0.001000s ]
INFO: [ app_begin ] --END-- [ RunTime:0.001000s ]
SQL: SHOW COLUMNS FROM `sys_menu` [ RunTime:0.0030s ]
SQL: SELECT * FROM `sys_menu`  [ RunTime:0.0000s ]
NOTIC: [2] Missing argument 1 for I(), called in D:\phpStudy\WWW\auth\1\Application\Home\Controller\IndexController.class.php on line 48 and defined D:\phpStudy\WWW\auth\1\ThinkPHP\Common\functions.php 第 271 行.
NOTIC: [8] Undefined variable: name D:\phpStudy\WWW\auth\1\ThinkPHP\Common\functions.php 第 273 行.
NOTIC: [8] Undefined variable: name D:\phpStudy\WWW\auth\1\ThinkPHP\Common\functions.php 第 278 行.
NOTIC: [8] Undefined variable: name D:\phpStudy\WWW\auth\1\ThinkPHP\Common\functions.php 第 339 行.
SQL: SHOW COLUMNS FROM `sys_article` [ RunTime:0.0030s ]
SQL: SELECT * FROM `sys_article` WHERE `id` = 11 LIMIT 1   [ RunTime:0.0010s ]
SQL: SHOW COLUMNS FROM `sys_admin` [ RunTime:0.0030s ]
SQL: SELECT * FROM `sys_admin` WHERE `id` = 1 LIMIT 1   [ RunTime:0.0000s ]

[ 2016-04-29T14:56:13+08:00 ] 127.0.0.1 /Home/Index/articleDetail/id/11
INFO: [ app_init ] --START--
INFO: Run Behavior\BuildLiteBehavior [ RunTime:0.000000s ]
INFO: [ app_init ] --END-- [ RunTime:0.000000s ]
INFO: [ app_begin ] --START--
INFO: Run Behavior\ReadHtmlCacheBehavior [ RunTime:0.000000s ]
INFO: [ app_begin ] --END-- [ RunTime:0.000000s ]
SQL: SHOW COLUMNS FROM `sys_menu` [ RunTime:0.0030s ]
SQL: SELECT * FROM `sys_menu`  [ RunTime:0.0010s ]
NOTIC: [2] Missing argument 1 for I(), called in D:\phpStudy\WWW\auth\1\Application\Home\Controller\IndexController.class.php on line 48 and defined D:\phpStudy\WWW\auth\1\ThinkPHP\Common\functions.php 第 271 行.
NOTIC: [8] Undefined variable: name D:\phpStudy\WWW\auth\1\ThinkPHP\Common\functions.php 第 273 行.
NOTIC: [8] Undefined variable: name D:\phpStudy\WWW\auth\1\ThinkPHP\Common\functions.php 第 278 行.
NOTIC: [8] Undefined variable: name D:\phpStudy\WWW\auth\1\ThinkPHP\Common\functions.php 第 339 行.
SQL: SHOW COLUMNS FROM `sys_article` [ RunTime:0.0040s ]
SQL: SELECT * FROM `sys_article` WHERE `id` = 11 LIMIT 1   [ RunTime:0.0000s ]
SQL: SHOW COLUMNS FROM `sys_admin` [ RunTime:0.0030s ]
SQL: SELECT * FROM `sys_admin` WHERE `id` = 1 LIMIT 1   [ RunTime:0.0000s ]
NOTIC: [8] Undefined index: content D:\phpStudy\WWW\auth\1\Application\Home\Controller\IndexController.class.php 第 54 行.

[ 2016-04-29T14:56:37+08:00 ] 127.0.0.1 /Home/Index/articleDetail/id/11
INFO: [ app_init ] --START--
INFO: Run Behavior\BuildLiteBehavior [ RunTime:0.000000s ]
INFO: [ app_init ] --END-- [ RunTime:0.000000s ]
INFO: [ app_begin ] --START--
INFO: Run Behavior\ReadHtmlCacheBehavior [ RunTime:0.000000s ]
INFO: [ app_begin ] --END-- [ RunTime:0.000000s ]
SQL: SHOW COLUMNS FROM `sys_menu` [ RunTime:0.0030s ]
SQL: SELECT * FROM `sys_menu`  [ RunTime:0.0110s ]
NOTIC: [2] Missing argument 1 for I(), called in D:\phpStudy\WWW\auth\1\Application\Home\Controller\IndexController.class.php on line 48 and defined D:\phpStudy\WWW\auth\1\ThinkPHP\Common\functions.php 第 271 行.
NOTIC: [8] Undefined variable: name D:\phpStudy\WWW\auth\1\ThinkPHP\Common\functions.php 第 273 行.
NOTIC: [8] Undefined variable: name D:\phpStudy\WWW\auth\1\ThinkPHP\Common\functions.php 第 278 行.
NOTIC: [8] Undefined variable: name D:\phpStudy\WWW\auth\1\ThinkPHP\Common\functions.php 第 339 行.
SQL: SHOW COLUMNS FROM `sys_article` [ RunTime:0.0030s ]
SQL: SELECT * FROM `sys_article` WHERE `id` = 11 LIMIT 1   [ RunTime:0.0000s ]
SQL: SHOW COLUMNS FROM `sys_admin` [ RunTime:0.0020s ]
SQL: SELECT * FROM `sys_admin` WHERE `id` = 1 LIMIT 1   [ RunTime:0.0000s ]

[ 2016-04-29T15:01:13+08:00 ] 127.0.0.1 /Home/Index/articleDetail/id/11
INFO: [ app_init ] --START--
INFO: Run Behavior\BuildLiteBehavior [ RunTime:0.000000s ]
INFO: [ app_init ] --END-- [ RunTime:0.001000s ]
INFO: [ app_begin ] --START--
INFO: Run Behavior\ReadHtmlCacheBehavior [ RunTime:0.000000s ]
INFO: [ app_begin ] --END-- [ RunTime:0.000000s ]
SQL: SHOW COLUMNS FROM `sys_menu` [ RunTime:0.0040s ]
SQL: SELECT * FROM `sys_menu`  [ RunTime:0.0000s ]
NOTIC: [2] Missing argument 1 for I(), called in D:\phpStudy\WWW\auth\1\Application\Home\Controller\IndexController.class.php on line 48 and defined D:\phpStudy\WWW\auth\1\ThinkPHP\Common\functions.php 第 271 行.
NOTIC: [8] Undefined variable: name D:\phpStudy\WWW\auth\1\ThinkPHP\Common\functions.php 第 273 行.
NOTIC: [8] Undefined variable: name D:\phpStudy\WWW\auth\1\ThinkPHP\Common\functions.php 第 278 行.
NOTIC: [8] Undefined variable: name D:\phpStudy\WWW\auth\1\ThinkPHP\Common\functions.php 第 339 行.
SQL: SHOW COLUMNS FROM `sys_article` [ RunTime:0.0030s ]
SQL: SELECT * FROM `sys_article` WHERE `id` = 11 LIMIT 1   [ RunTime:0.0000s ]
SQL: SHOW COLUMNS FROM `sys_admin` [ RunTime:0.0020s ]
SQL: SELECT * FROM `sys_admin` WHERE `id` = 1 LIMIT 1   [ RunTime:0.0000s ]
INFO: [ view_parse ] --START--
INFO: [ template_filter ] --START--
INFO: Run Behavior\ContentReplaceBehavior [ RunTime:0.001001s ]
INFO: [ template_filter ] --END-- [ RunTime:0.001001s ]
INFO: Run Behavior\ParseTemplateBehavior [ RunTime:0.009001s ]
INFO: [ view_parse ] --END-- [ RunTime:0.009001s ]
INFO: [ view_filter ] --START--
INFO: Run Behavior\WriteHtmlCacheBehavior [ RunTime:0.000000s ]
INFO: [ view_filter ] --END-- [ RunTime:0.000000s ]
INFO: [ app_end ] --START--
INFO: Run Behavior\ShowPageTraceBehavior [ RunTime:0.011000s ]
INFO: [ app_end ] --END-- [ RunTime:0.011000s ]

[ 2016-04-29T15:01:33+08:00 ] 127.0.0.1 /Home/Index/articleDetail/id/12
INFO: [ app_init ] --START--
INFO: Run Behavior\BuildLiteBehavior [ RunTime:0.000000s ]
INFO: [ app_init ] --END-- [ RunTime:0.000000s ]
INFO: [ app_begin ] --START--
INFO: Run Behavior\ReadHtmlCacheBehavior [ RunTime:0.000000s ]
INFO: [ app_begin ] --END-- [ RunTime:0.000000s ]
SQL: SHOW COLUMNS FROM `sys_menu` [ RunTime:0.0040s ]
SQL: SELECT * FROM `sys_menu`  [ RunTime:0.0000s ]
NOTIC: [2] Missing argument 1 for I(), called in D:\phpStudy\WWW\auth\1\Application\Home\Controller\IndexController.class.php on line 48 and defined D:\phpStudy\WWW\auth\1\ThinkPHP\Common\functions.php 第 271 行.
NOTIC: [8] Undefined variable: name D:\phpStudy\WWW\auth\1\ThinkPHP\Common\functions.php 第 273 行.
NOTIC: [8] Undefined variable: name D:\phpStudy\WWW\auth\1\ThinkPHP\Common\functions.php 第 278 行.
NOTIC: [8] Undefined variable: name D:\phpStudy\WWW\auth\1\ThinkPHP\Common\functions.php 第 339 行.
SQL: SHOW COLUMNS FROM `sys_article` [ RunTime:0.0030s ]
SQL: SELECT * FROM `sys_article` WHERE `id` = 12 LIMIT 1   [ RunTime:0.0100s ]
SQL: SHOW COLUMNS FROM `sys_admin` [ RunTime:0.0030s ]
SQL: SELECT * FROM `sys_admin` WHERE `id` = 1 LIMIT 1   [ RunTime:0.0010s ]
INFO: [ view_parse ] --START--
INFO: [ template_filter ] --START--
INFO: Run Behavior\ContentReplaceBehavior [ RunTime:0.000000s ]
INFO: [ template_filter ] --END-- [ RunTime:0.000000s ]
INFO: Run Behavior\ParseTemplateBehavior [ RunTime:0.007000s ]
INFO: [ view_parse ] --END-- [ RunTime:0.007000s ]
INFO: [ view_filter ] --START--
INFO: Run Behavior\WriteHtmlCacheBehavior [ RunTime:0.000000s ]
INFO: [ view_filter ] --END-- [ RunTime:0.000000s ]
INFO: [ app_end ] --START--
INFO: Run Behavior\ShowPageTraceBehavior [ RunTime:0.001000s ]
INFO: [ app_end ] --END-- [ RunTime:0.001000s ]

[ 2016-04-29T15:01:39+08:00 ] 127.0.0.1 /Home/Index/articleDetail/id/13
INFO: [ app_init ] --START--
INFO: Run Behavior\BuildLiteBehavior [ RunTime:0.000000s ]
INFO: [ app_init ] --END-- [ RunTime:0.000000s ]
INFO: [ app_begin ] --START--
INFO: Run Behavior\ReadHtmlCacheBehavior [ RunTime:0.000000s ]
INFO: [ app_begin ] --END-- [ RunTime:0.000000s ]
SQL: SHOW COLUMNS FROM `sys_menu` [ RunTime:0.0030s ]
SQL: SELECT * FROM `sys_menu`  [ RunTime:0.0000s ]
NOTIC: [2] Missing argument 1 for I(), called in D:\phpStudy\WWW\auth\1\Application\Home\Controller\IndexController.class.php on line 48 and defined D:\phpStudy\WWW\auth\1\ThinkPHP\Common\functions.php 第 271 行.
NOTIC: [8] Undefined variable: name D:\phpStudy\WWW\auth\1\ThinkPHP\Common\functions.php 第 273 行.
NOTIC: [8] Undefined variable: name D:\phpStudy\WWW\auth\1\ThinkPHP\Common\functions.php 第 278 行.
NOTIC: [8] Undefined variable: name D:\phpStudy\WWW\auth\1\ThinkPHP\Common\functions.php 第 339 行.
SQL: SHOW COLUMNS FROM `sys_article` [ RunTime:0.0030s ]
SQL: SELECT * FROM `sys_article` WHERE `id` = 13 LIMIT 1   [ RunTime:0.0010s ]
SQL: SHOW COLUMNS FROM `sys_admin` [ RunTime:0.0030s ]
SQL: SELECT * FROM `sys_admin` WHERE `id` = 1 LIMIT 1   [ RunTime:0.0000s ]
INFO: [ view_parse ] --START--
INFO: [ template_filter ] --START--
INFO: Run Behavior\ContentReplaceBehavior [ RunTime:0.000000s ]
INFO: [ template_filter ] --END-- [ RunTime:0.000000s ]
INFO: Run Behavior\ParseTemplateBehavior [ RunTime:0.015001s ]
INFO: [ view_parse ] --END-- [ RunTime:0.015001s ]
INFO: [ view_filter ] --START--
INFO: Run Behavior\WriteHtmlCacheBehavior [ RunTime:0.000000s ]
INFO: [ view_filter ] --END-- [ RunTime:0.000000s ]
INFO: [ app_end ] --START--
INFO: Run Behavior\ShowPageTraceBehavior [ RunTime:0.001000s ]
INFO: [ app_end ] --END-- [ RunTime:0.001000s ]

[ 2016-04-29T15:04:09+08:00 ] 127.0.0.1 /Home/Index/articleDetail/id/16
INFO: [ app_init ] --START--
INFO: Run Behavior\BuildLiteBehavior [ RunTime:0.000000s ]
INFO: [ app_init ] --END-- [ RunTime:0.001000s ]
INFO: [ app_begin ] --START--
INFO: Run Behavior\ReadHtmlCacheBehavior [ RunTime:0.001000s ]
INFO: [ app_begin ] --END-- [ RunTime:0.001000s ]
SQL: SHOW COLUMNS FROM `sys_menu` [ RunTime:0.0030s ]
SQL: SELECT * FROM `sys_menu`  [ RunTime:0.0000s ]
NOTIC: [2] Missing argument 1 for I(), called in D:\phpStudy\WWW\auth\1\Application\Home\Controller\IndexController.class.php on line 48 and defined D:\phpStudy\WWW\auth\1\ThinkPHP\Common\functions.php 第 271 行.
NOTIC: [8] Undefined variable: name D:\phpStudy\WWW\auth\1\ThinkPHP\Common\functions.php 第 273 行.
NOTIC: [8] Undefined variable: name D:\phpStudy\WWW\auth\1\ThinkPHP\Common\functions.php 第 278 行.
NOTIC: [8] Undefined variable: name D:\phpStudy\WWW\auth\1\ThinkPHP\Common\functions.php 第 339 行.
SQL: SHOW COLUMNS FROM `sys_article` [ RunTime:0.0020s ]
SQL: SELECT * FROM `sys_article` WHERE `id` = 16 LIMIT 1   [ RunTime:0.0000s ]
SQL: SHOW COLUMNS FROM `sys_admin` [ RunTime:0.0030s ]
SQL: SELECT * FROM `sys_admin` WHERE `id` = 1 LIMIT 1   [ RunTime:0.0000s ]
INFO: [ view_parse ] --START--
INFO: [ template_filter ] --START--
INFO: Run Behavior\ContentReplaceBehavior [ RunTime:0.001000s ]
INFO: [ template_filter ] --END-- [ RunTime:0.001000s ]
INFO: Run Behavior\ParseTemplateBehavior [ RunTime:0.008000s ]
INFO: [ view_parse ] --END-- [ RunTime:0.008000s ]
INFO: [ view_filter ] --START--
INFO: Run Behavior\WriteHtmlCacheBehavior [ RunTime:0.000000s ]
INFO: [ view_filter ] --END-- [ RunTime:0.000000s ]
INFO: [ app_end ] --START--
INFO: Run Behavior\ShowPageTraceBehavior [ RunTime:0.000000s ]
INFO: [ app_end ] --END-- [ RunTime:0.000000s ]

[ 2016-04-29T15:20:13+08:00 ] 127.0.0.1 /Home/Index/articleDetail/id/11
INFO: [ app_init ] --START--
INFO: Run Behavior\BuildLiteBehavior [ RunTime:0.000000s ]
INFO: [ app_init ] --END-- [ RunTime:0.000000s ]
INFO: [ app_begin ] --START--
INFO: Run Behavior\ReadHtmlCacheBehavior [ RunTime:0.000000s ]
INFO: [ app_begin ] --END-- [ RunTime:0.000000s ]
SQL: SHOW COLUMNS FROM `sys_menu` [ RunTime:0.0030s ]
SQL: SELECT * FROM `sys_menu`  [ RunTime:0.0000s ]
NOTIC: [2] Missing argument 1 for I(), called in D:\phpStudy\WWW\auth\1\Application\Home\Controller\IndexController.class.php on line 48 and defined D:\phpStudy\WWW\auth\1\ThinkPHP\Common\functions.php 第 271 行.
NOTIC: [8] Undefined variable: name D:\phpStudy\WWW\auth\1\ThinkPHP\Common\functions.php 第 273 行.
NOTIC: [8] Undefined variable: name D:\phpStudy\WWW\auth\1\ThinkPHP\Common\functions.php 第 278 行.
NOTIC: [8] Undefined variable: name D:\phpStudy\WWW\auth\1\ThinkPHP\Common\functions.php 第 339 行.
SQL: SHOW COLUMNS FROM `sys_article` [ RunTime:0.0030s ]
SQL: SELECT * FROM `sys_article` WHERE `id` = 11 LIMIT 1   [ RunTime:0.0010s ]
SQL: SHOW COLUMNS FROM `sys_admin` [ RunTime:0.0030s ]
SQL: SELECT * FROM `sys_admin` WHERE `id` = 1 LIMIT 1   [ RunTime:0.0000s ]
INFO: [ view_parse ] --START--
INFO: [ template_filter ] --START--
INFO: Run Behavior\ContentReplaceBehavior [ RunTime:0.000000s ]
INFO: [ template_filter ] --END-- [ RunTime:0.000000s ]
INFO: Run Behavior\ParseTemplateBehavior [ RunTime:0.008001s ]
INFO: [ view_parse ] --END-- [ RunTime:0.008001s ]
INFO: [ view_filter ] --START--
INFO: Run Behavior\WriteHtmlCacheBehavior [ RunTime:0.000000s ]
INFO: [ view_filter ] --END-- [ RunTime:0.000000s ]
INFO: [ app_end ] --START--
INFO: Run Behavior\ShowPageTraceBehavior [ RunTime:0.000000s ]
INFO: [ app_end ] --END-- [ RunTime:0.000000s ]

[ 2016-04-29T15:23:55+08:00 ] 127.0.0.1 /Home/Index/articleDetail/id/11
INFO: [ app_init ] --START--
INFO: Run Behavior\BuildLiteBehavior [ RunTime:0.000000s ]
INFO: [ app_init ] --END-- [ RunTime:0.000000s ]
INFO: [ app_begin ] --START--
INFO: Run Behavior\ReadHtmlCacheBehavior [ RunTime:0.001000s ]
INFO: [ app_begin ] --END-- [ RunTime:0.001000s ]
SQL: SHOW COLUMNS FROM `sys_menu` [ RunTime:0.0040s ]
SQL: SELECT * FROM `sys_menu`  [ RunTime:0.0000s ]
NOTIC: [2] Missing argument 1 for I(), called in D:\phpStudy\WWW\auth\1\Application\Home\Controller\IndexController.class.php on line 48 and defined D:\phpStudy\WWW\auth\1\ThinkPHP\Common\functions.php 第 271 行.
NOTIC: [8] Undefined variable: name D:\phpStudy\WWW\auth\1\ThinkPHP\Common\functions.php 第 273 行.
NOTIC: [8] Undefined variable: name D:\phpStudy\WWW\auth\1\ThinkPHP\Common\functions.php 第 278 行.
NOTIC: [8] Undefined variable: name D:\phpStudy\WWW\auth\1\ThinkPHP\Common\functions.php 第 339 行.
SQL: SHOW COLUMNS FROM `sys_article` [ RunTime:0.0050s ]
SQL: SELECT * FROM `sys_article` WHERE `id` = 11 LIMIT 1   [ RunTime:0.0010s ]
SQL: SHOW COLUMNS FROM `sys_admin` [ RunTime:0.0030s ]
SQL: SELECT * FROM `sys_admin` WHERE `id` = 1 LIMIT 1   [ RunTime:0.0000s ]

[ 2016-04-29T15:25:36+08:00 ] 127.0.0.1 /Home/Index/articleDetail/id/11
INFO: [ app_init ] --START--
INFO: Run Behavior\BuildLiteBehavior [ RunTime:0.000000s ]
INFO: [ app_init ] --END-- [ RunTime:0.007001s ]
INFO: [ app_begin ] --START--
INFO: Run Behavior\ReadHtmlCacheBehavior [ RunTime:0.000000s ]
INFO: [ app_begin ] --END-- [ RunTime:0.000000s ]
SQL: SHOW COLUMNS FROM `sys_menu` [ RunTime:0.0030s ]
SQL: SELECT * FROM `sys_menu`  [ RunTime:0.0000s ]
NOTIC: [2] Missing argument 1 for I(), called in D:\phpStudy\WWW\auth\1\Application\Home\Controller\IndexController.class.php on line 48 and defined D:\phpStudy\WWW\auth\1\ThinkPHP\Common\functions.php 第 271 行.
NOTIC: [8] Undefined variable: name D:\phpStudy\WWW\auth\1\ThinkPHP\Common\functions.php 第 273 行.
NOTIC: [8] Undefined variable: name D:\phpStudy\WWW\auth\1\ThinkPHP\Common\functions.php 第 278 行.
NOTIC: [8] Undefined variable: name D:\phpStudy\WWW\auth\1\ThinkPHP\Common\functions.php 第 339 行.
SQL: SHOW COLUMNS FROM `sys_article` [ RunTime:0.0030s ]
SQL: SELECT * FROM `sys_article` WHERE `id` = 11 LIMIT 1   [ RunTime:0.0010s ]
SQL: SHOW COLUMNS FROM `sys_admin` [ RunTime:0.0030s ]
SQL: SELECT * FROM `sys_admin` WHERE `id` = 1 LIMIT 1   [ RunTime:0.0000s ]
INFO: [ view_parse ] --START--
INFO: [ template_filter ] --START--
INFO: Run Behavior\ContentReplaceBehavior [ RunTime:0.000000s ]
INFO: [ template_filter ] --END-- [ RunTime:0.000000s ]
NOTIC: [8] Array to string conversion D:\phpStudy\WWW\auth\1\Runtime\Cache\Home\d8e3bdedf51dc6c1db7931534b1e0f08.php 第 85 行.
NOTIC: [8] Undefined variable: Array D:\phpStudy\WWW\auth\1\Runtime\Cache\Home\d8e3bdedf51dc6c1db7931534b1e0f08.php 第 85 行.
NOTIC: [8] Undefined variable: keyword D:\phpStudy\WWW\auth\1\Runtime\Cache\Home\d8e3bdedf51dc6c1db7931534b1e0f08.php 第 86 行.
INFO: Run Behavior\ParseTemplateBehavior [ RunTime:0.016000s ]
INFO: [ view_parse ] --END-- [ RunTime:0.016000s ]
INFO: [ view_filter ] --START--
INFO: Run Behavior\WriteHtmlCacheBehavior [ RunTime:0.000000s ]
INFO: [ view_filter ] --END-- [ RunTime:0.000000s ]
INFO: [ app_end ] --START--
INFO: Run Behavior\ShowPageTraceBehavior [ RunTime:0.000000s ]
INFO: [ app_end ] --END-- [ RunTime:0.000000s ]

[ 2016-04-29T15:25:54+08:00 ] 127.0.0.1 /Home/Index/articleDetail/id/11
INFO: [ app_init ] --START--
INFO: Run Behavior\BuildLiteBehavior [ RunTime:0.000000s ]
INFO: [ app_init ] --END-- [ RunTime:0.000000s ]
INFO: [ app_begin ] --START--
INFO: Run Behavior\ReadHtmlCacheBehavior [ RunTime:0.000000s ]
INFO: [ app_begin ] --END-- [ RunTime:0.000000s ]
SQL: SHOW COLUMNS FROM `sys_menu` [ RunTime:0.0020s ]
SQL: SELECT * FROM `sys_menu`  [ RunTime:0.0000s ]
NOTIC: [2] Missing argument 1 for I(), called in D:\phpStudy\WWW\auth\1\Application\Home\Controller\IndexController.class.php on line 48 and defined D:\phpStudy\WWW\auth\1\ThinkPHP\Common\functions.php 第 271 行.
NOTIC: [8] Undefined variable: name D:\phpStudy\WWW\auth\1\ThinkPHP\Common\functions.php 第 273 行.
NOTIC: [8] Undefined variable: name D:\phpStudy\WWW\auth\1\ThinkPHP\Common\functions.php 第 278 行.
NOTIC: [8] Undefined variable: name D:\phpStudy\WWW\auth\1\ThinkPHP\Common\functions.php 第 339 行.
SQL: SHOW COLUMNS FROM `sys_article` [ RunTime:0.0030s ]
SQL: SELECT * FROM `sys_article` WHERE `id` = 11 LIMIT 1   [ RunTime:0.0000s ]
SQL: SHOW COLUMNS FROM `sys_admin` [ RunTime:0.0020s ]
SQL: SELECT * FROM `sys_admin` WHERE `id` = 1 LIMIT 1   [ RunTime:0.0010s ]
INFO: [ view_parse ] --START--
INFO: [ template_filter ] --START--
INFO: Run Behavior\ContentReplaceBehavior [ RunTime:0.000000s ]
INFO: [ template_filter ] --END-- [ RunTime:0.000000s ]
NOTIC: [8] Array to string conversion D:\phpStudy\WWW\auth\1\Runtime\Cache\Home\d8e3bdedf51dc6c1db7931534b1e0f08.php 第 85 行.
NOTIC: [8] Undefined variable: Array D:\phpStudy\WWW\auth\1\Runtime\Cache\Home\d8e3bdedf51dc6c1db7931534b1e0f08.php 第 85 行.
INFO: Run Behavior\ParseTemplateBehavior [ RunTime:0.009001s ]
INFO: [ view_parse ] --END-- [ RunTime:0.009001s ]
INFO: [ view_filter ] --START--
INFO: Run Behavior\WriteHtmlCacheBehavior [ RunTime:0.000000s ]
INFO: [ view_filter ] --END-- [ RunTime:0.000000s ]
INFO: [ app_end ] --START--
INFO: Run Behavior\ShowPageTraceBehavior [ RunTime:0.001000s ]
INFO: [ app_end ] --END-- [ RunTime:0.001000s ]

[ 2016-04-29T15:26:07+08:00 ] 127.0.0.1 /Home/Index/articleDetail/id/11
INFO: [ app_init ] --START--
INFO: Run Behavior\BuildLiteBehavior [ RunTime:0.000000s ]
INFO: [ app_init ] --END-- [ RunTime:0.000000s ]
INFO: [ app_begin ] --START--
INFO: Run Behavior\ReadHtmlCacheBehavior [ RunTime:0.000000s ]
INFO: [ app_begin ] --END-- [ RunTime:0.000000s ]
SQL: SHOW COLUMNS FROM `sys_menu` [ RunTime:0.0030s ]
SQL: SELECT * FROM `sys_menu`  [ RunTime:0.0000s ]
NOTIC: [2] Missing argument 1 for I(), called in D:\phpStudy\WWW\auth\1\Application\Home\Controller\IndexController.class.php on line 48 and defined D:\phpStudy\WWW\auth\1\ThinkPHP\Common\functions.php 第 271 行.
NOTIC: [8] Undefined variable: name D:\phpStudy\WWW\auth\1\ThinkPHP\Common\functions.php 第 273 行.
NOTIC: [8] Undefined variable: name D:\phpStudy\WWW\auth\1\ThinkPHP\Common\functions.php 第 278 行.
NOTIC: [8] Undefined variable: name D:\phpStudy\WWW\auth\1\ThinkPHP\Common\functions.php 第 339 行.
SQL: SHOW COLUMNS FROM `sys_article` [ RunTime:0.0030s ]
SQL: SELECT * FROM `sys_article` WHERE `id` = 11 LIMIT 1   [ RunTime:0.0000s ]
SQL: SHOW COLUMNS FROM `sys_admin` [ RunTime:0.0080s ]
SQL: SELECT * FROM `sys_admin` WHERE `id` = 1 LIMIT 1   [ RunTime:0.0140s ]
INFO: [ view_parse ] --START--
INFO: [ template_filter ] --START--
INFO: Run Behavior\ContentReplaceBehavior [ RunTime:0.000000s ]
INFO: [ template_filter ] --END-- [ RunTime:0.000000s ]
INFO: Run Behavior\ParseTemplateBehavior [ RunTime:0.008001s ]
INFO: [ view_parse ] --END-- [ RunTime:0.009001s ]
INFO: [ view_filter ] --START--
INFO: Run Behavior\WriteHtmlCacheBehavior [ RunTime:0.000000s ]
INFO: [ view_filter ] --END-- [ RunTime:0.000000s ]
INFO: [ app_end ] --START--
INFO: Run Behavior\ShowPageTraceBehavior [ RunTime:0.001000s ]
INFO: [ app_end ] --END-- [ RunTime:0.001000s ]

[ 2016-04-29T15:26:32+08:00 ] 127.0.0.1 /Home/Index/articleDetail/id/11
INFO: [ app_init ] --START--
INFO: Run Behavior\BuildLiteBehavior [ RunTime:0.001000s ]
INFO: [ app_init ] --END-- [ RunTime:0.001000s ]
INFO: [ app_begin ] --START--
INFO: Run Behavior\ReadHtmlCacheBehavior [ RunTime:0.001000s ]
INFO: [ app_begin ] --END-- [ RunTime:0.001000s ]
SQL: SHOW COLUMNS FROM `sys_menu` [ RunTime:0.0030s ]
SQL: SELECT * FROM `sys_menu`  [ RunTime:0.0000s ]
NOTIC: [2] Missing argument 1 for I(), called in D:\phpStudy\WWW\auth\1\Application\Home\Controller\IndexController.class.php on line 48 and defined D:\phpStudy\WWW\auth\1\ThinkPHP\Common\functions.php 第 271 行.
NOTIC: [8] Undefined variable: name D:\phpStudy\WWW\auth\1\ThinkPHP\Common\functions.php 第 273 行.
NOTIC: [8] Undefined variable: name D:\phpStudy\WWW\auth\1\ThinkPHP\Common\functions.php 第 278 行.
NOTIC: [8] Undefined variable: name D:\phpStudy\WWW\auth\1\ThinkPHP\Common\functions.php 第 339 行.
SQL: SHOW COLUMNS FROM `sys_article` [ RunTime:0.0030s ]
SQL: SELECT * FROM `sys_article` WHERE `id` = 11 LIMIT 1   [ RunTime:0.0010s ]
SQL: SHOW COLUMNS FROM `sys_admin` [ RunTime:0.0020s ]
SQL: SELECT * FROM `sys_admin` WHERE `id` = 1 LIMIT 1   [ RunTime:0.0000s ]
INFO: [ view_parse ] --START--
INFO: [ template_filter ] --START--
INFO: Run Behavior\ContentReplaceBehavior [ RunTime:0.000000s ]
INFO: [ template_filter ] --END-- [ RunTime:0.000000s ]
INFO: Run Behavior\ParseTemplateBehavior [ RunTime:0.007001s ]
INFO: [ view_parse ] --END-- [ RunTime:0.007001s ]
INFO: [ view_filter ] --START--
INFO: Run Behavior\WriteHtmlCacheBehavior [ RunTime:0.001000s ]
INFO: [ view_filter ] --END-- [ RunTime:0.001000s ]
INFO: [ app_end ] --START--
INFO: Run Behavior\ShowPageTraceBehavior [ RunTime:0.000000s ]
INFO: [ app_end ] --END-- [ RunTime:0.000000s ]

[ 2016-04-29T15:30:39+08:00 ] 127.0.0.1 /Home/Index/articleDetail/id/11
INFO: [ app_init ] --START--
INFO: Run Behavior\BuildLiteBehavior [ RunTime:0.000000s ]
INFO: [ app_init ] --END-- [ RunTime:0.001000s ]
INFO: [ app_begin ] --START--
INFO: Run Behavior\ReadHtmlCacheBehavior [ RunTime:0.000000s ]
INFO: [ app_begin ] --END-- [ RunTime:0.000000s ]
SQL: SHOW COLUMNS FROM `sys_menu` [ RunTime:0.0040s ]
SQL: SELECT * FROM `sys_menu`  [ RunTime:0.0000s ]
NOTIC: [2] Missing argument 1 for I(), called in D:\phpStudy\WWW\auth\1\Application\Home\Controller\IndexController.class.php on line 48 and defined D:\phpStudy\WWW\auth\1\ThinkPHP\Common\functions.php 第 271 行.
NOTIC: [8] Undefined variable: name D:\phpStudy\WWW\auth\1\ThinkPHP\Common\functions.php 第 273 行.
NOTIC: [8] Undefined variable: name D:\phpStudy\WWW\auth\1\ThinkPHP\Common\functions.php 第 278 行.
NOTIC: [8] Undefined variable: name D:\phpStudy\WWW\auth\1\ThinkPHP\Common\functions.php 第 339 行.
SQL: SHOW COLUMNS FROM `sys_article` [ RunTime:0.0030s ]
SQL: SELECT * FROM `sys_article` WHERE `id` = 11 LIMIT 1   [ RunTime:0.0010s ]
SQL: SHOW COLUMNS FROM `sys_admin` [ RunTime:0.0030s ]
SQL: SELECT * FROM `sys_admin` WHERE `id` = 1 LIMIT 1   [ RunTime:0.0000s ]
INFO: [ view_parse ] --START--
INFO: [ template_filter ] --START--
INFO: Run Behavior\ContentReplaceBehavior [ RunTime:0.000000s ]
INFO: [ template_filter ] --END-- [ RunTime:0.000000s ]
INFO: Run Behavior\ParseTemplateBehavior [ RunTime:0.008001s ]
INFO: [ view_parse ] --END-- [ RunTime:0.008001s ]
INFO: [ view_filter ] --START--
INFO: Run Behavior\WriteHtmlCacheBehavior [ RunTime:0.000000s ]
INFO: [ view_filter ] --END-- [ RunTime:0.000000s ]
INFO: [ app_end ] --START--
INFO: Run Behavior\ShowPageTraceBehavior [ RunTime:0.001000s ]
INFO: [ app_end ] --END-- [ RunTime:0.001000s ]

[ 2016-04-29T15:38:06+08:00 ] 127.0.0.1 /Home/Index/articleDetail/id/16
INFO: [ app_init ] --START--
INFO: Run Behavior\BuildLiteBehavior [ RunTime:0.000000s ]
INFO: [ app_init ] --END-- [ RunTime:0.000000s ]
INFO: [ app_begin ] --START--
INFO: Run Behavior\ReadHtmlCacheBehavior [ RunTime:0.000000s ]
INFO: [ app_begin ] --END-- [ RunTime:0.000000s ]
SQL: SHOW COLUMNS FROM `sys_menu` [ RunTime:0.0020s ]
SQL: SELECT * FROM `sys_menu`  [ RunTime:0.0000s ]
NOTIC: [2] Missing argument 1 for I(), called in D:\phpStudy\WWW\auth\1\Application\Home\Controller\IndexController.class.php on line 48 and defined D:\phpStudy\WWW\auth\1\ThinkPHP\Common\functions.php 第 271 行.
NOTIC: [8] Undefined variable: name D:\phpStudy\WWW\auth\1\ThinkPHP\Common\functions.php 第 273 行.
NOTIC: [8] Undefined variable: name D:\phpStudy\WWW\auth\1\ThinkPHP\Common\functions.php 第 278 行.
NOTIC: [8] Undefined variable: name D:\phpStudy\WWW\auth\1\ThinkPHP\Common\functions.php 第 339 行.
SQL: SHOW COLUMNS FROM `sys_article` [ RunTime:0.0030s ]
SQL: SELECT * FROM `sys_article` WHERE `id` = 16 LIMIT 1   [ RunTime:0.0000s ]
SQL: SHOW COLUMNS FROM `sys_admin` [ RunTime:0.0030s ]
SQL: SELECT * FROM `sys_admin` WHERE `id` = 1 LIMIT 1   [ RunTime:0.0010s ]
SQL: SELECT * FROM `sys_article` ORDER BY rand() LIMIT 5   [ RunTime:0.0040s ]
INFO: [ view_parse ] --START--
INFO: [ template_filter ] --START--
INFO: Run Behavior\ContentReplaceBehavior [ RunTime:0.001000s ]
INFO: [ template_filter ] --END-- [ RunTime:0.001000s ]
INFO: Run Behavior\ParseTemplateBehavior [ RunTime:0.008000s ]
INFO: [ view_parse ] --END-- [ RunTime:0.008000s ]
INFO: [ view_filter ] --START--
INFO: Run Behavior\WriteHtmlCacheBehavior [ RunTime:0.000000s ]
INFO: [ view_filter ] --END-- [ RunTime:0.000000s ]
INFO: [ app_end ] --START--
INFO: Run Behavior\ShowPageTraceBehavior [ RunTime:0.001000s ]
INFO: [ app_end ] --END-- [ RunTime:0.001000s ]

[ 2016-04-29T15:39:26+08:00 ] 127.0.0.1 /Home/Index/articleDetail/id/16
INFO: [ app_init ] --START--
INFO: Run Behavior\BuildLiteBehavior [ RunTime:0.000000s ]
INFO: [ app_init ] --END-- [ RunTime:0.000000s ]
INFO: [ app_begin ] --START--
INFO: Run Behavior\ReadHtmlCacheBehavior [ RunTime:0.000000s ]
INFO: [ app_begin ] --END-- [ RunTime:0.000000s ]
SQL: SHOW COLUMNS FROM `sys_menu` [ RunTime:0.0030s ]
SQL: SELECT * FROM `sys_menu`  [ RunTime:0.0000s ]
NOTIC: [2] Missing argument 1 for I(), called in D:\phpStudy\WWW\auth\1\Application\Home\Controller\IndexController.class.php on line 48 and defined D:\phpStudy\WWW\auth\1\ThinkPHP\Common\functions.php 第 271 行.
NOTIC: [8] Undefined variable: name D:\phpStudy\WWW\auth\1\ThinkPHP\Common\functions.php 第 273 行.
NOTIC: [8] Undefined variable: name D:\phpStudy\WWW\auth\1\ThinkPHP\Common\functions.php 第 278 行.
NOTIC: [8] Undefined variable: name D:\phpStudy\WWW\auth\1\ThinkPHP\Common\functions.php 第 339 行.
SQL: SHOW COLUMNS FROM `sys_article` [ RunTime:0.0030s ]
SQL: SELECT * FROM `sys_article` WHERE `id` = 16 LIMIT 1   [ RunTime:0.0010s ]
SQL: SHOW COLUMNS FROM `sys_admin` [ RunTime:0.0030s ]
SQL: SELECT * FROM `sys_admin` WHERE `id` = 1 LIMIT 1   [ RunTime:0.0010s ]
SQL: SELECT * FROM `sys_article` WHERE `isspecial` = 1 ORDER BY createtime desc LIMIT 3   [ RunTime:0.0000s ]
SQL: SELECT * FROM `sys_article` ORDER BY rand() LIMIT 5   [ RunTime:0.0040s ]
INFO: [ view_parse ] --START--
INFO: [ template_filter ] --START--
INFO: Run Behavior\ContentReplaceBehavior [ RunTime:0.000000s ]
INFO: [ template_filter ] --END-- [ RunTime:0.000000s ]
INFO: Run Behavior\ParseTemplateBehavior [ RunTime:0.008001s ]
INFO: [ view_parse ] --END-- [ RunTime:0.008001s ]
INFO: [ view_filter ] --START--
INFO: Run Behavior\WriteHtmlCacheBehavior [ RunTime:0.000000s ]
INFO: [ view_filter ] --END-- [ RunTime:0.000000s ]
INFO: [ app_end ] --START--
INFO: Run Behavior\ShowPageTraceBehavior [ RunTime:0.000000s ]
INFO: [ app_end ] --END-- [ RunTime:0.001000s ]

[ 2016-04-29T15:39:44+08:00 ] 127.0.0.1 /Home/Index/articleDetail/id/16
INFO: [ app_init ] --START--
INFO: Run Behavior\BuildLiteBehavior [ RunTime:0.000000s ]
INFO: [ app_init ] --END-- [ RunTime:0.000000s ]
INFO: [ app_begin ] --START--
INFO: Run Behavior\ReadHtmlCacheBehavior [ RunTime:0.000000s ]
INFO: [ app_begin ] --END-- [ RunTime:0.000000s ]
SQL: SHOW COLUMNS FROM `sys_menu` [ RunTime:0.0030s ]
SQL: SELECT * FROM `sys_menu`  [ RunTime:0.0000s ]
NOTIC: [2] Missing argument 1 for I(), called in D:\phpStudy\WWW\auth\1\Application\Home\Controller\IndexController.class.php on line 48 and defined D:\phpStudy\WWW\auth\1\ThinkPHP\Common\functions.php 第 271 行.
NOTIC: [8] Undefined variable: name D:\phpStudy\WWW\auth\1\ThinkPHP\Common\functions.php 第 273 行.
NOTIC: [8] Undefined variable: name D:\phpStudy\WWW\auth\1\ThinkPHP\Common\functions.php 第 278 行.
NOTIC: [8] Undefined variable: name D:\phpStudy\WWW\auth\1\ThinkPHP\Common\functions.php 第 339 行.
SQL: SHOW COLUMNS FROM `sys_article` [ RunTime:0.0030s ]
SQL: SELECT * FROM `sys_article` WHERE `id` = 16 LIMIT 1   [ RunTime:0.0000s ]
SQL: SHOW COLUMNS FROM `sys_admin` [ RunTime:0.0040s ]
SQL: SELECT * FROM `sys_admin` WHERE `id` = 1 LIMIT 1   [ RunTime:0.0000s ]
SQL: SELECT * FROM `sys_article` WHERE `isspecial` = 1 ORDER BY createtime desc LIMIT 3   [ RunTime:0.0010s ]
SQL: SELECT * FROM `sys_article` ORDER BY rand() LIMIT 5   [ RunTime:0.0020s ]
INFO: [ view_parse ] --START--
INFO: [ template_filter ] --START--
INFO: Run Behavior\ContentReplaceBehavior [ RunTime:0.000000s ]
INFO: [ template_filter ] --END-- [ RunTime:0.000000s ]
NOTIC: [8] Undefined index: username D:\phpStudy\WWW\auth\1\Runtime\Cache\Home\d8e3bdedf51dc6c1db7931534b1e0f08.php 第 158 行.
NOTIC: [8] Undefined index: username D:\phpStudy\WWW\auth\1\Runtime\Cache\Home\d8e3bdedf51dc6c1db7931534b1e0f08.php 第 158 行.
NOTIC: [8] Undefined index: username D:\phpStudy\WWW\auth\1\Runtime\Cache\Home\d8e3bdedf51dc6c1db7931534b1e0f08.php 第 158 行.
INFO: Run Behavior\ParseTemplateBehavior [ RunTime:0.010000s ]
INFO: [ view_parse ] --END-- [ RunTime:0.010000s ]
INFO: [ view_filter ] --START--
INFO: Run Behavior\WriteHtmlCacheBehavior [ RunTime:0.000000s ]
INFO: [ view_filter ] --END-- [ RunTime:0.000000s ]
INFO: [ app_end ] --START--
INFO: Run Behavior\ShowPageTraceBehavior [ RunTime:0.000000s ]
INFO: [ app_end ] --END-- [ RunTime:0.000000s ]

[ 2016-04-29T15:40:22+08:00 ] 127.0.0.1 /Home/Index/articleDetail/id/16
INFO: [ app_init ] --START--
INFO: Run Behavior\BuildLiteBehavior [ RunTime:0.000000s ]
INFO: [ app_init ] --END-- [ RunTime:0.000000s ]
INFO: [ app_begin ] --START--
INFO: Run Behavior\ReadHtmlCacheBehavior [ RunTime:0.001000s ]
INFO: [ app_begin ] --END-- [ RunTime:0.001000s ]
SQL: SHOW COLUMNS FROM `sys_menu` [ RunTime:0.0030s ]
SQL: SELECT * FROM `sys_menu`  [ RunTime:0.0000s ]
NOTIC: [2] Missing argument 1 for I(), called in D:\phpStudy\WWW\auth\1\Application\Home\Controller\IndexController.class.php on line 48 and defined D:\phpStudy\WWW\auth\1\ThinkPHP\Common\functions.php 第 271 行.
NOTIC: [8] Undefined variable: name D:\phpStudy\WWW\auth\1\ThinkPHP\Common\functions.php 第 273 行.
NOTIC: [8] Undefined variable: name D:\phpStudy\WWW\auth\1\ThinkPHP\Common\functions.php 第 278 行.
NOTIC: [8] Undefined variable: name D:\phpStudy\WWW\auth\1\ThinkPHP\Common\functions.php 第 339 行.
SQL: SHOW COLUMNS FROM `sys_article` [ RunTime:0.0030s ]
SQL: SELECT * FROM `sys_article` WHERE `id` = 16 LIMIT 1   [ RunTime:0.0010s ]
SQL: SHOW COLUMNS FROM `sys_admin` [ RunTime:0.0030s ]
SQL: SELECT * FROM `sys_admin` WHERE `id` = 1 LIMIT 1   [ RunTime:0.0000s ]
SQL: SELECT * FROM `sys_article` WHERE `isspecial` = 1 ORDER BY createtime desc LIMIT 3   [ RunTime:0.0010s ]
SQL: SELECT * FROM `sys_article` ORDER BY rand() LIMIT 5   [ RunTime:0.0030s ]
SQL: SELECT * FROM `sys_admin` WHERE `id` = 1 LIMIT 1   [ RunTime:0.0010s ]
SQL: SELECT * FROM `sys_admin` WHERE `id` = 1 LIMIT 1   [ RunTime:0.0000s ]
SQL: SELECT * FROM `sys_admin` WHERE `id` = 1 LIMIT 1   [ RunTime:0.0000s ]
INFO: [ view_parse ] --START--
INFO: [ template_filter ] --START--
INFO: Run Behavior\ContentReplaceBehavior [ RunTime:0.000000s ]
INFO: [ template_filter ] --END-- [ RunTime:0.000000s ]
INFO: Run Behavior\ParseTemplateBehavior [ RunTime:0.008001s ]
INFO: [ view_parse ] --END-- [ RunTime:0.008001s ]
INFO: [ view_filter ] --START--
INFO: Run Behavior\WriteHtmlCacheBehavior [ RunTime:0.001000s ]
INFO: [ view_filter ] --END-- [ RunTime:0.001000s ]
INFO: [ app_end ] --START--
INFO: Run Behavior\ShowPageTraceBehavior [ RunTime:0.001000s ]
INFO: [ app_end ] --END-- [ RunTime:0.001000s ]

[ 2016-04-29T15:40:34+08:00 ] 127.0.0.1 /
INFO: [ app_init ] --START--
INFO: Run Behavior\BuildLiteBehavior [ RunTime:0.000000s ]
INFO: [ app_init ] --END-- [ RunTime:0.001000s ]
INFO: [ app_begin ] --START--
INFO: Run Behavior\ReadHtmlCacheBehavior [ RunTime:0.001000s ]
INFO: [ app_begin ] --END-- [ RunTime:0.001000s ]
SQL: SHOW COLUMNS FROM `sys_menu` [ RunTime:0.0030s ]
SQL: SELECT * FROM `sys_menu`  [ RunTime:0.0000s ]
SQL: SHOW COLUMNS FROM `sys_article` [ RunTime:0.0030s ]
SQL: SELECT COUNT(*) AS tp_count FROM `sys_article` WHERE `isshow` = 1 LIMIT 1   [ RunTime:0.0010s ]
SQL: SELECT * FROM `sys_article` WHERE `isshow` = 1 ORDER BY createtime desc LIMIT 0,3   [ RunTime:0.0010s ]
SQL: SHOW COLUMNS FROM `sys_admin` [ RunTime:0.0040s ]
SQL: SELECT * FROM `sys_admin` WHERE `id` = 1 LIMIT 1   [ RunTime:0.0000s ]
SQL: SELECT * FROM `sys_admin` WHERE `id` = 1 LIMIT 1   [ RunTime:0.0000s ]
SQL: SELECT * FROM `sys_admin` WHERE `id` = 1 LIMIT 1   [ RunTime:0.0000s ]
SQL: SELECT * FROM `sys_article` WHERE `isslide` = 1 ORDER BY createtime desc LIMIT 5   [ RunTime:0.0000s ]
SQL: SELECT * FROM `sys_article` WHERE `isslide` = 1 ORDER BY createtime desc LIMIT 0,3   [ RunTime:0.0000s ]
SQL: SELECT * FROM `sys_article` WHERE `isslide` = 1 ORDER BY createtime desc LIMIT 4,9   [ RunTime:0.0000s ]
SQL: SELECT * FROM `sys_article` WHERE `isspecial` = 1 ORDER BY createtime desc LIMIT 3   [ RunTime:0.0000s ]
SQL: SELECT * FROM `sys_admin` WHERE `id` = 1 LIMIT 1   [ RunTime:0.0000s ]
SQL: SELECT * FROM `sys_admin` WHERE `id` = 1 LIMIT 1   [ RunTime:0.0000s ]
SQL: SELECT * FROM `sys_admin` WHERE `id` = 1 LIMIT 1   [ RunTime:0.0000s ]
INFO: [ view_parse ] --START--
INFO: [ template_filter ] --START--
INFO: Run Behavior\ContentReplaceBehavior [ RunTime:0.000000s ]
INFO: [ template_filter ] --END-- [ RunTime:0.000000s ]
INFO: Run Behavior\ParseTemplateBehavior [ RunTime:0.010000s ]
INFO: [ view_parse ] --END-- [ RunTime:0.010000s ]
INFO: [ view_filter ] --START--
INFO: Run Behavior\WriteHtmlCacheBehavior [ RunTime:0.000000s ]
INFO: [ view_filter ] --END-- [ RunTime:0.000000s ]
INFO: [ app_end ] --START--
INFO: Run Behavior\ShowPageTraceBehavior [ RunTime:0.000000s ]
INFO: [ app_end ] --END-- [ RunTime:0.000000s ]

[ 2016-04-29T15:42:04+08:00 ] 127.0.0.1 /
INFO: [ app_init ] --START--
INFO: Run Behavior\BuildLiteBehavior [ RunTime:0.000000s ]
INFO: [ app_init ] --END-- [ RunTime:0.001000s ]
INFO: [ app_begin ] --START--
INFO: Run Behavior\ReadHtmlCacheBehavior [ RunTime:0.001000s ]
INFO: [ app_begin ] --END-- [ RunTime:0.001000s ]
SQL: SHOW COLUMNS FROM `sys_menu` [ RunTime:0.0030s ]
SQL: SELECT * FROM `sys_menu`  [ RunTime:0.0000s ]
SQL: SHOW COLUMNS FROM `sys_article` [ RunTime:0.0040s ]
SQL: SELECT COUNT(*) AS tp_count FROM `sys_article` WHERE `isshow` = 1 LIMIT 1   [ RunTime:0.0010s ]
SQL: SELECT * FROM `sys_article` WHERE `isshow` = 1 ORDER BY createtime desc LIMIT 0,3   [ RunTime:0.0010s ]
SQL: SHOW COLUMNS FROM `sys_admin` [ RunTime:0.0030s ]
SQL: SELECT * FROM `sys_admin` WHERE `id` = 1 LIMIT 1   [ RunTime:0.0010s ]
SQL: SELECT * FROM `sys_admin` WHERE `id` = 1 LIMIT 1   [ RunTime:0.0000s ]
SQL: SELECT * FROM `sys_admin` WHERE `id` = 1 LIMIT 1   [ RunTime:0.0000s ]
SQL: SELECT * FROM `sys_article` WHERE `isslide` = 1 ORDER BY createtime desc LIMIT 5   [ RunTime:0.0000s ]
SQL: SELECT * FROM `sys_article` WHERE `isslide` = 1 ORDER BY createtime desc LIMIT 0,3   [ RunTime:0.0000s ]
SQL: SELECT * FROM `sys_article` WHERE `isslide` = 1 ORDER BY createtime desc LIMIT 4,9   [ RunTime:0.0010s ]
SQL: SELECT * FROM `sys_article` WHERE `isspecial` = 1 ORDER BY createtime desc LIMIT 3   [ RunTime:0.0000s ]
SQL: SELECT * FROM `sys_admin` WHERE `id` = 1 LIMIT 1   [ RunTime:0.0000s ]
SQL: SELECT * FROM `sys_admin` WHERE `id` = 1 LIMIT 1   [ RunTime:0.0000s ]
SQL: SELECT * FROM `sys_admin` WHERE `id` = 1 LIMIT 1   [ RunTime:0.0010s ]
INFO: [ view_parse ] --START--
INFO: [ template_filter ] --START--
INFO: Run Behavior\ContentReplaceBehavior [ RunTime:0.001000s ]
INFO: [ template_filter ] --END-- [ RunTime:0.001000s ]
INFO: Run Behavior\ParseTemplateBehavior [ RunTime:0.012001s ]
INFO: [ view_parse ] --END-- [ RunTime:0.012001s ]
INFO: [ view_filter ] --START--
INFO: Run Behavior\WriteHtmlCacheBehavior [ RunTime:0.000000s ]
INFO: [ view_filter ] --END-- [ RunTime:0.000000s ]
INFO: [ app_end ] --START--
INFO: Run Behavior\ShowPageTraceBehavior [ RunTime:0.000000s ]
INFO: [ app_end ] --END-- [ RunTime:0.000000s ]

[ 2016-04-29T15:42:23+08:00 ] 127.0.0.1 /Home/Index/articleDetail/id/16
INFO: [ app_init ] --START--
INFO: Run Behavior\BuildLiteBehavior [ RunTime:0.000000s ]
INFO: [ app_init ] --END-- [ RunTime:0.001000s ]
INFO: [ app_begin ] --START--
INFO: Run Behavior\ReadHtmlCacheBehavior [ RunTime:0.003000s ]
INFO: [ app_begin ] --END-- [ RunTime:0.003000s ]
SQL: SHOW COLUMNS FROM `sys_menu` [ RunTime:0.0040s ]
SQL: SELECT * FROM `sys_menu`  [ RunTime:0.0000s ]
NOTIC: [2] Missing argument 1 for I(), called in D:\phpStudy\WWW\auth\1\Application\Home\Controller\IndexController.class.php on line 48 and defined D:\phpStudy\WWW\auth\1\ThinkPHP\Common\functions.php 第 271 行.
NOTIC: [8] Undefined variable: name D:\phpStudy\WWW\auth\1\ThinkPHP\Common\functions.php 第 273 行.
NOTIC: [8] Undefined variable: name D:\phpStudy\WWW\auth\1\ThinkPHP\Common\functions.php 第 278 行.
NOTIC: [8] Undefined variable: name D:\phpStudy\WWW\auth\1\ThinkPHP\Common\functions.php 第 339 行.
SQL: SHOW COLUMNS FROM `sys_article` [ RunTime:0.0050s ]
SQL: SELECT * FROM `sys_article` WHERE `id` = 16 LIMIT 1   [ RunTime:0.0090s ]
SQL: SHOW COLUMNS FROM `sys_admin` [ RunTime:0.0030s ]
SQL: SELECT * FROM `sys_admin` WHERE `id` = 1 LIMIT 1   [ RunTime:0.0000s ]
SQL: SELECT * FROM `sys_article` WHERE `isspecial` = 1 ORDER BY createtime desc LIMIT 3   [ RunTime:0.0000s ]
SQL: SELECT * FROM `sys_article` ORDER BY rand() LIMIT 5   [ RunTime:0.0060s ]
SQL: SELECT * FROM `sys_admin` WHERE `id` = 1 LIMIT 1   [ RunTime:0.0000s ]
SQL: SELECT * FROM `sys_admin` WHERE `id` = 1 LIMIT 1   [ RunTime:0.0000s ]
SQL: SELECT * FROM `sys_admin` WHERE `id` = 1 LIMIT 1   [ RunTime:0.0000s ]
INFO: [ view_parse ] --START--
INFO: [ template_filter ] --START--
INFO: Run Behavior\ContentReplaceBehavior [ RunTime:0.000000s ]
INFO: [ template_filter ] --END-- [ RunTime:0.000000s ]
INFO: Run Behavior\ParseTemplateBehavior [ RunTime:0.009001s ]
INFO: [ view_parse ] --END-- [ RunTime:0.009001s ]
INFO: [ view_filter ] --START--
INFO: Run Behavior\WriteHtmlCacheBehavior [ RunTime:0.001000s ]
INFO: [ view_filter ] --END-- [ RunTime:0.001000s ]
INFO: [ app_end ] --START--
INFO: Run Behavior\ShowPageTraceBehavior [ RunTime:0.002000s ]
INFO: [ app_end ] --END-- [ RunTime:0.002000s ]

[ 2016-04-29T15:45:26+08:00 ] 127.0.0.1 /Home/Index/articleDetail/id/16
INFO: [ app_init ] --START--
INFO: Run Behavior\BuildLiteBehavior [ RunTime:0.000000s ]
INFO: [ app_init ] --END-- [ RunTime:0.000000s ]
INFO: [ app_begin ] --START--
INFO: Run Behavior\ReadHtmlCacheBehavior [ RunTime:0.001000s ]
INFO: [ app_begin ] --END-- [ RunTime:0.001000s ]
SQL: SHOW COLUMNS FROM `sys_menu` [ RunTime:0.0110s ]
SQL: SELECT * FROM `sys_menu`  [ RunTime:0.0010s ]
NOTIC: [2] Missing argument 1 for I(), called in D:\phpStudy\WWW\auth\1\Application\Home\Controller\IndexController.class.php on line 48 and defined D:\phpStudy\WWW\auth\1\ThinkPHP\Common\functions.php 第 271 行.
NOTIC: [8] Undefined variable: name D:\phpStudy\WWW\auth\1\ThinkPHP\Common\functions.php 第 273 行.
NOTIC: [8] Undefined variable: name D:\phpStudy\WWW\auth\1\ThinkPHP\Common\functions.php 第 278 行.
NOTIC: [8] Undefined variable: name D:\phpStudy\WWW\auth\1\ThinkPHP\Common\functions.php 第 339 行.
SQL: SHOW COLUMNS FROM `sys_article` [ RunTime:0.0040s ]
SQL: SELECT * FROM `sys_article` WHERE `id` = 16 LIMIT 1   [ RunTime:0.0000s ]
SQL: SHOW COLUMNS FROM `sys_admin` [ RunTime:0.0050s ]
SQL: SELECT * FROM `sys_admin` WHERE `id` = 1 LIMIT 1   [ RunTime:0.0000s ]
SQL: SELECT * FROM `sys_article` WHERE `isspecial` = 1 ORDER BY createtime desc LIMIT 3   [ RunTime:0.0010s ]
SQL: SELECT * FROM `sys_article` ORDER BY rand() LIMIT 5   [ RunTime:0.0030s ]
SQL: SELECT * FROM `sys_admin` WHERE `id` = 1 LIMIT 1   [ RunTime:0.0000s ]
SQL: SELECT * FROM `sys_admin` WHERE `id` = 1 LIMIT 1   [ RunTime:0.0000s ]
SQL: SELECT * FROM `sys_admin` WHERE `id` = 1 LIMIT 1   [ RunTime:0.0000s ]
INFO: [ view_parse ] --START--
INFO: [ template_filter ] --START--
INFO: Run Behavior\ContentReplaceBehavior [ RunTime:0.000000s ]
INFO: [ template_filter ] --END-- [ RunTime:0.000000s ]
INFO: Run Behavior\ParseTemplateBehavior [ RunTime:0.011001s ]
INFO: [ view_parse ] --END-- [ RunTime:0.011001s ]
INFO: [ view_filter ] --START--
INFO: Run Behavior\WriteHtmlCacheBehavior [ RunTime:0.000000s ]
INFO: [ view_filter ] --END-- [ RunTime:0.001000s ]
INFO: [ app_end ] --START--
INFO: Run Behavior\ShowPageTraceBehavior [ RunTime:0.036002s ]
INFO: [ app_end ] --END-- [ RunTime:0.036002s ]

[ 2016-04-29T15:46:09+08:00 ] 127.0.0.1 /Home/Index/articleDetail/id/16
INFO: [ app_init ] --START--
INFO: Run Behavior\BuildLiteBehavior [ RunTime:0.000000s ]
INFO: [ app_init ] --END-- [ RunTime:0.000000s ]
INFO: [ app_begin ] --START--
INFO: Run Behavior\ReadHtmlCacheBehavior [ RunTime:0.000000s ]
INFO: [ app_begin ] --END-- [ RunTime:0.000000s ]
SQL: SHOW COLUMNS FROM `sys_menu` [ RunTime:0.0110s ]
SQL: SELECT * FROM `sys_menu`  [ RunTime:0.0010s ]
NOTIC: [2] Missing argument 1 for I(), called in D:\phpStudy\WWW\auth\1\Application\Home\Controller\IndexController.class.php on line 48 and defined D:\phpStudy\WWW\auth\1\ThinkPHP\Common\functions.php 第 271 行.
NOTIC: [8] Undefined variable: name D:\phpStudy\WWW\auth\1\ThinkPHP\Common\functions.php 第 273 行.
NOTIC: [8] Undefined variable: name D:\phpStudy\WWW\auth\1\ThinkPHP\Common\functions.php 第 278 行.
NOTIC: [8] Undefined variable: name D:\phpStudy\WWW\auth\1\ThinkPHP\Common\functions.php 第 339 行.
SQL: SHOW COLUMNS FROM `sys_article` [ RunTime:0.0030s ]
SQL: SELECT * FROM `sys_article` WHERE `id` = 16 LIMIT 1   [ RunTime:0.0000s ]
SQL: SHOW COLUMNS FROM `sys_admin` [ RunTime:0.0080s ]
SQL: SELECT * FROM `sys_admin` WHERE `id` = 1 LIMIT 1   [ RunTime:0.0000s ]
SQL: SELECT * FROM `sys_article` WHERE `isspecial` = 1 ORDER BY createtime desc LIMIT 3   [ RunTime:0.0010s ]
SQL: SELECT * FROM `sys_article` ORDER BY rand() LIMIT 5   [ RunTime:0.0030s ]
SQL: SELECT * FROM `sys_admin` WHERE `id` = 1 LIMIT 1   [ RunTime:0.0010s ]
SQL: SELECT * FROM `sys_admin` WHERE `id` = 1 LIMIT 1   [ RunTime:0.0000s ]
SQL: SELECT * FROM `sys_admin` WHERE `id` = 1 LIMIT 1   [ RunTime:0.0000s ]
INFO: [ view_parse ] --START--
INFO: [ template_filter ] --START--
INFO: Run Behavior\ContentReplaceBehavior [ RunTime:0.000000s ]
INFO: [ template_filter ] --END-- [ RunTime:0.000000s ]
INFO: Run Behavior\ParseTemplateBehavior [ RunTime:0.011001s ]
INFO: [ view_parse ] --END-- [ RunTime:0.011001s ]
INFO: [ view_filter ] --START--
INFO: Run Behavior\WriteHtmlCacheBehavior [ RunTime:0.001000s ]
INFO: [ view_filter ] --END-- [ RunTime:0.001000s ]
INFO: [ app_end ] --START--
INFO: Run Behavior\ShowPageTraceBehavior [ RunTime:0.000000s ]
INFO: [ app_end ] --END-- [ RunTime:0.000000s ]

[ 2016-04-29T15:48:04+08:00 ] 127.0.0.1 /Home/Index/articleDetail/id/16
INFO: [ app_init ] --START--
INFO: Run Behavior\BuildLiteBehavior [ RunTime:0.000000s ]
INFO: [ app_init ] --END-- [ RunTime:0.000000s ]
INFO: [ app_begin ] --START--
INFO: Run Behavior\ReadHtmlCacheBehavior [ RunTime:0.000000s ]
INFO: [ app_begin ] --END-- [ RunTime:0.001000s ]
SQL: SHOW COLUMNS FROM `sys_menu` [ RunTime:0.0030s ]
SQL: SELECT * FROM `sys_menu`  [ RunTime:0.0000s ]
NOTIC: [2] Missing argument 1 for I(), called in D:\phpStudy\WWW\auth\1\Application\Home\Controller\IndexController.class.php on line 48 and defined D:\phpStudy\WWW\auth\1\ThinkPHP\Common\functions.php 第 271 行.
NOTIC: [8] Undefined variable: name D:\phpStudy\WWW\auth\1\ThinkPHP\Common\functions.php 第 273 行.
NOTIC: [8] Undefined variable: name D:\phpStudy\WWW\auth\1\ThinkPHP\Common\functions.php 第 278 行.
NOTIC: [8] Undefined variable: name D:\phpStudy\WWW\auth\1\ThinkPHP\Common\functions.php 第 339 行.
SQL: SHOW COLUMNS FROM `sys_article` [ RunTime:0.0040s ]
SQL: SELECT * FROM `sys_article` WHERE `id` = 16 LIMIT 1   [ RunTime:0.0000s ]
SQL: SHOW COLUMNS FROM `sys_admin` [ RunTime:0.0030s ]
SQL: SELECT * FROM `sys_admin` WHERE `id` = 1 LIMIT 1   [ RunTime:0.0010s ]
SQL: SELECT * FROM `sys_article` WHERE `isspecial` = 1 ORDER BY createtime desc LIMIT 3   [ RunTime:0.0000s ]
SQL: SELECT * FROM `sys_article` ORDER BY rand() LIMIT 5   [ RunTime:0.0040s ]
SQL: SELECT * FROM `sys_admin` WHERE `id` = 1 LIMIT 1   [ RunTime:0.0000s ]
SQL: SELECT * FROM `sys_admin` WHERE `id` = 1 LIMIT 1   [ RunTime:0.0000s ]
SQL: SELECT * FROM `sys_admin` WHERE `id` = 1 LIMIT 1   [ RunTime:0.0010s ]
INFO: [ view_parse ] --START--
INFO: [ template_filter ] --START--
INFO: Run Behavior\ContentReplaceBehavior [ RunTime:0.000000s ]
INFO: [ template_filter ] --END-- [ RunTime:0.000000s ]
INFO: Run Behavior\ParseTemplateBehavior [ RunTime:0.010000s ]
INFO: [ view_parse ] --END-- [ RunTime:0.010000s ]
INFO: [ view_filter ] --START--
INFO: Run Behavior\WriteHtmlCacheBehavior [ RunTime:0.000000s ]
INFO: [ view_filter ] --END-- [ RunTime:0.001000s ]
INFO: [ app_end ] --START--
INFO: Run Behavior\ShowPageTraceBehavior [ RunTime:0.000000s ]
INFO: [ app_end ] --END-- [ RunTime:0.000000s ]

