[ 2016-05-03T16:07:17+08:00 ] 127.0.0.1 /
INFO: [ app_init ] --START--
INFO: Run Behavior\BuildLiteBehavior [ RunTime:0.000000s ]
INFO: [ app_init ] --END-- [ RunTime:0.004000s ]
INFO: [ app_begin ] --START--
INFO: Run Behavior\ReadHtmlCacheBehavior [ RunTime:0.001000s ]
INFO: [ app_begin ] --END-- [ RunTime:0.001000s ]
SQL: SHOW COLUMNS FROM `sys_menu` [ RunTime:0.0100s ]
SQL: SELECT * FROM `sys_menu`  [ RunTime:0.0010s ]
SQL: SHOW COLUMNS FROM `sys_article` [ RunTime:0.0050s ]
SQL: SELECT COUNT(*) AS tp_count FROM `sys_article` WHERE `isshow` = 1 LIMIT 1   [ RunTime:0.0290s ]
SQL: SELECT * FROM `sys_article` WHERE `isshow` = 1 ORDER BY createtime desc LIMIT 0,3   [ RunTime:0.0020s ]
SQL: SHOW COLUMNS FROM `sys_admin` [ RunTime:0.0090s ]
SQL: SELECT * FROM `sys_admin` WHERE `id` = 1 LIMIT 1   [ RunTime:0.0000s ]
SQL: SELECT * FROM `sys_admin` WHERE `id` = 1 LIMIT 1   [ RunTime:0.0010s ]
SQL: SELECT * FROM `sys_admin` WHERE `id` = 1 LIMIT 1   [ RunTime:0.0000s ]
SQL: SELECT * FROM `sys_article` WHERE `isslide` = 1 ORDER BY createtime desc LIMIT 5   [ RunTime:0.0020s ]
SQL: SELECT * FROM `sys_article` WHERE `isslide` = 1 ORDER BY createtime desc LIMIT 0,3   [ RunTime:0.0010s ]
SQL: SELECT * FROM `sys_article` WHERE `isslide` = 1 ORDER BY createtime desc LIMIT 4,9   [ RunTime:0.0010s ]
SQL: SELECT * FROM `sys_article` WHERE `isspecial` = 1 ORDER BY createtime desc LIMIT 3   [ RunTime:0.0010s ]
SQL: SELECT * FROM `sys_admin` WHERE `id` = 1 LIMIT 1   [ RunTime:0.0010s ]
SQL: SELECT * FROM `sys_admin` WHERE `id` = 1 LIMIT 1   [ RunTime:0.0000s ]
SQL: SELECT * FROM `sys_admin` WHERE `id` = 1 LIMIT 1   [ RunTime:0.0000s ]
INFO: [ view_parse ] --START--
INFO: [ template_filter ] --START--
INFO: Run Behavior\ContentReplaceBehavior [ RunTime:0.000000s ]
INFO: [ template_filter ] --END-- [ RunTime:0.000000s ]
INFO: Run Behavior\ParseTemplateBehavior [ RunTime:0.161009s ]
INFO: [ view_parse ] --END-- [ RunTime:0.161009s ]
INFO: [ view_filter ] --START--
INFO: Run Behavior\WriteHtmlCacheBehavior [ RunTime:0.011000s ]
INFO: [ view_filter ] --END-- [ RunTime:0.011000s ]
INFO: [ app_end ] --START--
INFO: Run Behavior\ShowPageTraceBehavior [ RunTime:0.001001s ]
INFO: [ app_end ] --END-- [ RunTime:0.001001s ]

[ 2016-05-03T16:59:12+08:00 ] 127.0.0.1 /
INFO: [ app_init ] --START--
INFO: Run Behavior\BuildLiteBehavior [ RunTime:0.000000s ]
INFO: [ app_init ] --END-- [ RunTime:0.000000s ]
INFO: [ app_begin ] --START--
INFO: Run Behavior\ReadHtmlCacheBehavior [ RunTime:0.001000s ]
INFO: [ app_begin ] --END-- [ RunTime:0.001000s ]
SQL: SHOW COLUMNS FROM `sys_menu` [ RunTime:0.0040s ]
SQL: SELECT * FROM `sys_menu`  [ RunTime:0.0000s ]
SQL: SHOW COLUMNS FROM `sys_article` [ RunTime:0.0040s ]
SQL: SELECT COUNT(*) AS tp_count FROM `sys_article` WHERE `isshow` = 1 LIMIT 1   [ RunTime:0.0000s ]
SQL: SELECT * FROM `sys_article` WHERE `isshow` = 1 ORDER BY createtime desc LIMIT 0,3   [ RunTime:0.0010s ]
ERR: 1146:Table 'auth.sys_admin' doesn't exist
 [ SQL语句 ] : SHOW COLUMNS FROM `sys_admin`
ERR: 1146:Table 'auth.sys_admin' doesn't exist
 [ SQL语句 ] : SHOW COLUMNS FROM `sys_admin`

[ 2016-05-03T17:01:15+08:00 ] 127.0.0.1 /
INFO: [ app_init ] --START--
INFO: Run Behavior\BuildLiteBehavior [ RunTime:0.000000s ]
INFO: [ app_init ] --END-- [ RunTime:0.000000s ]
INFO: [ app_begin ] --START--
INFO: Run Behavior\ReadHtmlCacheBehavior [ RunTime:0.000000s ]
INFO: [ app_begin ] --END-- [ RunTime:0.000000s ]
SQL: SHOW COLUMNS FROM `sys_menu` [ RunTime:0.0156s ]
SQL: SELECT * FROM `sys_menu`  [ RunTime:0.0000s ]
SQL: SHOW COLUMNS FROM `sys_article` [ RunTime:0.0000s ]
SQL: SELECT COUNT(*) AS tp_count FROM `sys_article` WHERE `isshow` = 1 LIMIT 1   [ RunTime:0.0000s ]
SQL: SELECT * FROM `sys_article` WHERE `isshow` = 1 ORDER BY createtime desc LIMIT 0,3   [ RunTime:0.0000s ]
SQL: SHOW COLUMNS FROM `sys_user` [ RunTime:0.0000s ]
SQL: SELECT * FROM `sys_user` WHERE `id` = 1 LIMIT 1   [ RunTime:0.0000s ]
SQL: SELECT * FROM `sys_user` WHERE `id` = 1 LIMIT 1   [ RunTime:0.0000s ]
SQL: SELECT * FROM `sys_user` WHERE `id` = 1 LIMIT 1   [ RunTime:0.0000s ]
SQL: SELECT * FROM `sys_article` WHERE `isslide` = 1 ORDER BY createtime desc LIMIT 5   [ RunTime:0.0000s ]
SQL: SELECT * FROM `sys_article` WHERE `isslide` = 1 ORDER BY createtime desc LIMIT 0,3   [ RunTime:0.0000s ]
SQL: SELECT * FROM `sys_article` WHERE `isslide` = 1 ORDER BY createtime desc LIMIT 4,9   [ RunTime:0.0000s ]
SQL: SELECT * FROM `sys_article` WHERE `isspecial` = 1 ORDER BY createtime desc LIMIT 3   [ RunTime:0.0000s ]
SQL: SELECT * FROM `sys_user` WHERE `id` = 1 LIMIT 1   [ RunTime:0.0000s ]
SQL: SELECT * FROM `sys_user` WHERE `id` = 1 LIMIT 1   [ RunTime:0.0000s ]
SQL: SELECT * FROM `sys_user` WHERE `id` = 1 LIMIT 1   [ RunTime:0.0000s ]
INFO: [ view_parse ] --START--
INFO: [ template_filter ] --START--
INFO: Run Behavior\ContentReplaceBehavior [ RunTime:0.000000s ]
INFO: [ template_filter ] --END-- [ RunTime:0.000000s ]
INFO: Run Behavior\ParseTemplateBehavior [ RunTime:0.017601s ]
INFO: [ view_parse ] --END-- [ RunTime:0.017601s ]
INFO: [ view_filter ] --START--
INFO: Run Behavior\WriteHtmlCacheBehavior [ RunTime:0.000000s ]
INFO: [ view_filter ] --END-- [ RunTime:0.000000s ]
INFO: [ app_end ] --START--
INFO: Run Behavior\ShowPageTraceBehavior [ RunTime:0.000000s ]
INFO: [ app_end ] --END-- [ RunTime:0.000000s ]

[ 2016-05-03T17:20:13+08:00 ] 127.0.0.1 /
INFO: [ app_init ] --START--
INFO: Run Behavior\BuildLiteBehavior [ RunTime:0.000000s ]
INFO: [ app_init ] --END-- [ RunTime:0.001001s ]
INFO: [ app_begin ] --START--
INFO: Run Behavior\ReadHtmlCacheBehavior [ RunTime:0.001000s ]
INFO: [ app_begin ] --END-- [ RunTime:0.001000s ]
SQL: SHOW COLUMNS FROM `sys_menu` [ RunTime:0.0040s ]
SQL: SELECT * FROM `sys_menu`  [ RunTime:0.0010s ]
SQL: SHOW COLUMNS FROM `sys_article` [ RunTime:0.0030s ]
SQL: SELECT COUNT(*) AS tp_count FROM `sys_article` WHERE `isshow` = 1 LIMIT 1   [ RunTime:0.0000s ]
SQL: SELECT * FROM `sys_article` WHERE `isshow` = 1 ORDER BY createtime desc LIMIT 0,3   [ RunTime:0.0000s ]
SQL: SHOW COLUMNS FROM `sys_user` [ RunTime:0.0030s ]
SQL: SELECT * FROM `sys_user` WHERE `id` = 1 LIMIT 1   [ RunTime:0.0010s ]
SQL: SELECT * FROM `sys_user` WHERE `id` = 1 LIMIT 1   [ RunTime:0.0000s ]
SQL: SELECT * FROM `sys_user` WHERE `id` = 1 LIMIT 1   [ RunTime:0.0000s ]
SQL: SELECT * FROM `sys_article` WHERE `isslide` = 1 ORDER BY createtime desc LIMIT 5   [ RunTime:0.0000s ]
SQL: SELECT * FROM `sys_article` WHERE `isslide` = 1 ORDER BY createtime desc LIMIT 0,3   [ RunTime:0.0000s ]
SQL: SELECT * FROM `sys_article` WHERE `isslide` = 1 ORDER BY createtime desc LIMIT 4,9   [ RunTime:0.0010s ]
SQL: SELECT * FROM `sys_article` WHERE `isspecial` = 1 ORDER BY createtime desc LIMIT 3   [ RunTime:0.0000s ]
SQL: SELECT * FROM `sys_user` WHERE `id` = 1 LIMIT 1   [ RunTime:0.0010s ]
SQL: SELECT * FROM `sys_user` WHERE `id` = 1 LIMIT 1   [ RunTime:0.0000s ]
SQL: SELECT * FROM `sys_user` WHERE `id` = 1 LIMIT 1   [ RunTime:0.0000s ]
INFO: [ view_parse ] --START--
INFO: [ template_filter ] --START--
INFO: Run Behavior\ContentReplaceBehavior [ RunTime:0.000000s ]
INFO: [ template_filter ] --END-- [ RunTime:0.000000s ]
INFO: Run Behavior\ParseTemplateBehavior [ RunTime:0.013001s ]
INFO: [ view_parse ] --END-- [ RunTime:0.013001s ]
INFO: [ view_filter ] --START--
INFO: Run Behavior\WriteHtmlCacheBehavior [ RunTime:0.000000s ]
INFO: [ view_filter ] --END-- [ RunTime:0.000000s ]
INFO: [ app_end ] --START--
INFO: Run Behavior\ShowPageTraceBehavior [ RunTime:0.002000s ]
INFO: [ app_end ] --END-- [ RunTime:0.002000s ]

