[ 2016-05-05T09:50:07+08:00 ] 127.0.0.1 /
INFO: [ app_init ] --START--
INFO: Run Behavior\BuildLiteBehavior [ RunTime:0.000000s ]
INFO: [ app_init ] --END-- [ RunTime:0.020002s ]
INFO: [ app_begin ] --START--
INFO: Run Behavior\ReadHtmlCacheBehavior [ RunTime:0.011000s ]
INFO: [ app_begin ] --END-- [ RunTime:0.011000s ]
SQL: SHOW COLUMNS FROM `sys_menu` [ RunTime:0.0480s ]
SQL: SELECT * FROM `sys_menu`  [ RunTime:0.0000s ]
SQL: SHOW COLUMNS FROM `sys_article` [ RunTime:0.0330s ]
SQL: SELECT COUNT(*) AS tp_count FROM `sys_article` WHERE `isshow` = 1 LIMIT 1   [ RunTime:0.0260s ]
SQL: SELECT * FROM `sys_article` WHERE `isshow` = 1 ORDER BY createtime desc LIMIT 0,3   [ RunTime:0.0010s ]
SQL: SHOW COLUMNS FROM `sys_user` [ RunTime:0.0330s ]
SQL: SELECT * FROM `sys_user` WHERE `id` = 1 LIMIT 1   [ RunTime:0.0010s ]
SQL: SELECT * FROM `sys_user` WHERE `id` = 1 LIMIT 1   [ RunTime:0.0000s ]
SQL: SELECT * FROM `sys_user` WHERE `id` = 1 LIMIT 1   [ RunTime:0.0000s ]
SQL: SELECT * FROM `sys_article` WHERE `isslide` = 1 ORDER BY createtime desc LIMIT 5   [ RunTime:0.0010s ]
SQL: SELECT * FROM `sys_article` WHERE `isslide` = 1 ORDER BY createtime desc LIMIT 0,3   [ RunTime:0.0000s ]
SQL: SELECT * FROM `sys_article` WHERE `isslide` = 1 ORDER BY createtime desc LIMIT 4,9   [ RunTime:0.0000s ]
SQL: SELECT * FROM `sys_article` WHERE `isspecial` = 1 ORDER BY createtime desc LIMIT 3   [ RunTime:0.0010s ]
SQL: SELECT * FROM `sys_user` WHERE `id` = 1 LIMIT 1   [ RunTime:0.0000s ]
SQL: SELECT * FROM `sys_user` WHERE `id` = 1 LIMIT 1   [ RunTime:0.0010s ]
SQL: SELECT * FROM `sys_user` WHERE `id` = 1 LIMIT 1   [ RunTime:0.0000s ]
INFO: [ view_parse ] --START--
INFO: [ template_filter ] --START--
INFO: Run Behavior\ContentReplaceBehavior [ RunTime:0.022002s ]
INFO: [ template_filter ] --END-- [ RunTime:0.022002s ]
INFO: Run Behavior\ParseTemplateBehavior [ RunTime:0.107007s ]
INFO: [ view_parse ] --END-- [ RunTime:0.108007s ]
INFO: [ view_filter ] --START--
INFO: Run Behavior\WriteHtmlCacheBehavior [ RunTime:0.014000s ]
INFO: [ view_filter ] --END-- [ RunTime:0.014000s ]
INFO: [ app_end ] --START--
INFO: Run Behavior\ShowPageTraceBehavior [ RunTime:0.009000s ]
INFO: [ app_end ] --END-- [ RunTime:0.009000s ]

[ 2016-05-05T09:50:13+08:00 ] 127.0.0.1 /
INFO: [ app_init ] --START--
INFO: Run Behavior\BuildLiteBehavior [ RunTime:0.000000s ]
INFO: [ app_init ] --END-- [ RunTime:0.000000s ]
INFO: [ app_begin ] --START--
INFO: Run Behavior\ReadHtmlCacheBehavior [ RunTime:0.000000s ]
INFO: [ app_begin ] --END-- [ RunTime:0.000000s ]
SQL: SHOW COLUMNS FROM `sys_menu` [ RunTime:0.0020s ]
SQL: SELECT * FROM `sys_menu`  [ RunTime:0.0000s ]
SQL: SHOW COLUMNS FROM `sys_article` [ RunTime:0.0020s ]
SQL: SELECT COUNT(*) AS tp_count FROM `sys_article` WHERE `isshow` = 1 LIMIT 1   [ RunTime:0.0000s ]
SQL: SELECT * FROM `sys_article` WHERE `isshow` = 1 ORDER BY createtime desc LIMIT 0,3   [ RunTime:0.0010s ]
SQL: SHOW COLUMNS FROM `sys_user` [ RunTime:0.0020s ]
SQL: SELECT * FROM `sys_user` WHERE `id` = 1 LIMIT 1   [ RunTime:0.0000s ]
SQL: SELECT * FROM `sys_user` WHERE `id` = 1 LIMIT 1   [ RunTime:0.0000s ]
SQL: SELECT * FROM `sys_user` WHERE `id` = 1 LIMIT 1   [ RunTime:0.0000s ]
SQL: SELECT * FROM `sys_article` WHERE `isslide` = 1 ORDER BY createtime desc LIMIT 5   [ RunTime:0.0000s ]
SQL: SELECT * FROM `sys_article` WHERE `isslide` = 1 ORDER BY createtime desc LIMIT 0,3   [ RunTime:0.0000s ]
SQL: SELECT * FROM `sys_article` WHERE `isslide` = 1 ORDER BY createtime desc LIMIT 4,9   [ RunTime:0.0000s ]
SQL: SELECT * FROM `sys_article` WHERE `isspecial` = 1 ORDER BY createtime desc LIMIT 3   [ RunTime:0.0000s ]
SQL: SELECT * FROM `sys_user` WHERE `id` = 1 LIMIT 1   [ RunTime:0.0010s ]
SQL: SELECT * FROM `sys_user` WHERE `id` = 1 LIMIT 1   [ RunTime:0.0000s ]
SQL: SELECT * FROM `sys_user` WHERE `id` = 1 LIMIT 1   [ RunTime:0.0000s ]
INFO: [ view_parse ] --START--
INFO: [ template_filter ] --START--
INFO: Run Behavior\ContentReplaceBehavior [ RunTime:0.000000s ]
INFO: [ template_filter ] --END-- [ RunTime:0.000000s ]
INFO: Run Behavior\ParseTemplateBehavior [ RunTime:0.012001s ]
INFO: [ view_parse ] --END-- [ RunTime:0.012001s ]
INFO: [ view_filter ] --START--
INFO: Run Behavior\WriteHtmlCacheBehavior [ RunTime:0.001000s ]
INFO: [ view_filter ] --END-- [ RunTime:0.001000s ]
INFO: [ app_end ] --START--
INFO: Run Behavior\ShowPageTraceBehavior [ RunTime:0.001000s ]
INFO: [ app_end ] --END-- [ RunTime:0.001000s ]

[ 2016-05-05T09:50:51+08:00 ] 127.0.0.1 /
INFO: [ app_init ] --START--
INFO: Run Behavior\BuildLiteBehavior [ RunTime:0.000000s ]
INFO: [ app_init ] --END-- [ RunTime:0.000000s ]
INFO: [ app_begin ] --START--
INFO: Run Behavior\ReadHtmlCacheBehavior [ RunTime:0.001000s ]
INFO: [ app_begin ] --END-- [ RunTime:0.001000s ]
SQL: SHOW COLUMNS FROM `sys_menu` [ RunTime:0.0030s ]
SQL: SELECT * FROM `sys_menu`  [ RunTime:0.0010s ]
SQL: SHOW COLUMNS FROM `sys_article` [ RunTime:0.0020s ]
SQL: SELECT COUNT(*) AS tp_count FROM `sys_article` WHERE `isshow` = 1 LIMIT 1   [ RunTime:0.0000s ]
SQL: SELECT * FROM `sys_article` WHERE `isshow` = 1 ORDER BY createtime desc LIMIT 0,3   [ RunTime:0.0000s ]
SQL: SHOW COLUMNS FROM `sys_user` [ RunTime:0.0020s ]
SQL: SELECT * FROM `sys_user` WHERE `id` = 1 LIMIT 1   [ RunTime:0.0000s ]
SQL: SELECT * FROM `sys_user` WHERE `id` = 1 LIMIT 1   [ RunTime:0.0000s ]
SQL: SELECT * FROM `sys_user` WHERE `id` = 1 LIMIT 1   [ RunTime:0.0000s ]
SQL: SELECT * FROM `sys_article` WHERE `isslide` = 1 ORDER BY createtime desc LIMIT 5   [ RunTime:0.0010s ]
SQL: SELECT * FROM `sys_article` WHERE `isslide` = 1 ORDER BY createtime desc LIMIT 0,3   [ RunTime:0.0000s ]
SQL: SELECT * FROM `sys_article` WHERE `isslide` = 1 ORDER BY createtime desc LIMIT 4,9   [ RunTime:0.0010s ]
SQL: SELECT * FROM `sys_article` WHERE `isspecial` = 1 ORDER BY createtime desc LIMIT 3   [ RunTime:0.0000s ]
SQL: SELECT * FROM `sys_user` WHERE `id` = 1 LIMIT 1   [ RunTime:0.0000s ]
SQL: SELECT * FROM `sys_user` WHERE `id` = 1 LIMIT 1   [ RunTime:0.0000s ]
SQL: SELECT * FROM `sys_user` WHERE `id` = 1 LIMIT 1   [ RunTime:0.0000s ]
INFO: [ view_parse ] --START--
INFO: [ template_filter ] --START--
INFO: Run Behavior\ContentReplaceBehavior [ RunTime:0.000000s ]
INFO: [ template_filter ] --END-- [ RunTime:0.000000s ]
INFO: Run Behavior\ParseTemplateBehavior [ RunTime:0.013000s ]
INFO: [ view_parse ] --END-- [ RunTime:0.014000s ]
INFO: [ view_filter ] --START--
INFO: Run Behavior\WriteHtmlCacheBehavior [ RunTime:0.000000s ]
INFO: [ view_filter ] --END-- [ RunTime:0.000000s ]
INFO: [ app_end ] --START--
INFO: Run Behavior\ShowPageTraceBehavior [ RunTime:0.000000s ]
INFO: [ app_end ] --END-- [ RunTime:0.000000s ]

[ 2016-05-05T09:52:05+08:00 ] 127.0.0.1 /
INFO: [ app_init ] --START--
INFO: Run Behavior\BuildLiteBehavior [ RunTime:0.000000s ]
INFO: [ app_init ] --END-- [ RunTime:0.000000s ]
INFO: [ app_begin ] --START--
INFO: Run Behavior\ReadHtmlCacheBehavior [ RunTime:0.000000s ]
INFO: [ app_begin ] --END-- [ RunTime:0.000000s ]
SQL: SHOW COLUMNS FROM `sys_menu` [ RunTime:0.1468s ]
SQL: SELECT * FROM `sys_menu`  [ RunTime:0.0000s ]
SQL: SHOW COLUMNS FROM `sys_article` [ RunTime:0.0030s ]
SQL: SELECT COUNT(*) AS tp_count FROM `sys_article` WHERE `isshow` = 1 LIMIT 1   [ RunTime:0.0000s ]
SQL: SELECT * FROM `sys_article` WHERE `isshow` = 1 ORDER BY createtime desc LIMIT 0,3   [ RunTime:0.0000s ]
SQL: SHOW COLUMNS FROM `sys_user` [ RunTime:0.0030s ]
SQL: SELECT * FROM `sys_user` WHERE `id` = 1 LIMIT 1   [ RunTime:0.0000s ]
SQL: SELECT * FROM `sys_user` WHERE `id` = 1 LIMIT 1   [ RunTime:0.0000s ]
SQL: SELECT * FROM `sys_user` WHERE `id` = 1 LIMIT 1   [ RunTime:0.0010s ]
SQL: SELECT * FROM `sys_article` WHERE `isslide` = 1 ORDER BY createtime desc LIMIT 5   [ RunTime:0.0000s ]
SQL: SELECT * FROM `sys_article` WHERE `isslide` = 1 ORDER BY createtime desc LIMIT 0,3   [ RunTime:0.0010s ]
SQL: SELECT * FROM `sys_article` WHERE `isslide` = 1 ORDER BY createtime desc LIMIT 4,9   [ RunTime:0.0000s ]
SQL: SELECT * FROM `sys_article` WHERE `isspecial` = 1 ORDER BY createtime desc LIMIT 3   [ RunTime:0.0000s ]
SQL: SELECT * FROM `sys_user` WHERE `id` = 1 LIMIT 1   [ RunTime:0.0000s ]
SQL: SELECT * FROM `sys_user` WHERE `id` = 1 LIMIT 1   [ RunTime:0.0000s ]
SQL: SELECT * FROM `sys_user` WHERE `id` = 1 LIMIT 1   [ RunTime:0.0000s ]
INFO: [ view_parse ] --START--
INFO: [ template_filter ] --START--
INFO: Run Behavior\ContentReplaceBehavior [ RunTime:0.000000s ]
INFO: [ template_filter ] --END-- [ RunTime:0.000000s ]
INFO: Run Behavior\ParseTemplateBehavior [ RunTime:0.011000s ]
INFO: [ view_parse ] --END-- [ RunTime:0.011000s ]
INFO: [ view_filter ] --START--
INFO: Run Behavior\WriteHtmlCacheBehavior [ RunTime:0.000000s ]
INFO: [ view_filter ] --END-- [ RunTime:0.000000s ]
INFO: [ app_end ] --START--
INFO: Run Behavior\ShowPageTraceBehavior [ RunTime:0.000000s ]
INFO: [ app_end ] --END-- [ RunTime:0.000000s ]

[ 2016-05-05T09:53:37+08:00 ] 127.0.0.1 /
INFO: [ app_init ] --START--
INFO: Run Behavior\BuildLiteBehavior [ RunTime:0.000000s ]
INFO: [ app_init ] --END-- [ RunTime:0.000000s ]
INFO: [ app_begin ] --START--
INFO: Run Behavior\ReadHtmlCacheBehavior [ RunTime:0.000000s ]
INFO: [ app_begin ] --END-- [ RunTime:0.000000s ]
SQL: SHOW COLUMNS FROM `sys_menu` [ RunTime:0.0030s ]
SQL: SELECT * FROM `sys_menu`  [ RunTime:0.0000s ]
SQL: SHOW COLUMNS FROM `sys_article` [ RunTime:0.0030s ]
SQL: SELECT COUNT(*) AS tp_count FROM `sys_article` WHERE `isshow` = 1 LIMIT 1   [ RunTime:0.0000s ]
SQL: SELECT * FROM `sys_article` WHERE `isshow` = 1 ORDER BY createtime desc LIMIT 0,3   [ RunTime:0.0000s ]
SQL: SHOW COLUMNS FROM `sys_user` [ RunTime:0.0020s ]
SQL: SELECT * FROM `sys_user` WHERE `id` = 1 LIMIT 1   [ RunTime:0.0000s ]
SQL: SELECT * FROM `sys_user` WHERE `id` = 1 LIMIT 1   [ RunTime:0.0000s ]
SQL: SELECT * FROM `sys_user` WHERE `id` = 1 LIMIT 1   [ RunTime:0.0010s ]
SQL: SELECT * FROM `sys_article` WHERE `isslide` = 1 ORDER BY createtime desc LIMIT 5   [ RunTime:0.0000s ]
SQL: SELECT * FROM `sys_article` WHERE `isslide` = 1 ORDER BY createtime desc LIMIT 0,3   [ RunTime:0.0010s ]
SQL: SELECT * FROM `sys_article` WHERE `isslide` = 1 ORDER BY createtime desc LIMIT 4,9   [ RunTime:0.0000s ]
SQL: SELECT * FROM `sys_article` WHERE `isspecial` = 1 ORDER BY createtime desc LIMIT 3   [ RunTime:0.0000s ]
SQL: SELECT * FROM `sys_user` WHERE `id` = 1 LIMIT 1   [ RunTime:0.0010s ]
SQL: SELECT * FROM `sys_user` WHERE `id` = 1 LIMIT 1   [ RunTime:0.0000s ]
SQL: SELECT * FROM `sys_user` WHERE `id` = 1 LIMIT 1   [ RunTime:0.0000s ]
INFO: [ view_parse ] --START--
INFO: [ template_filter ] --START--
INFO: Run Behavior\ContentReplaceBehavior [ RunTime:0.000000s ]
INFO: [ template_filter ] --END-- [ RunTime:0.000000s ]
INFO: Run Behavior\ParseTemplateBehavior [ RunTime:0.012001s ]
INFO: [ view_parse ] --END-- [ RunTime:0.013001s ]
INFO: [ view_filter ] --START--
INFO: Run Behavior\WriteHtmlCacheBehavior [ RunTime:0.000000s ]
INFO: [ view_filter ] --END-- [ RunTime:0.000000s ]
INFO: [ app_end ] --START--
INFO: Run Behavior\ShowPageTraceBehavior [ RunTime:0.001000s ]
INFO: [ app_end ] --END-- [ RunTime:0.001000s ]

[ 2016-05-05T09:53:52+08:00 ] 127.0.0.1 /
INFO: [ app_init ] --START--
INFO: Run Behavior\BuildLiteBehavior [ RunTime:0.000000s ]
INFO: [ app_init ] --END-- [ RunTime:0.000000s ]
INFO: [ app_begin ] --START--
INFO: Run Behavior\ReadHtmlCacheBehavior [ RunTime:0.000000s ]
INFO: [ app_begin ] --END-- [ RunTime:0.000000s ]
SQL: SHOW COLUMNS FROM `sys_menu` [ RunTime:0.0000s ]
SQL: SELECT * FROM `sys_menu`  [ RunTime:0.0000s ]
SQL: SHOW COLUMNS FROM `sys_article` [ RunTime:0.0000s ]
SQL: SELECT COUNT(*) AS tp_count FROM `sys_article` WHERE `isshow` = 1 LIMIT 1   [ RunTime:0.0000s ]
SQL: SELECT * FROM `sys_article` WHERE `isshow` = 1 ORDER BY createtime desc LIMIT 0,3   [ RunTime:0.0000s ]
SQL: SHOW COLUMNS FROM `sys_user` [ RunTime:0.0176s ]
SQL: SELECT * FROM `sys_user` WHERE `id` = 1 LIMIT 1   [ RunTime:0.0000s ]
SQL: SELECT * FROM `sys_user` WHERE `id` = 1 LIMIT 1   [ RunTime:0.0000s ]
SQL: SELECT * FROM `sys_user` WHERE `id` = 1 LIMIT 1   [ RunTime:0.0000s ]
SQL: SELECT * FROM `sys_article` WHERE `isslide` = 1 ORDER BY createtime desc LIMIT 5   [ RunTime:0.0000s ]
SQL: SELECT * FROM `sys_article` WHERE `isslide` = 1 ORDER BY createtime desc LIMIT 0,3   [ RunTime:0.0000s ]
SQL: SELECT * FROM `sys_article` WHERE `isslide` = 1 ORDER BY createtime desc LIMIT 4,9   [ RunTime:0.0000s ]
SQL: SELECT * FROM `sys_article` WHERE `isspecial` = 1 ORDER BY createtime desc LIMIT 3   [ RunTime:0.0000s ]
SQL: SELECT * FROM `sys_user` WHERE `id` = 1 LIMIT 1   [ RunTime:0.0000s ]
SQL: SELECT * FROM `sys_user` WHERE `id` = 1 LIMIT 1   [ RunTime:0.0000s ]
SQL: SELECT * FROM `sys_user` WHERE `id` = 1 LIMIT 1   [ RunTime:0.0000s ]
INFO: [ view_parse ] --START--
INFO: [ template_filter ] --START--
INFO: Run Behavior\ContentReplaceBehavior [ RunTime:0.000000s ]
INFO: [ template_filter ] --END-- [ RunTime:0.000000s ]
INFO: Run Behavior\ParseTemplateBehavior [ RunTime:0.015600s ]
INFO: [ view_parse ] --END-- [ RunTime:0.015600s ]
INFO: [ view_filter ] --START--
INFO: Run Behavior\WriteHtmlCacheBehavior [ RunTime:0.000000s ]
INFO: [ view_filter ] --END-- [ RunTime:0.000000s ]
INFO: [ app_end ] --START--
INFO: Run Behavior\ShowPageTraceBehavior [ RunTime:0.000000s ]
INFO: [ app_end ] --END-- [ RunTime:0.000000s ]

[ 2016-05-05T09:54:57+08:00 ] 127.0.0.1 /
INFO: [ app_init ] --START--
INFO: Run Behavior\BuildLiteBehavior [ RunTime:0.000000s ]
INFO: [ app_init ] --END-- [ RunTime:0.001000s ]
INFO: [ app_begin ] --START--
INFO: Run Behavior\ReadHtmlCacheBehavior [ RunTime:0.000000s ]
INFO: [ app_begin ] --END-- [ RunTime:0.000000s ]
SQL: SHOW COLUMNS FROM `sys_menu` [ RunTime:0.0030s ]
SQL: SELECT * FROM `sys_menu`  [ RunTime:0.0000s ]
SQL: SHOW COLUMNS FROM `sys_article` [ RunTime:0.0020s ]
SQL: SELECT COUNT(*) AS tp_count FROM `sys_article` WHERE `isshow` = 1 LIMIT 1   [ RunTime:0.0000s ]
SQL: SELECT * FROM `sys_article` WHERE `isshow` = 1 ORDER BY createtime desc LIMIT 0,3   [ RunTime:0.0010s ]
SQL: SHOW COLUMNS FROM `sys_user` [ RunTime:0.0020s ]
SQL: SELECT * FROM `sys_user` WHERE `id` = 1 LIMIT 1   [ RunTime:0.0000s ]
SQL: SELECT * FROM `sys_user` WHERE `id` = 1 LIMIT 1   [ RunTime:0.0010s ]
SQL: SELECT * FROM `sys_user` WHERE `id` = 1 LIMIT 1   [ RunTime:0.0000s ]
SQL: SELECT * FROM `sys_article` WHERE `isslide` = 1 ORDER BY createtime desc LIMIT 5   [ RunTime:0.0000s ]
SQL: SELECT * FROM `sys_article` WHERE `isslide` = 1 ORDER BY createtime desc LIMIT 0,3   [ RunTime:0.0010s ]
SQL: SELECT * FROM `sys_article` WHERE `isslide` = 1 ORDER BY createtime desc LIMIT 4,9   [ RunTime:0.0000s ]
SQL: SELECT * FROM `sys_article` WHERE `isspecial` = 1 ORDER BY createtime desc LIMIT 3   [ RunTime:0.0010s ]
SQL: SELECT * FROM `sys_user` WHERE `id` = 1 LIMIT 1   [ RunTime:0.0000s ]
SQL: SELECT * FROM `sys_user` WHERE `id` = 1 LIMIT 1   [ RunTime:0.0010s ]
SQL: SELECT * FROM `sys_user` WHERE `id` = 1 LIMIT 1   [ RunTime:0.0000s ]
INFO: [ view_parse ] --START--
INFO: [ template_filter ] --START--
INFO: Run Behavior\ContentReplaceBehavior [ RunTime:0.000000s ]
INFO: [ template_filter ] --END-- [ RunTime:0.000000s ]
INFO: Run Behavior\ParseTemplateBehavior [ RunTime:0.012001s ]
INFO: [ view_parse ] --END-- [ RunTime:0.012001s ]
INFO: [ view_filter ] --START--
INFO: Run Behavior\WriteHtmlCacheBehavior [ RunTime:0.001000s ]
INFO: [ view_filter ] --END-- [ RunTime:0.001000s ]
INFO: [ app_end ] --START--
INFO: Run Behavior\ShowPageTraceBehavior [ RunTime:0.001000s ]
INFO: [ app_end ] --END-- [ RunTime:0.001000s ]

[ 2016-05-05T10:46:19+08:00 ] 127.0.0.1 /
INFO: [ app_init ] --START--
INFO: Run Behavior\BuildLiteBehavior [ RunTime:0.000000s ]
INFO: [ app_init ] --END-- [ RunTime:0.000000s ]
INFO: [ app_begin ] --START--
INFO: Run Behavior\ReadHtmlCacheBehavior [ RunTime:0.000000s ]
INFO: [ app_begin ] --END-- [ RunTime:0.000000s ]
SQL: SHOW COLUMNS FROM `sys_menu` [ RunTime:0.0030s ]
SQL: SELECT * FROM `sys_menu`  [ RunTime:0.0000s ]
SQL: SHOW COLUMNS FROM `sys_article` [ RunTime:0.0030s ]
SQL: SELECT COUNT(*) AS tp_count FROM `sys_article` WHERE `isshow` = 1 LIMIT 1   [ RunTime:0.0000s ]
SQL: SELECT * FROM `sys_article` WHERE `isshow` = 1 ORDER BY createtime desc LIMIT 0,3   [ RunTime:0.0000s ]
SQL: SHOW COLUMNS FROM `sys_user` [ RunTime:0.0020s ]
SQL: SELECT * FROM `sys_user` WHERE `id` = 1 LIMIT 1   [ RunTime:0.0000s ]
SQL: SELECT * FROM `sys_user` WHERE `id` = 1 LIMIT 1   [ RunTime:0.0010s ]
SQL: SELECT * FROM `sys_user` WHERE `id` = 1 LIMIT 1   [ RunTime:0.0000s ]
SQL: SELECT * FROM `sys_article` WHERE `isslide` = 1 ORDER BY createtime desc LIMIT 5   [ RunTime:0.0000s ]
SQL: SELECT * FROM `sys_article` WHERE `isslide` = 1 ORDER BY createtime desc LIMIT 0,3   [ RunTime:0.0000s ]
SQL: SELECT * FROM `sys_article` WHERE `isslide` = 1 ORDER BY createtime desc LIMIT 4,9   [ RunTime:0.0000s ]
SQL: SELECT * FROM `sys_article` WHERE `isspecial` = 1 ORDER BY createtime desc LIMIT 3   [ RunTime:0.0010s ]
SQL: SELECT * FROM `sys_user` WHERE `id` = 1 LIMIT 1   [ RunTime:0.0000s ]
SQL: SELECT * FROM `sys_user` WHERE `id` = 1 LIMIT 1   [ RunTime:0.0000s ]
SQL: SELECT * FROM `sys_user` WHERE `id` = 1 LIMIT 1   [ RunTime:0.0000s ]
INFO: [ view_parse ] --START--
INFO: [ template_filter ] --START--
INFO: Run Behavior\ContentReplaceBehavior [ RunTime:0.000000s ]
INFO: [ template_filter ] --END-- [ RunTime:0.000000s ]
INFO: Run Behavior\ParseTemplateBehavior [ RunTime:0.013001s ]
INFO: [ view_parse ] --END-- [ RunTime:0.013001s ]
INFO: [ view_filter ] --START--
INFO: Run Behavior\WriteHtmlCacheBehavior [ RunTime:0.000000s ]
INFO: [ view_filter ] --END-- [ RunTime:0.000000s ]
INFO: [ app_end ] --START--
INFO: Run Behavior\ShowPageTraceBehavior [ RunTime:0.001000s ]
INFO: [ app_end ] --END-- [ RunTime:0.001000s ]

[ 2016-05-05T19:10:45+08:00 ] 127.0.0.1 /
INFO: [ app_init ] --START--
INFO: Run Behavior\BuildLiteBehavior [ RunTime:0.000000s ]
INFO: [ app_init ] --END-- [ RunTime:0.000000s ]
INFO: [ app_begin ] --START--
INFO: Run Behavior\ReadHtmlCacheBehavior [ RunTime:0.001000s ]
INFO: [ app_begin ] --END-- [ RunTime:0.001000s ]
SQL: SHOW COLUMNS FROM `sys_menu` [ RunTime:0.0030s ]
SQL: SELECT * FROM `sys_menu`  [ RunTime:0.0010s ]
SQL: SHOW COLUMNS FROM `sys_article` [ RunTime:0.0030s ]
SQL: SELECT COUNT(*) AS tp_count FROM `sys_article` WHERE `isshow` = 1 LIMIT 1   [ RunTime:0.0000s ]
SQL: SELECT * FROM `sys_article` WHERE `isshow` = 1 ORDER BY createtime desc LIMIT 0,3   [ RunTime:0.0000s ]
SQL: SHOW COLUMNS FROM `sys_user` [ RunTime:0.0030s ]
SQL: SELECT * FROM `sys_user` WHERE `id` = 1 LIMIT 1   [ RunTime:0.0000s ]
SQL: SELECT * FROM `sys_user` WHERE `id` = 1 LIMIT 1   [ RunTime:0.0000s ]
SQL: SELECT * FROM `sys_user` WHERE `id` = 1 LIMIT 1   [ RunTime:0.0010s ]
SQL: SELECT * FROM `sys_article` WHERE `isslide` = 1 ORDER BY createtime desc LIMIT 5   [ RunTime:0.0000s ]
SQL: SELECT * FROM `sys_article` WHERE `isslide` = 1 ORDER BY createtime desc LIMIT 0,3   [ RunTime:0.0010s ]
SQL: SELECT * FROM `sys_article` WHERE `isslide` = 1 ORDER BY createtime desc LIMIT 4,9   [ RunTime:0.0000s ]
SQL: SELECT * FROM `sys_article` WHERE `isspecial` = 1 ORDER BY createtime desc LIMIT 3   [ RunTime:0.0010s ]
SQL: SELECT * FROM `sys_user` WHERE `id` = 1 LIMIT 1   [ RunTime:0.0000s ]
SQL: SELECT * FROM `sys_user` WHERE `id` = 1 LIMIT 1   [ RunTime:0.0000s ]
SQL: SELECT * FROM `sys_user` WHERE `id` = 1 LIMIT 1   [ RunTime:0.0000s ]
INFO: [ view_parse ] --START--
INFO: [ template_filter ] --START--
INFO: Run Behavior\ContentReplaceBehavior [ RunTime:0.000000s ]
INFO: [ template_filter ] --END-- [ RunTime:0.000000s ]
INFO: Run Behavior\ParseTemplateBehavior [ RunTime:0.012001s ]
INFO: [ view_parse ] --END-- [ RunTime:0.012001s ]
INFO: [ view_filter ] --START--
INFO: Run Behavior\WriteHtmlCacheBehavior [ RunTime:0.001000s ]
INFO: [ view_filter ] --END-- [ RunTime:0.001000s ]
INFO: [ app_end ] --START--
INFO: Run Behavior\ShowPageTraceBehavior [ RunTime:0.001000s ]
INFO: [ app_end ] --END-- [ RunTime:0.001000s ]

