[ 2016-05-04T14:27:03+08:00 ] 127.0.0.1 /
INFO: [ app_init ] --START--
INFO: Run Behavior\BuildLiteBehavior [ RunTime:0.000000s ]
INFO: [ app_init ] --END-- [ RunTime:0.026002s ]
INFO: [ app_begin ] --START--
INFO: Run Behavior\ReadHtmlCacheBehavior [ RunTime:0.003000s ]
INFO: [ app_begin ] --END-- [ RunTime:0.003000s ]
SQL: SHOW COLUMNS FROM `sys_menu` [ RunTime:0.0410s ]
SQL: SELECT * FROM `sys_menu`  [ RunTime:0.0000s ]
SQL: SHOW COLUMNS FROM `sys_article` [ RunTime:0.0330s ]
SQL: SELECT COUNT(*) AS tp_count FROM `sys_article` WHERE `isshow` = 1 LIMIT 1   [ RunTime:0.0340s ]
SQL: SELECT * FROM `sys_article` WHERE `isshow` = 1 ORDER BY createtime desc LIMIT 0,3   [ RunTime:0.0010s ]
SQL: SHOW COLUMNS FROM `sys_user` [ RunTime:0.0420s ]
SQL: SELECT * FROM `sys_user` WHERE `id` = 1 LIMIT 1   [ RunTime:0.0010s ]
SQL: SELECT * FROM `sys_user` WHERE `id` = 1 LIMIT 1   [ RunTime:0.0010s ]
SQL: SELECT * FROM `sys_user` WHERE `id` = 1 LIMIT 1   [ RunTime:0.0000s ]
SQL: SELECT * FROM `sys_article` WHERE `isslide` = 1 ORDER BY createtime desc LIMIT 5   [ RunTime:0.0010s ]
SQL: SELECT * FROM `sys_article` WHERE `isslide` = 1 ORDER BY createtime desc LIMIT 0,3   [ RunTime:0.0020s ]
SQL: SELECT * FROM `sys_article` WHERE `isslide` = 1 ORDER BY createtime desc LIMIT 4,9   [ RunTime:0.0010s ]
SQL: SELECT * FROM `sys_article` WHERE `isspecial` = 1 ORDER BY createtime desc LIMIT 3   [ RunTime:0.0010s ]
SQL: SELECT * FROM `sys_user` WHERE `id` = 1 LIMIT 1   [ RunTime:0.0000s ]
SQL: SELECT * FROM `sys_user` WHERE `id` = 1 LIMIT 1   [ RunTime:0.0010s ]
SQL: SELECT * FROM `sys_user` WHERE `id` = 1 LIMIT 1   [ RunTime:0.0000s ]
INFO: [ view_parse ] --START--
INFO: [ template_filter ] --START--
INFO: Run Behavior\ContentReplaceBehavior [ RunTime:0.016001s ]
INFO: [ template_filter ] --END-- [ RunTime:0.016001s ]
INFO: Run Behavior\ParseTemplateBehavior [ RunTime:0.111006s ]
INFO: [ view_parse ] --END-- [ RunTime:0.111006s ]
INFO: [ view_filter ] --START--
INFO: Run Behavior\WriteHtmlCacheBehavior [ RunTime:0.007001s ]
INFO: [ view_filter ] --END-- [ RunTime:0.008001s ]
INFO: [ app_end ] --START--
INFO: Run Behavior\ShowPageTraceBehavior [ RunTime:0.019001s ]
INFO: [ app_end ] --END-- [ RunTime:0.019001s ]

[ 2016-05-04T14:56:07+08:00 ] 127.0.0.1 /
INFO: [ app_init ] --START--
INFO: Run Behavior\BuildLiteBehavior [ RunTime:0.000000s ]
INFO: [ app_init ] --END-- [ RunTime:0.000000s ]
INFO: [ app_begin ] --START--
INFO: Run Behavior\ReadHtmlCacheBehavior [ RunTime:0.001000s ]
INFO: [ app_begin ] --END-- [ RunTime:0.001000s ]
SQL: SHOW COLUMNS FROM `sys_menu` [ RunTime:0.0040s ]
SQL: SELECT * FROM `sys_menu`  [ RunTime:0.0000s ]
SQL: SHOW COLUMNS FROM `sys_article` [ RunTime:0.0040s ]
SQL: SELECT COUNT(*) AS tp_count FROM `sys_article` WHERE `isshow` = 1 LIMIT 1   [ RunTime:0.0000s ]
SQL: SELECT * FROM `sys_article` WHERE `isshow` = 1 ORDER BY createtime desc LIMIT 0,3   [ RunTime:0.0010s ]
SQL: SHOW COLUMNS FROM `sys_user` [ RunTime:0.0030s ]
SQL: SELECT * FROM `sys_user` WHERE `id` = 1 LIMIT 1   [ RunTime:0.0000s ]
SQL: SELECT * FROM `sys_user` WHERE `id` = 1 LIMIT 1   [ RunTime:0.0000s ]
SQL: SELECT * FROM `sys_user` WHERE `id` = 1 LIMIT 1   [ RunTime:0.0000s ]
SQL: SELECT * FROM `sys_article` WHERE `isslide` = 1 ORDER BY createtime desc LIMIT 5   [ RunTime:0.0010s ]
SQL: SELECT * FROM `sys_article` WHERE `isslide` = 1 ORDER BY createtime desc LIMIT 0,3   [ RunTime:0.0000s ]
SQL: SELECT * FROM `sys_article` WHERE `isslide` = 1 ORDER BY createtime desc LIMIT 4,9   [ RunTime:0.0010s ]
SQL: SELECT * FROM `sys_article` WHERE `isspecial` = 1 ORDER BY createtime desc LIMIT 3   [ RunTime:0.0000s ]
SQL: SELECT * FROM `sys_user` WHERE `id` = 1 LIMIT 1   [ RunTime:0.0000s ]
SQL: SELECT * FROM `sys_user` WHERE `id` = 1 LIMIT 1   [ RunTime:0.0000s ]
SQL: SELECT * FROM `sys_user` WHERE `id` = 1 LIMIT 1   [ RunTime:0.0010s ]
INFO: [ view_parse ] --START--
INFO: [ template_filter ] --START--
INFO: Run Behavior\ContentReplaceBehavior [ RunTime:0.000000s ]
INFO: [ template_filter ] --END-- [ RunTime:0.000000s ]
INFO: Run Behavior\ParseTemplateBehavior [ RunTime:0.012000s ]
INFO: [ view_parse ] --END-- [ RunTime:0.012000s ]
INFO: [ view_filter ] --START--
INFO: Run Behavior\WriteHtmlCacheBehavior [ RunTime:0.001000s ]
INFO: [ view_filter ] --END-- [ RunTime:0.001000s ]
INFO: [ app_end ] --START--
INFO: Run Behavior\ShowPageTraceBehavior [ RunTime:0.001000s ]
INFO: [ app_end ] --END-- [ RunTime:0.001000s ]

[ 2016-05-04T17:20:28+08:00 ] 127.0.0.1 /
INFO: [ app_init ] --START--
INFO: Run Behavior\BuildLiteBehavior [ RunTime:0.000000s ]
INFO: [ app_init ] --END-- [ RunTime:0.000000s ]
INFO: [ app_begin ] --START--
INFO: Run Behavior\ReadHtmlCacheBehavior [ RunTime:0.001000s ]
INFO: [ app_begin ] --END-- [ RunTime:0.001000s ]
SQL: SHOW COLUMNS FROM `sys_menu` [ RunTime:0.0040s ]
SQL: SELECT * FROM `sys_menu`  [ RunTime:0.0010s ]
SQL: SHOW COLUMNS FROM `sys_article` [ RunTime:0.0030s ]
SQL: SELECT COUNT(*) AS tp_count FROM `sys_article` WHERE `isshow` = 1 LIMIT 1   [ RunTime:0.0010s ]
SQL: SELECT * FROM `sys_article` WHERE `isshow` = 1 ORDER BY createtime desc LIMIT 0,3   [ RunTime:0.0010s ]
SQL: SHOW COLUMNS FROM `sys_user` [ RunTime:0.0040s ]
SQL: SELECT * FROM `sys_user` WHERE `id` = 1 LIMIT 1   [ RunTime:0.0000s ]
SQL: SELECT * FROM `sys_user` WHERE `id` = 1 LIMIT 1   [ RunTime:0.0000s ]
SQL: SELECT * FROM `sys_user` WHERE `id` = 1 LIMIT 1   [ RunTime:0.0000s ]
SQL: SELECT * FROM `sys_article` WHERE `isslide` = 1 ORDER BY createtime desc LIMIT 5   [ RunTime:0.0010s ]
SQL: SELECT * FROM `sys_article` WHERE `isslide` = 1 ORDER BY createtime desc LIMIT 0,3   [ RunTime:0.0000s ]
SQL: SELECT * FROM `sys_article` WHERE `isslide` = 1 ORDER BY createtime desc LIMIT 4,9   [ RunTime:0.0000s ]
SQL: SELECT * FROM `sys_article` WHERE `isspecial` = 1 ORDER BY createtime desc LIMIT 3   [ RunTime:0.0000s ]
SQL: SELECT * FROM `sys_user` WHERE `id` = 1 LIMIT 1   [ RunTime:0.0000s ]
SQL: SELECT * FROM `sys_user` WHERE `id` = 1 LIMIT 1   [ RunTime:0.0000s ]
SQL: SELECT * FROM `sys_user` WHERE `id` = 1 LIMIT 1   [ RunTime:0.0010s ]
INFO: [ view_parse ] --START--
INFO: [ template_filter ] --START--
INFO: Run Behavior\ContentReplaceBehavior [ RunTime:0.001001s ]
INFO: [ template_filter ] --END-- [ RunTime:0.001001s ]
INFO: Run Behavior\ParseTemplateBehavior [ RunTime:0.013001s ]
INFO: [ view_parse ] --END-- [ RunTime:0.013001s ]
INFO: [ view_filter ] --START--
INFO: Run Behavior\WriteHtmlCacheBehavior [ RunTime:0.000000s ]
INFO: [ view_filter ] --END-- [ RunTime:0.000000s ]
INFO: [ app_end ] --START--
INFO: Run Behavior\ShowPageTraceBehavior [ RunTime:0.001000s ]
INFO: [ app_end ] --END-- [ RunTime:0.001000s ]

