[ 2016-05-04T14:27:08+08:00 ] 127.0.0.1 /admin
INFO: [ app_init ] --START--
INFO: Run Behavior\BuildLiteBehavior [ RunTime:0.000000s ]
INFO: [ app_init ] --END-- [ RunTime:0.000000s ]
INFO: [ app_begin ] --START--
INFO: Run Behavior\ReadHtmlCacheBehavior [ RunTime:0.001000s ]
INFO: [ app_begin ] --END-- [ RunTime:0.001000s ]

[ 2016-05-04T14:27:08+08:00 ] 127.0.0.1 /index.php/Admin/Index/login
INFO: [ app_init ] --START--
INFO: Run Behavior\BuildLiteBehavior [ RunTime:0.000000s ]
INFO: [ app_init ] --END-- [ RunTime:0.001000s ]
INFO: [ app_begin ] --START--
INFO: Run Behavior\ReadHtmlCacheBehavior [ RunTime:0.000000s ]
INFO: [ app_begin ] --END-- [ RunTime:0.000000s ]
SQL: SHOW COLUMNS FROM `sys_auth_rule` [ RunTime:0.0660s ]
SQL: SELECT `id`,`name`,`title`,`icon` FROM `sys_auth_rule` WHERE `pid` = 0 AND `isshow` = 1 ORDER BY sort  [ RunTime:0.0090s ]
SQL: SHOW COLUMNS FROM `sys_auth_group_access` [ RunTime:0.0210s ]
SQL: SELECT `uid`,`group_id`,`title`,`rules` FROM sys_auth_group_access a INNER JOIN sys_auth_group g on a.group_id=g.id  WHERE ( a.uid='' and g.status='1' )  [ RunTime:0.0280s ]
INFO: [ view_parse ] --START--
INFO: [ template_filter ] --START--
INFO: Run Behavior\ContentReplaceBehavior [ RunTime:0.000000s ]
INFO: [ template_filter ] --END-- [ RunTime:0.000000s ]
INFO: Run Behavior\ParseTemplateBehavior [ RunTime:0.016001s ]
INFO: [ view_parse ] --END-- [ RunTime:0.016001s ]
INFO: [ view_filter ] --START--
INFO: Run Behavior\WriteHtmlCacheBehavior [ RunTime:0.001000s ]
INFO: [ view_filter ] --END-- [ RunTime:0.001000s ]
INFO: [ app_end ] --START--
INFO: Run Behavior\ShowPageTraceBehavior [ RunTime:0.000000s ]
INFO: [ app_end ] --END-- [ RunTime:0.000000s ]

[ 2016-05-04T14:27:08+08:00 ] 127.0.0.1 /index.php/Admin/Index/verify
INFO: [ app_init ] --START--
INFO: Run Behavior\BuildLiteBehavior [ RunTime:0.000000s ]
INFO: [ app_init ] --END-- [ RunTime:0.000000s ]
INFO: [ app_begin ] --START--
INFO: Run Behavior\ReadHtmlCacheBehavior [ RunTime:0.000000s ]
INFO: [ app_begin ] --END-- [ RunTime:0.000000s ]
SQL: SHOW COLUMNS FROM `sys_auth_rule` [ RunTime:0.0030s ]
SQL: SELECT `id`,`name`,`title`,`icon` FROM `sys_auth_rule` WHERE `pid` = 0 AND `isshow` = 1 ORDER BY sort  [ RunTime:0.0010s ]
SQL: SHOW COLUMNS FROM `sys_auth_group_access` [ RunTime:0.0030s ]
SQL: SELECT `uid`,`group_id`,`title`,`rules` FROM sys_auth_group_access a INNER JOIN sys_auth_group g on a.group_id=g.id  WHERE ( a.uid='' and g.status='1' )  [ RunTime:0.0000s ]
INFO: [ app_end ] --START--
INFO: Run Behavior\ShowPageTraceBehavior [ RunTime:0.001000s ]
INFO: [ app_end ] --END-- [ RunTime:0.001000s ]

[ 2016-05-04T14:27:16+08:00 ] 127.0.0.1 /index.php/Admin/Index/login
INFO: [ app_init ] --START--
INFO: Run Behavior\BuildLiteBehavior [ RunTime:0.000000s ]
INFO: [ app_init ] --END-- [ RunTime:0.000000s ]
INFO: [ app_begin ] --START--
INFO: Run Behavior\ReadHtmlCacheBehavior [ RunTime:0.001000s ]
INFO: [ app_begin ] --END-- [ RunTime:0.001000s ]
SQL: SHOW COLUMNS FROM `sys_auth_rule` [ RunTime:0.0050s ]
SQL: SELECT `id`,`name`,`title`,`icon` FROM `sys_auth_rule` WHERE `pid` = 0 AND `isshow` = 1 ORDER BY sort  [ RunTime:0.0000s ]
SQL: SHOW COLUMNS FROM `sys_auth_group_access` [ RunTime:0.0030s ]
SQL: SELECT `uid`,`group_id`,`title`,`rules` FROM sys_auth_group_access a INNER JOIN sys_auth_group g on a.group_id=g.id  WHERE ( a.uid='' and g.status='1' )  [ RunTime:0.0000s ]
SQL: SHOW COLUMNS FROM `sys_user` [ RunTime:0.0030s ]
SQL: SELECT * FROM `sys_user` WHERE `username` = 'admin' LIMIT 1   [ RunTime:0.0010s ]
SQL: UPDATE `sys_user` SET `last_login_time`='1462343236',`last_login_ip`='127.0.0.1' WHERE `id` = 1 [ RunTime:0.1400s ]
SQL: SHOW COLUMNS FROM `sys_auth_group_access` [ RunTime:0.0060s ]
SQL: SELECT `uid`,`group_id`,`title`,`rules` FROM sys_auth_group_access a INNER JOIN sys_auth_group g on a.group_id=g.id  WHERE ( a.uid='1' and g.status='1' )  [ RunTime:0.0830s ]
INFO: [ view_parse ] --START--
INFO: [ template_filter ] --START--
INFO: Run Behavior\ContentReplaceBehavior [ RunTime:0.000000s ]
INFO: [ template_filter ] --END-- [ RunTime:0.000000s ]
INFO: Run Behavior\ParseTemplateBehavior [ RunTime:0.017001s ]
INFO: [ view_parse ] --END-- [ RunTime:0.017001s ]
INFO: [ view_filter ] --START--
INFO: Run Behavior\WriteHtmlCacheBehavior [ RunTime:0.000000s ]
INFO: [ view_filter ] --END-- [ RunTime:0.000000s ]
INFO: [ app_end ] --START--
INFO: Run Behavior\ShowPageTraceBehavior [ RunTime:0.001000s ]
INFO: [ app_end ] --END-- [ RunTime:0.001000s ]

[ 2016-05-04T14:27:17+08:00 ] 127.0.0.1 /index.php/Admin/Index/index
INFO: [ app_init ] --START--
INFO: Run Behavior\BuildLiteBehavior [ RunTime:0.000000s ]
INFO: [ app_init ] --END-- [ RunTime:0.000000s ]
INFO: [ app_begin ] --START--
INFO: Run Behavior\ReadHtmlCacheBehavior [ RunTime:0.000000s ]
INFO: [ app_begin ] --END-- [ RunTime:0.000000s ]
SQL: SHOW COLUMNS FROM `sys_auth_rule` [ RunTime:0.0030s ]
SQL: SELECT `id`,`name`,`title`,`icon` FROM `sys_auth_rule` WHERE `pid` = 0 AND `isshow` = 1 ORDER BY sort  [ RunTime:0.0000s ]
SQL: SHOW COLUMNS FROM `sys_auth_group_access` [ RunTime:0.0030s ]
SQL: SELECT `uid`,`group_id`,`title`,`rules` FROM sys_auth_group_access a INNER JOIN sys_auth_group g on a.group_id=g.id  WHERE ( a.uid='1' and g.status='1' )  [ RunTime:0.0010s ]
SQL: SHOW COLUMNS FROM `sys_auth_rule` [ RunTime:0.0020s ]
SQL: SELECT `condition`,`name` FROM `sys_auth_rule` WHERE `id` IN ('1','2','3','53','54','57','55','56')  [ RunTime:0.0000s ]
SQL: SELECT `id`,`name`,`title`,`icon` FROM `sys_auth_rule` WHERE ( pid=1 AND isshow=1 )  [ RunTime:0.0000s ]
SQL: SELECT `id`,`name`,`title`,`icon` FROM `sys_auth_rule` WHERE ( pid=70 AND isshow=1 )  [ RunTime:0.0000s ]
SQL: SELECT `id`,`name`,`title`,`icon` FROM `sys_auth_rule` WHERE ( pid=3 AND isshow=1 )  [ RunTime:0.0000s ]
SQL: SELECT `id`,`name`,`title`,`icon` FROM `sys_auth_rule` WHERE ( pid=2 AND isshow=1 )  [ RunTime:0.0000s ]
SQL: SELECT `id`,`name`,`title`,`icon` FROM `sys_auth_rule` WHERE ( pid=56 AND isshow=1 )  [ RunTime:0.0000s ]
INFO: [ view_parse ] --START--
INFO: [ template_filter ] --START--
INFO: Run Behavior\ContentReplaceBehavior [ RunTime:0.000000s ]
INFO: [ template_filter ] --END-- [ RunTime:0.000000s ]
INFO: Run Behavior\ParseTemplateBehavior [ RunTime:0.046002s ]
INFO: [ view_parse ] --END-- [ RunTime:0.046002s ]
INFO: [ view_filter ] --START--
INFO: Run Behavior\WriteHtmlCacheBehavior [ RunTime:0.000000s ]
INFO: [ view_filter ] --END-- [ RunTime:0.001000s ]
INFO: [ app_end ] --START--
INFO: Run Behavior\ShowPageTraceBehavior [ RunTime:0.001000s ]
INFO: [ app_end ] --END-- [ RunTime:0.001000s ]

[ 2016-05-04T14:27:18+08:00 ] 127.0.0.1 /index.php/Admin/Index/mainInfo
INFO: [ app_init ] --START--
INFO: Run Behavior\BuildLiteBehavior [ RunTime:0.000000s ]
INFO: [ app_init ] --END-- [ RunTime:0.000000s ]
INFO: [ app_begin ] --START--
INFO: Run Behavior\ReadHtmlCacheBehavior [ RunTime:0.000000s ]
INFO: [ app_begin ] --END-- [ RunTime:0.000000s ]
SQL: SHOW COLUMNS FROM `sys_auth_rule` [ RunTime:0.0060s ]
SQL: SELECT `id`,`name`,`title`,`icon` FROM `sys_auth_rule` WHERE `pid` = 0 AND `isshow` = 1 ORDER BY sort  [ RunTime:0.0000s ]
SQL: SHOW COLUMNS FROM `sys_auth_group_access` [ RunTime:0.0040s ]
SQL: SELECT `uid`,`group_id`,`title`,`rules` FROM sys_auth_group_access a INNER JOIN sys_auth_group g on a.group_id=g.id  WHERE ( a.uid='1' and g.status='1' )  [ RunTime:0.0010s ]
SQL: SHOW COLUMNS FROM `sys_auth_rule` [ RunTime:0.0040s ]
SQL: SELECT `condition`,`name` FROM `sys_auth_rule` WHERE `id` IN ('1','2','3','53','54','57','55','56')  [ RunTime:0.0040s ]
SQL: SELECT `id`,`name`,`title`,`icon` FROM `sys_auth_rule` WHERE ( pid=1 AND isshow=1 )  [ RunTime:0.0000s ]
SQL: SELECT `id`,`name`,`title`,`icon` FROM `sys_auth_rule` WHERE ( pid=70 AND isshow=1 )  [ RunTime:0.0010s ]
SQL: SELECT `id`,`name`,`title`,`icon` FROM `sys_auth_rule` WHERE ( pid=3 AND isshow=1 )  [ RunTime:0.0000s ]
SQL: SELECT `id`,`name`,`title`,`icon` FROM `sys_auth_rule` WHERE ( pid=2 AND isshow=1 )  [ RunTime:0.0000s ]
SQL: SELECT `id`,`name`,`title`,`icon` FROM `sys_auth_rule` WHERE ( pid=56 AND isshow=1 )  [ RunTime:0.0000s ]
INFO: [ view_parse ] --START--
INFO: [ template_filter ] --START--
INFO: Run Behavior\ContentReplaceBehavior [ RunTime:0.000000s ]
INFO: [ template_filter ] --END-- [ RunTime:0.001000s ]
INFO: Run Behavior\ParseTemplateBehavior [ RunTime:0.069004s ]
INFO: [ view_parse ] --END-- [ RunTime:0.069004s ]
INFO: [ view_filter ] --START--
INFO: Run Behavior\WriteHtmlCacheBehavior [ RunTime:0.001000s ]
INFO: [ view_filter ] --END-- [ RunTime:0.001000s ]
INFO: [ app_end ] --START--
INFO: Run Behavior\ShowPageTraceBehavior [ RunTime:0.000000s ]
INFO: [ app_end ] --END-- [ RunTime:0.000000s ]

[ 2016-05-04T14:28:26+08:00 ] 127.0.0.1 /index.php/Admin/Index/mainInfo
INFO: [ app_init ] --START--
INFO: Run Behavior\BuildLiteBehavior [ RunTime:0.000000s ]
INFO: [ app_init ] --END-- [ RunTime:0.000000s ]
INFO: [ app_begin ] --START--
INFO: Run Behavior\ReadHtmlCacheBehavior [ RunTime:0.000000s ]
INFO: [ app_begin ] --END-- [ RunTime:0.001000s ]
SQL: SHOW COLUMNS FROM `sys_auth_rule` [ RunTime:0.0060s ]
SQL: SELECT `id`,`name`,`title`,`icon` FROM `sys_auth_rule` WHERE `pid` = 0 AND `isshow` = 1 ORDER BY sort  [ RunTime:0.0040s ]
SQL: SHOW COLUMNS FROM `sys_auth_group_access` [ RunTime:0.0030s ]
SQL: SELECT `uid`,`group_id`,`title`,`rules` FROM sys_auth_group_access a INNER JOIN sys_auth_group g on a.group_id=g.id  WHERE ( a.uid='1' and g.status='1' )  [ RunTime:0.0010s ]
SQL: SHOW COLUMNS FROM `sys_auth_rule` [ RunTime:0.0030s ]
SQL: SELECT `condition`,`name` FROM `sys_auth_rule` WHERE `id` IN ('1','2','3','53','54','57','55','56')  [ RunTime:0.0010s ]
SQL: SELECT `id`,`name`,`title`,`icon` FROM `sys_auth_rule` WHERE ( pid=1 AND isshow=1 )  [ RunTime:0.0000s ]
SQL: SELECT `id`,`name`,`title`,`icon` FROM `sys_auth_rule` WHERE ( pid=70 AND isshow=1 )  [ RunTime:0.0000s ]
SQL: SELECT `id`,`name`,`title`,`icon` FROM `sys_auth_rule` WHERE ( pid=3 AND isshow=1 )  [ RunTime:0.0000s ]
SQL: SELECT `id`,`name`,`title`,`icon` FROM `sys_auth_rule` WHERE ( pid=2 AND isshow=1 )  [ RunTime:0.0000s ]
SQL: SELECT `id`,`name`,`title`,`icon` FROM `sys_auth_rule` WHERE ( pid=56 AND isshow=1 )  [ RunTime:0.0000s ]
INFO: [ view_parse ] --START--
INFO: [ template_filter ] --START--
INFO: Run Behavior\ContentReplaceBehavior [ RunTime:0.000000s ]
INFO: [ template_filter ] --END-- [ RunTime:0.000000s ]
INFO: Run Behavior\ParseTemplateBehavior [ RunTime:0.008001s ]
INFO: [ view_parse ] --END-- [ RunTime:0.008001s ]
INFO: [ view_filter ] --START--
INFO: Run Behavior\WriteHtmlCacheBehavior [ RunTime:0.000000s ]
INFO: [ view_filter ] --END-- [ RunTime:0.000000s ]
INFO: [ app_end ] --START--
INFO: Run Behavior\ShowPageTraceBehavior [ RunTime:0.001000s ]
INFO: [ app_end ] --END-- [ RunTime:0.001000s ]

[ 2016-05-04T14:28:59+08:00 ] 127.0.0.1 /index.php/Admin/Index/mainInfo
INFO: [ app_init ] --START--
INFO: Run Behavior\BuildLiteBehavior [ RunTime:0.000000s ]
INFO: [ app_init ] --END-- [ RunTime:0.001000s ]
INFO: [ app_begin ] --START--
INFO: Run Behavior\ReadHtmlCacheBehavior [ RunTime:0.001000s ]
INFO: [ app_begin ] --END-- [ RunTime:0.001000s ]
SQL: SHOW COLUMNS FROM `sys_auth_rule` [ RunTime:0.0030s ]
SQL: SELECT `id`,`name`,`title`,`icon` FROM `sys_auth_rule` WHERE `pid` = 0 AND `isshow` = 1 ORDER BY sort  [ RunTime:0.0000s ]
SQL: SHOW COLUMNS FROM `sys_auth_group_access` [ RunTime:0.0040s ]
SQL: SELECT `uid`,`group_id`,`title`,`rules` FROM sys_auth_group_access a INNER JOIN sys_auth_group g on a.group_id=g.id  WHERE ( a.uid='1' and g.status='1' )  [ RunTime:0.0000s ]
SQL: SHOW COLUMNS FROM `sys_auth_rule` [ RunTime:0.0030s ]
SQL: SELECT `condition`,`name` FROM `sys_auth_rule` WHERE `id` IN ('1','2','3','53','54','57','55','56')  [ RunTime:0.0010s ]
SQL: SELECT `id`,`name`,`title`,`icon` FROM `sys_auth_rule` WHERE ( pid=1 AND isshow=1 )  [ RunTime:0.0000s ]
SQL: SELECT `id`,`name`,`title`,`icon` FROM `sys_auth_rule` WHERE ( pid=70 AND isshow=1 )  [ RunTime:0.0000s ]
SQL: SELECT `id`,`name`,`title`,`icon` FROM `sys_auth_rule` WHERE ( pid=3 AND isshow=1 )  [ RunTime:0.0000s ]
SQL: SELECT `id`,`name`,`title`,`icon` FROM `sys_auth_rule` WHERE ( pid=2 AND isshow=1 )  [ RunTime:0.0000s ]
SQL: SELECT `id`,`name`,`title`,`icon` FROM `sys_auth_rule` WHERE ( pid=56 AND isshow=1 )  [ RunTime:0.0000s ]
INFO: [ view_parse ] --START--
INFO: [ template_filter ] --START--
INFO: Run Behavior\ContentReplaceBehavior [ RunTime:0.000000s ]
INFO: [ template_filter ] --END-- [ RunTime:0.000000s ]
INFO: Run Behavior\ParseTemplateBehavior [ RunTime:0.007000s ]
INFO: [ view_parse ] --END-- [ RunTime:0.007000s ]
INFO: [ view_filter ] --START--
INFO: Run Behavior\WriteHtmlCacheBehavior [ RunTime:0.001000s ]
INFO: [ view_filter ] --END-- [ RunTime:0.001000s ]
INFO: [ app_end ] --START--
INFO: Run Behavior\ShowPageTraceBehavior [ RunTime:0.000000s ]
INFO: [ app_end ] --END-- [ RunTime:0.000000s ]

[ 2016-05-04T14:29:02+08:00 ] 127.0.0.1 /index.php/Admin/Content/Category
INFO: [ app_init ] --START--
INFO: Run Behavior\BuildLiteBehavior [ RunTime:0.000000s ]
INFO: [ app_init ] --END-- [ RunTime:0.000000s ]
INFO: [ app_begin ] --START--
INFO: Run Behavior\ReadHtmlCacheBehavior [ RunTime:0.000000s ]
INFO: [ app_begin ] --END-- [ RunTime:0.000000s ]
SQL: SHOW COLUMNS FROM `sys_auth_rule` [ RunTime:0.0080s ]
SQL: SELECT `id`,`name`,`title`,`icon` FROM `sys_auth_rule` WHERE `pid` = 0 AND `isshow` = 1 ORDER BY sort  [ RunTime:0.0010s ]
SQL: SHOW COLUMNS FROM `sys_auth_group_access` [ RunTime:0.0070s ]
SQL: SELECT `uid`,`group_id`,`title`,`rules` FROM sys_auth_group_access a INNER JOIN sys_auth_group g on a.group_id=g.id  WHERE ( a.uid='1' and g.status='1' )  [ RunTime:0.0000s ]
SQL: SHOW COLUMNS FROM `sys_auth_rule` [ RunTime:0.0060s ]
SQL: SELECT `condition`,`name` FROM `sys_auth_rule` WHERE `id` IN ('1','2','3','53','54','57','55','56')  [ RunTime:0.0000s ]
SQL: SELECT `id`,`name`,`title`,`icon` FROM `sys_auth_rule` WHERE ( pid=1 AND isshow=1 )  [ RunTime:0.0000s ]
SQL: SELECT `id`,`name`,`title`,`icon` FROM `sys_auth_rule` WHERE ( pid=70 AND isshow=1 )  [ RunTime:0.0010s ]
SQL: SELECT `id`,`name`,`title`,`icon` FROM `sys_auth_rule` WHERE ( pid=3 AND isshow=1 )  [ RunTime:0.0000s ]
SQL: SELECT `id`,`name`,`title`,`icon` FROM `sys_auth_rule` WHERE ( pid=2 AND isshow=1 )  [ RunTime:0.0000s ]
SQL: SELECT `id`,`name`,`title`,`icon` FROM `sys_auth_rule` WHERE ( pid=56 AND isshow=1 )  [ RunTime:0.0010s ]
SQL: SHOW COLUMNS FROM `sys_category` [ RunTime:0.1540s ]
SQL: SELECT `name`,`parentid`,`id`,`isshow`,`categorytype` FROM `sys_category`  [ RunTime:0.0000s ]
INFO: [ view_parse ] --START--
INFO: [ template_filter ] --START--
INFO: Run Behavior\ContentReplaceBehavior [ RunTime:0.000000s ]
INFO: [ template_filter ] --END-- [ RunTime:0.000000s ]
INFO: Run Behavior\ParseTemplateBehavior [ RunTime:0.107006s ]
INFO: [ view_parse ] --END-- [ RunTime:0.109006s ]
INFO: [ view_filter ] --START--
INFO: Run Behavior\WriteHtmlCacheBehavior [ RunTime:0.000000s ]
INFO: [ view_filter ] --END-- [ RunTime:0.000000s ]
INFO: [ app_end ] --START--
INFO: Run Behavior\ShowPageTraceBehavior [ RunTime:0.001000s ]
INFO: [ app_end ] --END-- [ RunTime:0.001000s ]

[ 2016-05-04T14:29:04+08:00 ] 127.0.0.1 /index.php/Admin/Content/MenuManage
INFO: [ app_init ] --START--
INFO: Run Behavior\BuildLiteBehavior [ RunTime:0.000000s ]
INFO: [ app_init ] --END-- [ RunTime:0.001000s ]
INFO: [ app_begin ] --START--
INFO: Run Behavior\ReadHtmlCacheBehavior [ RunTime:0.001001s ]
INFO: [ app_begin ] --END-- [ RunTime:0.001001s ]
SQL: SHOW COLUMNS FROM `sys_auth_rule` [ RunTime:0.0030s ]
SQL: SELECT `id`,`name`,`title`,`icon` FROM `sys_auth_rule` WHERE `pid` = 0 AND `isshow` = 1 ORDER BY sort  [ RunTime:0.0000s ]
SQL: SHOW COLUMNS FROM `sys_auth_group_access` [ RunTime:0.0030s ]
SQL: SELECT `uid`,`group_id`,`title`,`rules` FROM sys_auth_group_access a INNER JOIN sys_auth_group g on a.group_id=g.id  WHERE ( a.uid='1' and g.status='1' )  [ RunTime:0.0010s ]
SQL: SHOW COLUMNS FROM `sys_auth_rule` [ RunTime:0.0020s ]
SQL: SELECT `condition`,`name` FROM `sys_auth_rule` WHERE `id` IN ('1','2','3','53','54','57','55','56')  [ RunTime:0.0000s ]
SQL: SELECT `id`,`name`,`title`,`icon` FROM `sys_auth_rule` WHERE ( pid=1 AND isshow=1 )  [ RunTime:0.0000s ]
SQL: SELECT `id`,`name`,`title`,`icon` FROM `sys_auth_rule` WHERE ( pid=70 AND isshow=1 )  [ RunTime:0.0010s ]
SQL: SELECT `id`,`name`,`title`,`icon` FROM `sys_auth_rule` WHERE ( pid=3 AND isshow=1 )  [ RunTime:0.0000s ]
SQL: SELECT `id`,`name`,`title`,`icon` FROM `sys_auth_rule` WHERE ( pid=2 AND isshow=1 )  [ RunTime:0.0000s ]
SQL: SELECT `id`,`name`,`title`,`icon` FROM `sys_auth_rule` WHERE ( pid=56 AND isshow=1 )  [ RunTime:0.0000s ]
SQL: SHOW COLUMNS FROM `sys_menu` [ RunTime:0.0030s ]
SQL: SELECT `name`,`id`,`pid`,`isshow`,`url`,`sort` FROM `sys_menu` ORDER BY sort  [ RunTime:0.0010s ]
INFO: [ view_parse ] --START--
INFO: [ template_filter ] --START--
INFO: Run Behavior\ContentReplaceBehavior [ RunTime:0.000000s ]
INFO: [ template_filter ] --END-- [ RunTime:0.000000s ]
INFO: Run Behavior\ParseTemplateBehavior [ RunTime:0.023001s ]
INFO: [ view_parse ] --END-- [ RunTime:0.023001s ]
INFO: [ view_filter ] --START--
INFO: Run Behavior\WriteHtmlCacheBehavior [ RunTime:0.001000s ]
INFO: [ view_filter ] --END-- [ RunTime:0.001000s ]
INFO: [ app_end ] --START--
INFO: Run Behavior\ShowPageTraceBehavior [ RunTime:0.005000s ]
INFO: [ app_end ] --END-- [ RunTime:0.005000s ]

[ 2016-05-04T14:29:09+08:00 ] 127.0.0.1 /index.php/Admin/Index/mainInfo
INFO: [ app_init ] --START--
INFO: Run Behavior\BuildLiteBehavior [ RunTime:0.000000s ]
INFO: [ app_init ] --END-- [ RunTime:0.000000s ]
INFO: [ app_begin ] --START--
INFO: Run Behavior\ReadHtmlCacheBehavior [ RunTime:0.001000s ]
INFO: [ app_begin ] --END-- [ RunTime:0.001000s ]
SQL: SHOW COLUMNS FROM `sys_auth_rule` [ RunTime:0.0030s ]
SQL: SELECT `id`,`name`,`title`,`icon` FROM `sys_auth_rule` WHERE `pid` = 0 AND `isshow` = 1 ORDER BY sort  [ RunTime:0.0000s ]
SQL: SHOW COLUMNS FROM `sys_auth_group_access` [ RunTime:0.0020s ]
SQL: SELECT `uid`,`group_id`,`title`,`rules` FROM sys_auth_group_access a INNER JOIN sys_auth_group g on a.group_id=g.id  WHERE ( a.uid='1' and g.status='1' )  [ RunTime:0.0010s ]
SQL: SHOW COLUMNS FROM `sys_auth_rule` [ RunTime:0.0030s ]
SQL: SELECT `condition`,`name` FROM `sys_auth_rule` WHERE `id` IN ('1','2','3','53','54','57','55','56')  [ RunTime:0.0000s ]
SQL: SELECT `id`,`name`,`title`,`icon` FROM `sys_auth_rule` WHERE ( pid=1 AND isshow=1 )  [ RunTime:0.0000s ]
SQL: SELECT `id`,`name`,`title`,`icon` FROM `sys_auth_rule` WHERE ( pid=70 AND isshow=1 )  [ RunTime:0.0010s ]
SQL: SELECT `id`,`name`,`title`,`icon` FROM `sys_auth_rule` WHERE ( pid=3 AND isshow=1 )  [ RunTime:0.0000s ]
SQL: SELECT `id`,`name`,`title`,`icon` FROM `sys_auth_rule` WHERE ( pid=2 AND isshow=1 )  [ RunTime:0.0000s ]
SQL: SELECT `id`,`name`,`title`,`icon` FROM `sys_auth_rule` WHERE ( pid=56 AND isshow=1 )  [ RunTime:0.0000s ]
INFO: [ view_parse ] --START--
INFO: [ template_filter ] --START--
INFO: Run Behavior\ContentReplaceBehavior [ RunTime:0.000000s ]
INFO: [ template_filter ] --END-- [ RunTime:0.000000s ]
INFO: Run Behavior\ParseTemplateBehavior [ RunTime:0.007000s ]
INFO: [ view_parse ] --END-- [ RunTime:0.007000s ]
INFO: [ view_filter ] --START--
INFO: Run Behavior\WriteHtmlCacheBehavior [ RunTime:0.000000s ]
INFO: [ view_filter ] --END-- [ RunTime:0.000000s ]
INFO: [ app_end ] --START--
INFO: Run Behavior\ShowPageTraceBehavior [ RunTime:0.001000s ]
INFO: [ app_end ] --END-- [ RunTime:0.001000s ]

[ 2016-05-04T14:29:11+08:00 ] 127.0.0.1 /index.php/Admin/Index/mainInfo
INFO: [ app_init ] --START--
INFO: Run Behavior\BuildLiteBehavior [ RunTime:0.000000s ]
INFO: [ app_init ] --END-- [ RunTime:0.000000s ]
INFO: [ app_begin ] --START--
INFO: Run Behavior\ReadHtmlCacheBehavior [ RunTime:0.001000s ]
INFO: [ app_begin ] --END-- [ RunTime:0.001000s ]
SQL: SHOW COLUMNS FROM `sys_auth_rule` [ RunTime:0.0040s ]
SQL: SELECT `id`,`name`,`title`,`icon` FROM `sys_auth_rule` WHERE `pid` = 0 AND `isshow` = 1 ORDER BY sort  [ RunTime:0.0000s ]
SQL: SHOW COLUMNS FROM `sys_auth_group_access` [ RunTime:0.0030s ]
SQL: SELECT `uid`,`group_id`,`title`,`rules` FROM sys_auth_group_access a INNER JOIN sys_auth_group g on a.group_id=g.id  WHERE ( a.uid='1' and g.status='1' )  [ RunTime:0.0000s ]
SQL: SHOW COLUMNS FROM `sys_auth_rule` [ RunTime:0.0030s ]
SQL: SELECT `condition`,`name` FROM `sys_auth_rule` WHERE `id` IN ('1','2','3','53','54','57','55','56')  [ RunTime:0.0010s ]
SQL: SELECT `id`,`name`,`title`,`icon` FROM `sys_auth_rule` WHERE ( pid=1 AND isshow=1 )  [ RunTime:0.0000s ]
SQL: SELECT `id`,`name`,`title`,`icon` FROM `sys_auth_rule` WHERE ( pid=70 AND isshow=1 )  [ RunTime:0.0010s ]
SQL: SELECT `id`,`name`,`title`,`icon` FROM `sys_auth_rule` WHERE ( pid=3 AND isshow=1 )  [ RunTime:0.0000s ]
SQL: SELECT `id`,`name`,`title`,`icon` FROM `sys_auth_rule` WHERE ( pid=2 AND isshow=1 )  [ RunTime:0.0000s ]
SQL: SELECT `id`,`name`,`title`,`icon` FROM `sys_auth_rule` WHERE ( pid=56 AND isshow=1 )  [ RunTime:0.0000s ]
INFO: [ view_parse ] --START--
INFO: [ template_filter ] --START--
INFO: Run Behavior\ContentReplaceBehavior [ RunTime:0.000000s ]
INFO: [ template_filter ] --END-- [ RunTime:0.000000s ]
INFO: Run Behavior\ParseTemplateBehavior [ RunTime:0.007001s ]
INFO: [ view_parse ] --END-- [ RunTime:0.007001s ]
INFO: [ view_filter ] --START--
INFO: Run Behavior\WriteHtmlCacheBehavior [ RunTime:0.001000s ]
INFO: [ view_filter ] --END-- [ RunTime:0.001000s ]
INFO: [ app_end ] --START--
INFO: Run Behavior\ShowPageTraceBehavior [ RunTime:0.000000s ]
INFO: [ app_end ] --END-- [ RunTime:0.000000s ]

[ 2016-05-04T14:29:40+08:00 ] 127.0.0.1 /index.php/Admin/Index/mainInfo
INFO: [ app_init ] --START--
INFO: Run Behavior\BuildLiteBehavior [ RunTime:0.000000s ]
INFO: [ app_init ] --END-- [ RunTime:0.000000s ]
INFO: [ app_begin ] --START--
INFO: Run Behavior\ReadHtmlCacheBehavior [ RunTime:0.001000s ]
INFO: [ app_begin ] --END-- [ RunTime:0.001000s ]
SQL: SHOW COLUMNS FROM `sys_auth_rule` [ RunTime:0.0040s ]
SQL: SELECT `id`,`name`,`title`,`icon` FROM `sys_auth_rule` WHERE `pid` = 0 AND `isshow` = 1 ORDER BY sort  [ RunTime:0.0000s ]
SQL: SHOW COLUMNS FROM `sys_auth_group_access` [ RunTime:0.0030s ]
SQL: SELECT `uid`,`group_id`,`title`,`rules` FROM sys_auth_group_access a INNER JOIN sys_auth_group g on a.group_id=g.id  WHERE ( a.uid='1' and g.status='1' )  [ RunTime:0.0000s ]
SQL: SHOW COLUMNS FROM `sys_auth_rule` [ RunTime:0.0030s ]
SQL: SELECT `condition`,`name` FROM `sys_auth_rule` WHERE `id` IN ('1','2','3','53','54','57','55','56')  [ RunTime:0.0010s ]
SQL: SELECT `id`,`name`,`title`,`icon` FROM `sys_auth_rule` WHERE ( pid=1 AND isshow=1 )  [ RunTime:0.0000s ]
SQL: SELECT `id`,`name`,`title`,`icon` FROM `sys_auth_rule` WHERE ( pid=70 AND isshow=1 )  [ RunTime:0.0000s ]
SQL: SELECT `id`,`name`,`title`,`icon` FROM `sys_auth_rule` WHERE ( pid=3 AND isshow=1 )  [ RunTime:0.0000s ]
SQL: SELECT `id`,`name`,`title`,`icon` FROM `sys_auth_rule` WHERE ( pid=2 AND isshow=1 )  [ RunTime:0.0010s ]
SQL: SELECT `id`,`name`,`title`,`icon` FROM `sys_auth_rule` WHERE ( pid=56 AND isshow=1 )  [ RunTime:0.0000s ]
INFO: [ view_parse ] --START--
INFO: [ template_filter ] --START--
INFO: Run Behavior\ContentReplaceBehavior [ RunTime:0.000000s ]
INFO: [ template_filter ] --END-- [ RunTime:0.000000s ]
INFO: Run Behavior\ParseTemplateBehavior [ RunTime:0.007001s ]
INFO: [ view_parse ] --END-- [ RunTime:0.007001s ]
INFO: [ view_filter ] --START--
INFO: Run Behavior\WriteHtmlCacheBehavior [ RunTime:0.001000s ]
INFO: [ view_filter ] --END-- [ RunTime:0.001000s ]
INFO: [ app_end ] --START--
INFO: Run Behavior\ShowPageTraceBehavior [ RunTime:0.000000s ]
INFO: [ app_end ] --END-- [ RunTime:0.000000s ]

[ 2016-05-04T14:29:57+08:00 ] 127.0.0.1 /index.php/Admin/Content/MenuManage
INFO: [ app_init ] --START--
INFO: Run Behavior\BuildLiteBehavior [ RunTime:0.000000s ]
INFO: [ app_init ] --END-- [ RunTime:0.000000s ]
INFO: [ app_begin ] --START--
INFO: Run Behavior\ReadHtmlCacheBehavior [ RunTime:0.000000s ]
INFO: [ app_begin ] --END-- [ RunTime:0.000000s ]
SQL: SHOW COLUMNS FROM `sys_auth_rule` [ RunTime:0.0030s ]
SQL: SELECT `id`,`name`,`title`,`icon` FROM `sys_auth_rule` WHERE `pid` = 0 AND `isshow` = 1 ORDER BY sort  [ RunTime:0.0010s ]
SQL: SHOW COLUMNS FROM `sys_auth_group_access` [ RunTime:0.0030s ]
SQL: SELECT `uid`,`group_id`,`title`,`rules` FROM sys_auth_group_access a INNER JOIN sys_auth_group g on a.group_id=g.id  WHERE ( a.uid='1' and g.status='1' )  [ RunTime:0.0000s ]
SQL: SHOW COLUMNS FROM `sys_auth_rule` [ RunTime:0.0030s ]
SQL: SELECT `condition`,`name` FROM `sys_auth_rule` WHERE `id` IN ('1','2','3','53','54','57','55','56')  [ RunTime:0.0000s ]
SQL: SELECT `id`,`name`,`title`,`icon` FROM `sys_auth_rule` WHERE ( pid=1 AND isshow=1 )  [ RunTime:0.0000s ]
SQL: SELECT `id`,`name`,`title`,`icon` FROM `sys_auth_rule` WHERE ( pid=70 AND isshow=1 )  [ RunTime:0.0000s ]
SQL: SELECT `id`,`name`,`title`,`icon` FROM `sys_auth_rule` WHERE ( pid=3 AND isshow=1 )  [ RunTime:0.0000s ]
SQL: SELECT `id`,`name`,`title`,`icon` FROM `sys_auth_rule` WHERE ( pid=2 AND isshow=1 )  [ RunTime:0.0000s ]
SQL: SELECT `id`,`name`,`title`,`icon` FROM `sys_auth_rule` WHERE ( pid=56 AND isshow=1 )  [ RunTime:0.0000s ]
SQL: SHOW COLUMNS FROM `sys_menu` [ RunTime:0.0030s ]
SQL: SELECT `name`,`id`,`pid`,`isshow`,`url`,`sort` FROM `sys_menu` ORDER BY sort  [ RunTime:0.0000s ]
INFO: [ view_parse ] --START--
INFO: [ template_filter ] --START--
INFO: Run Behavior\ContentReplaceBehavior [ RunTime:0.000000s ]
INFO: [ template_filter ] --END-- [ RunTime:0.000000s ]
INFO: Run Behavior\ParseTemplateBehavior [ RunTime:0.005000s ]
INFO: [ view_parse ] --END-- [ RunTime:0.005000s ]
INFO: [ view_filter ] --START--
INFO: Run Behavior\WriteHtmlCacheBehavior [ RunTime:0.000000s ]
INFO: [ view_filter ] --END-- [ RunTime:0.000000s ]
INFO: [ app_end ] --START--
INFO: Run Behavior\ShowPageTraceBehavior [ RunTime:0.001000s ]
INFO: [ app_end ] --END-- [ RunTime:0.001000s ]

[ 2016-05-04T14:30:09+08:00 ] 127.0.0.1 /index.php/Admin/Index/mainInfo
INFO: [ app_init ] --START--
INFO: Run Behavior\BuildLiteBehavior [ RunTime:0.000000s ]
INFO: [ app_init ] --END-- [ RunTime:0.001001s ]
INFO: [ app_begin ] --START--
INFO: Run Behavior\ReadHtmlCacheBehavior [ RunTime:0.000000s ]
INFO: [ app_begin ] --END-- [ RunTime:0.000000s ]
SQL: SHOW COLUMNS FROM `sys_auth_rule` [ RunTime:0.0030s ]
SQL: SELECT `id`,`name`,`title`,`icon` FROM `sys_auth_rule` WHERE `pid` = 0 AND `isshow` = 1 ORDER BY sort  [ RunTime:0.0010s ]
SQL: SHOW COLUMNS FROM `sys_auth_group_access` [ RunTime:0.0030s ]
SQL: SELECT `uid`,`group_id`,`title`,`rules` FROM sys_auth_group_access a INNER JOIN sys_auth_group g on a.group_id=g.id  WHERE ( a.uid='1' and g.status='1' )  [ RunTime:0.0000s ]
SQL: SHOW COLUMNS FROM `sys_auth_rule` [ RunTime:0.0030s ]
SQL: SELECT `condition`,`name` FROM `sys_auth_rule` WHERE `id` IN ('1','2','3','53','54','57','55','56')  [ RunTime:0.0000s ]
SQL: SELECT `id`,`name`,`title`,`icon` FROM `sys_auth_rule` WHERE ( pid=1 AND isshow=1 )  [ RunTime:0.0000s ]
SQL: SELECT `id`,`name`,`title`,`icon` FROM `sys_auth_rule` WHERE ( pid=70 AND isshow=1 )  [ RunTime:0.0000s ]
SQL: SELECT `id`,`name`,`title`,`icon` FROM `sys_auth_rule` WHERE ( pid=3 AND isshow=1 )  [ RunTime:0.0010s ]
SQL: SELECT `id`,`name`,`title`,`icon` FROM `sys_auth_rule` WHERE ( pid=2 AND isshow=1 )  [ RunTime:0.0000s ]
SQL: SELECT `id`,`name`,`title`,`icon` FROM `sys_auth_rule` WHERE ( pid=56 AND isshow=1 )  [ RunTime:0.0000s ]
INFO: [ view_parse ] --START--
INFO: [ template_filter ] --START--
INFO: Run Behavior\ContentReplaceBehavior [ RunTime:0.000000s ]
INFO: [ template_filter ] --END-- [ RunTime:0.000000s ]
INFO: Run Behavior\ParseTemplateBehavior [ RunTime:0.007000s ]
INFO: [ view_parse ] --END-- [ RunTime:0.007000s ]
INFO: [ view_filter ] --START--
INFO: Run Behavior\WriteHtmlCacheBehavior [ RunTime:0.000000s ]
INFO: [ view_filter ] --END-- [ RunTime:0.000000s ]
INFO: [ app_end ] --START--
INFO: Run Behavior\ShowPageTraceBehavior [ RunTime:0.001000s ]
INFO: [ app_end ] --END-- [ RunTime:0.001000s ]

[ 2016-05-04T14:56:14+08:00 ] 127.0.0.1 /admin
INFO: [ app_init ] --START--
INFO: Run Behavior\BuildLiteBehavior [ RunTime:0.000000s ]
INFO: [ app_init ] --END-- [ RunTime:0.000000s ]
INFO: [ app_begin ] --START--
INFO: Run Behavior\ReadHtmlCacheBehavior [ RunTime:0.001000s ]
INFO: [ app_begin ] --END-- [ RunTime:0.001000s ]
SQL: SHOW COLUMNS FROM `sys_auth_rule` [ RunTime:0.0020s ]
SQL: SELECT `id`,`name`,`title`,`icon` FROM `sys_auth_rule` WHERE `pid` = 0 AND `isshow` = 1 ORDER BY sort  [ RunTime:0.0000s ]
SQL: SHOW COLUMNS FROM `sys_auth_group_access` [ RunTime:0.0030s ]
SQL: SELECT `uid`,`group_id`,`title`,`rules` FROM sys_auth_group_access a INNER JOIN sys_auth_group g on a.group_id=g.id  WHERE ( a.uid='1' and g.status='1' )  [ RunTime:0.0000s ]
SQL: SHOW COLUMNS FROM `sys_auth_rule` [ RunTime:0.0030s ]
SQL: SELECT `condition`,`name` FROM `sys_auth_rule` WHERE `id` IN ('1','2','3','53','54','57','55','56')  [ RunTime:0.0010s ]
SQL: SELECT `id`,`name`,`title`,`icon` FROM `sys_auth_rule` WHERE ( pid=1 AND isshow=1 )  [ RunTime:0.0000s ]
SQL: SELECT `id`,`name`,`title`,`icon` FROM `sys_auth_rule` WHERE ( pid=70 AND isshow=1 )  [ RunTime:0.0000s ]
SQL: SELECT `id`,`name`,`title`,`icon` FROM `sys_auth_rule` WHERE ( pid=3 AND isshow=1 )  [ RunTime:0.0010s ]
SQL: SELECT `id`,`name`,`title`,`icon` FROM `sys_auth_rule` WHERE ( pid=2 AND isshow=1 )  [ RunTime:0.0000s ]
SQL: SELECT `id`,`name`,`title`,`icon` FROM `sys_auth_rule` WHERE ( pid=56 AND isshow=1 )  [ RunTime:0.0000s ]
INFO: [ view_parse ] --START--
INFO: [ template_filter ] --START--
INFO: Run Behavior\ContentReplaceBehavior [ RunTime:0.000000s ]
INFO: [ template_filter ] --END-- [ RunTime:0.000000s ]
INFO: Run Behavior\ParseTemplateBehavior [ RunTime:0.012001s ]
INFO: [ view_parse ] --END-- [ RunTime:0.013001s ]
INFO: [ view_filter ] --START--
INFO: Run Behavior\WriteHtmlCacheBehavior [ RunTime:0.002000s ]
INFO: [ view_filter ] --END-- [ RunTime:0.002000s ]
INFO: [ app_end ] --START--
INFO: Run Behavior\ShowPageTraceBehavior [ RunTime:0.000000s ]
INFO: [ app_end ] --END-- [ RunTime:0.000000s ]

[ 2016-05-04T14:56:14+08:00 ] 127.0.0.1 /index.php/Admin/Index/mainInfo
INFO: [ app_init ] --START--
INFO: Run Behavior\BuildLiteBehavior [ RunTime:0.000000s ]
INFO: [ app_init ] --END-- [ RunTime:0.001000s ]
INFO: [ app_begin ] --START--
INFO: Run Behavior\ReadHtmlCacheBehavior [ RunTime:0.001000s ]
INFO: [ app_begin ] --END-- [ RunTime:0.001000s ]
SQL: SHOW COLUMNS FROM `sys_auth_rule` [ RunTime:0.0030s ]
SQL: SELECT `id`,`name`,`title`,`icon` FROM `sys_auth_rule` WHERE `pid` = 0 AND `isshow` = 1 ORDER BY sort  [ RunTime:0.0000s ]
SQL: SHOW COLUMNS FROM `sys_auth_group_access` [ RunTime:0.0080s ]
SQL: SELECT `uid`,`group_id`,`title`,`rules` FROM sys_auth_group_access a INNER JOIN sys_auth_group g on a.group_id=g.id  WHERE ( a.uid='1' and g.status='1' )  [ RunTime:0.0000s ]
SQL: SHOW COLUMNS FROM `sys_auth_rule` [ RunTime:0.0040s ]
SQL: SELECT `condition`,`name` FROM `sys_auth_rule` WHERE `id` IN ('1','2','3','53','54','57','55','56')  [ RunTime:0.0000s ]
SQL: SELECT `id`,`name`,`title`,`icon` FROM `sys_auth_rule` WHERE ( pid=1 AND isshow=1 )  [ RunTime:0.0000s ]
SQL: SELECT `id`,`name`,`title`,`icon` FROM `sys_auth_rule` WHERE ( pid=70 AND isshow=1 )  [ RunTime:0.0000s ]
SQL: SELECT `id`,`name`,`title`,`icon` FROM `sys_auth_rule` WHERE ( pid=3 AND isshow=1 )  [ RunTime:0.0000s ]
SQL: SELECT `id`,`name`,`title`,`icon` FROM `sys_auth_rule` WHERE ( pid=2 AND isshow=1 )  [ RunTime:0.0010s ]
SQL: SELECT `id`,`name`,`title`,`icon` FROM `sys_auth_rule` WHERE ( pid=56 AND isshow=1 )  [ RunTime:0.0000s ]
INFO: [ view_parse ] --START--
INFO: [ template_filter ] --START--
INFO: Run Behavior\ContentReplaceBehavior [ RunTime:0.000000s ]
INFO: [ template_filter ] --END-- [ RunTime:0.000000s ]
INFO: Run Behavior\ParseTemplateBehavior [ RunTime:0.008001s ]
INFO: [ view_parse ] --END-- [ RunTime:0.008001s ]
INFO: [ view_filter ] --START--
INFO: Run Behavior\WriteHtmlCacheBehavior [ RunTime:0.000000s ]
INFO: [ view_filter ] --END-- [ RunTime:0.000000s ]
INFO: [ app_end ] --START--
INFO: Run Behavior\ShowPageTraceBehavior [ RunTime:0.001000s ]
INFO: [ app_end ] --END-- [ RunTime:0.001000s ]

[ 2016-05-04T15:09:41+08:00 ] 127.0.0.1 /index.php/Admin/Index/mainInfo
INFO: [ app_init ] --START--
INFO: Run Behavior\BuildLiteBehavior [ RunTime:0.000000s ]
INFO: [ app_init ] --END-- [ RunTime:0.001000s ]
INFO: [ app_begin ] --START--
INFO: Run Behavior\ReadHtmlCacheBehavior [ RunTime:0.001001s ]
INFO: [ app_begin ] --END-- [ RunTime:0.001001s ]
SQL: SHOW COLUMNS FROM `sys_auth_rule` [ RunTime:0.0040s ]
SQL: SELECT `id`,`name`,`title`,`icon` FROM `sys_auth_rule` WHERE `pid` = 0 AND `isshow` = 1 ORDER BY sort  [ RunTime:0.0000s ]
SQL: SHOW COLUMNS FROM `sys_auth_group_access` [ RunTime:0.0040s ]
SQL: SELECT `uid`,`group_id`,`title`,`rules` FROM sys_auth_group_access a INNER JOIN sys_auth_group g on a.group_id=g.id  WHERE ( a.uid='1' and g.status='1' )  [ RunTime:0.0020s ]
SQL: SHOW COLUMNS FROM `sys_auth_rule` [ RunTime:0.0050s ]
SQL: SELECT `condition`,`name` FROM `sys_auth_rule` WHERE `id` IN ('1','2','3','53','54','57','55','56')  [ RunTime:0.0000s ]
SQL: SELECT `id`,`name`,`title`,`icon` FROM `sys_auth_rule` WHERE ( pid=1 AND isshow=1 )  [ RunTime:0.0000s ]
SQL: SELECT `id`,`name`,`title`,`icon` FROM `sys_auth_rule` WHERE ( pid=70 AND isshow=1 )  [ RunTime:0.0000s ]
SQL: SELECT `id`,`name`,`title`,`icon` FROM `sys_auth_rule` WHERE ( pid=3 AND isshow=1 )  [ RunTime:0.0000s ]
SQL: SELECT `id`,`name`,`title`,`icon` FROM `sys_auth_rule` WHERE ( pid=2 AND isshow=1 )  [ RunTime:0.0010s ]
SQL: SELECT `id`,`name`,`title`,`icon` FROM `sys_auth_rule` WHERE ( pid=56 AND isshow=1 )  [ RunTime:0.0000s ]
INFO: [ view_parse ] --START--
INFO: [ template_filter ] --START--
INFO: Run Behavior\ContentReplaceBehavior [ RunTime:0.000000s ]
INFO: [ template_filter ] --END-- [ RunTime:0.000000s ]
INFO: Run Behavior\ParseTemplateBehavior [ RunTime:0.009000s ]
INFO: [ view_parse ] --END-- [ RunTime:0.009000s ]
INFO: [ view_filter ] --START--
INFO: Run Behavior\WriteHtmlCacheBehavior [ RunTime:0.001000s ]
INFO: [ view_filter ] --END-- [ RunTime:0.001000s ]
INFO: [ app_end ] --START--
INFO: Run Behavior\ShowPageTraceBehavior [ RunTime:0.000000s ]
INFO: [ app_end ] --END-- [ RunTime:0.000000s ]

[ 2016-05-04T15:10:31+08:00 ] 127.0.0.1 /admin
INFO: [ app_init ] --START--
INFO: Run Behavior\BuildLiteBehavior [ RunTime:0.000000s ]
INFO: [ app_init ] --END-- [ RunTime:0.001000s ]
INFO: [ app_begin ] --START--
INFO: Run Behavior\ReadHtmlCacheBehavior [ RunTime:0.000000s ]
INFO: [ app_begin ] --END-- [ RunTime:0.000000s ]
SQL: SHOW COLUMNS FROM `sys_auth_rule` [ RunTime:0.0040s ]
SQL: SELECT `id`,`name`,`title`,`icon` FROM `sys_auth_rule` WHERE `pid` = 0 AND `isshow` = 1 ORDER BY sort  [ RunTime:0.0000s ]
SQL: SHOW COLUMNS FROM `sys_auth_group_access` [ RunTime:0.0030s ]
SQL: SELECT `uid`,`group_id`,`title`,`rules` FROM sys_auth_group_access a INNER JOIN sys_auth_group g on a.group_id=g.id  WHERE ( a.uid='1' and g.status='1' )  [ RunTime:0.0000s ]
SQL: SHOW COLUMNS FROM `sys_auth_rule` [ RunTime:0.0040s ]
SQL: SELECT `condition`,`name` FROM `sys_auth_rule` WHERE `id` IN ('1','2','3','53','54','57','55','56')  [ RunTime:0.0000s ]
SQL: SELECT `id`,`name`,`title`,`icon` FROM `sys_auth_rule` WHERE ( pid=1 AND isshow=1 )  [ RunTime:0.0000s ]
SQL: SELECT `id`,`name`,`title`,`icon` FROM `sys_auth_rule` WHERE ( pid=70 AND isshow=1 )  [ RunTime:0.0000s ]
SQL: SELECT `id`,`name`,`title`,`icon` FROM `sys_auth_rule` WHERE ( pid=3 AND isshow=1 )  [ RunTime:0.0000s ]
SQL: SELECT `id`,`name`,`title`,`icon` FROM `sys_auth_rule` WHERE ( pid=2 AND isshow=1 )  [ RunTime:0.0000s ]
SQL: SELECT `id`,`name`,`title`,`icon` FROM `sys_auth_rule` WHERE ( pid=56 AND isshow=1 )  [ RunTime:0.0010s ]
INFO: [ view_parse ] --START--
INFO: [ template_filter ] --START--
INFO: Run Behavior\ContentReplaceBehavior [ RunTime:0.001000s ]
INFO: [ template_filter ] --END-- [ RunTime:0.001000s ]
INFO: Run Behavior\ParseTemplateBehavior [ RunTime:0.012001s ]
INFO: [ view_parse ] --END-- [ RunTime:0.012001s ]
INFO: [ view_filter ] --START--
INFO: Run Behavior\WriteHtmlCacheBehavior [ RunTime:0.001000s ]
INFO: [ view_filter ] --END-- [ RunTime:0.001000s ]
INFO: [ app_end ] --START--
INFO: Run Behavior\ShowPageTraceBehavior [ RunTime:0.000000s ]
INFO: [ app_end ] --END-- [ RunTime:0.000000s ]

[ 2016-05-04T15:10:32+08:00 ] 127.0.0.1 /index.php/Admin/Index/mainInfo
INFO: [ app_init ] --START--
INFO: Run Behavior\BuildLiteBehavior [ RunTime:0.000000s ]
INFO: [ app_init ] --END-- [ RunTime:0.000000s ]
INFO: [ app_begin ] --START--
INFO: Run Behavior\ReadHtmlCacheBehavior [ RunTime:0.000000s ]
INFO: [ app_begin ] --END-- [ RunTime:0.000000s ]
SQL: SHOW COLUMNS FROM `sys_auth_rule` [ RunTime:0.0030s ]
SQL: SELECT `id`,`name`,`title`,`icon` FROM `sys_auth_rule` WHERE `pid` = 0 AND `isshow` = 1 ORDER BY sort  [ RunTime:0.0010s ]
SQL: SHOW COLUMNS FROM `sys_auth_group_access` [ RunTime:0.0040s ]
SQL: SELECT `uid`,`group_id`,`title`,`rules` FROM sys_auth_group_access a INNER JOIN sys_auth_group g on a.group_id=g.id  WHERE ( a.uid='1' and g.status='1' )  [ RunTime:0.0000s ]
SQL: SHOW COLUMNS FROM `sys_auth_rule` [ RunTime:0.0030s ]
SQL: SELECT `condition`,`name` FROM `sys_auth_rule` WHERE `id` IN ('1','2','3','53','54','57','55','56')  [ RunTime:0.0000s ]
SQL: SELECT `id`,`name`,`title`,`icon` FROM `sys_auth_rule` WHERE ( pid=1 AND isshow=1 )  [ RunTime:0.0000s ]
SQL: SELECT `id`,`name`,`title`,`icon` FROM `sys_auth_rule` WHERE ( pid=70 AND isshow=1 )  [ RunTime:0.0010s ]
SQL: SELECT `id`,`name`,`title`,`icon` FROM `sys_auth_rule` WHERE ( pid=3 AND isshow=1 )  [ RunTime:0.0000s ]
SQL: SELECT `id`,`name`,`title`,`icon` FROM `sys_auth_rule` WHERE ( pid=2 AND isshow=1 )  [ RunTime:0.0010s ]
SQL: SELECT `id`,`name`,`title`,`icon` FROM `sys_auth_rule` WHERE ( pid=56 AND isshow=1 )  [ RunTime:0.0000s ]
INFO: [ view_parse ] --START--
INFO: [ template_filter ] --START--
INFO: Run Behavior\ContentReplaceBehavior [ RunTime:0.000000s ]
INFO: [ template_filter ] --END-- [ RunTime:0.000000s ]
INFO: Run Behavior\ParseTemplateBehavior [ RunTime:0.008000s ]
INFO: [ view_parse ] --END-- [ RunTime:0.008000s ]
INFO: [ view_filter ] --START--
INFO: Run Behavior\WriteHtmlCacheBehavior [ RunTime:0.000000s ]
INFO: [ view_filter ] --END-- [ RunTime:0.000000s ]
INFO: [ app_end ] --START--
INFO: Run Behavior\ShowPageTraceBehavior [ RunTime:0.001000s ]
INFO: [ app_end ] --END-- [ RunTime:0.001000s ]

[ 2016-05-04T15:11:01+08:00 ] 127.0.0.1 /admin
INFO: [ app_init ] --START--
INFO: Run Behavior\BuildLiteBehavior [ RunTime:0.000000s ]
INFO: [ app_init ] --END-- [ RunTime:0.001000s ]
INFO: [ app_begin ] --START--
INFO: Run Behavior\ReadHtmlCacheBehavior [ RunTime:0.001000s ]
INFO: [ app_begin ] --END-- [ RunTime:0.001000s ]
SQL: SHOW COLUMNS FROM `sys_auth_rule` [ RunTime:0.0030s ]
SQL: SELECT `id`,`name`,`title`,`icon` FROM `sys_auth_rule` WHERE `pid` = 0 AND `isshow` = 1 ORDER BY sort  [ RunTime:0.0010s ]
SQL: SHOW COLUMNS FROM `sys_auth_group_access` [ RunTime:0.0030s ]
SQL: SELECT `uid`,`group_id`,`title`,`rules` FROM sys_auth_group_access a INNER JOIN sys_auth_group g on a.group_id=g.id  WHERE ( a.uid='1' and g.status='1' )  [ RunTime:0.0010s ]
SQL: SHOW COLUMNS FROM `sys_auth_rule` [ RunTime:0.0050s ]
SQL: SELECT `condition`,`name` FROM `sys_auth_rule` WHERE `id` IN ('1','2','3','53','54','57','55','56')  [ RunTime:0.0000s ]
SQL: SELECT `id`,`name`,`title`,`icon` FROM `sys_auth_rule` WHERE ( pid=1 AND isshow=1 )  [ RunTime:0.0000s ]
SQL: SELECT `id`,`name`,`title`,`icon` FROM `sys_auth_rule` WHERE ( pid=70 AND isshow=1 )  [ RunTime:0.0000s ]
SQL: SELECT `id`,`name`,`title`,`icon` FROM `sys_auth_rule` WHERE ( pid=3 AND isshow=1 )  [ RunTime:0.0000s ]
SQL: SELECT `id`,`name`,`title`,`icon` FROM `sys_auth_rule` WHERE ( pid=2 AND isshow=1 )  [ RunTime:0.0010s ]
SQL: SELECT `id`,`name`,`title`,`icon` FROM `sys_auth_rule` WHERE ( pid=56 AND isshow=1 )  [ RunTime:0.0000s ]
INFO: [ view_parse ] --START--
INFO: [ template_filter ] --START--
INFO: Run Behavior\ContentReplaceBehavior [ RunTime:0.000000s ]
INFO: [ template_filter ] --END-- [ RunTime:0.000000s ]
INFO: Run Behavior\ParseTemplateBehavior [ RunTime:0.011001s ]
INFO: [ view_parse ] --END-- [ RunTime:0.011001s ]
INFO: [ view_filter ] --START--
INFO: Run Behavior\WriteHtmlCacheBehavior [ RunTime:0.001000s ]
INFO: [ view_filter ] --END-- [ RunTime:0.001000s ]
INFO: [ app_end ] --START--
INFO: Run Behavior\ShowPageTraceBehavior [ RunTime:0.001000s ]
INFO: [ app_end ] --END-- [ RunTime:0.001000s ]

[ 2016-05-04T15:11:01+08:00 ] 127.0.0.1 /index.php/Admin/Index/mainInfo
INFO: [ app_init ] --START--
INFO: Run Behavior\BuildLiteBehavior [ RunTime:0.000000s ]
INFO: [ app_init ] --END-- [ RunTime:0.000000s ]
INFO: [ app_begin ] --START--
INFO: Run Behavior\ReadHtmlCacheBehavior [ RunTime:0.000000s ]
INFO: [ app_begin ] --END-- [ RunTime:0.000000s ]
SQL: SHOW COLUMNS FROM `sys_auth_rule` [ RunTime:0.0030s ]
SQL: SELECT `id`,`name`,`title`,`icon` FROM `sys_auth_rule` WHERE `pid` = 0 AND `isshow` = 1 ORDER BY sort  [ RunTime:0.0000s ]
SQL: SHOW COLUMNS FROM `sys_auth_group_access` [ RunTime:0.0030s ]
SQL: SELECT `uid`,`group_id`,`title`,`rules` FROM sys_auth_group_access a INNER JOIN sys_auth_group g on a.group_id=g.id  WHERE ( a.uid='1' and g.status='1' )  [ RunTime:0.0000s ]
SQL: SHOW COLUMNS FROM `sys_auth_rule` [ RunTime:0.0030s ]
SQL: SELECT `condition`,`name` FROM `sys_auth_rule` WHERE `id` IN ('1','2','3','53','54','57','55','56')  [ RunTime:0.0000s ]
SQL: SELECT `id`,`name`,`title`,`icon` FROM `sys_auth_rule` WHERE ( pid=1 AND isshow=1 )  [ RunTime:0.0000s ]
SQL: SELECT `id`,`name`,`title`,`icon` FROM `sys_auth_rule` WHERE ( pid=70 AND isshow=1 )  [ RunTime:0.0000s ]
SQL: SELECT `id`,`name`,`title`,`icon` FROM `sys_auth_rule` WHERE ( pid=3 AND isshow=1 )  [ RunTime:0.0000s ]
SQL: SELECT `id`,`name`,`title`,`icon` FROM `sys_auth_rule` WHERE ( pid=2 AND isshow=1 )  [ RunTime:0.0000s ]
SQL: SELECT `id`,`name`,`title`,`icon` FROM `sys_auth_rule` WHERE ( pid=56 AND isshow=1 )  [ RunTime:0.0000s ]
INFO: [ view_parse ] --START--
INFO: [ template_filter ] --START--
INFO: Run Behavior\ContentReplaceBehavior [ RunTime:0.000000s ]
INFO: [ template_filter ] --END-- [ RunTime:0.000000s ]
INFO: Run Behavior\ParseTemplateBehavior [ RunTime:0.008001s ]
INFO: [ view_parse ] --END-- [ RunTime:0.008001s ]
INFO: [ view_filter ] --START--
INFO: Run Behavior\WriteHtmlCacheBehavior [ RunTime:0.000000s ]
INFO: [ view_filter ] --END-- [ RunTime:0.000000s ]
INFO: [ app_end ] --START--
INFO: Run Behavior\ShowPageTraceBehavior [ RunTime:0.001000s ]
INFO: [ app_end ] --END-- [ RunTime:0.001000s ]

[ 2016-05-04T15:15:59+08:00 ] 127.0.0.1 /admin
INFO: [ app_init ] --START--
INFO: Run Behavior\BuildLiteBehavior [ RunTime:0.000000s ]
INFO: [ app_init ] --END-- [ RunTime:0.000000s ]
INFO: [ app_begin ] --START--
INFO: Run Behavior\ReadHtmlCacheBehavior [ RunTime:0.001000s ]
INFO: [ app_begin ] --END-- [ RunTime:0.001000s ]
SQL: SHOW COLUMNS FROM `sys_auth_rule` [ RunTime:0.0030s ]
SQL: SELECT `id`,`name`,`title`,`icon` FROM `sys_auth_rule` WHERE `pid` = 0 AND `isshow` = 1 ORDER BY sort  [ RunTime:0.0010s ]
SQL: SHOW COLUMNS FROM `sys_auth_group_access` [ RunTime:0.0040s ]
SQL: SELECT `uid`,`group_id`,`title`,`rules` FROM sys_auth_group_access a INNER JOIN sys_auth_group g on a.group_id=g.id  WHERE ( a.uid='1' and g.status='1' )  [ RunTime:0.0010s ]
SQL: SHOW COLUMNS FROM `sys_auth_rule` [ RunTime:0.0070s ]
SQL: SELECT `condition`,`name` FROM `sys_auth_rule` WHERE `id` IN ('1','2','3','53','54','57','55','56')  [ RunTime:0.0010s ]
SQL: SELECT `id`,`name`,`title`,`icon` FROM `sys_auth_rule` WHERE ( pid=1 AND isshow=1 )  [ RunTime:0.0000s ]
SQL: SELECT `id`,`name`,`title`,`icon` FROM `sys_auth_rule` WHERE ( pid=70 AND isshow=1 )  [ RunTime:0.0000s ]
SQL: SELECT `id`,`name`,`title`,`icon` FROM `sys_auth_rule` WHERE ( pid=3 AND isshow=1 )  [ RunTime:0.0000s ]
SQL: SELECT `id`,`name`,`title`,`icon` FROM `sys_auth_rule` WHERE ( pid=2 AND isshow=1 )  [ RunTime:0.0000s ]
SQL: SELECT `id`,`name`,`title`,`icon` FROM `sys_auth_rule` WHERE ( pid=56 AND isshow=1 )  [ RunTime:0.0000s ]
INFO: [ view_parse ] --START--
INFO: [ template_filter ] --START--
INFO: Run Behavior\ContentReplaceBehavior [ RunTime:0.000000s ]
INFO: [ template_filter ] --END-- [ RunTime:0.000000s ]
INFO: Run Behavior\ParseTemplateBehavior [ RunTime:0.013001s ]
INFO: [ view_parse ] --END-- [ RunTime:0.013001s ]
INFO: [ view_filter ] --START--
INFO: Run Behavior\WriteHtmlCacheBehavior [ RunTime:0.000000s ]
INFO: [ view_filter ] --END-- [ RunTime:0.000000s ]
INFO: [ app_end ] --START--
INFO: Run Behavior\ShowPageTraceBehavior [ RunTime:0.001000s ]
INFO: [ app_end ] --END-- [ RunTime:0.001000s ]

[ 2016-05-04T15:15:59+08:00 ] 127.0.0.1 /index.php/Admin/Index/mainInfo
INFO: [ app_init ] --START--
INFO: Run Behavior\BuildLiteBehavior [ RunTime:0.000000s ]
INFO: [ app_init ] --END-- [ RunTime:0.000000s ]
INFO: [ app_begin ] --START--
INFO: Run Behavior\ReadHtmlCacheBehavior [ RunTime:0.000000s ]
INFO: [ app_begin ] --END-- [ RunTime:0.000000s ]
SQL: SHOW COLUMNS FROM `sys_auth_rule` [ RunTime:0.0030s ]
SQL: SELECT `id`,`name`,`title`,`icon` FROM `sys_auth_rule` WHERE `pid` = 0 AND `isshow` = 1 ORDER BY sort  [ RunTime:0.0010s ]
SQL: SHOW COLUMNS FROM `sys_auth_group_access` [ RunTime:0.0040s ]
SQL: SELECT `uid`,`group_id`,`title`,`rules` FROM sys_auth_group_access a INNER JOIN sys_auth_group g on a.group_id=g.id  WHERE ( a.uid='1' and g.status='1' )  [ RunTime:0.0000s ]
SQL: SHOW COLUMNS FROM `sys_auth_rule` [ RunTime:0.0030s ]
SQL: SELECT `condition`,`name` FROM `sys_auth_rule` WHERE `id` IN ('1','2','3','53','54','57','55','56')  [ RunTime:0.0000s ]
SQL: SELECT `id`,`name`,`title`,`icon` FROM `sys_auth_rule` WHERE ( pid=1 AND isshow=1 )  [ RunTime:0.0000s ]
SQL: SELECT `id`,`name`,`title`,`icon` FROM `sys_auth_rule` WHERE ( pid=70 AND isshow=1 )  [ RunTime:0.0000s ]
SQL: SELECT `id`,`name`,`title`,`icon` FROM `sys_auth_rule` WHERE ( pid=3 AND isshow=1 )  [ RunTime:0.0010s ]
SQL: SELECT `id`,`name`,`title`,`icon` FROM `sys_auth_rule` WHERE ( pid=2 AND isshow=1 )  [ RunTime:0.0000s ]
SQL: SELECT `id`,`name`,`title`,`icon` FROM `sys_auth_rule` WHERE ( pid=56 AND isshow=1 )  [ RunTime:0.0000s ]
INFO: [ view_parse ] --START--
INFO: [ template_filter ] --START--
INFO: Run Behavior\ContentReplaceBehavior [ RunTime:0.000000s ]
INFO: [ template_filter ] --END-- [ RunTime:0.000000s ]
INFO: Run Behavior\ParseTemplateBehavior [ RunTime:0.008000s ]
INFO: [ view_parse ] --END-- [ RunTime:0.008000s ]
INFO: [ view_filter ] --START--
INFO: Run Behavior\WriteHtmlCacheBehavior [ RunTime:0.001000s ]
INFO: [ view_filter ] --END-- [ RunTime:0.001000s ]
INFO: [ app_end ] --START--
INFO: Run Behavior\ShowPageTraceBehavior [ RunTime:0.001000s ]
INFO: [ app_end ] --END-- [ RunTime:0.001000s ]

[ 2016-05-04T15:19:31+08:00 ] 127.0.0.1 /admin
INFO: [ app_init ] --START--
INFO: Run Behavior\BuildLiteBehavior [ RunTime:0.000000s ]
INFO: [ app_init ] --END-- [ RunTime:0.000000s ]
INFO: [ app_begin ] --START--
INFO: Run Behavior\ReadHtmlCacheBehavior [ RunTime:0.000000s ]
INFO: [ app_begin ] --END-- [ RunTime:0.000000s ]
SQL: SHOW COLUMNS FROM `sys_auth_rule` [ RunTime:0.0030s ]
SQL: SELECT `id`,`name`,`title`,`icon` FROM `sys_auth_rule` WHERE `pid` = 0 AND `isshow` = 1 ORDER BY sort  [ RunTime:0.0000s ]
SQL: SHOW COLUMNS FROM `sys_auth_group_access` [ RunTime:0.0040s ]
SQL: SELECT `uid`,`group_id`,`title`,`rules` FROM sys_auth_group_access a INNER JOIN sys_auth_group g on a.group_id=g.id  WHERE ( a.uid='1' and g.status='1' )  [ RunTime:0.0000s ]
SQL: SHOW COLUMNS FROM `sys_auth_rule` [ RunTime:0.0030s ]
SQL: SELECT `condition`,`name` FROM `sys_auth_rule` WHERE `id` IN ('1','2','3','53','54','57','55','56')  [ RunTime:0.0000s ]
SQL: SELECT `id`,`name`,`title`,`icon` FROM `sys_auth_rule` WHERE ( pid=1 AND isshow=1 )  [ RunTime:0.0000s ]
SQL: SELECT `id`,`name`,`title`,`icon` FROM `sys_auth_rule` WHERE ( pid=70 AND isshow=1 )  [ RunTime:0.0000s ]
SQL: SELECT `id`,`name`,`title`,`icon` FROM `sys_auth_rule` WHERE ( pid=3 AND isshow=1 )  [ RunTime:0.0000s ]
SQL: SELECT `id`,`name`,`title`,`icon` FROM `sys_auth_rule` WHERE ( pid=2 AND isshow=1 )  [ RunTime:0.0000s ]
SQL: SELECT `id`,`name`,`title`,`icon` FROM `sys_auth_rule` WHERE ( pid=56 AND isshow=1 )  [ RunTime:0.0000s ]
INFO: [ view_parse ] --START--
INFO: [ template_filter ] --START--
INFO: Run Behavior\ContentReplaceBehavior [ RunTime:0.000000s ]
INFO: [ template_filter ] --END-- [ RunTime:0.000000s ]
INFO: Run Behavior\ParseTemplateBehavior [ RunTime:0.012000s ]
INFO: [ view_parse ] --END-- [ RunTime:0.012000s ]
INFO: [ view_filter ] --START--
INFO: Run Behavior\WriteHtmlCacheBehavior [ RunTime:0.000000s ]
INFO: [ view_filter ] --END-- [ RunTime:0.000000s ]
INFO: [ app_end ] --START--
INFO: Run Behavior\ShowPageTraceBehavior [ RunTime:0.001000s ]
INFO: [ app_end ] --END-- [ RunTime:0.001000s ]

[ 2016-05-04T15:19:32+08:00 ] 127.0.0.1 /index.php/Admin/Index/mainInfo
INFO: [ app_init ] --START--
INFO: Run Behavior\BuildLiteBehavior [ RunTime:0.000000s ]
INFO: [ app_init ] --END-- [ RunTime:0.000000s ]
INFO: [ app_begin ] --START--
INFO: Run Behavior\ReadHtmlCacheBehavior [ RunTime:0.000000s ]
INFO: [ app_begin ] --END-- [ RunTime:0.000000s ]
SQL: SHOW COLUMNS FROM `sys_auth_rule` [ RunTime:0.0040s ]
SQL: SELECT `id`,`name`,`title`,`icon` FROM `sys_auth_rule` WHERE `pid` = 0 AND `isshow` = 1 ORDER BY sort  [ RunTime:0.0000s ]
SQL: SHOW COLUMNS FROM `sys_auth_group_access` [ RunTime:0.0040s ]
SQL: SELECT `uid`,`group_id`,`title`,`rules` FROM sys_auth_group_access a INNER JOIN sys_auth_group g on a.group_id=g.id  WHERE ( a.uid='1' and g.status='1' )  [ RunTime:0.0000s ]
SQL: SHOW COLUMNS FROM `sys_auth_rule` [ RunTime:0.0040s ]
SQL: SELECT `condition`,`name` FROM `sys_auth_rule` WHERE `id` IN ('1','2','3','53','54','57','55','56')  [ RunTime:0.0000s ]
SQL: SELECT `id`,`name`,`title`,`icon` FROM `sys_auth_rule` WHERE ( pid=1 AND isshow=1 )  [ RunTime:0.0000s ]
SQL: SELECT `id`,`name`,`title`,`icon` FROM `sys_auth_rule` WHERE ( pid=70 AND isshow=1 )  [ RunTime:0.0000s ]
SQL: SELECT `id`,`name`,`title`,`icon` FROM `sys_auth_rule` WHERE ( pid=3 AND isshow=1 )  [ RunTime:0.0000s ]
SQL: SELECT `id`,`name`,`title`,`icon` FROM `sys_auth_rule` WHERE ( pid=2 AND isshow=1 )  [ RunTime:0.0000s ]
SQL: SELECT `id`,`name`,`title`,`icon` FROM `sys_auth_rule` WHERE ( pid=56 AND isshow=1 )  [ RunTime:0.0000s ]
INFO: [ view_parse ] --START--
INFO: [ template_filter ] --START--
INFO: Run Behavior\ContentReplaceBehavior [ RunTime:0.000000s ]
INFO: [ template_filter ] --END-- [ RunTime:0.000000s ]
INFO: Run Behavior\ParseTemplateBehavior [ RunTime:0.007000s ]
INFO: [ view_parse ] --END-- [ RunTime:0.008000s ]
INFO: [ view_filter ] --START--
INFO: Run Behavior\WriteHtmlCacheBehavior [ RunTime:0.001000s ]
INFO: [ view_filter ] --END-- [ RunTime:0.001000s ]
INFO: [ app_end ] --START--
INFO: Run Behavior\ShowPageTraceBehavior [ RunTime:0.000000s ]
INFO: [ app_end ] --END-- [ RunTime:0.000000s ]

[ 2016-05-04T16:05:05+08:00 ] 127.0.0.1 /admin
INFO: [ app_init ] --START--
INFO: Run Behavior\BuildLiteBehavior [ RunTime:0.000000s ]
INFO: [ app_init ] --END-- [ RunTime:0.000000s ]
INFO: [ app_begin ] --START--
INFO: Run Behavior\ReadHtmlCacheBehavior [ RunTime:0.001000s ]
INFO: [ app_begin ] --END-- [ RunTime:0.001000s ]

[ 2016-05-04T16:06:04+08:00 ] 127.0.0.1 /admin
INFO: [ app_init ] --START--
INFO: Run Behavior\BuildLiteBehavior [ RunTime:0.000000s ]
INFO: [ app_init ] --END-- [ RunTime:0.001000s ]
INFO: [ app_begin ] --START--
INFO: Run Behavior\ReadHtmlCacheBehavior [ RunTime:0.001000s ]
INFO: [ app_begin ] --END-- [ RunTime:0.001000s ]
SQL: SHOW COLUMNS FROM `sys_auth_group_access` [ RunTime:0.0040s ]
SQL: SELECT `uid`,`group_id`,`title`,`rules` FROM sys_auth_group_access a INNER JOIN sys_auth_group g on a.group_id=g.id  WHERE ( a.uid='1' and g.status='1' )  [ RunTime:0.0010s ]

[ 2016-05-04T17:20:38+08:00 ] 127.0.0.1 /admin
INFO: [ app_init ] --START--
INFO: Run Behavior\BuildLiteBehavior [ RunTime:0.001001s ]
INFO: [ app_init ] --END-- [ RunTime:0.001001s ]
INFO: [ app_begin ] --START--
INFO: Run Behavior\ReadHtmlCacheBehavior [ RunTime:0.001000s ]
INFO: [ app_begin ] --END-- [ RunTime:0.001000s ]
SQL: SHOW COLUMNS FROM `sys_auth_rule` [ RunTime:0.0040s ]
SQL: SELECT `id`,`name`,`title`,`icon` FROM `sys_auth_rule` WHERE `pid` = 0 AND `isshow` = 1 ORDER BY sort  [ RunTime:0.0000s ]
SQL: SHOW COLUMNS FROM `sys_auth_group_access` [ RunTime:0.0040s ]
SQL: SELECT `uid`,`group_id`,`title`,`rules` FROM sys_auth_group_access a INNER JOIN sys_auth_group g on a.group_id=g.id  WHERE ( a.uid='1' and g.status='1' )  [ RunTime:0.0010s ]
SQL: SHOW COLUMNS FROM `sys_auth_rule` [ RunTime:0.0030s ]
SQL: SELECT `condition`,`name` FROM `sys_auth_rule` WHERE `id` IN ('1','2','3','53','54','57','55','56')  [ RunTime:0.0000s ]
SQL: SELECT `id`,`name`,`title`,`icon` FROM `sys_auth_rule` WHERE ( pid=1 AND isshow=1 )  [ RunTime:0.0010s ]
SQL: SELECT `id`,`name`,`title`,`icon` FROM `sys_auth_rule` WHERE ( pid=70 AND isshow=1 )  [ RunTime:0.0000s ]
SQL: SELECT `id`,`name`,`title`,`icon` FROM `sys_auth_rule` WHERE ( pid=3 AND isshow=1 )  [ RunTime:0.0000s ]
SQL: SELECT `id`,`name`,`title`,`icon` FROM `sys_auth_rule` WHERE ( pid=2 AND isshow=1 )  [ RunTime:0.0000s ]
SQL: SELECT `id`,`name`,`title`,`icon` FROM `sys_auth_rule` WHERE ( pid=56 AND isshow=1 )  [ RunTime:0.0010s ]
INFO: [ view_parse ] --START--
INFO: [ template_filter ] --START--
INFO: Run Behavior\ContentReplaceBehavior [ RunTime:0.000000s ]
INFO: [ template_filter ] --END-- [ RunTime:0.000000s ]
INFO: Run Behavior\ParseTemplateBehavior [ RunTime:0.014001s ]
INFO: [ view_parse ] --END-- [ RunTime:0.014001s ]
INFO: [ view_filter ] --START--
INFO: Run Behavior\WriteHtmlCacheBehavior [ RunTime:0.001000s ]
INFO: [ view_filter ] --END-- [ RunTime:0.001000s ]
INFO: [ app_end ] --START--
INFO: Run Behavior\ShowPageTraceBehavior [ RunTime:0.017001s ]
INFO: [ app_end ] --END-- [ RunTime:0.017001s ]

[ 2016-05-04T17:20:38+08:00 ] 127.0.0.1 /index.php/Admin/Index/mainInfo
INFO: [ app_init ] --START--
INFO: Run Behavior\BuildLiteBehavior [ RunTime:0.000000s ]
INFO: [ app_init ] --END-- [ RunTime:0.000000s ]
INFO: [ app_begin ] --START--
INFO: Run Behavior\ReadHtmlCacheBehavior [ RunTime:0.000000s ]
INFO: [ app_begin ] --END-- [ RunTime:0.000000s ]
SQL: SHOW COLUMNS FROM `sys_auth_rule` [ RunTime:0.0040s ]
SQL: SELECT `id`,`name`,`title`,`icon` FROM `sys_auth_rule` WHERE `pid` = 0 AND `isshow` = 1 ORDER BY sort  [ RunTime:0.0000s ]
SQL: SHOW COLUMNS FROM `sys_auth_group_access` [ RunTime:0.0050s ]
SQL: SELECT `uid`,`group_id`,`title`,`rules` FROM sys_auth_group_access a INNER JOIN sys_auth_group g on a.group_id=g.id  WHERE ( a.uid='1' and g.status='1' )  [ RunTime:0.0000s ]
SQL: SHOW COLUMNS FROM `sys_auth_rule` [ RunTime:0.0040s ]
SQL: SELECT `condition`,`name` FROM `sys_auth_rule` WHERE `id` IN ('1','2','3','53','54','57','55','56')  [ RunTime:0.0010s ]
SQL: SELECT `id`,`name`,`title`,`icon` FROM `sys_auth_rule` WHERE ( pid=1 AND isshow=1 )  [ RunTime:0.0000s ]
SQL: SELECT `id`,`name`,`title`,`icon` FROM `sys_auth_rule` WHERE ( pid=70 AND isshow=1 )  [ RunTime:0.0000s ]
SQL: SELECT `id`,`name`,`title`,`icon` FROM `sys_auth_rule` WHERE ( pid=3 AND isshow=1 )  [ RunTime:0.0010s ]
SQL: SELECT `id`,`name`,`title`,`icon` FROM `sys_auth_rule` WHERE ( pid=2 AND isshow=1 )  [ RunTime:0.0000s ]
SQL: SELECT `id`,`name`,`title`,`icon` FROM `sys_auth_rule` WHERE ( pid=56 AND isshow=1 )  [ RunTime:0.0010s ]
INFO: [ view_parse ] --START--
INFO: [ template_filter ] --START--
INFO: Run Behavior\ContentReplaceBehavior [ RunTime:0.000000s ]
INFO: [ template_filter ] --END-- [ RunTime:0.000000s ]
INFO: Run Behavior\ParseTemplateBehavior [ RunTime:0.008001s ]
INFO: [ view_parse ] --END-- [ RunTime:0.008001s ]
INFO: [ view_filter ] --START--
INFO: Run Behavior\WriteHtmlCacheBehavior [ RunTime:0.000000s ]
INFO: [ view_filter ] --END-- [ RunTime:0.000000s ]
INFO: [ app_end ] --START--
INFO: Run Behavior\ShowPageTraceBehavior [ RunTime:0.002000s ]
INFO: [ app_end ] --END-- [ RunTime:0.002000s ]

[ 2016-05-04T17:20:41+08:00 ] 127.0.0.1 /index.php/Admin/Auth/Index
INFO: [ app_init ] --START--
INFO: Run Behavior\BuildLiteBehavior [ RunTime:0.000000s ]
INFO: [ app_init ] --END-- [ RunTime:0.001000s ]
INFO: [ app_begin ] --START--
INFO: Run Behavior\ReadHtmlCacheBehavior [ RunTime:0.000000s ]
INFO: [ app_begin ] --END-- [ RunTime:0.000000s ]
SQL: SHOW COLUMNS FROM `sys_auth_rule` [ RunTime:0.0030s ]
SQL: SELECT `id`,`name`,`title`,`icon` FROM `sys_auth_rule` WHERE `pid` = 0 AND `isshow` = 1 ORDER BY sort  [ RunTime:0.0010s ]
SQL: SHOW COLUMNS FROM `sys_auth_group_access` [ RunTime:0.0020s ]
SQL: SELECT `uid`,`group_id`,`title`,`rules` FROM sys_auth_group_access a INNER JOIN sys_auth_group g on a.group_id=g.id  WHERE ( a.uid='1' and g.status='1' )  [ RunTime:0.0010s ]
SQL: SHOW COLUMNS FROM `sys_auth_rule` [ RunTime:0.0030s ]
SQL: SELECT `condition`,`name` FROM `sys_auth_rule` WHERE `id` IN ('1','2','3','53','54','57','55','56')  [ RunTime:0.0000s ]
SQL: SELECT `id`,`name`,`title`,`icon` FROM `sys_auth_rule` WHERE ( pid=1 AND isshow=1 )  [ RunTime:0.0000s ]
SQL: SELECT `id`,`name`,`title`,`icon` FROM `sys_auth_rule` WHERE ( pid=70 AND isshow=1 )  [ RunTime:0.0010s ]
SQL: SELECT `id`,`name`,`title`,`icon` FROM `sys_auth_rule` WHERE ( pid=3 AND isshow=1 )  [ RunTime:0.0000s ]
SQL: SELECT `id`,`name`,`title`,`icon` FROM `sys_auth_rule` WHERE ( pid=2 AND isshow=1 )  [ RunTime:0.0000s ]
SQL: SELECT `id`,`name`,`title`,`icon` FROM `sys_auth_rule` WHERE ( pid=56 AND isshow=1 )  [ RunTime:0.0010s ]
SQL: SELECT `title`,`name`,`pid`,`id`,`create_time`,`isshow`,`sort` FROM `sys_auth_rule` ORDER BY sort  [ RunTime:0.0000s ]
INFO: [ view_parse ] --START--
INFO: [ template_filter ] --START--
INFO: Run Behavior\ContentReplaceBehavior [ RunTime:0.000000s ]
INFO: [ template_filter ] --END-- [ RunTime:0.000000s ]
INFO: Run Behavior\ParseTemplateBehavior [ RunTime:0.014001s ]
INFO: [ view_parse ] --END-- [ RunTime:0.014001s ]
INFO: [ view_filter ] --START--
INFO: Run Behavior\WriteHtmlCacheBehavior [ RunTime:0.000000s ]
INFO: [ view_filter ] --END-- [ RunTime:0.000000s ]
INFO: [ app_end ] --START--
INFO: Run Behavior\ShowPageTraceBehavior [ RunTime:0.002000s ]
INFO: [ app_end ] --END-- [ RunTime:0.002000s ]

[ 2016-05-04T17:20:45+08:00 ] 127.0.0.1 /index.php/Admin/Auth/Index
INFO: [ app_init ] --START--
INFO: Run Behavior\BuildLiteBehavior [ RunTime:0.000000s ]
INFO: [ app_init ] --END-- [ RunTime:0.000000s ]
INFO: [ app_begin ] --START--
INFO: Run Behavior\ReadHtmlCacheBehavior [ RunTime:0.000000s ]
INFO: [ app_begin ] --END-- [ RunTime:0.000000s ]
SQL: SHOW COLUMNS FROM `sys_auth_rule` [ RunTime:0.0040s ]
SQL: SELECT `id`,`name`,`title`,`icon` FROM `sys_auth_rule` WHERE `pid` = 0 AND `isshow` = 1 ORDER BY sort  [ RunTime:0.0010s ]
SQL: SHOW COLUMNS FROM `sys_auth_group_access` [ RunTime:0.0030s ]
SQL: SELECT `uid`,`group_id`,`title`,`rules` FROM sys_auth_group_access a INNER JOIN sys_auth_group g on a.group_id=g.id  WHERE ( a.uid='1' and g.status='1' )  [ RunTime:0.0000s ]
SQL: SHOW COLUMNS FROM `sys_auth_rule` [ RunTime:0.0060s ]
SQL: SELECT `condition`,`name` FROM `sys_auth_rule` WHERE `id` IN ('1','2','3','53','54','57','55','56')  [ RunTime:0.0010s ]
SQL: SELECT `id`,`name`,`title`,`icon` FROM `sys_auth_rule` WHERE ( pid=1 AND isshow=1 )  [ RunTime:0.0000s ]
SQL: SELECT `id`,`name`,`title`,`icon` FROM `sys_auth_rule` WHERE ( pid=70 AND isshow=1 )  [ RunTime:0.0000s ]
SQL: SELECT `id`,`name`,`title`,`icon` FROM `sys_auth_rule` WHERE ( pid=3 AND isshow=1 )  [ RunTime:0.0000s ]
SQL: SELECT `id`,`name`,`title`,`icon` FROM `sys_auth_rule` WHERE ( pid=2 AND isshow=1 )  [ RunTime:0.0010s ]
SQL: SELECT `id`,`name`,`title`,`icon` FROM `sys_auth_rule` WHERE ( pid=56 AND isshow=1 )  [ RunTime:0.0000s ]
SQL: SELECT `title`,`name`,`pid`,`id`,`create_time`,`isshow`,`sort` FROM `sys_auth_rule` ORDER BY sort  [ RunTime:0.0010s ]
INFO: [ view_parse ] --START--
INFO: [ template_filter ] --START--
INFO: Run Behavior\ContentReplaceBehavior [ RunTime:0.000000s ]
INFO: [ template_filter ] --END-- [ RunTime:0.001000s ]
INFO: Run Behavior\ParseTemplateBehavior [ RunTime:0.007000s ]
INFO: [ view_parse ] --END-- [ RunTime:0.007000s ]
INFO: [ view_filter ] --START--
INFO: Run Behavior\WriteHtmlCacheBehavior [ RunTime:0.001000s ]
INFO: [ view_filter ] --END-- [ RunTime:0.001000s ]
INFO: [ app_end ] --START--
INFO: Run Behavior\ShowPageTraceBehavior [ RunTime:0.001001s ]
INFO: [ app_end ] --END-- [ RunTime:0.001001s ]

