[ 2016-04-29T15:02:10+08:00 ] 127.0.0.1 /Admin
INFO: [ app_init ] --START--
INFO: Run Behavior\BuildLiteBehavior [ RunTime:0.000000s ]
INFO: [ app_init ] --END-- [ RunTime:0.001000s ]
INFO: [ app_begin ] --START--
INFO: Run Behavior\ReadHtmlCacheBehavior [ RunTime:0.000000s ]
INFO: [ app_begin ] --END-- [ RunTime:0.000000s ]

[ 2016-04-29T15:02:11+08:00 ] 127.0.0.1 /index.php/Admin/Index/login
INFO: [ app_init ] --START--
INFO: Run Behavior\BuildLiteBehavior [ RunTime:0.000000s ]
INFO: [ app_init ] --END-- [ RunTime:0.001000s ]
INFO: [ app_begin ] --START--
INFO: Run Behavior\ReadHtmlCacheBehavior [ RunTime:0.000000s ]
INFO: [ app_begin ] --END-- [ RunTime:0.000000s ]
SQL: SHOW COLUMNS FROM `sys_auth_rule` [ RunTime:0.0690s ]
SQL: SELECT `id`,`name`,`title`,`icon` FROM `sys_auth_rule` WHERE `pid` = 0 AND `isshow` = 1 ORDER BY sort  [ RunTime:0.1110s ]
SQL: SHOW COLUMNS FROM `sys_auth_group_access` [ RunTime:0.2100s ]
SQL: SELECT `uid`,`group_id`,`title`,`rules` FROM sys_auth_group_access a INNER JOIN sys_auth_group g on a.group_id=g.id  WHERE ( a.uid='' and g.status='1' )  [ RunTime:0.0920s ]
INFO: [ view_parse ] --START--
INFO: [ template_filter ] --START--
INFO: Run Behavior\ContentReplaceBehavior [ RunTime:0.000000s ]
INFO: [ template_filter ] --END-- [ RunTime:0.000000s ]
INFO: Run Behavior\ParseTemplateBehavior [ RunTime:0.314018s ]
INFO: [ view_parse ] --END-- [ RunTime:0.314018s ]
INFO: [ view_filter ] --START--
INFO: Run Behavior\WriteHtmlCacheBehavior [ RunTime:0.010000s ]
INFO: [ view_filter ] --END-- [ RunTime:0.011001s ]
INFO: [ app_end ] --START--
INFO: Run Behavior\ShowPageTraceBehavior [ RunTime:0.001000s ]
INFO: [ app_end ] --END-- [ RunTime:0.001000s ]

[ 2016-04-29T15:02:11+08:00 ] 127.0.0.1 /index.php/Admin/Index/verify
INFO: [ app_init ] --START--
INFO: Run Behavior\BuildLiteBehavior [ RunTime:0.000000s ]
INFO: [ app_init ] --END-- [ RunTime:0.000000s ]
INFO: [ app_begin ] --START--
INFO: Run Behavior\ReadHtmlCacheBehavior [ RunTime:0.001000s ]
INFO: [ app_begin ] --END-- [ RunTime:0.001000s ]
SQL: SHOW COLUMNS FROM `sys_auth_rule` [ RunTime:0.0030s ]
SQL: SELECT `id`,`name`,`title`,`icon` FROM `sys_auth_rule` WHERE `pid` = 0 AND `isshow` = 1 ORDER BY sort  [ RunTime:0.0010s ]
SQL: SHOW COLUMNS FROM `sys_auth_group_access` [ RunTime:0.0020s ]
SQL: SELECT `uid`,`group_id`,`title`,`rules` FROM sys_auth_group_access a INNER JOIN sys_auth_group g on a.group_id=g.id  WHERE ( a.uid='' and g.status='1' )  [ RunTime:0.0000s ]
INFO: [ app_end ] --START--
INFO: Run Behavior\ShowPageTraceBehavior [ RunTime:0.001000s ]
INFO: [ app_end ] --END-- [ RunTime:0.001000s ]

[ 2016-04-29T15:02:20+08:00 ] 127.0.0.1 /index.php/Admin/Index/login
INFO: [ app_init ] --START--
INFO: Run Behavior\BuildLiteBehavior [ RunTime:0.000000s ]
INFO: [ app_init ] --END-- [ RunTime:0.000000s ]
INFO: [ app_begin ] --START--
INFO: Run Behavior\ReadHtmlCacheBehavior [ RunTime:0.000000s ]
INFO: [ app_begin ] --END-- [ RunTime:0.000000s ]
SQL: SHOW COLUMNS FROM `sys_auth_rule` [ RunTime:0.0000s ]
SQL: SELECT `id`,`name`,`title`,`icon` FROM `sys_auth_rule` WHERE `pid` = 0 AND `isshow` = 1 ORDER BY sort  [ RunTime:0.0000s ]
SQL: SHOW COLUMNS FROM `sys_auth_group_access` [ RunTime:0.0000s ]
SQL: SELECT `uid`,`group_id`,`title`,`rules` FROM sys_auth_group_access a INNER JOIN sys_auth_group g on a.group_id=g.id  WHERE ( a.uid='' and g.status='1' )  [ RunTime:0.0000s ]
SQL: SHOW COLUMNS FROM `sys_admin` [ RunTime:0.0020s ]
SQL: SELECT * FROM `sys_admin` WHERE `username` = 'admin' LIMIT 1   [ RunTime:0.0000s ]
SQL: UPDATE `sys_admin` SET `last_login_time`='1461913340',`last_login_ip`='127.0.0.1' WHERE `id` = 1 [ RunTime:0.1680s ]
SQL: SHOW COLUMNS FROM `sys_auth_group_access` [ RunTime:0.0010s ]
SQL: SELECT `uid`,`group_id`,`title`,`rules` FROM sys_auth_group_access a INNER JOIN sys_auth_group g on a.group_id=g.id  WHERE ( a.uid='1' and g.status='1' )  [ RunTime:0.0210s ]
INFO: [ view_parse ] --START--
INFO: [ template_filter ] --START--
INFO: Run Behavior\ContentReplaceBehavior [ RunTime:0.000000s ]
INFO: [ template_filter ] --END-- [ RunTime:0.000000s ]
INFO: Run Behavior\ParseTemplateBehavior [ RunTime:0.010000s ]
INFO: [ view_parse ] --END-- [ RunTime:0.010000s ]
INFO: [ view_filter ] --START--
INFO: Run Behavior\WriteHtmlCacheBehavior [ RunTime:0.000000s ]
INFO: [ view_filter ] --END-- [ RunTime:0.000000s ]
INFO: [ app_end ] --START--
INFO: Run Behavior\ShowPageTraceBehavior [ RunTime:0.000000s ]
INFO: [ app_end ] --END-- [ RunTime:0.000000s ]

[ 2016-04-29T15:02:22+08:00 ] 127.0.0.1 /index.php/Admin/Index/index
INFO: [ app_init ] --START--
INFO: Run Behavior\BuildLiteBehavior [ RunTime:0.000000s ]
INFO: [ app_init ] --END-- [ RunTime:0.000000s ]
INFO: [ app_begin ] --START--
INFO: Run Behavior\ReadHtmlCacheBehavior [ RunTime:0.000000s ]
INFO: [ app_begin ] --END-- [ RunTime:0.000000s ]
SQL: SHOW COLUMNS FROM `sys_auth_rule` [ RunTime:0.0030s ]
SQL: SELECT `id`,`name`,`title`,`icon` FROM `sys_auth_rule` WHERE `pid` = 0 AND `isshow` = 1 ORDER BY sort  [ RunTime:0.0010s ]
SQL: SHOW COLUMNS FROM `sys_auth_group_access` [ RunTime:0.0020s ]
SQL: SELECT `uid`,`group_id`,`title`,`rules` FROM sys_auth_group_access a INNER JOIN sys_auth_group g on a.group_id=g.id  WHERE ( a.uid='1' and g.status='1' )  [ RunTime:0.0000s ]
SQL: SHOW COLUMNS FROM `sys_auth_rule` [ RunTime:0.0030s ]
SQL: SELECT `condition`,`name` FROM `sys_auth_rule` WHERE `id` IN ('1','2','3','53','54','57','55','56')  [ RunTime:0.0270s ]
SQL: SELECT `id`,`name`,`title`,`icon` FROM `sys_auth_rule` WHERE ( pid=1 AND isshow=1 )  [ RunTime:0.0000s ]
SQL: SELECT `id`,`name`,`title`,`icon` FROM `sys_auth_rule` WHERE ( pid=70 AND isshow=1 )  [ RunTime:0.0000s ]
SQL: SELECT `id`,`name`,`title`,`icon` FROM `sys_auth_rule` WHERE ( pid=3 AND isshow=1 )  [ RunTime:0.0000s ]
SQL: SELECT `id`,`name`,`title`,`icon` FROM `sys_auth_rule` WHERE ( pid=2 AND isshow=1 )  [ RunTime:0.0000s ]
SQL: SELECT `id`,`name`,`title`,`icon` FROM `sys_auth_rule` WHERE ( pid=56 AND isshow=1 )  [ RunTime:0.0000s ]
INFO: [ view_parse ] --START--
INFO: [ template_filter ] --START--
INFO: Run Behavior\ContentReplaceBehavior [ RunTime:0.000000s ]
INFO: [ template_filter ] --END-- [ RunTime:0.000000s ]
INFO: Run Behavior\ParseTemplateBehavior [ RunTime:0.014000s ]
INFO: [ view_parse ] --END-- [ RunTime:0.014000s ]
INFO: [ view_filter ] --START--
INFO: Run Behavior\WriteHtmlCacheBehavior [ RunTime:0.000000s ]
INFO: [ view_filter ] --END-- [ RunTime:0.000000s ]
INFO: [ app_end ] --START--
INFO: Run Behavior\ShowPageTraceBehavior [ RunTime:0.000000s ]
INFO: [ app_end ] --END-- [ RunTime:0.000000s ]

[ 2016-04-29T15:02:22+08:00 ] 127.0.0.1 /index.php/Admin/Index/mainInfo
INFO: [ app_init ] --START--
INFO: Run Behavior\BuildLiteBehavior [ RunTime:0.000000s ]
INFO: [ app_init ] --END-- [ RunTime:0.001000s ]
INFO: [ app_begin ] --START--
INFO: Run Behavior\ReadHtmlCacheBehavior [ RunTime:0.000000s ]
INFO: [ app_begin ] --END-- [ RunTime:0.000000s ]
SQL: SHOW COLUMNS FROM `sys_auth_rule` [ RunTime:0.0030s ]
SQL: SELECT `id`,`name`,`title`,`icon` FROM `sys_auth_rule` WHERE `pid` = 0 AND `isshow` = 1 ORDER BY sort  [ RunTime:0.0010s ]
SQL: SHOW COLUMNS FROM `sys_auth_group_access` [ RunTime:0.0030s ]
SQL: SELECT `uid`,`group_id`,`title`,`rules` FROM sys_auth_group_access a INNER JOIN sys_auth_group g on a.group_id=g.id  WHERE ( a.uid='1' and g.status='1' )  [ RunTime:0.0000s ]
SQL: SHOW COLUMNS FROM `sys_auth_rule` [ RunTime:0.0030s ]
SQL: SELECT `condition`,`name` FROM `sys_auth_rule` WHERE `id` IN ('1','2','3','53','54','57','55','56')  [ RunTime:0.0010s ]
SQL: SELECT `id`,`name`,`title`,`icon` FROM `sys_auth_rule` WHERE ( pid=1 AND isshow=1 )  [ RunTime:0.0000s ]
SQL: SELECT `id`,`name`,`title`,`icon` FROM `sys_auth_rule` WHERE ( pid=70 AND isshow=1 )  [ RunTime:0.0000s ]
SQL: SELECT `id`,`name`,`title`,`icon` FROM `sys_auth_rule` WHERE ( pid=3 AND isshow=1 )  [ RunTime:0.0000s ]
SQL: SELECT `id`,`name`,`title`,`icon` FROM `sys_auth_rule` WHERE ( pid=2 AND isshow=1 )  [ RunTime:0.0000s ]
SQL: SELECT `id`,`name`,`title`,`icon` FROM `sys_auth_rule` WHERE ( pid=56 AND isshow=1 )  [ RunTime:0.0000s ]
INFO: [ view_parse ] --START--
INFO: [ template_filter ] --START--
INFO: Run Behavior\ContentReplaceBehavior [ RunTime:0.000000s ]
INFO: [ template_filter ] --END-- [ RunTime:0.000000s ]
INFO: Run Behavior\ParseTemplateBehavior [ RunTime:0.138007s ]
INFO: [ view_parse ] --END-- [ RunTime:0.138007s ]
INFO: [ view_filter ] --START--
INFO: Run Behavior\WriteHtmlCacheBehavior [ RunTime:0.001000s ]
INFO: [ view_filter ] --END-- [ RunTime:0.001000s ]
INFO: [ app_end ] --START--
INFO: Run Behavior\ShowPageTraceBehavior [ RunTime:0.000000s ]
INFO: [ app_end ] --END-- [ RunTime:0.000000s ]

[ 2016-04-29T15:02:28+08:00 ] 127.0.0.1 /index.php/Admin/Article/index
INFO: [ app_init ] --START--
INFO: Run Behavior\BuildLiteBehavior [ RunTime:0.000000s ]
INFO: [ app_init ] --END-- [ RunTime:0.002000s ]
INFO: [ app_begin ] --START--
INFO: Run Behavior\ReadHtmlCacheBehavior [ RunTime:0.001000s ]
INFO: [ app_begin ] --END-- [ RunTime:0.001000s ]
SQL: SHOW COLUMNS FROM `sys_auth_rule` [ RunTime:0.0030s ]
SQL: SELECT `id`,`name`,`title`,`icon` FROM `sys_auth_rule` WHERE `pid` = 0 AND `isshow` = 1 ORDER BY sort  [ RunTime:0.0010s ]
SQL: SHOW COLUMNS FROM `sys_auth_group_access` [ RunTime:0.0020s ]
SQL: SELECT `uid`,`group_id`,`title`,`rules` FROM sys_auth_group_access a INNER JOIN sys_auth_group g on a.group_id=g.id  WHERE ( a.uid='1' and g.status='1' )  [ RunTime:0.0000s ]
SQL: SHOW COLUMNS FROM `sys_auth_rule` [ RunTime:0.0030s ]
SQL: SELECT `condition`,`name` FROM `sys_auth_rule` WHERE `id` IN ('1','2','3','53','54','57','55','56')  [ RunTime:0.0000s ]
SQL: SELECT `id`,`name`,`title`,`icon` FROM `sys_auth_rule` WHERE ( pid=1 AND isshow=1 )  [ RunTime:0.0000s ]
SQL: SELECT `id`,`name`,`title`,`icon` FROM `sys_auth_rule` WHERE ( pid=70 AND isshow=1 )  [ RunTime:0.0010s ]
SQL: SELECT `id`,`name`,`title`,`icon` FROM `sys_auth_rule` WHERE ( pid=3 AND isshow=1 )  [ RunTime:0.0000s ]
SQL: SELECT `id`,`name`,`title`,`icon` FROM `sys_auth_rule` WHERE ( pid=2 AND isshow=1 )  [ RunTime:0.0000s ]
SQL: SELECT `id`,`name`,`title`,`icon` FROM `sys_auth_rule` WHERE ( pid=56 AND isshow=1 )  [ RunTime:0.0030s ]
SQL: SHOW COLUMNS FROM `sys_article` [ RunTime:0.0310s ]
SQL: SELECT COUNT(*) AS tp_count FROM `sys_article` LIMIT 1   [ RunTime:0.0000s ]
SQL: SELECT * FROM `sys_article` ORDER BY createtime desc LIMIT 0,2   [ RunTime:0.0020s ]
INFO: [ view_parse ] --START--
INFO: [ template_filter ] --START--
INFO: Run Behavior\ContentReplaceBehavior [ RunTime:0.000000s ]
INFO: [ template_filter ] --END-- [ RunTime:0.000000s ]
INFO: Run Behavior\ParseTemplateBehavior [ RunTime:0.156009s ]
INFO: [ view_parse ] --END-- [ RunTime:0.156009s ]
INFO: [ view_filter ] --START--
INFO: Run Behavior\WriteHtmlCacheBehavior [ RunTime:0.000000s ]
INFO: [ view_filter ] --END-- [ RunTime:0.000000s ]
INFO: [ app_end ] --START--
INFO: Run Behavior\ShowPageTraceBehavior [ RunTime:0.001000s ]
INFO: [ app_end ] --END-- [ RunTime:0.001000s ]

[ 2016-04-29T15:02:31+08:00 ] 127.0.0.1 /index.php/Admin/Article/index/p/2
INFO: [ app_init ] --START--
INFO: Run Behavior\BuildLiteBehavior [ RunTime:0.000000s ]
INFO: [ app_init ] --END-- [ RunTime:0.000000s ]
INFO: [ app_begin ] --START--
INFO: Run Behavior\ReadHtmlCacheBehavior [ RunTime:0.000000s ]
INFO: [ app_begin ] --END-- [ RunTime:0.000000s ]
SQL: SHOW COLUMNS FROM `sys_auth_rule` [ RunTime:0.0170s ]
SQL: SELECT `id`,`name`,`title`,`icon` FROM `sys_auth_rule` WHERE `pid` = 0 AND `isshow` = 1 ORDER BY sort  [ RunTime:0.0020s ]
SQL: SHOW COLUMNS FROM `sys_auth_group_access` [ RunTime:0.0030s ]
SQL: SELECT `uid`,`group_id`,`title`,`rules` FROM sys_auth_group_access a INNER JOIN sys_auth_group g on a.group_id=g.id  WHERE ( a.uid='1' and g.status='1' )  [ RunTime:0.0000s ]
SQL: SHOW COLUMNS FROM `sys_auth_rule` [ RunTime:0.0030s ]
SQL: SELECT `condition`,`name` FROM `sys_auth_rule` WHERE `id` IN ('1','2','3','53','54','57','55','56')  [ RunTime:0.0000s ]
SQL: SELECT `id`,`name`,`title`,`icon` FROM `sys_auth_rule` WHERE ( pid=1 AND isshow=1 )  [ RunTime:0.0000s ]
SQL: SELECT `id`,`name`,`title`,`icon` FROM `sys_auth_rule` WHERE ( pid=70 AND isshow=1 )  [ RunTime:0.0000s ]
SQL: SELECT `id`,`name`,`title`,`icon` FROM `sys_auth_rule` WHERE ( pid=3 AND isshow=1 )  [ RunTime:0.0000s ]
SQL: SELECT `id`,`name`,`title`,`icon` FROM `sys_auth_rule` WHERE ( pid=2 AND isshow=1 )  [ RunTime:0.0000s ]
SQL: SELECT `id`,`name`,`title`,`icon` FROM `sys_auth_rule` WHERE ( pid=56 AND isshow=1 )  [ RunTime:0.0000s ]
SQL: SHOW COLUMNS FROM `sys_article` [ RunTime:0.0030s ]
SQL: SELECT COUNT(*) AS tp_count FROM `sys_article` LIMIT 1   [ RunTime:0.0000s ]
SQL: SELECT * FROM `sys_article` ORDER BY createtime desc LIMIT 2,2   [ RunTime:0.0010s ]
INFO: [ view_parse ] --START--
INFO: [ template_filter ] --START--
INFO: Run Behavior\ContentReplaceBehavior [ RunTime:0.000000s ]
INFO: [ template_filter ] --END-- [ RunTime:0.000000s ]
INFO: Run Behavior\ParseTemplateBehavior [ RunTime:0.007001s ]
INFO: [ view_parse ] --END-- [ RunTime:0.007001s ]
INFO: [ view_filter ] --START--
INFO: Run Behavior\WriteHtmlCacheBehavior [ RunTime:0.000000s ]
INFO: [ view_filter ] --END-- [ RunTime:0.000000s ]
INFO: [ app_end ] --START--
INFO: Run Behavior\ShowPageTraceBehavior [ RunTime:0.000000s ]
INFO: [ app_end ] --END-- [ RunTime:0.001000s ]

[ 2016-04-29T15:02:32+08:00 ] 127.0.0.1 /index.php/Admin/Article/index/p/4
INFO: [ app_init ] --START--
INFO: Run Behavior\BuildLiteBehavior [ RunTime:0.000000s ]
INFO: [ app_init ] --END-- [ RunTime:0.001000s ]
INFO: [ app_begin ] --START--
INFO: Run Behavior\ReadHtmlCacheBehavior [ RunTime:0.000000s ]
INFO: [ app_begin ] --END-- [ RunTime:0.000000s ]
SQL: SHOW COLUMNS FROM `sys_auth_rule` [ RunTime:0.0030s ]
SQL: SELECT `id`,`name`,`title`,`icon` FROM `sys_auth_rule` WHERE `pid` = 0 AND `isshow` = 1 ORDER BY sort  [ RunTime:0.0010s ]
SQL: SHOW COLUMNS FROM `sys_auth_group_access` [ RunTime:0.0030s ]
SQL: SELECT `uid`,`group_id`,`title`,`rules` FROM sys_auth_group_access a INNER JOIN sys_auth_group g on a.group_id=g.id  WHERE ( a.uid='1' and g.status='1' )  [ RunTime:0.0010s ]
SQL: SHOW COLUMNS FROM `sys_auth_rule` [ RunTime:0.0030s ]
SQL: SELECT `condition`,`name` FROM `sys_auth_rule` WHERE `id` IN ('1','2','3','53','54','57','55','56')  [ RunTime:0.0010s ]
SQL: SELECT `id`,`name`,`title`,`icon` FROM `sys_auth_rule` WHERE ( pid=1 AND isshow=1 )  [ RunTime:0.0000s ]
SQL: SELECT `id`,`name`,`title`,`icon` FROM `sys_auth_rule` WHERE ( pid=70 AND isshow=1 )  [ RunTime:0.0000s ]
SQL: SELECT `id`,`name`,`title`,`icon` FROM `sys_auth_rule` WHERE ( pid=3 AND isshow=1 )  [ RunTime:0.0010s ]
SQL: SELECT `id`,`name`,`title`,`icon` FROM `sys_auth_rule` WHERE ( pid=2 AND isshow=1 )  [ RunTime:0.0000s ]
SQL: SELECT `id`,`name`,`title`,`icon` FROM `sys_auth_rule` WHERE ( pid=56 AND isshow=1 )  [ RunTime:0.0000s ]
SQL: SHOW COLUMNS FROM `sys_article` [ RunTime:0.0040s ]
SQL: SELECT COUNT(*) AS tp_count FROM `sys_article` LIMIT 1   [ RunTime:0.0000s ]
SQL: SELECT * FROM `sys_article` ORDER BY createtime desc LIMIT 6,2   [ RunTime:0.0000s ]
INFO: [ view_parse ] --START--
INFO: [ template_filter ] --START--
INFO: Run Behavior\ContentReplaceBehavior [ RunTime:0.000000s ]
INFO: [ template_filter ] --END-- [ RunTime:0.000000s ]
INFO: Run Behavior\ParseTemplateBehavior [ RunTime:0.007000s ]
INFO: [ view_parse ] --END-- [ RunTime:0.007000s ]
INFO: [ view_filter ] --START--
INFO: Run Behavior\WriteHtmlCacheBehavior [ RunTime:0.000000s ]
INFO: [ view_filter ] --END-- [ RunTime:0.000000s ]
INFO: [ app_end ] --START--
INFO: Run Behavior\ShowPageTraceBehavior [ RunTime:0.001000s ]
INFO: [ app_end ] --END-- [ RunTime:0.001000s ]

[ 2016-04-29T15:02:46+08:00 ] 127.0.0.1 /index.php/Admin/Article/index
INFO: [ app_init ] --START--
INFO: Run Behavior\BuildLiteBehavior [ RunTime:0.000000s ]
INFO: [ app_init ] --END-- [ RunTime:0.000000s ]
INFO: [ app_begin ] --START--
INFO: Run Behavior\ReadHtmlCacheBehavior [ RunTime:0.000000s ]
INFO: [ app_begin ] --END-- [ RunTime:0.000000s ]
SQL: SHOW COLUMNS FROM `sys_auth_rule` [ RunTime:0.0040s ]
SQL: SELECT `id`,`name`,`title`,`icon` FROM `sys_auth_rule` WHERE `pid` = 0 AND `isshow` = 1 ORDER BY sort  [ RunTime:0.0010s ]
SQL: SHOW COLUMNS FROM `sys_auth_group_access` [ RunTime:0.0020s ]
SQL: SELECT `uid`,`group_id`,`title`,`rules` FROM sys_auth_group_access a INNER JOIN sys_auth_group g on a.group_id=g.id  WHERE ( a.uid='1' and g.status='1' )  [ RunTime:0.0010s ]
SQL: SHOW COLUMNS FROM `sys_auth_rule` [ RunTime:0.0040s ]
SQL: SELECT `condition`,`name` FROM `sys_auth_rule` WHERE `id` IN ('1','2','3','53','54','57','55','56')  [ RunTime:0.0000s ]
SQL: SELECT `id`,`name`,`title`,`icon` FROM `sys_auth_rule` WHERE ( pid=1 AND isshow=1 )  [ RunTime:0.0010s ]
SQL: SELECT `id`,`name`,`title`,`icon` FROM `sys_auth_rule` WHERE ( pid=70 AND isshow=1 )  [ RunTime:0.0000s ]
SQL: SELECT `id`,`name`,`title`,`icon` FROM `sys_auth_rule` WHERE ( pid=3 AND isshow=1 )  [ RunTime:0.0000s ]
SQL: SELECT `id`,`name`,`title`,`icon` FROM `sys_auth_rule` WHERE ( pid=2 AND isshow=1 )  [ RunTime:0.0010s ]
SQL: SELECT `id`,`name`,`title`,`icon` FROM `sys_auth_rule` WHERE ( pid=56 AND isshow=1 )  [ RunTime:0.0000s ]
SQL: SHOW COLUMNS FROM `sys_article` [ RunTime:0.0040s ]
SQL: SELECT COUNT(*) AS tp_count FROM `sys_article` LIMIT 1   [ RunTime:0.0000s ]
SQL: SELECT * FROM `sys_article` ORDER BY createtime desc LIMIT 0,20   [ RunTime:0.0010s ]
INFO: [ view_parse ] --START--
INFO: [ template_filter ] --START--
INFO: Run Behavior\ContentReplaceBehavior [ RunTime:0.000000s ]
INFO: [ template_filter ] --END-- [ RunTime:0.000000s ]
INFO: Run Behavior\ParseTemplateBehavior [ RunTime:0.007000s ]
INFO: [ view_parse ] --END-- [ RunTime:0.007000s ]
INFO: [ view_filter ] --START--
INFO: Run Behavior\WriteHtmlCacheBehavior [ RunTime:0.000000s ]
INFO: [ view_filter ] --END-- [ RunTime:0.000000s ]
INFO: [ app_end ] --START--
INFO: Run Behavior\ShowPageTraceBehavior [ RunTime:0.001000s ]
INFO: [ app_end ] --END-- [ RunTime:0.001000s ]

[ 2016-04-29T15:02:50+08:00 ] 127.0.0.1 /index.php/Admin/Article/editArticle/id/11
INFO: [ app_init ] --START--
INFO: Run Behavior\BuildLiteBehavior [ RunTime:0.000000s ]
INFO: [ app_init ] --END-- [ RunTime:0.001000s ]
INFO: [ app_begin ] --START--
INFO: Run Behavior\ReadHtmlCacheBehavior [ RunTime:0.001000s ]
INFO: [ app_begin ] --END-- [ RunTime:0.001000s ]
SQL: SHOW COLUMNS FROM `sys_auth_rule` [ RunTime:0.0030s ]
SQL: SELECT `id`,`name`,`title`,`icon` FROM `sys_auth_rule` WHERE `pid` = 0 AND `isshow` = 1 ORDER BY sort  [ RunTime:0.0010s ]
SQL: SHOW COLUMNS FROM `sys_auth_group_access` [ RunTime:0.0020s ]
SQL: SELECT `uid`,`group_id`,`title`,`rules` FROM sys_auth_group_access a INNER JOIN sys_auth_group g on a.group_id=g.id  WHERE ( a.uid='1' and g.status='1' )  [ RunTime:0.0000s ]
SQL: SHOW COLUMNS FROM `sys_auth_rule` [ RunTime:0.0030s ]
SQL: SELECT `condition`,`name` FROM `sys_auth_rule` WHERE `id` IN ('1','2','3','53','54','57','55','56')  [ RunTime:0.0000s ]
SQL: SELECT `id`,`name`,`title`,`icon` FROM `sys_auth_rule` WHERE ( pid=1 AND isshow=1 )  [ RunTime:0.0000s ]
SQL: SELECT `id`,`name`,`title`,`icon` FROM `sys_auth_rule` WHERE ( pid=70 AND isshow=1 )  [ RunTime:0.0010s ]
SQL: SELECT `id`,`name`,`title`,`icon` FROM `sys_auth_rule` WHERE ( pid=3 AND isshow=1 )  [ RunTime:0.0010s ]
SQL: SELECT `id`,`name`,`title`,`icon` FROM `sys_auth_rule` WHERE ( pid=2 AND isshow=1 )  [ RunTime:0.0000s ]
SQL: SELECT `id`,`name`,`title`,`icon` FROM `sys_auth_rule` WHERE ( pid=56 AND isshow=1 )  [ RunTime:0.0000s ]
SQL: SHOW COLUMNS FROM `sys_article` [ RunTime:0.0040s ]
NOTIC: [2] Missing argument 1 for I(), called in D:\phpStudy\WWW\auth\1\Application\Admin\Controller\ArticleController.class.php on line 68 and defined D:\phpStudy\WWW\auth\1\ThinkPHP\Common\functions.php 第 271 行.
NOTIC: [8] Undefined variable: name D:\phpStudy\WWW\auth\1\ThinkPHP\Common\functions.php 第 273 行.
NOTIC: [8] Undefined variable: name D:\phpStudy\WWW\auth\1\ThinkPHP\Common\functions.php 第 278 行.
NOTIC: [8] Undefined variable: name D:\phpStudy\WWW\auth\1\ThinkPHP\Common\functions.php 第 339 行.
SQL: SHOW COLUMNS FROM `sys_category` [ RunTime:0.0800s ]
SQL: SELECT * FROM `sys_category` WHERE `categorytype` = 'article'  [ RunTime:0.0000s ]
SQL: SELECT * FROM `sys_article` WHERE `id` = 11 LIMIT 1   [ RunTime:0.0010s ]
INFO: [ view_parse ] --START--
INFO: [ template_filter ] --START--
INFO: Run Behavior\ContentReplaceBehavior [ RunTime:0.000000s ]
INFO: [ template_filter ] --END-- [ RunTime:0.000000s ]
INFO: Run Behavior\ParseTemplateBehavior [ RunTime:0.024001s ]
INFO: [ view_parse ] --END-- [ RunTime:0.024001s ]
INFO: [ view_filter ] --START--
INFO: Run Behavior\WriteHtmlCacheBehavior [ RunTime:0.000000s ]
INFO: [ view_filter ] --END-- [ RunTime:0.000000s ]
INFO: [ app_end ] --START--
INFO: Run Behavior\ShowPageTraceBehavior [ RunTime:0.000000s ]
INFO: [ app_end ] --END-- [ RunTime:0.000000s ]

[ 2016-04-29T15:02:52+08:00 ] 127.0.0.1 /index.php/Admin/Article/editArticle/id/
INFO: [ app_init ] --START--
INFO: Run Behavior\BuildLiteBehavior [ RunTime:0.000000s ]
INFO: [ app_init ] --END-- [ RunTime:0.001000s ]
INFO: [ app_begin ] --START--
INFO: Run Behavior\ReadHtmlCacheBehavior [ RunTime:0.001000s ]
INFO: [ app_begin ] --END-- [ RunTime:0.001000s ]
SQL: SHOW COLUMNS FROM `sys_auth_rule` [ RunTime:0.0030s ]
SQL: SELECT `id`,`name`,`title`,`icon` FROM `sys_auth_rule` WHERE `pid` = 0 AND `isshow` = 1 ORDER BY sort  [ RunTime:0.0010s ]
SQL: SHOW COLUMNS FROM `sys_auth_group_access` [ RunTime:0.0030s ]
SQL: SELECT `uid`,`group_id`,`title`,`rules` FROM sys_auth_group_access a INNER JOIN sys_auth_group g on a.group_id=g.id  WHERE ( a.uid='1' and g.status='1' )  [ RunTime:0.0010s ]
SQL: SHOW COLUMNS FROM `sys_auth_rule` [ RunTime:0.0060s ]
SQL: SELECT `condition`,`name` FROM `sys_auth_rule` WHERE `id` IN ('1','2','3','53','54','57','55','56')  [ RunTime:0.0000s ]
SQL: SELECT `id`,`name`,`title`,`icon` FROM `sys_auth_rule` WHERE ( pid=1 AND isshow=1 )  [ RunTime:0.0000s ]
SQL: SELECT `id`,`name`,`title`,`icon` FROM `sys_auth_rule` WHERE ( pid=70 AND isshow=1 )  [ RunTime:0.0010s ]
SQL: SELECT `id`,`name`,`title`,`icon` FROM `sys_auth_rule` WHERE ( pid=3 AND isshow=1 )  [ RunTime:0.0000s ]
SQL: SELECT `id`,`name`,`title`,`icon` FROM `sys_auth_rule` WHERE ( pid=2 AND isshow=1 )  [ RunTime:0.0030s ]
SQL: SELECT `id`,`name`,`title`,`icon` FROM `sys_auth_rule` WHERE ( pid=56 AND isshow=1 )  [ RunTime:0.0010s ]
SQL: SHOW COLUMNS FROM `sys_article` [ RunTime:0.0150s ]
NOTIC: [2] Missing argument 1 for I(), called in D:\phpStudy\WWW\auth\1\Application\Admin\Controller\ArticleController.class.php on line 68 and defined D:\phpStudy\WWW\auth\1\ThinkPHP\Common\functions.php 第 271 行.
NOTIC: [8] Undefined variable: name D:\phpStudy\WWW\auth\1\ThinkPHP\Common\functions.php 第 273 行.
NOTIC: [8] Undefined variable: name D:\phpStudy\WWW\auth\1\ThinkPHP\Common\functions.php 第 278 行.
NOTIC: [8] Undefined variable: name D:\phpStudy\WWW\auth\1\ThinkPHP\Common\functions.php 第 339 行.
NOTIC: [8] Undefined index: id D:\phpStudy\WWW\auth\1\Application\Admin\Controller\ArticleController.class.php 第 69 行.
SQL: SHOW COLUMNS FROM `sys_category` [ RunTime:0.0100s ]
SQL: SELECT * FROM `sys_category` WHERE `categorytype` = 'article'  [ RunTime:0.0010s ]
SQL: SELECT * FROM `sys_article` LIMIT 1   [ RunTime:0.0000s ]
INFO: [ view_parse ] --START--
INFO: [ template_filter ] --START--
INFO: Run Behavior\ContentReplaceBehavior [ RunTime:0.000000s ]
INFO: [ template_filter ] --END-- [ RunTime:0.000000s ]
INFO: Run Behavior\ParseTemplateBehavior [ RunTime:0.008001s ]
INFO: [ view_parse ] --END-- [ RunTime:0.008001s ]
INFO: [ view_filter ] --START--
INFO: Run Behavior\WriteHtmlCacheBehavior [ RunTime:0.000000s ]
INFO: [ view_filter ] --END-- [ RunTime:0.000000s ]
INFO: [ app_end ] --START--
INFO: Run Behavior\ShowPageTraceBehavior [ RunTime:0.002000s ]
INFO: [ app_end ] --END-- [ RunTime:0.002000s ]

[ 2016-04-29T15:03:22+08:00 ] 127.0.0.1 /index.php/Admin/Article/index
INFO: [ app_init ] --START--
INFO: Run Behavior\BuildLiteBehavior [ RunTime:0.000000s ]
INFO: [ app_init ] --END-- [ RunTime:0.000000s ]
INFO: [ app_begin ] --START--
INFO: Run Behavior\ReadHtmlCacheBehavior [ RunTime:0.000000s ]
INFO: [ app_begin ] --END-- [ RunTime:0.000000s ]
SQL: SHOW COLUMNS FROM `sys_auth_rule` [ RunTime:0.0030s ]
SQL: SELECT `id`,`name`,`title`,`icon` FROM `sys_auth_rule` WHERE `pid` = 0 AND `isshow` = 1 ORDER BY sort  [ RunTime:0.0000s ]
SQL: SHOW COLUMNS FROM `sys_auth_group_access` [ RunTime:0.0050s ]
SQL: SELECT `uid`,`group_id`,`title`,`rules` FROM sys_auth_group_access a INNER JOIN sys_auth_group g on a.group_id=g.id  WHERE ( a.uid='1' and g.status='1' )  [ RunTime:0.0000s ]
SQL: SHOW COLUMNS FROM `sys_auth_rule` [ RunTime:0.0030s ]
SQL: SELECT `condition`,`name` FROM `sys_auth_rule` WHERE `id` IN ('1','2','3','53','54','57','55','56')  [ RunTime:0.0010s ]
SQL: SELECT `id`,`name`,`title`,`icon` FROM `sys_auth_rule` WHERE ( pid=1 AND isshow=1 )  [ RunTime:0.0000s ]
SQL: SELECT `id`,`name`,`title`,`icon` FROM `sys_auth_rule` WHERE ( pid=70 AND isshow=1 )  [ RunTime:0.0000s ]
SQL: SELECT `id`,`name`,`title`,`icon` FROM `sys_auth_rule` WHERE ( pid=3 AND isshow=1 )  [ RunTime:0.0000s ]
SQL: SELECT `id`,`name`,`title`,`icon` FROM `sys_auth_rule` WHERE ( pid=2 AND isshow=1 )  [ RunTime:0.0000s ]
SQL: SELECT `id`,`name`,`title`,`icon` FROM `sys_auth_rule` WHERE ( pid=56 AND isshow=1 )  [ RunTime:0.0000s ]
SQL: SHOW COLUMNS FROM `sys_article` [ RunTime:0.0030s ]
SQL: SELECT COUNT(*) AS tp_count FROM `sys_article` LIMIT 1   [ RunTime:0.0000s ]
SQL: SELECT * FROM `sys_article` ORDER BY createtime desc LIMIT 0,20   [ RunTime:0.0010s ]
INFO: [ view_parse ] --START--
INFO: [ template_filter ] --START--
INFO: Run Behavior\ContentReplaceBehavior [ RunTime:0.000000s ]
INFO: [ template_filter ] --END-- [ RunTime:0.000000s ]
INFO: Run Behavior\ParseTemplateBehavior [ RunTime:0.006001s ]
INFO: [ view_parse ] --END-- [ RunTime:0.007001s ]
INFO: [ view_filter ] --START--
INFO: Run Behavior\WriteHtmlCacheBehavior [ RunTime:0.000000s ]
INFO: [ view_filter ] --END-- [ RunTime:0.000000s ]
INFO: [ app_end ] --START--
INFO: Run Behavior\ShowPageTraceBehavior [ RunTime:0.001000s ]
INFO: [ app_end ] --END-- [ RunTime:0.001000s ]

[ 2016-04-29T15:03:26+08:00 ] 127.0.0.1 /index.php/Admin/Article/editArticle/id/16
INFO: [ app_init ] --START--
INFO: Run Behavior\BuildLiteBehavior [ RunTime:0.000000s ]
INFO: [ app_init ] --END-- [ RunTime:0.001000s ]
INFO: [ app_begin ] --START--
INFO: Run Behavior\ReadHtmlCacheBehavior [ RunTime:0.001000s ]
INFO: [ app_begin ] --END-- [ RunTime:0.001000s ]
SQL: SHOW COLUMNS FROM `sys_auth_rule` [ RunTime:0.0020s ]
SQL: SELECT `id`,`name`,`title`,`icon` FROM `sys_auth_rule` WHERE `pid` = 0 AND `isshow` = 1 ORDER BY sort  [ RunTime:0.0000s ]
SQL: SHOW COLUMNS FROM `sys_auth_group_access` [ RunTime:0.0030s ]
SQL: SELECT `uid`,`group_id`,`title`,`rules` FROM sys_auth_group_access a INNER JOIN sys_auth_group g on a.group_id=g.id  WHERE ( a.uid='1' and g.status='1' )  [ RunTime:0.0040s ]
SQL: SHOW COLUMNS FROM `sys_auth_rule` [ RunTime:0.0040s ]
SQL: SELECT `condition`,`name` FROM `sys_auth_rule` WHERE `id` IN ('1','2','3','53','54','57','55','56')  [ RunTime:0.0000s ]
SQL: SELECT `id`,`name`,`title`,`icon` FROM `sys_auth_rule` WHERE ( pid=1 AND isshow=1 )  [ RunTime:0.0000s ]
SQL: SELECT `id`,`name`,`title`,`icon` FROM `sys_auth_rule` WHERE ( pid=70 AND isshow=1 )  [ RunTime:0.0000s ]
SQL: SELECT `id`,`name`,`title`,`icon` FROM `sys_auth_rule` WHERE ( pid=3 AND isshow=1 )  [ RunTime:0.0000s ]
SQL: SELECT `id`,`name`,`title`,`icon` FROM `sys_auth_rule` WHERE ( pid=2 AND isshow=1 )  [ RunTime:0.0000s ]
SQL: SELECT `id`,`name`,`title`,`icon` FROM `sys_auth_rule` WHERE ( pid=56 AND isshow=1 )  [ RunTime:0.0000s ]
SQL: SHOW COLUMNS FROM `sys_article` [ RunTime:0.0030s ]
NOTIC: [2] Missing argument 1 for I(), called in D:\phpStudy\WWW\auth\1\Application\Admin\Controller\ArticleController.class.php on line 68 and defined D:\phpStudy\WWW\auth\1\ThinkPHP\Common\functions.php 第 271 行.
NOTIC: [8] Undefined variable: name D:\phpStudy\WWW\auth\1\ThinkPHP\Common\functions.php 第 273 行.
NOTIC: [8] Undefined variable: name D:\phpStudy\WWW\auth\1\ThinkPHP\Common\functions.php 第 278 行.
NOTIC: [8] Undefined variable: name D:\phpStudy\WWW\auth\1\ThinkPHP\Common\functions.php 第 339 行.
SQL: SHOW COLUMNS FROM `sys_category` [ RunTime:0.0040s ]
SQL: SELECT * FROM `sys_category` WHERE `categorytype` = 'article'  [ RunTime:0.0000s ]
SQL: SELECT * FROM `sys_article` WHERE `id` = 16 LIMIT 1   [ RunTime:0.0000s ]
INFO: [ view_parse ] --START--
INFO: [ template_filter ] --START--
INFO: Run Behavior\ContentReplaceBehavior [ RunTime:0.000000s ]
INFO: [ template_filter ] --END-- [ RunTime:0.000000s ]
INFO: Run Behavior\ParseTemplateBehavior [ RunTime:0.007000s ]
INFO: [ view_parse ] --END-- [ RunTime:0.007000s ]
INFO: [ view_filter ] --START--
INFO: Run Behavior\WriteHtmlCacheBehavior [ RunTime:0.000000s ]
INFO: [ view_filter ] --END-- [ RunTime:0.000000s ]
INFO: [ app_end ] --START--
INFO: Run Behavior\ShowPageTraceBehavior [ RunTime:0.001000s ]
INFO: [ app_end ] --END-- [ RunTime:0.001000s ]

[ 2016-04-29T15:03:26+08:00 ] 127.0.0.1 /index.php/Admin/Article/editArticle/id/
INFO: [ app_init ] --START--
INFO: Run Behavior\BuildLiteBehavior [ RunTime:0.000000s ]
INFO: [ app_init ] --END-- [ RunTime:0.000000s ]
INFO: [ app_begin ] --START--
INFO: Run Behavior\ReadHtmlCacheBehavior [ RunTime:0.000000s ]
INFO: [ app_begin ] --END-- [ RunTime:0.000000s ]
SQL: SHOW COLUMNS FROM `sys_auth_rule` [ RunTime:0.0030s ]
SQL: SELECT `id`,`name`,`title`,`icon` FROM `sys_auth_rule` WHERE `pid` = 0 AND `isshow` = 1 ORDER BY sort  [ RunTime:0.0010s ]
SQL: SHOW COLUMNS FROM `sys_auth_group_access` [ RunTime:0.0030s ]
SQL: SELECT `uid`,`group_id`,`title`,`rules` FROM sys_auth_group_access a INNER JOIN sys_auth_group g on a.group_id=g.id  WHERE ( a.uid='1' and g.status='1' )  [ RunTime:0.0000s ]
SQL: SHOW COLUMNS FROM `sys_auth_rule` [ RunTime:0.0030s ]
SQL: SELECT `condition`,`name` FROM `sys_auth_rule` WHERE `id` IN ('1','2','3','53','54','57','55','56')  [ RunTime:0.0010s ]
SQL: SELECT `id`,`name`,`title`,`icon` FROM `sys_auth_rule` WHERE ( pid=1 AND isshow=1 )  [ RunTime:0.0000s ]
SQL: SELECT `id`,`name`,`title`,`icon` FROM `sys_auth_rule` WHERE ( pid=70 AND isshow=1 )  [ RunTime:0.0000s ]
SQL: SELECT `id`,`name`,`title`,`icon` FROM `sys_auth_rule` WHERE ( pid=3 AND isshow=1 )  [ RunTime:0.0000s ]
SQL: SELECT `id`,`name`,`title`,`icon` FROM `sys_auth_rule` WHERE ( pid=2 AND isshow=1 )  [ RunTime:0.0000s ]
SQL: SELECT `id`,`name`,`title`,`icon` FROM `sys_auth_rule` WHERE ( pid=56 AND isshow=1 )  [ RunTime:0.0000s ]
SQL: SHOW COLUMNS FROM `sys_article` [ RunTime:0.0040s ]
NOTIC: [2] Missing argument 1 for I(), called in D:\phpStudy\WWW\auth\1\Application\Admin\Controller\ArticleController.class.php on line 68 and defined D:\phpStudy\WWW\auth\1\ThinkPHP\Common\functions.php 第 271 行.
NOTIC: [8] Undefined variable: name D:\phpStudy\WWW\auth\1\ThinkPHP\Common\functions.php 第 273 行.
NOTIC: [8] Undefined variable: name D:\phpStudy\WWW\auth\1\ThinkPHP\Common\functions.php 第 278 行.
NOTIC: [8] Undefined variable: name D:\phpStudy\WWW\auth\1\ThinkPHP\Common\functions.php 第 339 行.
NOTIC: [8] Undefined index: id D:\phpStudy\WWW\auth\1\Application\Admin\Controller\ArticleController.class.php 第 69 行.
SQL: SHOW COLUMNS FROM `sys_category` [ RunTime:0.0030s ]
SQL: SELECT * FROM `sys_category` WHERE `categorytype` = 'article'  [ RunTime:0.0000s ]
SQL: SELECT * FROM `sys_article` LIMIT 1   [ RunTime:0.0000s ]
INFO: [ view_parse ] --START--
INFO: [ template_filter ] --START--
INFO: Run Behavior\ContentReplaceBehavior [ RunTime:0.000000s ]
INFO: [ template_filter ] --END-- [ RunTime:0.000000s ]
INFO: Run Behavior\ParseTemplateBehavior [ RunTime:0.007000s ]
INFO: [ view_parse ] --END-- [ RunTime:0.007000s ]
INFO: [ view_filter ] --START--
INFO: Run Behavior\WriteHtmlCacheBehavior [ RunTime:0.000000s ]
INFO: [ view_filter ] --END-- [ RunTime:0.000000s ]
INFO: [ app_end ] --START--
INFO: Run Behavior\ShowPageTraceBehavior [ RunTime:0.001000s ]
INFO: [ app_end ] --END-- [ RunTime:0.001000s ]

[ 2016-04-29T15:04:04+08:00 ] 127.0.0.1 /index.php/Admin/Article/index
INFO: [ app_init ] --START--
INFO: Run Behavior\BuildLiteBehavior [ RunTime:0.000000s ]
INFO: [ app_init ] --END-- [ RunTime:0.000000s ]
INFO: [ app_begin ] --START--
INFO: Run Behavior\ReadHtmlCacheBehavior [ RunTime:0.000000s ]
INFO: [ app_begin ] --END-- [ RunTime:0.000000s ]
SQL: SHOW COLUMNS FROM `sys_auth_rule` [ RunTime:0.0040s ]
SQL: SELECT `id`,`name`,`title`,`icon` FROM `sys_auth_rule` WHERE `pid` = 0 AND `isshow` = 1 ORDER BY sort  [ RunTime:0.0000s ]
SQL: SHOW COLUMNS FROM `sys_auth_group_access` [ RunTime:0.0030s ]
SQL: SELECT `uid`,`group_id`,`title`,`rules` FROM sys_auth_group_access a INNER JOIN sys_auth_group g on a.group_id=g.id  WHERE ( a.uid='1' and g.status='1' )  [ RunTime:0.0000s ]
SQL: SHOW COLUMNS FROM `sys_auth_rule` [ RunTime:0.0030s ]
SQL: SELECT `condition`,`name` FROM `sys_auth_rule` WHERE `id` IN ('1','2','3','53','54','57','55','56')  [ RunTime:0.0010s ]
SQL: SELECT `id`,`name`,`title`,`icon` FROM `sys_auth_rule` WHERE ( pid=1 AND isshow=1 )  [ RunTime:0.0000s ]
SQL: SELECT `id`,`name`,`title`,`icon` FROM `sys_auth_rule` WHERE ( pid=70 AND isshow=1 )  [ RunTime:0.0000s ]
SQL: SELECT `id`,`name`,`title`,`icon` FROM `sys_auth_rule` WHERE ( pid=3 AND isshow=1 )  [ RunTime:0.0010s ]
SQL: SELECT `id`,`name`,`title`,`icon` FROM `sys_auth_rule` WHERE ( pid=2 AND isshow=1 )  [ RunTime:0.0010s ]
SQL: SELECT `id`,`name`,`title`,`icon` FROM `sys_auth_rule` WHERE ( pid=56 AND isshow=1 )  [ RunTime:0.0000s ]
SQL: SHOW COLUMNS FROM `sys_article` [ RunTime:0.0030s ]
SQL: SELECT COUNT(*) AS tp_count FROM `sys_article` LIMIT 1   [ RunTime:0.0010s ]
SQL: SELECT * FROM `sys_article` ORDER BY createtime desc LIMIT 0,20   [ RunTime:0.0000s ]
INFO: [ view_parse ] --START--
INFO: [ template_filter ] --START--
INFO: Run Behavior\ContentReplaceBehavior [ RunTime:0.000000s ]
INFO: [ template_filter ] --END-- [ RunTime:0.000000s ]
INFO: Run Behavior\ParseTemplateBehavior [ RunTime:0.007000s ]
INFO: [ view_parse ] --END-- [ RunTime:0.007000s ]
INFO: [ view_filter ] --START--
INFO: Run Behavior\WriteHtmlCacheBehavior [ RunTime:0.000000s ]
INFO: [ view_filter ] --END-- [ RunTime:0.000000s ]
INFO: [ app_end ] --START--
INFO: Run Behavior\ShowPageTraceBehavior [ RunTime:0.001000s ]
INFO: [ app_end ] --END-- [ RunTime:0.001000s ]

[ 2016-04-29T15:05:10+08:00 ] 127.0.0.1 /index.php/Admin/Article/editArticle/id/16
INFO: [ app_init ] --START--
INFO: Run Behavior\BuildLiteBehavior [ RunTime:0.000000s ]
INFO: [ app_init ] --END-- [ RunTime:0.000000s ]
INFO: [ app_begin ] --START--
INFO: Run Behavior\ReadHtmlCacheBehavior [ RunTime:0.001000s ]
INFO: [ app_begin ] --END-- [ RunTime:0.001000s ]
SQL: SHOW COLUMNS FROM `sys_auth_rule` [ RunTime:0.0030s ]
SQL: SELECT `id`,`name`,`title`,`icon` FROM `sys_auth_rule` WHERE `pid` = 0 AND `isshow` = 1 ORDER BY sort  [ RunTime:0.0010s ]
SQL: SHOW COLUMNS FROM `sys_auth_group_access` [ RunTime:0.0020s ]
SQL: SELECT `uid`,`group_id`,`title`,`rules` FROM sys_auth_group_access a INNER JOIN sys_auth_group g on a.group_id=g.id  WHERE ( a.uid='1' and g.status='1' )  [ RunTime:0.0010s ]
SQL: SHOW COLUMNS FROM `sys_auth_rule` [ RunTime:0.0030s ]
SQL: SELECT `condition`,`name` FROM `sys_auth_rule` WHERE `id` IN ('1','2','3','53','54','57','55','56')  [ RunTime:0.0000s ]
SQL: SELECT `id`,`name`,`title`,`icon` FROM `sys_auth_rule` WHERE ( pid=1 AND isshow=1 )  [ RunTime:0.0000s ]
SQL: SELECT `id`,`name`,`title`,`icon` FROM `sys_auth_rule` WHERE ( pid=70 AND isshow=1 )  [ RunTime:0.0000s ]
SQL: SELECT `id`,`name`,`title`,`icon` FROM `sys_auth_rule` WHERE ( pid=3 AND isshow=1 )  [ RunTime:0.0000s ]
SQL: SELECT `id`,`name`,`title`,`icon` FROM `sys_auth_rule` WHERE ( pid=2 AND isshow=1 )  [ RunTime:0.0000s ]
SQL: SELECT `id`,`name`,`title`,`icon` FROM `sys_auth_rule` WHERE ( pid=56 AND isshow=1 )  [ RunTime:0.0010s ]
SQL: SHOW COLUMNS FROM `sys_article` [ RunTime:0.0020s ]
NOTIC: [2] Missing argument 1 for I(), called in D:\phpStudy\WWW\auth\1\Application\Admin\Controller\ArticleController.class.php on line 68 and defined D:\phpStudy\WWW\auth\1\ThinkPHP\Common\functions.php 第 271 行.
NOTIC: [8] Undefined variable: name D:\phpStudy\WWW\auth\1\ThinkPHP\Common\functions.php 第 273 行.
NOTIC: [8] Undefined variable: name D:\phpStudy\WWW\auth\1\ThinkPHP\Common\functions.php 第 278 行.
NOTIC: [8] Undefined variable: name D:\phpStudy\WWW\auth\1\ThinkPHP\Common\functions.php 第 339 行.
SQL: SHOW COLUMNS FROM `sys_category` [ RunTime:0.0020s ]
SQL: SELECT * FROM `sys_category` WHERE `categorytype` = 'article'  [ RunTime:0.0000s ]
SQL: SELECT * FROM `sys_article` WHERE `id` = 16 LIMIT 1   [ RunTime:0.0000s ]
INFO: [ view_parse ] --START--
INFO: [ template_filter ] --START--
INFO: Run Behavior\ContentReplaceBehavior [ RunTime:0.000000s ]
INFO: [ template_filter ] --END-- [ RunTime:0.000000s ]
INFO: Run Behavior\ParseTemplateBehavior [ RunTime:0.008001s ]
INFO: [ view_parse ] --END-- [ RunTime:0.008001s ]
INFO: [ view_filter ] --START--
INFO: Run Behavior\WriteHtmlCacheBehavior [ RunTime:0.000000s ]
INFO: [ view_filter ] --END-- [ RunTime:0.000000s ]
INFO: [ app_end ] --START--
INFO: Run Behavior\ShowPageTraceBehavior [ RunTime:0.001000s ]
INFO: [ app_end ] --END-- [ RunTime:0.001000s ]

[ 2016-04-29T15:05:13+08:00 ] 127.0.0.1 /index.php/Admin/Article/editArticle/id/
INFO: [ app_init ] --START--
INFO: Run Behavior\BuildLiteBehavior [ RunTime:0.000000s ]
INFO: [ app_init ] --END-- [ RunTime:0.000000s ]
INFO: [ app_begin ] --START--
INFO: Run Behavior\ReadHtmlCacheBehavior [ RunTime:0.000000s ]
INFO: [ app_begin ] --END-- [ RunTime:0.001000s ]
SQL: SHOW COLUMNS FROM `sys_auth_rule` [ RunTime:0.0040s ]
SQL: SELECT `id`,`name`,`title`,`icon` FROM `sys_auth_rule` WHERE `pid` = 0 AND `isshow` = 1 ORDER BY sort  [ RunTime:0.0000s ]
SQL: SHOW COLUMNS FROM `sys_auth_group_access` [ RunTime:0.0030s ]
SQL: SELECT `uid`,`group_id`,`title`,`rules` FROM sys_auth_group_access a INNER JOIN sys_auth_group g on a.group_id=g.id  WHERE ( a.uid='1' and g.status='1' )  [ RunTime:0.0010s ]
SQL: SHOW COLUMNS FROM `sys_auth_rule` [ RunTime:0.0040s ]
SQL: SELECT `condition`,`name` FROM `sys_auth_rule` WHERE `id` IN ('1','2','3','53','54','57','55','56')  [ RunTime:0.0000s ]
SQL: SELECT `id`,`name`,`title`,`icon` FROM `sys_auth_rule` WHERE ( pid=1 AND isshow=1 )  [ RunTime:0.0000s ]
SQL: SELECT `id`,`name`,`title`,`icon` FROM `sys_auth_rule` WHERE ( pid=70 AND isshow=1 )  [ RunTime:0.0000s ]
SQL: SELECT `id`,`name`,`title`,`icon` FROM `sys_auth_rule` WHERE ( pid=3 AND isshow=1 )  [ RunTime:0.0000s ]
SQL: SELECT `id`,`name`,`title`,`icon` FROM `sys_auth_rule` WHERE ( pid=2 AND isshow=1 )  [ RunTime:0.0000s ]
SQL: SELECT `id`,`name`,`title`,`icon` FROM `sys_auth_rule` WHERE ( pid=56 AND isshow=1 )  [ RunTime:0.0010s ]
SQL: SHOW COLUMNS FROM `sys_article` [ RunTime:0.0030s ]
NOTIC: [2] Missing argument 1 for I(), called in D:\phpStudy\WWW\auth\1\Application\Admin\Controller\ArticleController.class.php on line 68 and defined D:\phpStudy\WWW\auth\1\ThinkPHP\Common\functions.php 第 271 行.
NOTIC: [8] Undefined variable: name D:\phpStudy\WWW\auth\1\ThinkPHP\Common\functions.php 第 273 行.
NOTIC: [8] Undefined variable: name D:\phpStudy\WWW\auth\1\ThinkPHP\Common\functions.php 第 278 行.
NOTIC: [8] Undefined variable: name D:\phpStudy\WWW\auth\1\ThinkPHP\Common\functions.php 第 339 行.
NOTIC: [8] Undefined index: id D:\phpStudy\WWW\auth\1\Application\Admin\Controller\ArticleController.class.php 第 69 行.
SQL: SHOW COLUMNS FROM `sys_category` [ RunTime:0.0030s ]
SQL: SELECT * FROM `sys_category` WHERE `categorytype` = 'article'  [ RunTime:0.0000s ]
SQL: SELECT * FROM `sys_article` LIMIT 1   [ RunTime:0.0000s ]
INFO: [ view_parse ] --START--
INFO: [ template_filter ] --START--
INFO: Run Behavior\ContentReplaceBehavior [ RunTime:0.000000s ]
INFO: [ template_filter ] --END-- [ RunTime:0.000000s ]
INFO: Run Behavior\ParseTemplateBehavior [ RunTime:0.006000s ]
INFO: [ view_parse ] --END-- [ RunTime:0.006000s ]
INFO: [ view_filter ] --START--
INFO: Run Behavior\WriteHtmlCacheBehavior [ RunTime:0.000000s ]
INFO: [ view_filter ] --END-- [ RunTime:0.000000s ]
INFO: [ app_end ] --START--
INFO: Run Behavior\ShowPageTraceBehavior [ RunTime:0.001000s ]
INFO: [ app_end ] --END-- [ RunTime:0.001000s ]

[ 2016-04-29T15:08:34+08:00 ] 127.0.0.1 /index.php/Admin/Article/index
INFO: [ app_init ] --START--
INFO: Run Behavior\BuildLiteBehavior [ RunTime:0.000000s ]
INFO: [ app_init ] --END-- [ RunTime:0.001000s ]
INFO: [ app_begin ] --START--
INFO: Run Behavior\ReadHtmlCacheBehavior [ RunTime:0.001000s ]
INFO: [ app_begin ] --END-- [ RunTime:0.001000s ]
SQL: SHOW COLUMNS FROM `sys_auth_rule` [ RunTime:0.0030s ]
SQL: SELECT `id`,`name`,`title`,`icon` FROM `sys_auth_rule` WHERE `pid` = 0 AND `isshow` = 1 ORDER BY sort  [ RunTime:0.0000s ]
SQL: SHOW COLUMNS FROM `sys_auth_group_access` [ RunTime:0.0030s ]
SQL: SELECT `uid`,`group_id`,`title`,`rules` FROM sys_auth_group_access a INNER JOIN sys_auth_group g on a.group_id=g.id  WHERE ( a.uid='1' and g.status='1' )  [ RunTime:0.0000s ]
SQL: SHOW COLUMNS FROM `sys_auth_rule` [ RunTime:0.0030s ]
SQL: SELECT `condition`,`name` FROM `sys_auth_rule` WHERE `id` IN ('1','2','3','53','54','57','55','56')  [ RunTime:0.0000s ]
SQL: SELECT `id`,`name`,`title`,`icon` FROM `sys_auth_rule` WHERE ( pid=1 AND isshow=1 )  [ RunTime:0.0010s ]
SQL: SELECT `id`,`name`,`title`,`icon` FROM `sys_auth_rule` WHERE ( pid=70 AND isshow=1 )  [ RunTime:0.0000s ]
SQL: SELECT `id`,`name`,`title`,`icon` FROM `sys_auth_rule` WHERE ( pid=3 AND isshow=1 )  [ RunTime:0.0000s ]
SQL: SELECT `id`,`name`,`title`,`icon` FROM `sys_auth_rule` WHERE ( pid=2 AND isshow=1 )  [ RunTime:0.0010s ]
SQL: SELECT `id`,`name`,`title`,`icon` FROM `sys_auth_rule` WHERE ( pid=56 AND isshow=1 )  [ RunTime:0.0000s ]
SQL: SHOW COLUMNS FROM `sys_article` [ RunTime:0.0030s ]
SQL: SELECT COUNT(*) AS tp_count FROM `sys_article` LIMIT 1   [ RunTime:0.0010s ]
SQL: SELECT * FROM `sys_article` ORDER BY createtime desc LIMIT 0,20   [ RunTime:0.0010s ]
INFO: [ view_parse ] --START--
INFO: [ template_filter ] --START--
INFO: Run Behavior\ContentReplaceBehavior [ RunTime:0.000000s ]
INFO: [ template_filter ] --END-- [ RunTime:0.000000s ]
INFO: Run Behavior\ParseTemplateBehavior [ RunTime:0.009000s ]
INFO: [ view_parse ] --END-- [ RunTime:0.009000s ]
INFO: [ view_filter ] --START--
INFO: Run Behavior\WriteHtmlCacheBehavior [ RunTime:0.000000s ]
INFO: [ view_filter ] --END-- [ RunTime:0.000000s ]
INFO: [ app_end ] --START--
INFO: Run Behavior\ShowPageTraceBehavior [ RunTime:0.001000s ]
INFO: [ app_end ] --END-- [ RunTime:0.001000s ]

[ 2016-04-29T15:08:57+08:00 ] 127.0.0.1 /index.php/Admin/Article/editArticle/id/10
INFO: [ app_init ] --START--
INFO: Run Behavior\BuildLiteBehavior [ RunTime:0.000000s ]
INFO: [ app_init ] --END-- [ RunTime:0.001000s ]
INFO: [ app_begin ] --START--
INFO: Run Behavior\ReadHtmlCacheBehavior [ RunTime:0.001000s ]
INFO: [ app_begin ] --END-- [ RunTime:0.001000s ]
SQL: SHOW COLUMNS FROM `sys_auth_rule` [ RunTime:0.0040s ]
SQL: SELECT `id`,`name`,`title`,`icon` FROM `sys_auth_rule` WHERE `pid` = 0 AND `isshow` = 1 ORDER BY sort  [ RunTime:0.0000s ]
SQL: SHOW COLUMNS FROM `sys_auth_group_access` [ RunTime:0.0030s ]
SQL: SELECT `uid`,`group_id`,`title`,`rules` FROM sys_auth_group_access a INNER JOIN sys_auth_group g on a.group_id=g.id  WHERE ( a.uid='1' and g.status='1' )  [ RunTime:0.0000s ]
SQL: SHOW COLUMNS FROM `sys_auth_rule` [ RunTime:0.0030s ]
SQL: SELECT `condition`,`name` FROM `sys_auth_rule` WHERE `id` IN ('1','2','3','53','54','57','55','56')  [ RunTime:0.0010s ]
SQL: SELECT `id`,`name`,`title`,`icon` FROM `sys_auth_rule` WHERE ( pid=1 AND isshow=1 )  [ RunTime:0.0000s ]
SQL: SELECT `id`,`name`,`title`,`icon` FROM `sys_auth_rule` WHERE ( pid=70 AND isshow=1 )  [ RunTime:0.0000s ]
SQL: SELECT `id`,`name`,`title`,`icon` FROM `sys_auth_rule` WHERE ( pid=3 AND isshow=1 )  [ RunTime:0.0010s ]
SQL: SELECT `id`,`name`,`title`,`icon` FROM `sys_auth_rule` WHERE ( pid=2 AND isshow=1 )  [ RunTime:0.0000s ]
SQL: SELECT `id`,`name`,`title`,`icon` FROM `sys_auth_rule` WHERE ( pid=56 AND isshow=1 )  [ RunTime:0.0010s ]
SQL: SHOW COLUMNS FROM `sys_article` [ RunTime:0.0030s ]
NOTIC: [2] Missing argument 1 for I(), called in D:\phpStudy\WWW\auth\1\Application\Admin\Controller\ArticleController.class.php on line 68 and defined D:\phpStudy\WWW\auth\1\ThinkPHP\Common\functions.php 第 271 行.
NOTIC: [8] Undefined variable: name D:\phpStudy\WWW\auth\1\ThinkPHP\Common\functions.php 第 273 行.
NOTIC: [8] Undefined variable: name D:\phpStudy\WWW\auth\1\ThinkPHP\Common\functions.php 第 278 行.
NOTIC: [8] Undefined variable: name D:\phpStudy\WWW\auth\1\ThinkPHP\Common\functions.php 第 339 行.
SQL: SHOW COLUMNS FROM `sys_category` [ RunTime:0.0020s ]
SQL: SELECT * FROM `sys_category` WHERE `categorytype` = 'article'  [ RunTime:0.0000s ]
SQL: SELECT * FROM `sys_article` WHERE `id` = 10 LIMIT 1   [ RunTime:0.0010s ]
INFO: [ view_parse ] --START--
INFO: [ template_filter ] --START--
INFO: Run Behavior\ContentReplaceBehavior [ RunTime:0.000000s ]
INFO: [ template_filter ] --END-- [ RunTime:0.000000s ]
INFO: Run Behavior\ParseTemplateBehavior [ RunTime:0.017001s ]
INFO: [ view_parse ] --END-- [ RunTime:0.017001s ]
INFO: [ view_filter ] --START--
INFO: Run Behavior\WriteHtmlCacheBehavior [ RunTime:0.001000s ]
INFO: [ view_filter ] --END-- [ RunTime:0.001000s ]
INFO: [ app_end ] --START--
INFO: Run Behavior\ShowPageTraceBehavior [ RunTime:0.000000s ]
INFO: [ app_end ] --END-- [ RunTime:0.000000s ]

[ 2016-04-29T15:08:58+08:00 ] 127.0.0.1 /index.php/Admin/Article/editArticle/id/
INFO: [ app_init ] --START--
INFO: Run Behavior\BuildLiteBehavior [ RunTime:0.000000s ]
INFO: [ app_init ] --END-- [ RunTime:0.000000s ]
INFO: [ app_begin ] --START--
INFO: Run Behavior\ReadHtmlCacheBehavior [ RunTime:0.000000s ]
INFO: [ app_begin ] --END-- [ RunTime:0.000000s ]
SQL: SHOW COLUMNS FROM `sys_auth_rule` [ RunTime:0.0020s ]
SQL: SELECT `id`,`name`,`title`,`icon` FROM `sys_auth_rule` WHERE `pid` = 0 AND `isshow` = 1 ORDER BY sort  [ RunTime:0.0000s ]
SQL: SHOW COLUMNS FROM `sys_auth_group_access` [ RunTime:0.0030s ]
SQL: SELECT `uid`,`group_id`,`title`,`rules` FROM sys_auth_group_access a INNER JOIN sys_auth_group g on a.group_id=g.id  WHERE ( a.uid='1' and g.status='1' )  [ RunTime:0.0000s ]
SQL: SHOW COLUMNS FROM `sys_auth_rule` [ RunTime:0.0030s ]
SQL: SELECT `condition`,`name` FROM `sys_auth_rule` WHERE `id` IN ('1','2','3','53','54','57','55','56')  [ RunTime:0.0000s ]
SQL: SELECT `id`,`name`,`title`,`icon` FROM `sys_auth_rule` WHERE ( pid=1 AND isshow=1 )  [ RunTime:0.0000s ]
SQL: SELECT `id`,`name`,`title`,`icon` FROM `sys_auth_rule` WHERE ( pid=70 AND isshow=1 )  [ RunTime:0.0010s ]
SQL: SELECT `id`,`name`,`title`,`icon` FROM `sys_auth_rule` WHERE ( pid=3 AND isshow=1 )  [ RunTime:0.0000s ]
SQL: SELECT `id`,`name`,`title`,`icon` FROM `sys_auth_rule` WHERE ( pid=2 AND isshow=1 )  [ RunTime:0.0000s ]
SQL: SELECT `id`,`name`,`title`,`icon` FROM `sys_auth_rule` WHERE ( pid=56 AND isshow=1 )  [ RunTime:0.0010s ]
SQL: SHOW COLUMNS FROM `sys_article` [ RunTime:0.0030s ]
NOTIC: [2] Missing argument 1 for I(), called in D:\phpStudy\WWW\auth\1\Application\Admin\Controller\ArticleController.class.php on line 68 and defined D:\phpStudy\WWW\auth\1\ThinkPHP\Common\functions.php 第 271 行.
NOTIC: [8] Undefined variable: name D:\phpStudy\WWW\auth\1\ThinkPHP\Common\functions.php 第 273 行.
NOTIC: [8] Undefined variable: name D:\phpStudy\WWW\auth\1\ThinkPHP\Common\functions.php 第 278 行.
NOTIC: [8] Undefined variable: name D:\phpStudy\WWW\auth\1\ThinkPHP\Common\functions.php 第 339 行.
NOTIC: [8] Undefined index: id D:\phpStudy\WWW\auth\1\Application\Admin\Controller\ArticleController.class.php 第 69 行.
SQL: SHOW COLUMNS FROM `sys_category` [ RunTime:0.0030s ]
SQL: SELECT * FROM `sys_category` WHERE `categorytype` = 'article'  [ RunTime:0.0000s ]
SQL: SELECT * FROM `sys_article` LIMIT 1   [ RunTime:0.0000s ]
INFO: [ view_parse ] --START--
INFO: [ template_filter ] --START--
INFO: Run Behavior\ContentReplaceBehavior [ RunTime:0.000000s ]
INFO: [ template_filter ] --END-- [ RunTime:0.000000s ]
INFO: Run Behavior\ParseTemplateBehavior [ RunTime:0.007000s ]
INFO: [ view_parse ] --END-- [ RunTime:0.007000s ]
INFO: [ view_filter ] --START--
INFO: Run Behavior\WriteHtmlCacheBehavior [ RunTime:0.000000s ]
INFO: [ view_filter ] --END-- [ RunTime:0.000000s ]
INFO: [ app_end ] --START--
INFO: Run Behavior\ShowPageTraceBehavior [ RunTime:0.000000s ]
INFO: [ app_end ] --END-- [ RunTime:0.000000s ]

[ 2016-04-29T15:13:43+08:00 ] 127.0.0.1 /index.php/Admin/Article/index
INFO: [ app_init ] --START--
INFO: Run Behavior\BuildLiteBehavior [ RunTime:0.000000s ]
INFO: [ app_init ] --END-- [ RunTime:0.000000s ]
INFO: [ app_begin ] --START--
INFO: Run Behavior\ReadHtmlCacheBehavior [ RunTime:0.001000s ]
INFO: [ app_begin ] --END-- [ RunTime:0.001000s ]
SQL: SHOW COLUMNS FROM `sys_auth_rule` [ RunTime:0.0030s ]
SQL: SELECT `id`,`name`,`title`,`icon` FROM `sys_auth_rule` WHERE `pid` = 0 AND `isshow` = 1 ORDER BY sort  [ RunTime:0.0000s ]
SQL: SHOW COLUMNS FROM `sys_auth_group_access` [ RunTime:0.0030s ]
SQL: SELECT `uid`,`group_id`,`title`,`rules` FROM sys_auth_group_access a INNER JOIN sys_auth_group g on a.group_id=g.id  WHERE ( a.uid='1' and g.status='1' )  [ RunTime:0.0010s ]
SQL: SHOW COLUMNS FROM `sys_auth_rule` [ RunTime:0.0030s ]
SQL: SELECT `condition`,`name` FROM `sys_auth_rule` WHERE `id` IN ('1','2','3','53','54','57','55','56')  [ RunTime:0.0000s ]
SQL: SELECT `id`,`name`,`title`,`icon` FROM `sys_auth_rule` WHERE ( pid=1 AND isshow=1 )  [ RunTime:0.0000s ]
SQL: SELECT `id`,`name`,`title`,`icon` FROM `sys_auth_rule` WHERE ( pid=70 AND isshow=1 )  [ RunTime:0.0000s ]
SQL: SELECT `id`,`name`,`title`,`icon` FROM `sys_auth_rule` WHERE ( pid=3 AND isshow=1 )  [ RunTime:0.0000s ]
SQL: SELECT `id`,`name`,`title`,`icon` FROM `sys_auth_rule` WHERE ( pid=2 AND isshow=1 )  [ RunTime:0.0010s ]
SQL: SELECT `id`,`name`,`title`,`icon` FROM `sys_auth_rule` WHERE ( pid=56 AND isshow=1 )  [ RunTime:0.0000s ]
SQL: SHOW COLUMNS FROM `sys_article` [ RunTime:0.0040s ]
SQL: SELECT COUNT(*) AS tp_count FROM `sys_article` LIMIT 1   [ RunTime:0.0000s ]
SQL: SELECT * FROM `sys_article` ORDER BY createtime desc LIMIT 0,20   [ RunTime:0.0010s ]
INFO: [ view_parse ] --START--
INFO: [ template_filter ] --START--
INFO: Run Behavior\ContentReplaceBehavior [ RunTime:0.000000s ]
INFO: [ template_filter ] --END-- [ RunTime:0.000000s ]
INFO: Run Behavior\ParseTemplateBehavior [ RunTime:0.007000s ]
INFO: [ view_parse ] --END-- [ RunTime:0.007000s ]
INFO: [ view_filter ] --START--
INFO: Run Behavior\WriteHtmlCacheBehavior [ RunTime:0.000000s ]
INFO: [ view_filter ] --END-- [ RunTime:0.000000s ]
INFO: [ app_end ] --START--
INFO: Run Behavior\ShowPageTraceBehavior [ RunTime:0.000000s ]
INFO: [ app_end ] --END-- [ RunTime:0.000000s ]

[ 2016-04-29T15:13:45+08:00 ] 127.0.0.1 /index.php/Admin/Article/editArticle/id/16
INFO: [ app_init ] --START--
INFO: Run Behavior\BuildLiteBehavior [ RunTime:0.000000s ]
INFO: [ app_init ] --END-- [ RunTime:0.000000s ]
INFO: [ app_begin ] --START--
INFO: Run Behavior\ReadHtmlCacheBehavior [ RunTime:0.000000s ]
INFO: [ app_begin ] --END-- [ RunTime:0.000000s ]
SQL: SHOW COLUMNS FROM `sys_auth_rule` [ RunTime:0.0030s ]
SQL: SELECT `id`,`name`,`title`,`icon` FROM `sys_auth_rule` WHERE `pid` = 0 AND `isshow` = 1 ORDER BY sort  [ RunTime:0.0000s ]
SQL: SHOW COLUMNS FROM `sys_auth_group_access` [ RunTime:0.0030s ]
SQL: SELECT `uid`,`group_id`,`title`,`rules` FROM sys_auth_group_access a INNER JOIN sys_auth_group g on a.group_id=g.id  WHERE ( a.uid='1' and g.status='1' )  [ RunTime:0.0000s ]
SQL: SHOW COLUMNS FROM `sys_auth_rule` [ RunTime:0.0020s ]
SQL: SELECT `condition`,`name` FROM `sys_auth_rule` WHERE `id` IN ('1','2','3','53','54','57','55','56')  [ RunTime:0.0010s ]
SQL: SELECT `id`,`name`,`title`,`icon` FROM `sys_auth_rule` WHERE ( pid=1 AND isshow=1 )  [ RunTime:0.0000s ]
SQL: SELECT `id`,`name`,`title`,`icon` FROM `sys_auth_rule` WHERE ( pid=70 AND isshow=1 )  [ RunTime:0.0000s ]
SQL: SELECT `id`,`name`,`title`,`icon` FROM `sys_auth_rule` WHERE ( pid=3 AND isshow=1 )  [ RunTime:0.0010s ]
SQL: SELECT `id`,`name`,`title`,`icon` FROM `sys_auth_rule` WHERE ( pid=2 AND isshow=1 )  [ RunTime:0.0000s ]
SQL: SELECT `id`,`name`,`title`,`icon` FROM `sys_auth_rule` WHERE ( pid=56 AND isshow=1 )  [ RunTime:0.0000s ]
SQL: SHOW COLUMNS FROM `sys_article` [ RunTime:0.0030s ]
NOTIC: [2] Missing argument 1 for I(), called in D:\phpStudy\WWW\auth\1\Application\Admin\Controller\ArticleController.class.php on line 68 and defined D:\phpStudy\WWW\auth\1\ThinkPHP\Common\functions.php 第 271 行.
NOTIC: [8] Undefined variable: name D:\phpStudy\WWW\auth\1\ThinkPHP\Common\functions.php 第 273 行.
NOTIC: [8] Undefined variable: name D:\phpStudy\WWW\auth\1\ThinkPHP\Common\functions.php 第 278 行.
NOTIC: [8] Undefined variable: name D:\phpStudy\WWW\auth\1\ThinkPHP\Common\functions.php 第 339 行.
SQL: SHOW COLUMNS FROM `sys_category` [ RunTime:0.0030s ]
SQL: SELECT * FROM `sys_category` WHERE `categorytype` = 'article'  [ RunTime:0.0000s ]
SQL: SELECT * FROM `sys_article` WHERE `id` = 16 LIMIT 1   [ RunTime:0.0000s ]
INFO: [ view_parse ] --START--
INFO: [ template_filter ] --START--
INFO: Run Behavior\ContentReplaceBehavior [ RunTime:0.000000s ]
INFO: [ template_filter ] --END-- [ RunTime:0.000000s ]
INFO: Run Behavior\ParseTemplateBehavior [ RunTime:0.007001s ]
INFO: [ view_parse ] --END-- [ RunTime:0.007001s ]
INFO: [ view_filter ] --START--
INFO: Run Behavior\WriteHtmlCacheBehavior [ RunTime:0.000000s ]
INFO: [ view_filter ] --END-- [ RunTime:0.000000s ]
INFO: [ app_end ] --START--
INFO: Run Behavior\ShowPageTraceBehavior [ RunTime:0.000000s ]
INFO: [ app_end ] --END-- [ RunTime:0.000000s ]

[ 2016-04-29T15:13:46+08:00 ] 127.0.0.1 /index.php/Admin/Article/editArticle/id/
INFO: [ app_init ] --START--
INFO: Run Behavior\BuildLiteBehavior [ RunTime:0.000000s ]
INFO: [ app_init ] --END-- [ RunTime:0.001000s ]
INFO: [ app_begin ] --START--
INFO: Run Behavior\ReadHtmlCacheBehavior [ RunTime:0.001000s ]
INFO: [ app_begin ] --END-- [ RunTime:0.001000s ]
SQL: SHOW COLUMNS FROM `sys_auth_rule` [ RunTime:0.0040s ]
SQL: SELECT `id`,`name`,`title`,`icon` FROM `sys_auth_rule` WHERE `pid` = 0 AND `isshow` = 1 ORDER BY sort  [ RunTime:0.0010s ]
SQL: SHOW COLUMNS FROM `sys_auth_group_access` [ RunTime:0.0050s ]
SQL: SELECT `uid`,`group_id`,`title`,`rules` FROM sys_auth_group_access a INNER JOIN sys_auth_group g on a.group_id=g.id  WHERE ( a.uid='1' and g.status='1' )  [ RunTime:0.0010s ]
SQL: SHOW COLUMNS FROM `sys_auth_rule` [ RunTime:0.0030s ]
SQL: SELECT `condition`,`name` FROM `sys_auth_rule` WHERE `id` IN ('1','2','3','53','54','57','55','56')  [ RunTime:0.0000s ]
SQL: SELECT `id`,`name`,`title`,`icon` FROM `sys_auth_rule` WHERE ( pid=1 AND isshow=1 )  [ RunTime:0.0000s ]
SQL: SELECT `id`,`name`,`title`,`icon` FROM `sys_auth_rule` WHERE ( pid=70 AND isshow=1 )  [ RunTime:0.0000s ]
SQL: SELECT `id`,`name`,`title`,`icon` FROM `sys_auth_rule` WHERE ( pid=3 AND isshow=1 )  [ RunTime:0.0010s ]
SQL: SELECT `id`,`name`,`title`,`icon` FROM `sys_auth_rule` WHERE ( pid=2 AND isshow=1 )  [ RunTime:0.0000s ]
SQL: SELECT `id`,`name`,`title`,`icon` FROM `sys_auth_rule` WHERE ( pid=56 AND isshow=1 )  [ RunTime:0.0000s ]
SQL: SHOW COLUMNS FROM `sys_article` [ RunTime:0.0060s ]
NOTIC: [2] Missing argument 1 for I(), called in D:\phpStudy\WWW\auth\1\Application\Admin\Controller\ArticleController.class.php on line 68 and defined D:\phpStudy\WWW\auth\1\ThinkPHP\Common\functions.php 第 271 行.
NOTIC: [8] Undefined variable: name D:\phpStudy\WWW\auth\1\ThinkPHP\Common\functions.php 第 273 行.
NOTIC: [8] Undefined variable: name D:\phpStudy\WWW\auth\1\ThinkPHP\Common\functions.php 第 278 行.
NOTIC: [8] Undefined variable: name D:\phpStudy\WWW\auth\1\ThinkPHP\Common\functions.php 第 339 行.
NOTIC: [8] Undefined index: id D:\phpStudy\WWW\auth\1\Application\Admin\Controller\ArticleController.class.php 第 69 行.
SQL: SHOW COLUMNS FROM `sys_category` [ RunTime:0.0040s ]
SQL: SELECT * FROM `sys_category` WHERE `categorytype` = 'article'  [ RunTime:0.0100s ]
SQL: SELECT * FROM `sys_article` LIMIT 1   [ RunTime:0.0000s ]
INFO: [ view_parse ] --START--
INFO: [ template_filter ] --START--
INFO: Run Behavior\ContentReplaceBehavior [ RunTime:0.000000s ]
INFO: [ template_filter ] --END-- [ RunTime:0.000000s ]
INFO: Run Behavior\ParseTemplateBehavior [ RunTime:0.009000s ]
INFO: [ view_parse ] --END-- [ RunTime:0.009000s ]
INFO: [ view_filter ] --START--
INFO: Run Behavior\WriteHtmlCacheBehavior [ RunTime:0.001000s ]
INFO: [ view_filter ] --END-- [ RunTime:0.001000s ]
INFO: [ app_end ] --START--
INFO: Run Behavior\ShowPageTraceBehavior [ RunTime:0.001000s ]
INFO: [ app_end ] --END-- [ RunTime:0.001000s ]

[ 2016-04-29T15:14:45+08:00 ] 127.0.0.1 /index.php/Admin/Article/editArticle
INFO: [ app_init ] --START--
INFO: Run Behavior\BuildLiteBehavior [ RunTime:0.000000s ]
INFO: [ app_init ] --END-- [ RunTime:0.000000s ]
INFO: [ app_begin ] --START--
INFO: Run Behavior\ReadHtmlCacheBehavior [ RunTime:0.001000s ]
INFO: [ app_begin ] --END-- [ RunTime:0.001000s ]
SQL: SHOW COLUMNS FROM `sys_auth_rule` [ RunTime:0.0040s ]
SQL: SELECT `id`,`name`,`title`,`icon` FROM `sys_auth_rule` WHERE `pid` = 0 AND `isshow` = 1 ORDER BY sort  [ RunTime:0.0000s ]
SQL: SHOW COLUMNS FROM `sys_auth_group_access` [ RunTime:0.0040s ]
SQL: SELECT `uid`,`group_id`,`title`,`rules` FROM sys_auth_group_access a INNER JOIN sys_auth_group g on a.group_id=g.id  WHERE ( a.uid='1' and g.status='1' )  [ RunTime:0.0010s ]
SQL: SHOW COLUMNS FROM `sys_auth_rule` [ RunTime:0.0020s ]
SQL: SELECT `condition`,`name` FROM `sys_auth_rule` WHERE `id` IN ('1','2','3','53','54','57','55','56')  [ RunTime:0.0000s ]
SQL: SELECT `id`,`name`,`title`,`icon` FROM `sys_auth_rule` WHERE ( pid=1 AND isshow=1 )  [ RunTime:0.0000s ]
SQL: SELECT `id`,`name`,`title`,`icon` FROM `sys_auth_rule` WHERE ( pid=70 AND isshow=1 )  [ RunTime:0.0010s ]
SQL: SELECT `id`,`name`,`title`,`icon` FROM `sys_auth_rule` WHERE ( pid=3 AND isshow=1 )  [ RunTime:0.0020s ]
SQL: SELECT `id`,`name`,`title`,`icon` FROM `sys_auth_rule` WHERE ( pid=2 AND isshow=1 )  [ RunTime:0.0000s ]
SQL: SELECT `id`,`name`,`title`,`icon` FROM `sys_auth_rule` WHERE ( pid=56 AND isshow=1 )  [ RunTime:0.0000s ]
SQL: SHOW COLUMNS FROM `sys_article` [ RunTime:0.0100s ]
NOTIC: [2] Missing argument 1 for I(), called in D:\phpStudy\WWW\auth\1\Application\Admin\Controller\ArticleController.class.php on line 68 and defined D:\phpStudy\WWW\auth\1\ThinkPHP\Common\functions.php 第 271 行.
NOTIC: [8] Undefined variable: name D:\phpStudy\WWW\auth\1\ThinkPHP\Common\functions.php 第 273 行.
NOTIC: [8] Undefined variable: name D:\phpStudy\WWW\auth\1\ThinkPHP\Common\functions.php 第 278 行.
NOTIC: [8] Undefined variable: name D:\phpStudy\WWW\auth\1\ThinkPHP\Common\functions.php 第 339 行.
NOTIC: [8] Undefined index: isslide D:\phpStudy\WWW\auth\1\Application\Admin\Controller\ArticleController.class.php 第 71 行.
NOTIC: [8] Undefined index: ishot D:\phpStudy\WWW\auth\1\Application\Admin\Controller\ArticleController.class.php 第 72 行.
NOTIC: [8] Undefined index: isspecial D:\phpStudy\WWW\auth\1\Application\Admin\Controller\ArticleController.class.php 第 73 行.
SQL: UPDATE `sys_article` SET `categoryid`='33',`title`='新浪微盘关闭在即，网盘到底犯了什么错？',`keywords`='测试，百度',`source`='rving房车网',`description`='虎嗅做了简单的搜索测试，想试试看微盘里究竟有什么东西值得被整改，但无奈没有交保护费的虎嗅已经完全无法使用搜索功能了。',`cover`='',`content`='&lt;p&gt;虎嗅做了简单的搜索测试，想试试看微盘里究竟有什么东西值得被整改，但无奈没有交保护费的虎嗅已经完全无法使用搜索功能了。&lt;/p&gt;&lt;p&gt;&lt;br/&gt;&lt;/p&gt;&lt;p&gt;&lt;span class=&quot;img-center-box&quot; style=&quot;display:block;&quot;&gt;&lt;img style=&quot;max-width:100%;height:auto;&quot; id=&quot;loading_infkgcto&quot; src=&quot;http://images.huxiu.com/article/content/201604/25/1332032327.jpg?imageMogr2/strip/interlace/1/quality/85/format/jpg&quot; title=&quot;&quot;/&gt;&lt;/span&gt;&lt;/p&gt;&lt;p&gt;&lt;br/&gt;&lt;/p&gt;&lt;p class=&quot;text-big-title&quot; label=&quot;大标题&quot;&gt;新浪微盘里都有什么？&lt;/p&gt;&lt;p&gt;&lt;br/&gt;&lt;/p&gt;&lt;p&gt;关闭的理由很是清晰，因为要配合监管部门的整改，那究竟是什么需要被整改？&lt;/p&gt;&lt;p&gt;&lt;br/&gt;&lt;/p&gt;&lt;p&gt;这要从新浪爱问说起。曾经，丰富的（盗版）电子书资源就让新浪爱问共享资料产生了一定的用户粘性，但新浪爱问的资源近年来已经被经过多轮整治后几乎完全找不到“资料”后，新浪爱问也失去了原有的用户地位，此时新浪微盘改头换面承担了这部分“资料”共享的任务。&lt;/p&gt;&lt;p&gt;&lt;br/&gt;&lt;/p&gt;&lt;p&gt;&lt;span class=&quot;img-center-box&quot; style=&quot;display:block;&quot;&gt;&lt;img style=&quot;max-width:100%;height:auto;&quot; id=&quot;loading_infklwu5&quot; src=&quot;http://images.huxiu.com/article/content/201604/25/1336220295.jpg?imageMogr2/strip/interlace/1/quality/85/format/jpg&quot; title=&quot;&quot;/&gt;&lt;/span&gt;&lt;/p&gt;&lt;p&gt;&lt;br/&gt;&lt;/p&gt;&lt;p&gt;原先新浪爱问中的资源，以及微博中用户的上传与分享，加上对搜索引擎的宽容，使得在新浪微盘中挖掘奇奇怪怪的内容轻而易举——百度搜索屏蔽了自家百度云，反而能从微盘中搜出文件来，如果配合什么神秘代码与车牌号，新浪微盘这简直是个大“车库”，什么文件电子书电影小电影，不要太简单。&lt;/p&gt;&lt;p&gt;&lt;br/&gt;&lt;/p&gt;&lt;p&gt;甚至在新浪自家关了搜索以后，用百度神秘代码“&lt;strong&gt;关键词 + site:vdisk.weibo.com&lt;/strong&gt;&amp;quot;依然可以搜出新浪微盘里被分享过的内容&lt;span label=&quot;备注&quot; class=&quot;text-remarks&quot;&gt;#不要说是我告诉你的#&lt;/span&gt;。现在，好奇的围观群众你们可以去挖一下新浪微盘里都藏了些什么宝藏了。&lt;br/&gt;&lt;/p&gt;&lt;p&gt;&lt;br/&gt;&lt;/p&gt;&lt;p&gt;&lt;span class=&quot;img-center-box&quot; style=&quot;display:block;&quot;&gt;&lt;img style=&quot;max-width:100%;height:auto;&quot; id=&quot;loading_infky8xi&quot; src=&quot;http://images.huxiu.com/article/content/201604/25/1345570076.jpg?imageMogr2/strip/interlace/1/quality/85/format/jpg&quot; title=&quot;&quot;/&gt;&lt;/span&gt;&lt;br/&gt;&lt;/p&gt;&lt;p&gt;如果新浪爱问即面临版权和限制内容等影响，外加上述所说一不小心就会成为神秘资源聚集地，那微盘遭到整改也是情理之中。&lt;/p&gt;&lt;p&gt;&lt;br/&gt;&lt;/p&gt;&lt;p class=&quot;text-big-title&quot; label=&quot;大标题&quot;&gt;微盘既不是第一个被关闭的云存储，也不会是最后一个&lt;br/&gt;&lt;/p&gt;&lt;p&gt;&lt;br/&gt;&lt;/p&gt;&lt;p&gt;网盘，最早出现于邮箱服务中的个人存储空间，用于临时放置文件或共享等。由于文件分享和随着移动互联网、多设备文件共享等用户刚需，独立的大容量网盘便成了必然。&lt;br/&gt;&lt;/p&gt;&lt;p&gt;&lt;br/&gt;&lt;/p&gt;&lt;p&gt;自2014年整治互联网环境以来，网络存储就是监管的重点照顾对象之一，受限于用户上传内容的不可控性，对网盘内容的审查与监管成了技术上的老大难问题，早期的网盘，比如115或酷盘等，在多次整改限制后，如115几乎完全禁止了用户间分享文件后，现在几乎已经成了空壳，成为了真正只能供付费用户存放文件的网络硬盘。得益于较强技术实力下对违禁内容的识别，目前仅有百度盘情况略好一些，但当年整改时百度盘中大量的文件遭删除清理的现象依然让用户怨声载道。&lt;/p&gt;&lt;p&gt;&lt;br/&gt;&lt;/p&gt;&lt;p&gt;怨声载道的用户背后是用户对免费资源无穷尽的追求。在这样的思路下，任何一个满足基本使用条件的文件分享系统——网盘、论坛、网站、种子与磁力链，都会成为一时的爆款，例如新浪爱问和新浪微盘，也比如bilibili试图正版化后和视频站疯抢资源以后出现的dilidili等山寨网站，甚至死而未僵的内容分享论坛，归根结底，只是这样一个问题：获取免费资源操作上的便利性——直接播放最方便，也最容易被整治；网盘分享次之，直接搜索并下载对用户来说也不会是负担；论坛或种子就更复杂一些，搜索与回复甚至积分等都是门槛。&lt;/p&gt;&lt;p&gt;&lt;br/&gt;&lt;/p&gt;&lt;p&gt;在这样的环境下，新浪微盘被关闭了，还会有新的xx盘或者旧的百度盘继续顶上的。&lt;/p&gt;&lt;p&gt;&lt;br/&gt;&lt;/p&gt;&lt;p class=&quot;text-big-title&quot; label=&quot;大标题&quot;&gt;关闭微盘，顺手立了个牌坊的新浪&lt;/p&gt;&lt;p class=&quot;text-big-title&quot; label=&quot;大标题&quot;&gt;&lt;br/&gt;&lt;/p&gt;&lt;p class=&quot;text-normal&quot; label=&quot;正文&quot;&gt;最后，我们来看一下新浪微盘在微博上的通告，通告中顺手@了一众提供各类资源的微博大号，用来稍微弥补一下被关闭的微盘中再也找不到的好用的”资料“们。现在，我们只能好心地希望这些大号提供的都是正版资料了，但到底是不是，我不说。&lt;/p&gt;&lt;p&gt;&lt;br/&gt;&lt;/p&gt;',`isslide`='0',`ishot`='0',`isspecial`='0' WHERE `id` = 16 [ RunTime:0.0010s ]

[ 2016-04-29T15:14:45+08:00 ] 127.0.0.1 /index.php/Admin/Article/index
INFO: [ app_init ] --START--
INFO: Run Behavior\BuildLiteBehavior [ RunTime:0.000000s ]
INFO: [ app_init ] --END-- [ RunTime:0.000000s ]
INFO: [ app_begin ] --START--
INFO: Run Behavior\ReadHtmlCacheBehavior [ RunTime:0.000000s ]
INFO: [ app_begin ] --END-- [ RunTime:0.000000s ]
SQL: SHOW COLUMNS FROM `sys_auth_rule` [ RunTime:0.0100s ]
SQL: SELECT `id`,`name`,`title`,`icon` FROM `sys_auth_rule` WHERE `pid` = 0 AND `isshow` = 1 ORDER BY sort  [ RunTime:0.0000s ]
SQL: SHOW COLUMNS FROM `sys_auth_group_access` [ RunTime:0.0050s ]
SQL: SELECT `uid`,`group_id`,`title`,`rules` FROM sys_auth_group_access a INNER JOIN sys_auth_group g on a.group_id=g.id  WHERE ( a.uid='1' and g.status='1' )  [ RunTime:0.0070s ]
SQL: SHOW COLUMNS FROM `sys_auth_rule` [ RunTime:0.0030s ]
SQL: SELECT `condition`,`name` FROM `sys_auth_rule` WHERE `id` IN ('1','2','3','53','54','57','55','56')  [ RunTime:0.0020s ]
SQL: SELECT `id`,`name`,`title`,`icon` FROM `sys_auth_rule` WHERE ( pid=1 AND isshow=1 )  [ RunTime:0.0000s ]
SQL: SELECT `id`,`name`,`title`,`icon` FROM `sys_auth_rule` WHERE ( pid=70 AND isshow=1 )  [ RunTime:0.0000s ]
SQL: SELECT `id`,`name`,`title`,`icon` FROM `sys_auth_rule` WHERE ( pid=3 AND isshow=1 )  [ RunTime:0.0000s ]
SQL: SELECT `id`,`name`,`title`,`icon` FROM `sys_auth_rule` WHERE ( pid=2 AND isshow=1 )  [ RunTime:0.0000s ]
SQL: SELECT `id`,`name`,`title`,`icon` FROM `sys_auth_rule` WHERE ( pid=56 AND isshow=1 )  [ RunTime:0.0000s ]
SQL: SHOW COLUMNS FROM `sys_article` [ RunTime:0.0130s ]
SQL: SELECT COUNT(*) AS tp_count FROM `sys_article` LIMIT 1   [ RunTime:0.0000s ]
SQL: SELECT * FROM `sys_article` ORDER BY createtime desc LIMIT 0,20   [ RunTime:0.0010s ]
INFO: [ view_parse ] --START--
INFO: [ template_filter ] --START--
INFO: Run Behavior\ContentReplaceBehavior [ RunTime:0.000000s ]
INFO: [ template_filter ] --END-- [ RunTime:0.000000s ]
INFO: Run Behavior\ParseTemplateBehavior [ RunTime:0.020001s ]
INFO: [ view_parse ] --END-- [ RunTime:0.020001s ]
INFO: [ view_filter ] --START--
INFO: Run Behavior\WriteHtmlCacheBehavior [ RunTime:0.006000s ]
INFO: [ view_filter ] --END-- [ RunTime:0.007000s ]
INFO: [ app_end ] --START--
INFO: Run Behavior\ShowPageTraceBehavior [ RunTime:0.015001s ]
INFO: [ app_end ] --END-- [ RunTime:0.015001s ]

[ 2016-04-29T15:14:47+08:00 ] 127.0.0.1 /index.php/Admin/Article/editArticle/id/16
INFO: [ app_init ] --START--
INFO: Run Behavior\BuildLiteBehavior [ RunTime:0.000000s ]
INFO: [ app_init ] --END-- [ RunTime:0.003000s ]
INFO: [ app_begin ] --START--
INFO: Run Behavior\ReadHtmlCacheBehavior [ RunTime:0.006000s ]
INFO: [ app_begin ] --END-- [ RunTime:0.006000s ]
SQL: SHOW COLUMNS FROM `sys_auth_rule` [ RunTime:0.0030s ]
SQL: SELECT `id`,`name`,`title`,`icon` FROM `sys_auth_rule` WHERE `pid` = 0 AND `isshow` = 1 ORDER BY sort  [ RunTime:0.0010s ]
SQL: SHOW COLUMNS FROM `sys_auth_group_access` [ RunTime:0.0020s ]
SQL: SELECT `uid`,`group_id`,`title`,`rules` FROM sys_auth_group_access a INNER JOIN sys_auth_group g on a.group_id=g.id  WHERE ( a.uid='1' and g.status='1' )  [ RunTime:0.0000s ]
SQL: SHOW COLUMNS FROM `sys_auth_rule` [ RunTime:0.0070s ]
SQL: SELECT `condition`,`name` FROM `sys_auth_rule` WHERE `id` IN ('1','2','3','53','54','57','55','56')  [ RunTime:0.0000s ]
SQL: SELECT `id`,`name`,`title`,`icon` FROM `sys_auth_rule` WHERE ( pid=1 AND isshow=1 )  [ RunTime:0.0000s ]
SQL: SELECT `id`,`name`,`title`,`icon` FROM `sys_auth_rule` WHERE ( pid=70 AND isshow=1 )  [ RunTime:0.0000s ]
SQL: SELECT `id`,`name`,`title`,`icon` FROM `sys_auth_rule` WHERE ( pid=3 AND isshow=1 )  [ RunTime:0.0010s ]
SQL: SELECT `id`,`name`,`title`,`icon` FROM `sys_auth_rule` WHERE ( pid=2 AND isshow=1 )  [ RunTime:0.0000s ]
SQL: SELECT `id`,`name`,`title`,`icon` FROM `sys_auth_rule` WHERE ( pid=56 AND isshow=1 )  [ RunTime:0.0010s ]
SQL: SHOW COLUMNS FROM `sys_article` [ RunTime:0.0030s ]
NOTIC: [2] Missing argument 1 for I(), called in D:\phpStudy\WWW\auth\1\Application\Admin\Controller\ArticleController.class.php on line 68 and defined D:\phpStudy\WWW\auth\1\ThinkPHP\Common\functions.php 第 271 行.
NOTIC: [8] Undefined variable: name D:\phpStudy\WWW\auth\1\ThinkPHP\Common\functions.php 第 273 行.
NOTIC: [8] Undefined variable: name D:\phpStudy\WWW\auth\1\ThinkPHP\Common\functions.php 第 278 行.
NOTIC: [8] Undefined variable: name D:\phpStudy\WWW\auth\1\ThinkPHP\Common\functions.php 第 339 行.
SQL: SHOW COLUMNS FROM `sys_category` [ RunTime:0.0030s ]
SQL: SELECT * FROM `sys_category` WHERE `categorytype` = 'article'  [ RunTime:0.0000s ]
SQL: SELECT * FROM `sys_article` WHERE `id` = 16 LIMIT 1   [ RunTime:0.0010s ]
INFO: [ view_parse ] --START--
INFO: [ template_filter ] --START--
INFO: Run Behavior\ContentReplaceBehavior [ RunTime:0.000000s ]
INFO: [ template_filter ] --END-- [ RunTime:0.000000s ]
INFO: Run Behavior\ParseTemplateBehavior [ RunTime:0.009000s ]
INFO: [ view_parse ] --END-- [ RunTime:0.009000s ]
INFO: [ view_filter ] --START--
INFO: Run Behavior\WriteHtmlCacheBehavior [ RunTime:0.000000s ]
INFO: [ view_filter ] --END-- [ RunTime:0.000000s ]
INFO: [ app_end ] --START--
INFO: Run Behavior\ShowPageTraceBehavior [ RunTime:0.000000s ]
INFO: [ app_end ] --END-- [ RunTime:0.000000s ]

[ 2016-04-29T15:14:49+08:00 ] 127.0.0.1 /index.php/Admin/Article/editArticle/id/
INFO: [ app_init ] --START--
INFO: Run Behavior\BuildLiteBehavior [ RunTime:0.000000s ]
INFO: [ app_init ] --END-- [ RunTime:0.001000s ]
INFO: [ app_begin ] --START--
INFO: Run Behavior\ReadHtmlCacheBehavior [ RunTime:0.001000s ]
INFO: [ app_begin ] --END-- [ RunTime:0.001000s ]
SQL: SHOW COLUMNS FROM `sys_auth_rule` [ RunTime:0.0040s ]
SQL: SELECT `id`,`name`,`title`,`icon` FROM `sys_auth_rule` WHERE `pid` = 0 AND `isshow` = 1 ORDER BY sort  [ RunTime:0.0010s ]
SQL: SHOW COLUMNS FROM `sys_auth_group_access` [ RunTime:0.0040s ]
SQL: SELECT `uid`,`group_id`,`title`,`rules` FROM sys_auth_group_access a INNER JOIN sys_auth_group g on a.group_id=g.id  WHERE ( a.uid='1' and g.status='1' )  [ RunTime:0.0020s ]
SQL: SHOW COLUMNS FROM `sys_auth_rule` [ RunTime:0.0040s ]
SQL: SELECT `condition`,`name` FROM `sys_auth_rule` WHERE `id` IN ('1','2','3','53','54','57','55','56')  [ RunTime:0.0000s ]
SQL: SELECT `id`,`name`,`title`,`icon` FROM `sys_auth_rule` WHERE ( pid=1 AND isshow=1 )  [ RunTime:0.0000s ]
SQL: SELECT `id`,`name`,`title`,`icon` FROM `sys_auth_rule` WHERE ( pid=70 AND isshow=1 )  [ RunTime:0.0010s ]
SQL: SELECT `id`,`name`,`title`,`icon` FROM `sys_auth_rule` WHERE ( pid=3 AND isshow=1 )  [ RunTime:0.0010s ]
SQL: SELECT `id`,`name`,`title`,`icon` FROM `sys_auth_rule` WHERE ( pid=2 AND isshow=1 )  [ RunTime:0.0000s ]
SQL: SELECT `id`,`name`,`title`,`icon` FROM `sys_auth_rule` WHERE ( pid=56 AND isshow=1 )  [ RunTime:0.0010s ]
SQL: SHOW COLUMNS FROM `sys_article` [ RunTime:0.0030s ]
NOTIC: [2] Missing argument 1 for I(), called in D:\phpStudy\WWW\auth\1\Application\Admin\Controller\ArticleController.class.php on line 68 and defined D:\phpStudy\WWW\auth\1\ThinkPHP\Common\functions.php 第 271 行.
NOTIC: [8] Undefined variable: name D:\phpStudy\WWW\auth\1\ThinkPHP\Common\functions.php 第 273 行.
NOTIC: [8] Undefined variable: name D:\phpStudy\WWW\auth\1\ThinkPHP\Common\functions.php 第 278 行.
NOTIC: [8] Undefined variable: name D:\phpStudy\WWW\auth\1\ThinkPHP\Common\functions.php 第 339 行.
NOTIC: [8] Undefined index: id D:\phpStudy\WWW\auth\1\Application\Admin\Controller\ArticleController.class.php 第 69 行.
SQL: SHOW COLUMNS FROM `sys_category` [ RunTime:0.0050s ]
SQL: SELECT * FROM `sys_category` WHERE `categorytype` = 'article'  [ RunTime:0.0010s ]
SQL: SELECT * FROM `sys_article` LIMIT 1   [ RunTime:0.0000s ]
INFO: [ view_parse ] --START--
INFO: [ template_filter ] --START--
INFO: Run Behavior\ContentReplaceBehavior [ RunTime:0.000000s ]
INFO: [ template_filter ] --END-- [ RunTime:0.000000s ]
INFO: Run Behavior\ParseTemplateBehavior [ RunTime:0.014000s ]
INFO: [ view_parse ] --END-- [ RunTime:0.014000s ]
INFO: [ view_filter ] --START--
INFO: Run Behavior\WriteHtmlCacheBehavior [ RunTime:0.000000s ]
INFO: [ view_filter ] --END-- [ RunTime:0.000000s ]
INFO: [ app_end ] --START--
INFO: Run Behavior\ShowPageTraceBehavior [ RunTime:0.001000s ]
INFO: [ app_end ] --END-- [ RunTime:0.001000s ]

[ 2016-04-29T15:17:57+08:00 ] 127.0.0.1 /index.php/Admin/Article/index
INFO: [ app_init ] --START--
INFO: Run Behavior\BuildLiteBehavior [ RunTime:0.000000s ]
INFO: [ app_init ] --END-- [ RunTime:0.000000s ]
INFO: [ app_begin ] --START--
INFO: Run Behavior\ReadHtmlCacheBehavior [ RunTime:0.001000s ]
INFO: [ app_begin ] --END-- [ RunTime:0.001000s ]
SQL: SHOW COLUMNS FROM `sys_auth_rule` [ RunTime:0.0020s ]
SQL: SELECT `id`,`name`,`title`,`icon` FROM `sys_auth_rule` WHERE `pid` = 0 AND `isshow` = 1 ORDER BY sort  [ RunTime:0.0000s ]
SQL: SHOW COLUMNS FROM `sys_auth_group_access` [ RunTime:0.0030s ]
SQL: SELECT `uid`,`group_id`,`title`,`rules` FROM sys_auth_group_access a INNER JOIN sys_auth_group g on a.group_id=g.id  WHERE ( a.uid='1' and g.status='1' )  [ RunTime:0.0010s ]
SQL: SHOW COLUMNS FROM `sys_auth_rule` [ RunTime:0.0020s ]
SQL: SELECT `condition`,`name` FROM `sys_auth_rule` WHERE `id` IN ('1','2','3','53','54','57','55','56')  [ RunTime:0.0000s ]
SQL: SELECT `id`,`name`,`title`,`icon` FROM `sys_auth_rule` WHERE ( pid=1 AND isshow=1 )  [ RunTime:0.0000s ]
SQL: SELECT `id`,`name`,`title`,`icon` FROM `sys_auth_rule` WHERE ( pid=70 AND isshow=1 )  [ RunTime:0.0010s ]
SQL: SELECT `id`,`name`,`title`,`icon` FROM `sys_auth_rule` WHERE ( pid=3 AND isshow=1 )  [ RunTime:0.0000s ]
SQL: SELECT `id`,`name`,`title`,`icon` FROM `sys_auth_rule` WHERE ( pid=2 AND isshow=1 )  [ RunTime:0.0010s ]
SQL: SELECT `id`,`name`,`title`,`icon` FROM `sys_auth_rule` WHERE ( pid=56 AND isshow=1 )  [ RunTime:0.0010s ]
SQL: SHOW COLUMNS FROM `sys_article` [ RunTime:0.0030s ]
SQL: SELECT COUNT(*) AS tp_count FROM `sys_article` LIMIT 1   [ RunTime:0.0000s ]
SQL: SELECT * FROM `sys_article` ORDER BY createtime desc LIMIT 0,20   [ RunTime:0.0010s ]
INFO: [ view_parse ] --START--
INFO: [ template_filter ] --START--
INFO: Run Behavior\ContentReplaceBehavior [ RunTime:0.000000s ]
INFO: [ template_filter ] --END-- [ RunTime:0.000000s ]
INFO: Run Behavior\ParseTemplateBehavior [ RunTime:0.006000s ]
INFO: [ view_parse ] --END-- [ RunTime:0.006000s ]
INFO: [ view_filter ] --START--
INFO: Run Behavior\WriteHtmlCacheBehavior [ RunTime:0.000000s ]
INFO: [ view_filter ] --END-- [ RunTime:0.000000s ]
INFO: [ app_end ] --START--
INFO: Run Behavior\ShowPageTraceBehavior [ RunTime:0.000000s ]
INFO: [ app_end ] --END-- [ RunTime:0.000000s ]

[ 2016-04-29T15:18:00+08:00 ] 127.0.0.1 /index.php/Admin/Article/editArticle/id/16
INFO: [ app_init ] --START--
INFO: Run Behavior\BuildLiteBehavior [ RunTime:0.000000s ]
INFO: [ app_init ] --END-- [ RunTime:0.000000s ]
INFO: [ app_begin ] --START--
INFO: Run Behavior\ReadHtmlCacheBehavior [ RunTime:0.000000s ]
INFO: [ app_begin ] --END-- [ RunTime:0.000000s ]
SQL: SHOW COLUMNS FROM `sys_auth_rule` [ RunTime:0.0030s ]
SQL: SELECT `id`,`name`,`title`,`icon` FROM `sys_auth_rule` WHERE `pid` = 0 AND `isshow` = 1 ORDER BY sort  [ RunTime:0.0000s ]
SQL: SHOW COLUMNS FROM `sys_auth_group_access` [ RunTime:0.0030s ]
SQL: SELECT `uid`,`group_id`,`title`,`rules` FROM sys_auth_group_access a INNER JOIN sys_auth_group g on a.group_id=g.id  WHERE ( a.uid='1' and g.status='1' )  [ RunTime:0.0000s ]
SQL: SHOW COLUMNS FROM `sys_auth_rule` [ RunTime:0.0030s ]
SQL: SELECT `condition`,`name` FROM `sys_auth_rule` WHERE `id` IN ('1','2','3','53','54','57','55','56')  [ RunTime:0.0000s ]
SQL: SELECT `id`,`name`,`title`,`icon` FROM `sys_auth_rule` WHERE ( pid=1 AND isshow=1 )  [ RunTime:0.0000s ]
SQL: SELECT `id`,`name`,`title`,`icon` FROM `sys_auth_rule` WHERE ( pid=70 AND isshow=1 )  [ RunTime:0.0000s ]
SQL: SELECT `id`,`name`,`title`,`icon` FROM `sys_auth_rule` WHERE ( pid=3 AND isshow=1 )  [ RunTime:0.0010s ]
SQL: SELECT `id`,`name`,`title`,`icon` FROM `sys_auth_rule` WHERE ( pid=2 AND isshow=1 )  [ RunTime:0.0060s ]
SQL: SELECT `id`,`name`,`title`,`icon` FROM `sys_auth_rule` WHERE ( pid=56 AND isshow=1 )  [ RunTime:0.0000s ]
SQL: SHOW COLUMNS FROM `sys_article` [ RunTime:0.0030s ]
NOTIC: [2] Missing argument 1 for I(), called in D:\phpStudy\WWW\auth\1\Application\Admin\Controller\ArticleController.class.php on line 68 and defined D:\phpStudy\WWW\auth\1\ThinkPHP\Common\functions.php 第 271 行.
NOTIC: [8] Undefined variable: name D:\phpStudy\WWW\auth\1\ThinkPHP\Common\functions.php 第 273 行.
NOTIC: [8] Undefined variable: name D:\phpStudy\WWW\auth\1\ThinkPHP\Common\functions.php 第 278 行.
NOTIC: [8] Undefined variable: name D:\phpStudy\WWW\auth\1\ThinkPHP\Common\functions.php 第 339 行.
SQL: SHOW COLUMNS FROM `sys_category` [ RunTime:0.0030s ]
SQL: SELECT * FROM `sys_category` WHERE `categorytype` = 'article'  [ RunTime:0.0000s ]
SQL: SELECT * FROM `sys_article` WHERE `id` = 16 LIMIT 1   [ RunTime:0.0000s ]
INFO: [ view_parse ] --START--
INFO: [ template_filter ] --START--
INFO: Run Behavior\ContentReplaceBehavior [ RunTime:0.000000s ]
INFO: [ template_filter ] --END-- [ RunTime:0.000000s ]
INFO: Run Behavior\ParseTemplateBehavior [ RunTime:0.008001s ]
INFO: [ view_parse ] --END-- [ RunTime:0.008001s ]
INFO: [ view_filter ] --START--
INFO: Run Behavior\WriteHtmlCacheBehavior [ RunTime:0.000000s ]
INFO: [ view_filter ] --END-- [ RunTime:0.000000s ]
INFO: [ app_end ] --START--
INFO: Run Behavior\ShowPageTraceBehavior [ RunTime:0.000000s ]
INFO: [ app_end ] --END-- [ RunTime:0.000000s ]

[ 2016-04-29T15:18:03+08:00 ] 127.0.0.1 /index.php/Admin/Article/editArticle/id/
INFO: [ app_init ] --START--
INFO: Run Behavior\BuildLiteBehavior [ RunTime:0.000000s ]
INFO: [ app_init ] --END-- [ RunTime:0.000000s ]
INFO: [ app_begin ] --START--
INFO: Run Behavior\ReadHtmlCacheBehavior [ RunTime:0.000000s ]
INFO: [ app_begin ] --END-- [ RunTime:0.000000s ]
SQL: SHOW COLUMNS FROM `sys_auth_rule` [ RunTime:0.0030s ]
SQL: SELECT `id`,`name`,`title`,`icon` FROM `sys_auth_rule` WHERE `pid` = 0 AND `isshow` = 1 ORDER BY sort  [ RunTime:0.0000s ]
SQL: SHOW COLUMNS FROM `sys_auth_group_access` [ RunTime:0.0030s ]
SQL: SELECT `uid`,`group_id`,`title`,`rules` FROM sys_auth_group_access a INNER JOIN sys_auth_group g on a.group_id=g.id  WHERE ( a.uid='1' and g.status='1' )  [ RunTime:0.0010s ]
SQL: SHOW COLUMNS FROM `sys_auth_rule` [ RunTime:0.0020s ]
SQL: SELECT `condition`,`name` FROM `sys_auth_rule` WHERE `id` IN ('1','2','3','53','54','57','55','56')  [ RunTime:0.0010s ]
SQL: SELECT `id`,`name`,`title`,`icon` FROM `sys_auth_rule` WHERE ( pid=1 AND isshow=1 )  [ RunTime:0.0000s ]
SQL: SELECT `id`,`name`,`title`,`icon` FROM `sys_auth_rule` WHERE ( pid=70 AND isshow=1 )  [ RunTime:0.0000s ]
SQL: SELECT `id`,`name`,`title`,`icon` FROM `sys_auth_rule` WHERE ( pid=3 AND isshow=1 )  [ RunTime:0.0010s ]
SQL: SELECT `id`,`name`,`title`,`icon` FROM `sys_auth_rule` WHERE ( pid=2 AND isshow=1 )  [ RunTime:0.0000s ]
SQL: SELECT `id`,`name`,`title`,`icon` FROM `sys_auth_rule` WHERE ( pid=56 AND isshow=1 )  [ RunTime:0.0000s ]
SQL: SHOW COLUMNS FROM `sys_article` [ RunTime:0.0030s ]
NOTIC: [2] Missing argument 1 for I(), called in D:\phpStudy\WWW\auth\1\Application\Admin\Controller\ArticleController.class.php on line 68 and defined D:\phpStudy\WWW\auth\1\ThinkPHP\Common\functions.php 第 271 行.
NOTIC: [8] Undefined variable: name D:\phpStudy\WWW\auth\1\ThinkPHP\Common\functions.php 第 273 行.
NOTIC: [8] Undefined variable: name D:\phpStudy\WWW\auth\1\ThinkPHP\Common\functions.php 第 278 行.
NOTIC: [8] Undefined variable: name D:\phpStudy\WWW\auth\1\ThinkPHP\Common\functions.php 第 339 行.
NOTIC: [8] Undefined index: id D:\phpStudy\WWW\auth\1\Application\Admin\Controller\ArticleController.class.php 第 69 行.
SQL: SHOW COLUMNS FROM `sys_category` [ RunTime:0.0020s ]
SQL: SELECT * FROM `sys_category` WHERE `categorytype` = 'article'  [ RunTime:0.0000s ]
SQL: SELECT * FROM `sys_article` LIMIT 1   [ RunTime:0.0000s ]
INFO: [ view_parse ] --START--
INFO: [ template_filter ] --START--
INFO: Run Behavior\ContentReplaceBehavior [ RunTime:0.000000s ]
INFO: [ template_filter ] --END-- [ RunTime:0.000000s ]
INFO: Run Behavior\ParseTemplateBehavior [ RunTime:0.007001s ]
INFO: [ view_parse ] --END-- [ RunTime:0.007001s ]
INFO: [ view_filter ] --START--
INFO: Run Behavior\WriteHtmlCacheBehavior [ RunTime:0.000000s ]
INFO: [ view_filter ] --END-- [ RunTime:0.000000s ]
INFO: [ app_end ] --START--
INFO: Run Behavior\ShowPageTraceBehavior [ RunTime:0.001000s ]
INFO: [ app_end ] --END-- [ RunTime:0.001000s ]

[ 2016-04-29T15:18:14+08:00 ] 127.0.0.1 /index.php/Admin/Article/editArticle
INFO: [ app_init ] --START--
INFO: Run Behavior\BuildLiteBehavior [ RunTime:0.000000s ]
INFO: [ app_init ] --END-- [ RunTime:0.002000s ]
INFO: [ app_begin ] --START--
INFO: Run Behavior\ReadHtmlCacheBehavior [ RunTime:0.001000s ]
INFO: [ app_begin ] --END-- [ RunTime:0.001000s ]
SQL: SHOW COLUMNS FROM `sys_auth_rule` [ RunTime:0.0030s ]
SQL: SELECT `id`,`name`,`title`,`icon` FROM `sys_auth_rule` WHERE `pid` = 0 AND `isshow` = 1 ORDER BY sort  [ RunTime:0.0000s ]
SQL: SHOW COLUMNS FROM `sys_auth_group_access` [ RunTime:0.0030s ]
SQL: SELECT `uid`,`group_id`,`title`,`rules` FROM sys_auth_group_access a INNER JOIN sys_auth_group g on a.group_id=g.id  WHERE ( a.uid='1' and g.status='1' )  [ RunTime:0.0000s ]
SQL: SHOW COLUMNS FROM `sys_auth_rule` [ RunTime:0.0030s ]
SQL: SELECT `condition`,`name` FROM `sys_auth_rule` WHERE `id` IN ('1','2','3','53','54','57','55','56')  [ RunTime:0.0000s ]
SQL: SELECT `id`,`name`,`title`,`icon` FROM `sys_auth_rule` WHERE ( pid=1 AND isshow=1 )  [ RunTime:0.0000s ]
SQL: SELECT `id`,`name`,`title`,`icon` FROM `sys_auth_rule` WHERE ( pid=70 AND isshow=1 )  [ RunTime:0.0000s ]
SQL: SELECT `id`,`name`,`title`,`icon` FROM `sys_auth_rule` WHERE ( pid=3 AND isshow=1 )  [ RunTime:0.0000s ]
SQL: SELECT `id`,`name`,`title`,`icon` FROM `sys_auth_rule` WHERE ( pid=2 AND isshow=1 )  [ RunTime:0.0000s ]
SQL: SELECT `id`,`name`,`title`,`icon` FROM `sys_auth_rule` WHERE ( pid=56 AND isshow=1 )  [ RunTime:0.0000s ]
SQL: SHOW COLUMNS FROM `sys_article` [ RunTime:0.0050s ]
NOTIC: [2] Missing argument 1 for I(), called in D:\phpStudy\WWW\auth\1\Application\Admin\Controller\ArticleController.class.php on line 68 and defined D:\phpStudy\WWW\auth\1\ThinkPHP\Common\functions.php 第 271 行.
NOTIC: [8] Undefined variable: name D:\phpStudy\WWW\auth\1\ThinkPHP\Common\functions.php 第 273 行.
NOTIC: [8] Undefined variable: name D:\phpStudy\WWW\auth\1\ThinkPHP\Common\functions.php 第 278 行.
NOTIC: [8] Undefined variable: name D:\phpStudy\WWW\auth\1\ThinkPHP\Common\functions.php 第 339 行.
NOTIC: [8] Undefined index: isslide D:\phpStudy\WWW\auth\1\Application\Admin\Controller\ArticleController.class.php 第 71 行.
NOTIC: [8] Undefined index: ishot D:\phpStudy\WWW\auth\1\Application\Admin\Controller\ArticleController.class.php 第 72 行.
NOTIC: [8] Undefined index: isspecial D:\phpStudy\WWW\auth\1\Application\Admin\Controller\ArticleController.class.php 第 73 行.
SQL: UPDATE `sys_article` SET `categoryid`='33',`title`='新浪微盘关闭在即，网盘到底犯了什么错？',`keywords`='测试，百度',`source`='rving房车网',`description`='虎嗅做了简单的搜索测试，想试试看微盘里究竟有什么东西值得被整改，但无奈没有交保护费的虎嗅已经完全无法使用搜索功能了。',`cover`='',`content`='&lt;p&gt;虎嗅做了简单的搜索测试，想试试看微盘里究竟有什么东西值得被整改，但无奈没有交保护费的虎嗅已经完全无法使用搜索功能了。&lt;/p&gt;&lt;p&gt;&lt;br/&gt;&lt;/p&gt;&lt;p&gt;&lt;span class=&quot;img-center-box&quot; style=&quot;display:block;&quot;&gt;&lt;img style=&quot;max-width:100%;height:auto;&quot; id=&quot;loading_infkgcto&quot; src=&quot;http://images.huxiu.com/article/content/201604/25/1332032327.jpg?imageMogr2/strip/interlace/1/quality/85/format/jpg&quot; title=&quot;&quot;/&gt;&lt;/span&gt;&lt;/p&gt;&lt;p&gt;&lt;br/&gt;&lt;/p&gt;&lt;p class=&quot;text-big-title&quot; label=&quot;大标题&quot;&gt;新浪微盘里都有什么？&lt;/p&gt;&lt;p&gt;&lt;br/&gt;&lt;/p&gt;&lt;p&gt;关闭的理由很是清晰，因为要配合监管部门的整改，那究竟是什么需要被整改？&lt;/p&gt;&lt;p&gt;&lt;br/&gt;&lt;/p&gt;&lt;p&gt;这要从新浪爱问说起。曾经，丰富的（盗版）电子书资源就让新浪爱问共享资料产生了一定的用户粘性，但新浪爱问的资源近年来已经被经过多轮整治后几乎完全找不到“资料”后，新浪爱问也失去了原有的用户地位，此时新浪微盘改头换面承担了这部分“资料”共享的任务。&lt;/p&gt;&lt;p&gt;&lt;br/&gt;&lt;/p&gt;&lt;p&gt;&lt;span class=&quot;img-center-box&quot; style=&quot;display:block;&quot;&gt;&lt;img style=&quot;max-width:100%;height:auto;&quot; id=&quot;loading_infklwu5&quot; src=&quot;http://images.huxiu.com/article/content/201604/25/1336220295.jpg?imageMogr2/strip/interlace/1/quality/85/format/jpg&quot; title=&quot;&quot;/&gt;&lt;/span&gt;&lt;/p&gt;&lt;p&gt;&lt;br/&gt;&lt;/p&gt;&lt;p&gt;原先新浪爱问中的资源，以及微博中用户的上传与分享，加上对搜索引擎的宽容，使得在新浪微盘中挖掘奇奇怪怪的内容轻而易举——百度搜索屏蔽了自家百度云，反而能从微盘中搜出文件来，如果配合什么神秘代码与车牌号，新浪微盘这简直是个大“车库”，什么文件电子书电影小电影，不要太简单。&lt;/p&gt;&lt;p&gt;&lt;br/&gt;&lt;/p&gt;&lt;p&gt;甚至在新浪自家关了搜索以后，用百度神秘代码“&lt;strong&gt;关键词 + site:vdisk.weibo.com&lt;/strong&gt;&amp;quot;依然可以搜出新浪微盘里被分享过的内容&lt;span label=&quot;备注&quot; class=&quot;text-remarks&quot;&gt;#不要说是我告诉你的#&lt;/span&gt;。现在，好奇的围观群众你们可以去挖一下新浪微盘里都藏了些什么宝藏了。&lt;br/&gt;&lt;/p&gt;&lt;p&gt;&lt;br/&gt;&lt;/p&gt;&lt;p&gt;&lt;span class=&quot;img-center-box&quot; style=&quot;display:block;&quot;&gt;&lt;img style=&quot;max-width:100%;height:auto;&quot; id=&quot;loading_infky8xi&quot; src=&quot;http://images.huxiu.com/article/content/201604/25/1345570076.jpg?imageMogr2/strip/interlace/1/quality/85/format/jpg&quot; title=&quot;&quot;/&gt;&lt;/span&gt;&lt;br/&gt;&lt;/p&gt;&lt;p&gt;如果新浪爱问即面临版权和限制内容等影响，外加上述所说一不小心就会成为神秘资源聚集地，那微盘遭到整改也是情理之中。&lt;/p&gt;&lt;p&gt;&lt;br/&gt;&lt;/p&gt;&lt;p class=&quot;text-big-title&quot; label=&quot;大标题&quot;&gt;微盘既不是第一个被关闭的云存储，也不会是最后一个&lt;br/&gt;&lt;/p&gt;&lt;p&gt;&lt;br/&gt;&lt;/p&gt;&lt;p&gt;网盘，最早出现于邮箱服务中的个人存储空间，用于临时放置文件或共享等。由于文件分享和随着移动互联网、多设备文件共享等用户刚需，独立的大容量网盘便成了必然。&lt;br/&gt;&lt;/p&gt;&lt;p&gt;&lt;br/&gt;&lt;/p&gt;&lt;p&gt;自2014年整治互联网环境以来，网络存储就是监管的重点照顾对象之一，受限于用户上传内容的不可控性，对网盘内容的审查与监管成了技术上的老大难问题，早期的网盘，比如115或酷盘等，在多次整改限制后，如115几乎完全禁止了用户间分享文件后，现在几乎已经成了空壳，成为了真正只能供付费用户存放文件的网络硬盘。得益于较强技术实力下对违禁内容的识别，目前仅有百度盘情况略好一些，但当年整改时百度盘中大量的文件遭删除清理的现象依然让用户怨声载道。&lt;/p&gt;&lt;p&gt;&lt;br/&gt;&lt;/p&gt;&lt;p&gt;怨声载道的用户背后是用户对免费资源无穷尽的追求。在这样的思路下，任何一个满足基本使用条件的文件分享系统——网盘、论坛、网站、种子与磁力链，都会成为一时的爆款，例如新浪爱问和新浪微盘，也比如bilibili试图正版化后和视频站疯抢资源以后出现的dilidili等山寨网站，甚至死而未僵的内容分享论坛，归根结底，只是这样一个问题：获取免费资源操作上的便利性——直接播放最方便，也最容易被整治；网盘分享次之，直接搜索并下载对用户来说也不会是负担；论坛或种子就更复杂一些，搜索与回复甚至积分等都是门槛。&lt;/p&gt;&lt;p&gt;&lt;br/&gt;&lt;/p&gt;&lt;p&gt;在这样的环境下，新浪微盘被关闭了，还会有新的xx盘或者旧的百度盘继续顶上的。&lt;/p&gt;&lt;p&gt;&lt;br/&gt;&lt;/p&gt;&lt;p class=&quot;text-big-title&quot; label=&quot;大标题&quot;&gt;关闭微盘，顺手立了个牌坊的新浪&lt;/p&gt;&lt;p class=&quot;text-big-title&quot; label=&quot;大标题&quot;&gt;&lt;br/&gt;&lt;/p&gt;&lt;p class=&quot;text-normal&quot; label=&quot;正文&quot;&gt;最后，我们来看一下新浪微盘在微博上的通告，通告中顺手@了一众提供各类资源的微博大号，用来稍微弥补一下被关闭的微盘中再也找不到的好用的”资料“们。现在，我们只能好心地希望这些大号提供的都是正版资料了，但到底是不是，我不说。&lt;/p&gt;&lt;p&gt;&lt;br/&gt;&lt;/p&gt;',`isslide`='0',`ishot`='0',`isspecial`='0' WHERE `id` = 16 [ RunTime:0.0010s ]

[ 2016-04-29T15:18:14+08:00 ] 127.0.0.1 /index.php/Admin/Article/index
INFO: [ app_init ] --START--
INFO: Run Behavior\BuildLiteBehavior [ RunTime:0.000000s ]
INFO: [ app_init ] --END-- [ RunTime:0.000000s ]
INFO: [ app_begin ] --START--
INFO: Run Behavior\ReadHtmlCacheBehavior [ RunTime:0.000000s ]
INFO: [ app_begin ] --END-- [ RunTime:0.000000s ]
SQL: SHOW COLUMNS FROM `sys_auth_rule` [ RunTime:0.0040s ]
SQL: SELECT `id`,`name`,`title`,`icon` FROM `sys_auth_rule` WHERE `pid` = 0 AND `isshow` = 1 ORDER BY sort  [ RunTime:0.0000s ]
SQL: SHOW COLUMNS FROM `sys_auth_group_access` [ RunTime:0.0040s ]
SQL: SELECT `uid`,`group_id`,`title`,`rules` FROM sys_auth_group_access a INNER JOIN sys_auth_group g on a.group_id=g.id  WHERE ( a.uid='1' and g.status='1' )  [ RunTime:0.0000s ]
SQL: SHOW COLUMNS FROM `sys_auth_rule` [ RunTime:0.0050s ]
SQL: SELECT `condition`,`name` FROM `sys_auth_rule` WHERE `id` IN ('1','2','3','53','54','57','55','56')  [ RunTime:0.0000s ]
SQL: SELECT `id`,`name`,`title`,`icon` FROM `sys_auth_rule` WHERE ( pid=1 AND isshow=1 )  [ RunTime:0.0000s ]
SQL: SELECT `id`,`name`,`title`,`icon` FROM `sys_auth_rule` WHERE ( pid=70 AND isshow=1 )  [ RunTime:0.0000s ]
SQL: SELECT `id`,`name`,`title`,`icon` FROM `sys_auth_rule` WHERE ( pid=3 AND isshow=1 )  [ RunTime:0.0000s ]
SQL: SELECT `id`,`name`,`title`,`icon` FROM `sys_auth_rule` WHERE ( pid=2 AND isshow=1 )  [ RunTime:0.0000s ]
SQL: SELECT `id`,`name`,`title`,`icon` FROM `sys_auth_rule` WHERE ( pid=56 AND isshow=1 )  [ RunTime:0.0010s ]
SQL: SHOW COLUMNS FROM `sys_article` [ RunTime:0.0030s ]
SQL: SELECT COUNT(*) AS tp_count FROM `sys_article` LIMIT 1   [ RunTime:0.0010s ]
SQL: SELECT * FROM `sys_article` ORDER BY createtime desc LIMIT 0,20   [ RunTime:0.0000s ]
INFO: [ view_parse ] --START--
INFO: [ template_filter ] --START--
INFO: Run Behavior\ContentReplaceBehavior [ RunTime:0.000000s ]
INFO: [ template_filter ] --END-- [ RunTime:0.000000s ]
INFO: Run Behavior\ParseTemplateBehavior [ RunTime:0.008000s ]
INFO: [ view_parse ] --END-- [ RunTime:0.008000s ]
INFO: [ view_filter ] --START--
INFO: Run Behavior\WriteHtmlCacheBehavior [ RunTime:0.000000s ]
INFO: [ view_filter ] --END-- [ RunTime:0.000000s ]
INFO: [ app_end ] --START--
INFO: Run Behavior\ShowPageTraceBehavior [ RunTime:0.001000s ]
INFO: [ app_end ] --END-- [ RunTime:0.001000s ]

[ 2016-04-29T15:18:27+08:00 ] 127.0.0.1 /index.php/Admin/Article/editArticle/id/16
INFO: [ app_init ] --START--
INFO: Run Behavior\BuildLiteBehavior [ RunTime:0.000000s ]
INFO: [ app_init ] --END-- [ RunTime:0.000000s ]
INFO: [ app_begin ] --START--
INFO: Run Behavior\ReadHtmlCacheBehavior [ RunTime:0.001000s ]
INFO: [ app_begin ] --END-- [ RunTime:0.001000s ]
SQL: SHOW COLUMNS FROM `sys_auth_rule` [ RunTime:0.0030s ]
SQL: SELECT `id`,`name`,`title`,`icon` FROM `sys_auth_rule` WHERE `pid` = 0 AND `isshow` = 1 ORDER BY sort  [ RunTime:0.0010s ]
SQL: SHOW COLUMNS FROM `sys_auth_group_access` [ RunTime:0.0030s ]
SQL: SELECT `uid`,`group_id`,`title`,`rules` FROM sys_auth_group_access a INNER JOIN sys_auth_group g on a.group_id=g.id  WHERE ( a.uid='1' and g.status='1' )  [ RunTime:0.0000s ]
SQL: SHOW COLUMNS FROM `sys_auth_rule` [ RunTime:0.0030s ]
SQL: SELECT `condition`,`name` FROM `sys_auth_rule` WHERE `id` IN ('1','2','3','53','54','57','55','56')  [ RunTime:0.0000s ]
SQL: SELECT `id`,`name`,`title`,`icon` FROM `sys_auth_rule` WHERE ( pid=1 AND isshow=1 )  [ RunTime:0.0000s ]
SQL: SELECT `id`,`name`,`title`,`icon` FROM `sys_auth_rule` WHERE ( pid=70 AND isshow=1 )  [ RunTime:0.0000s ]
SQL: SELECT `id`,`name`,`title`,`icon` FROM `sys_auth_rule` WHERE ( pid=3 AND isshow=1 )  [ RunTime:0.0010s ]
SQL: SELECT `id`,`name`,`title`,`icon` FROM `sys_auth_rule` WHERE ( pid=2 AND isshow=1 )  [ RunTime:0.0000s ]
SQL: SELECT `id`,`name`,`title`,`icon` FROM `sys_auth_rule` WHERE ( pid=56 AND isshow=1 )  [ RunTime:0.0000s ]
SQL: SHOW COLUMNS FROM `sys_article` [ RunTime:0.0030s ]
NOTIC: [2] Missing argument 1 for I(), called in D:\phpStudy\WWW\auth\1\Application\Admin\Controller\ArticleController.class.php on line 68 and defined D:\phpStudy\WWW\auth\1\ThinkPHP\Common\functions.php 第 271 行.
NOTIC: [8] Undefined variable: name D:\phpStudy\WWW\auth\1\ThinkPHP\Common\functions.php 第 273 行.
NOTIC: [8] Undefined variable: name D:\phpStudy\WWW\auth\1\ThinkPHP\Common\functions.php 第 278 行.
NOTIC: [8] Undefined variable: name D:\phpStudy\WWW\auth\1\ThinkPHP\Common\functions.php 第 339 行.
SQL: SHOW COLUMNS FROM `sys_category` [ RunTime:0.0040s ]
SQL: SELECT * FROM `sys_category` WHERE `categorytype` = 'article'  [ RunTime:0.0110s ]
SQL: SELECT * FROM `sys_article` WHERE `id` = 16 LIMIT 1   [ RunTime:0.0160s ]
INFO: [ view_parse ] --START--
INFO: [ template_filter ] --START--
INFO: Run Behavior\ContentReplaceBehavior [ RunTime:0.000000s ]
INFO: [ template_filter ] --END-- [ RunTime:0.000000s ]
INFO: Run Behavior\ParseTemplateBehavior [ RunTime:0.009000s ]
INFO: [ view_parse ] --END-- [ RunTime:0.009000s ]
INFO: [ view_filter ] --START--
INFO: Run Behavior\WriteHtmlCacheBehavior [ RunTime:0.001000s ]
INFO: [ view_filter ] --END-- [ RunTime:0.001000s ]
INFO: [ app_end ] --START--
INFO: Run Behavior\ShowPageTraceBehavior [ RunTime:0.000000s ]
INFO: [ app_end ] --END-- [ RunTime:0.000000s ]

[ 2016-04-29T15:18:30+08:00 ] 127.0.0.1 /index.php/Admin/Article/editArticle/id/
INFO: [ app_init ] --START--
INFO: Run Behavior\BuildLiteBehavior [ RunTime:0.000000s ]
INFO: [ app_init ] --END-- [ RunTime:0.001000s ]
INFO: [ app_begin ] --START--
INFO: Run Behavior\ReadHtmlCacheBehavior [ RunTime:0.001000s ]
INFO: [ app_begin ] --END-- [ RunTime:0.001000s ]
SQL: SHOW COLUMNS FROM `sys_auth_rule` [ RunTime:0.0030s ]
SQL: SELECT `id`,`name`,`title`,`icon` FROM `sys_auth_rule` WHERE `pid` = 0 AND `isshow` = 1 ORDER BY sort  [ RunTime:0.0000s ]
SQL: SHOW COLUMNS FROM `sys_auth_group_access` [ RunTime:0.0030s ]
SQL: SELECT `uid`,`group_id`,`title`,`rules` FROM sys_auth_group_access a INNER JOIN sys_auth_group g on a.group_id=g.id  WHERE ( a.uid='1' and g.status='1' )  [ RunTime:0.0000s ]
SQL: SHOW COLUMNS FROM `sys_auth_rule` [ RunTime:0.0030s ]
SQL: SELECT `condition`,`name` FROM `sys_auth_rule` WHERE `id` IN ('1','2','3','53','54','57','55','56')  [ RunTime:0.0000s ]
SQL: SELECT `id`,`name`,`title`,`icon` FROM `sys_auth_rule` WHERE ( pid=1 AND isshow=1 )  [ RunTime:0.0010s ]
SQL: SELECT `id`,`name`,`title`,`icon` FROM `sys_auth_rule` WHERE ( pid=70 AND isshow=1 )  [ RunTime:0.0000s ]
SQL: SELECT `id`,`name`,`title`,`icon` FROM `sys_auth_rule` WHERE ( pid=3 AND isshow=1 )  [ RunTime:0.0000s ]
SQL: SELECT `id`,`name`,`title`,`icon` FROM `sys_auth_rule` WHERE ( pid=2 AND isshow=1 )  [ RunTime:0.0000s ]
SQL: SELECT `id`,`name`,`title`,`icon` FROM `sys_auth_rule` WHERE ( pid=56 AND isshow=1 )  [ RunTime:0.0000s ]
SQL: SHOW COLUMNS FROM `sys_article` [ RunTime:0.0030s ]
NOTIC: [2] Missing argument 1 for I(), called in D:\phpStudy\WWW\auth\1\Application\Admin\Controller\ArticleController.class.php on line 68 and defined D:\phpStudy\WWW\auth\1\ThinkPHP\Common\functions.php 第 271 行.
NOTIC: [8] Undefined variable: name D:\phpStudy\WWW\auth\1\ThinkPHP\Common\functions.php 第 273 行.
NOTIC: [8] Undefined variable: name D:\phpStudy\WWW\auth\1\ThinkPHP\Common\functions.php 第 278 行.
NOTIC: [8] Undefined variable: name D:\phpStudy\WWW\auth\1\ThinkPHP\Common\functions.php 第 339 行.
NOTIC: [8] Undefined index: id D:\phpStudy\WWW\auth\1\Application\Admin\Controller\ArticleController.class.php 第 69 行.
SQL: SHOW COLUMNS FROM `sys_category` [ RunTime:0.0030s ]
SQL: SELECT * FROM `sys_category` WHERE `categorytype` = 'article'  [ RunTime:0.0000s ]
SQL: SELECT * FROM `sys_article` LIMIT 1   [ RunTime:0.0000s ]
INFO: [ view_parse ] --START--
INFO: [ template_filter ] --START--
INFO: Run Behavior\ContentReplaceBehavior [ RunTime:0.000000s ]
INFO: [ template_filter ] --END-- [ RunTime:0.000000s ]
INFO: Run Behavior\ParseTemplateBehavior [ RunTime:0.007000s ]
INFO: [ view_parse ] --END-- [ RunTime:0.007000s ]
INFO: [ view_filter ] --START--
INFO: Run Behavior\WriteHtmlCacheBehavior [ RunTime:0.000000s ]
INFO: [ view_filter ] --END-- [ RunTime:0.000000s ]
INFO: [ app_end ] --START--
INFO: Run Behavior\ShowPageTraceBehavior [ RunTime:0.000000s ]
INFO: [ app_end ] --END-- [ RunTime:0.000000s ]

