[ 2016-05-06T10:24:09+08:00 ] 127.0.0.1 /admin
INFO: [ app_init ] --START--
INFO: Run Behavior\BuildLiteBehavior [ RunTime:0.000000s ]
INFO: [ app_init ] --END-- [ RunTime:0.049003s ]
INFO: [ app_begin ] --START--
INFO: Run Behavior\ReadHtmlCacheBehavior [ RunTime:0.016001s ]
INFO: [ app_begin ] --END-- [ RunTime:0.016001s ]

[ 2016-05-06T10:24:10+08:00 ] 127.0.0.1 /index.php/Admin/Index/login
INFO: [ app_init ] --START--
INFO: Run Behavior\BuildLiteBehavior [ RunTime:0.000000s ]
INFO: [ app_init ] --END-- [ RunTime:0.000000s ]
INFO: [ app_begin ] --START--
INFO: Run Behavior\ReadHtmlCacheBehavior [ RunTime:0.001000s ]
INFO: [ app_begin ] --END-- [ RunTime:0.001000s ]
SQL: SHOW COLUMNS FROM `sys_auth_rule` [ RunTime:0.0440s ]
SQL: SELECT `id`,`name`,`title`,`icon` FROM `sys_auth_rule` WHERE `pid` = 0 AND `isshow` = 1 ORDER BY sort  [ RunTime:0.0100s ]
SQL: SHOW COLUMNS FROM `sys_auth_group_access` [ RunTime:0.0190s ]
SQL: SELECT `uid`,`group_id`,`title`,`rules` FROM sys_auth_group_access a INNER JOIN sys_auth_group g on a.group_id=g.id  WHERE ( a.uid='' and g.status='1' )  [ RunTime:0.0060s ]
INFO: [ view_parse ] --START--
INFO: [ template_filter ] --START--
INFO: Run Behavior\ContentReplaceBehavior [ RunTime:0.019001s ]
INFO: [ template_filter ] --END-- [ RunTime:0.019001s ]
INFO: Run Behavior\ParseTemplateBehavior [ RunTime:0.060003s ]
INFO: [ view_parse ] --END-- [ RunTime:0.060003s ]
INFO: [ view_filter ] --START--
INFO: Run Behavior\WriteHtmlCacheBehavior [ RunTime:0.012001s ]
INFO: [ view_filter ] --END-- [ RunTime:0.013001s ]
INFO: [ app_end ] --START--
INFO: Run Behavior\ShowPageTraceBehavior [ RunTime:0.001000s ]
INFO: [ app_end ] --END-- [ RunTime:0.001000s ]

[ 2016-05-06T10:24:10+08:00 ] 127.0.0.1 /index.php/Admin/Index/verify
INFO: [ app_init ] --START--
INFO: Run Behavior\BuildLiteBehavior [ RunTime:0.000000s ]
INFO: [ app_init ] --END-- [ RunTime:0.000000s ]
INFO: [ app_begin ] --START--
INFO: Run Behavior\ReadHtmlCacheBehavior [ RunTime:0.001000s ]
INFO: [ app_begin ] --END-- [ RunTime:0.001000s ]
SQL: SHOW COLUMNS FROM `sys_auth_rule` [ RunTime:0.0020s ]
SQL: SELECT `id`,`name`,`title`,`icon` FROM `sys_auth_rule` WHERE `pid` = 0 AND `isshow` = 1 ORDER BY sort  [ RunTime:0.0010s ]
SQL: SHOW COLUMNS FROM `sys_auth_group_access` [ RunTime:0.0020s ]
SQL: SELECT `uid`,`group_id`,`title`,`rules` FROM sys_auth_group_access a INNER JOIN sys_auth_group g on a.group_id=g.id  WHERE ( a.uid='' and g.status='1' )  [ RunTime:0.0000s ]
INFO: [ app_end ] --START--
INFO: Run Behavior\ShowPageTraceBehavior [ RunTime:0.001000s ]
INFO: [ app_end ] --END-- [ RunTime:0.001000s ]

[ 2016-05-06T10:24:20+08:00 ] 127.0.0.1 /index.php/Admin/Index/login
INFO: [ app_init ] --START--
INFO: Run Behavior\BuildLiteBehavior [ RunTime:0.000000s ]
INFO: [ app_init ] --END-- [ RunTime:0.001000s ]
INFO: [ app_begin ] --START--
INFO: Run Behavior\ReadHtmlCacheBehavior [ RunTime:0.001000s ]
INFO: [ app_begin ] --END-- [ RunTime:0.001000s ]
SQL: SHOW COLUMNS FROM `sys_auth_rule` [ RunTime:0.0020s ]
SQL: SELECT `id`,`name`,`title`,`icon` FROM `sys_auth_rule` WHERE `pid` = 0 AND `isshow` = 1 ORDER BY sort  [ RunTime:0.0000s ]
SQL: SHOW COLUMNS FROM `sys_auth_group_access` [ RunTime:0.0020s ]
SQL: SELECT `uid`,`group_id`,`title`,`rules` FROM sys_auth_group_access a INNER JOIN sys_auth_group g on a.group_id=g.id  WHERE ( a.uid='' and g.status='1' )  [ RunTime:0.0010s ]
SQL: SHOW COLUMNS FROM `sys_user` [ RunTime:0.2650s ]
SQL: SELECT * FROM `sys_user` WHERE `username` = 'admin' LIMIT 1   [ RunTime:0.0000s ]
SQL: UPDATE `sys_user` SET `last_login_time`='1462501460',`last_login_ip`='127.0.0.1' WHERE `id` = 1 [ RunTime:0.0380s ]
SQL: SHOW COLUMNS FROM `sys_auth_group_access` [ RunTime:0.0060s ]
SQL: SELECT `uid`,`group_id`,`title`,`rules` FROM sys_auth_group_access a INNER JOIN sys_auth_group g on a.group_id=g.id  WHERE ( a.uid='1' and g.status='1' )  [ RunTime:0.0090s ]
INFO: [ view_parse ] --START--
INFO: [ template_filter ] --START--
INFO: Run Behavior\ContentReplaceBehavior [ RunTime:0.000000s ]
INFO: [ template_filter ] --END-- [ RunTime:0.000000s ]
INFO: Run Behavior\ParseTemplateBehavior [ RunTime:0.021001s ]
INFO: [ view_parse ] --END-- [ RunTime:0.021001s ]
INFO: [ view_filter ] --START--
INFO: Run Behavior\WriteHtmlCacheBehavior [ RunTime:0.001000s ]
INFO: [ view_filter ] --END-- [ RunTime:0.001000s ]
INFO: [ app_end ] --START--
INFO: Run Behavior\ShowPageTraceBehavior [ RunTime:0.001000s ]
INFO: [ app_end ] --END-- [ RunTime:0.001000s ]

[ 2016-05-06T10:24:21+08:00 ] 127.0.0.1 /index.php/Admin/Index/index
INFO: [ app_init ] --START--
INFO: Run Behavior\BuildLiteBehavior [ RunTime:0.000000s ]
INFO: [ app_init ] --END-- [ RunTime:0.000000s ]
INFO: [ app_begin ] --START--
INFO: Run Behavior\ReadHtmlCacheBehavior [ RunTime:0.000000s ]
INFO: [ app_begin ] --END-- [ RunTime:0.000000s ]
SQL: SHOW COLUMNS FROM `sys_auth_rule` [ RunTime:0.0020s ]
SQL: SELECT `id`,`name`,`title`,`icon` FROM `sys_auth_rule` WHERE `pid` = 0 AND `isshow` = 1 ORDER BY sort  [ RunTime:0.0000s ]
SQL: SHOW COLUMNS FROM `sys_auth_group_access` [ RunTime:0.0020s ]
SQL: SELECT `uid`,`group_id`,`title`,`rules` FROM sys_auth_group_access a INNER JOIN sys_auth_group g on a.group_id=g.id  WHERE ( a.uid='1' and g.status='1' )  [ RunTime:0.0000s ]
SQL: SHOW COLUMNS FROM `sys_auth_rule` [ RunTime:0.0020s ]
SQL: SELECT `condition`,`name` FROM `sys_auth_rule` WHERE `id` IN ('1','2','3','53','54','57','55','56')  [ RunTime:0.0010s ]
SQL: SELECT `id`,`name`,`title`,`icon` FROM `sys_auth_rule` WHERE ( pid=1 AND isshow=1 )  [ RunTime:0.0020s ]
SQL: SELECT `id`,`name`,`title`,`icon` FROM `sys_auth_rule` WHERE ( pid=70 AND isshow=1 )  [ RunTime:0.0000s ]
SQL: SELECT `id`,`name`,`title`,`icon` FROM `sys_auth_rule` WHERE ( pid=3 AND isshow=1 )  [ RunTime:0.0000s ]
SQL: SELECT `id`,`name`,`title`,`icon` FROM `sys_auth_rule` WHERE ( pid=2 AND isshow=1 )  [ RunTime:0.0010s ]
SQL: SELECT `id`,`name`,`title`,`icon` FROM `sys_auth_rule` WHERE ( pid=56 AND isshow=1 )  [ RunTime:0.0010s ]
INFO: [ view_parse ] --START--
INFO: [ template_filter ] --START--
INFO: Run Behavior\ContentReplaceBehavior [ RunTime:0.000000s ]
INFO: [ template_filter ] --END-- [ RunTime:0.000000s ]
INFO: Run Behavior\ParseTemplateBehavior [ RunTime:0.039002s ]
INFO: [ view_parse ] --END-- [ RunTime:0.039002s ]
INFO: [ view_filter ] --START--
INFO: Run Behavior\WriteHtmlCacheBehavior [ RunTime:0.000000s ]
INFO: [ view_filter ] --END-- [ RunTime:0.000000s ]
INFO: [ app_end ] --START--
INFO: Run Behavior\ShowPageTraceBehavior [ RunTime:0.001001s ]
INFO: [ app_end ] --END-- [ RunTime:0.001001s ]

[ 2016-05-06T10:24:22+08:00 ] 127.0.0.1 /index.php/Admin/Index/mainInfo
INFO: [ app_init ] --START--
INFO: Run Behavior\BuildLiteBehavior [ RunTime:0.000000s ]
INFO: [ app_init ] --END-- [ RunTime:0.001000s ]
INFO: [ app_begin ] --START--
INFO: Run Behavior\ReadHtmlCacheBehavior [ RunTime:0.001000s ]
INFO: [ app_begin ] --END-- [ RunTime:0.001000s ]
SQL: SHOW COLUMNS FROM `sys_auth_rule` [ RunTime:0.0020s ]
SQL: SELECT `id`,`name`,`title`,`icon` FROM `sys_auth_rule` WHERE `pid` = 0 AND `isshow` = 1 ORDER BY sort  [ RunTime:0.0000s ]
SQL: SHOW COLUMNS FROM `sys_auth_group_access` [ RunTime:0.0030s ]
SQL: SELECT `uid`,`group_id`,`title`,`rules` FROM sys_auth_group_access a INNER JOIN sys_auth_group g on a.group_id=g.id  WHERE ( a.uid='1' and g.status='1' )  [ RunTime:0.0000s ]
SQL: SHOW COLUMNS FROM `sys_auth_rule` [ RunTime:0.0030s ]
SQL: SELECT `condition`,`name` FROM `sys_auth_rule` WHERE `id` IN ('1','2','3','53','54','57','55','56')  [ RunTime:0.0000s ]
SQL: SELECT `id`,`name`,`title`,`icon` FROM `sys_auth_rule` WHERE ( pid=1 AND isshow=1 )  [ RunTime:0.0000s ]
SQL: SELECT `id`,`name`,`title`,`icon` FROM `sys_auth_rule` WHERE ( pid=70 AND isshow=1 )  [ RunTime:0.0000s ]
SQL: SELECT `id`,`name`,`title`,`icon` FROM `sys_auth_rule` WHERE ( pid=3 AND isshow=1 )  [ RunTime:0.0000s ]
SQL: SELECT `id`,`name`,`title`,`icon` FROM `sys_auth_rule` WHERE ( pid=2 AND isshow=1 )  [ RunTime:0.0000s ]
SQL: SELECT `id`,`name`,`title`,`icon` FROM `sys_auth_rule` WHERE ( pid=56 AND isshow=1 )  [ RunTime:0.0010s ]
INFO: [ view_parse ] --START--
INFO: [ template_filter ] --START--
INFO: Run Behavior\ContentReplaceBehavior [ RunTime:0.000000s ]
INFO: [ template_filter ] --END-- [ RunTime:0.000000s ]
INFO: Run Behavior\ParseTemplateBehavior [ RunTime:0.181010s ]
INFO: [ view_parse ] --END-- [ RunTime:0.181010s ]
INFO: [ view_filter ] --START--
INFO: Run Behavior\WriteHtmlCacheBehavior [ RunTime:0.001000s ]
INFO: [ view_filter ] --END-- [ RunTime:0.001000s ]
INFO: [ app_end ] --START--
INFO: Run Behavior\ShowPageTraceBehavior [ RunTime:0.000000s ]
INFO: [ app_end ] --END-- [ RunTime:0.000000s ]

[ 2016-05-06T10:41:49+08:00 ] 127.0.0.1 /index.php/Admin/Index/changePassword
INFO: [ app_init ] --START--
INFO: Run Behavior\BuildLiteBehavior [ RunTime:0.000000s ]
INFO: [ app_init ] --END-- [ RunTime:0.000000s ]
INFO: [ app_begin ] --START--
INFO: Run Behavior\ReadHtmlCacheBehavior [ RunTime:0.001000s ]
INFO: [ app_begin ] --END-- [ RunTime:0.001000s ]
SQL: SHOW COLUMNS FROM `sys_auth_rule` [ RunTime:0.0000s ]
SQL: SELECT `id`,`name`,`title`,`icon` FROM `sys_auth_rule` WHERE `pid` = 0 AND `isshow` = 1 ORDER BY sort  [ RunTime:0.0000s ]
SQL: SHOW COLUMNS FROM `sys_auth_group_access` [ RunTime:0.0000s ]
SQL: SELECT `uid`,`group_id`,`title`,`rules` FROM sys_auth_group_access a INNER JOIN sys_auth_group g on a.group_id=g.id  WHERE ( a.uid='1' and g.status='1' )  [ RunTime:0.0000s ]
SQL: SHOW COLUMNS FROM `sys_auth_rule` [ RunTime:0.0130s ]
SQL: SELECT `condition`,`name` FROM `sys_auth_rule` WHERE `id` IN ('1','2','3','53','54','57','55','56')  [ RunTime:0.0000s ]
SQL: SELECT `id`,`name`,`title`,`icon` FROM `sys_auth_rule` WHERE ( pid=1 AND isshow=1 )  [ RunTime:0.0000s ]
SQL: SELECT `id`,`name`,`title`,`icon` FROM `sys_auth_rule` WHERE ( pid=70 AND isshow=1 )  [ RunTime:0.0000s ]
SQL: SELECT `id`,`name`,`title`,`icon` FROM `sys_auth_rule` WHERE ( pid=3 AND isshow=1 )  [ RunTime:0.0000s ]
SQL: SELECT `id`,`name`,`title`,`icon` FROM `sys_auth_rule` WHERE ( pid=2 AND isshow=1 )  [ RunTime:0.0000s ]
SQL: SELECT `id`,`name`,`title`,`icon` FROM `sys_auth_rule` WHERE ( pid=56 AND isshow=1 )  [ RunTime:0.0000s ]
NOTIC: [2] Missing argument 1 for I(), called in D:\phpStudy\WWW\auth\1\Application\Admin\Controller\IndexController.class.php on line 152 and defined D:\phpStudy\WWW\auth\1\ThinkPHP\Common\functions.php 第 271 行.
NOTIC: [8] Undefined variable: name D:\phpStudy\WWW\auth\1\ThinkPHP\Common\functions.php 第 273 行.
NOTIC: [8] Undefined variable: name D:\phpStudy\WWW\auth\1\ThinkPHP\Common\functions.php 第 278 行.
NOTIC: [8] Undefined variable: name D:\phpStudy\WWW\auth\1\ThinkPHP\Common\functions.php 第 339 行.
INFO: [ view_parse ] --START--
INFO: [ template_filter ] --START--
INFO: Run Behavior\ContentReplaceBehavior [ RunTime:0.000000s ]
INFO: [ template_filter ] --END-- [ RunTime:0.000000s ]
INFO: Run Behavior\ParseTemplateBehavior [ RunTime:0.000000s ]
INFO: [ view_parse ] --END-- [ RunTime:0.000000s ]
INFO: [ view_filter ] --START--
INFO: Run Behavior\WriteHtmlCacheBehavior [ RunTime:0.000000s ]
INFO: [ view_filter ] --END-- [ RunTime:0.000000s ]
INFO: [ app_end ] --START--
INFO: Run Behavior\ShowPageTraceBehavior [ RunTime:0.000000s ]
INFO: [ app_end ] --END-- [ RunTime:0.000000s ]

